-- The C compiler identification is GNU 11.4.0
-- The CXX compiler identification is GNU 11.4.0
-- Detecting C compiler ABI info
-- Detecting C compiler ABI info - done
-- Check for working C compiler: /usr/bin/cc - skipped
-- Detecting C compile features
-- Detecting C compile features - done
-- Detecting CXX compiler ABI info
-- Detecting CXX compiler ABI info - done
-- Check for working CXX compiler: /usr/bin/c++ - skipped
-- Detecting CXX compile features
-- Detecting CXX compile features - done
-- Found ament_cmake_auto: 1.3.12 (/opt/ros/humble/share/ament_cmake_auto/cmake)
-- Found Python3: /usr/bin/python3 (found version "3.10.12") found components: Interpreter 
-- Override CMake install command with custom implementation using symlinks instead of copying resources
-- Found rosidl_generator_c: 3.1.7 (/opt/ros/humble/share/rosidl_generator_c/cmake)
-- Found rosidl_adapter: 3.1.7 (/opt/ros/humble/share/rosidl_adapter/cmake)
-- Found rosidl_generator_cpp: 3.1.7 (/opt/ros/humble/share/rosidl_generator_cpp/cmake)
-- Using all available rosidl_typesupport_c: rosidl_typesupport_fastrtps_c;rosidl_typesupport_introspection_c
-- Using all available rosidl_typesupport_cpp: rosidl_typesupport_fastrtps_cpp;rosidl_typesupport_introspection_cpp
-- Found rmw_implementation_cmake: 6.1.2 (/opt/ros/humble/share/rmw_implementation_cmake/cmake)
-- Found rmw_fastrtps_cpp: 6.2.8 (/opt/ros/humble/share/rmw_fastrtps_cpp/cmake)
-- Found OpenSSL: /usr/lib/x86_64-linux-gnu/libcrypto.so (found version "3.0.2")  
-- Found FastRTPS: /opt/ros/humble/include  
-- Using RMW implementation 'rmw_fastrtps_cpp' as default
-- Looking for pthread.h
-- Looking for pthread.h - found
-- Performing Test CMAKE_HAVE_LIBC_PTHREAD
-- Performing Test CMAKE_HAVE_LIBC_PTHREAD - Success
-- Found Threads: TRUE  
-- Found rclcpp_lifecycle: 16.0.14 (/opt/ros/humble/share/rclcpp_lifecycle/cmake)
-- Configuring done
-- Generating done
-- Build files have been written to: /home/yu/colcon_ws/build/dynamixel_rdk_ros
[ 75%] [32mBuilding CXX object CMakeFiles/dynamixel_rdk_node.dir/src/dynamixel_ctrl.cpp.o[0m
[ 75%] [32mBuilding CXX object CMakeFiles/dynamixel_rdk_node.dir/src/dynamixel.cpp.o[0m
[ 75%] [32mBuilding CXX object CMakeFiles/dynamixel_rdk_node.dir/src/dynamixel_rdk_node.cpp.o[0m
[01m[K/home/yu/colcon_ws/src/dynamixel_rdk/dynamixel-RDK/dynamixel_rdk_ros/src/dynamixel.cpp:[m[K In member function â€˜[01m[Kbool dynamixel_rdk_ros::Dynamixel::get_dynamixel_status(dynamixel::GroupSyncRead&)[m[Kâ€™:
[01m[K/home/yu/colcon_ws/src/dynamixel_rdk/dynamixel-RDK/dynamixel_rdk_ros/src/dynamixel.cpp:133:7:[m[K [01;35m[Kwarning: [m[Kunused variable â€˜[01m[Kerror_status_int[m[Kâ€™ [[01;35m[K]8;;https://gcc.gnu.org/onlinedocs/gcc/Warning-Options.html#index-Wunused-variable-Wunused-variable]8;;[m[K]
  133 |   int [01;35m[Kerror_status_int[m[K = static_cast<int>(error_status);
      |       [01;35m[K^~~~~~~~~~~~~~~~[m[K
[01m[K/home/yu/colcon_ws/src/dynamixel_rdk/dynamixel-RDK/dynamixel_rdk_ros/src/dynamixel_ctrl.cpp:[m[K In member function â€˜[01m[Kbool dynamixel_rdk_ros::DynamixelCtrl::read_dynamixel_status()[m[Kâ€™:
[01m[K/home/yu/colcon_ws/src/dynamixel_rdk/dynamixel-RDK/dynamixel_rdk_ros/src/dynamixel_ctrl.cpp:337:17:[m[K [01;35m[Kwarning: [m[Kunused variable â€˜[01m[Kdynamixel[m[Kâ€™ [[01;35m[K]8;;https://gcc.gnu.org/onlinedocs/gcc/Warning-Options.html#index-Wunused-variable-Wunused-variable]8;;[m[K]
  337 |     for (auto & [01;35m[Kdynamixel[m[K : dynamixels) {
      |                 [01;35m[K^~~~~~~~~[m[K
[01m[K/home/yu/colcon_ws/src/dynamixel_rdk/dynamixel-RDK/dynamixel_rdk_ros/src/dynamixel_rdk_node.cpp:[m[K In member function â€˜[01m[Kvoid dynamixel_rdk_ros::DynamixelRDKNode::dynamixel_callback(dynamixel_rdk_msgs::msg::DynamixelMsgs_<std::allocator<void> >::SharedPtr)[m[Kâ€™:
[01m[K/home/yu/colcon_ws/src/dynamixel_rdk/dynamixel-RDK/dynamixel_rdk_ros/src/dynamixel_rdk_node.cpp:210:28:[m[K [01;31m[Kerror: [m[Kâ€˜[01m[Kusing element_type = struct dynamixel_rdk_msgs::msg::DynamixelMsgs_<std::allocator<void> >[m[Kâ€™ {aka â€˜[01m[Kstruct dynamixel_rdk_msgs::msg::DynamixelMsgs_<std::allocator<void> >[m[Kâ€™} has no member named â€˜[01m[Kmotor[m[Kâ€™
  210 |   for (auto & motor : msg->[01;31m[Kmotor[m[K) {
      |                            [01;31m[K^~~~~[m[K
[01m[K/home/yu/colcon_ws/src/dynamixel_rdk/dynamixel-RDK/dynamixel_rdk_ros/src/dynamixel_rdk_node.cpp:211:22:[m[K [01;31m[Kerror: [m[Kâ€˜[01m[Kusing element_type = class dynamixel_rdk_ros::DynamixelCtrl[m[Kâ€™ {aka â€˜[01m[Kclass dynamixel_rdk_ros::DynamixelCtrl[m[Kâ€™} has no member named â€˜[01m[Ksingle_write[m[Kâ€™; did you mean â€˜[01m[Ksync_write[m[Kâ€™?
  211 |     dynamixel_ctrl_->[01;31m[Ksingle_write[m[K(static_cast < uint8_t > 22, motor.goal_position, motor.profile_velocity,motor.profile_acceleration);
      |                      [01;31m[K^~~~~~~~~~~~[m[K
      |                      [32m[Ksync_write[m[K
[01m[K/home/yu/colcon_ws/src/dynamixel_rdk/dynamixel-RDK/dynamixel_rdk_ros/src/dynamixel_rdk_node.cpp:211:59:[m[K [01;31m[Kerror: [m[Kexpected â€˜[01m[K([m[Kâ€™ before numeric constant
  211 |     dynamixel_ctrl_->single_write(static_cast < uint8_t > [01;31m[K2[m[K[32m[K2[m[K, motor.goal_position, motor.profile_velocity,motor.profile_acceleration);
      |                                                           [01;31m[K^[m[K[32m[K~[m[K
      |                                                           [32m[K([m[K
gmake[2]: *** [CMakeFiles/dynamixel_rdk_node.dir/build.make:76: CMakeFiles/dynamixel_rdk_node.dir/src/dynamixel_rdk_node.cpp.o] Error 1
gmake[1]: *** [CMakeFiles/Makefile2:137: CMakeFiles/dynamixel_rdk_node.dir/all] Error 2
gmake: *** [Makefile:146: all] Error 2
