[0.015s] Invoking command in '/home/yu/colcon_ws/build/master_jo': CMAKE_PREFIX_PATH=${CMAKE_PREFIX_PATH}:/home/yu/ros2_ws/install/python_parameter_tutorial:/opt/ros/humble /usr/bin/cmake /home/yu/colcon_ws/src/master_jo -DCMAKE_INSTALL_PREFIX=/home/yu/colcon_ws/install/master_jo
[0.026s] -- Found ament_cmake: 1.3.12 (/opt/ros/humble/share/ament_cmake/cmake)
[0.131s] -- Override CMake install command with custom implementation using symlinks instead of copying resources
[0.137s] -- Found rclcpp_lifecycle: 16.0.14 (/opt/ros/humble/share/rclcpp_lifecycle/cmake)
[0.169s] -- Found rosidl_generator_c: 3.1.7 (/opt/ros/humble/share/rosidl_generator_c/cmake)
[0.169s] -- Found rosidl_adapter: 3.1.7 (/opt/ros/humble/share/rosidl_adapter/cmake)
[0.173s] -- Found rosidl_generator_cpp: 3.1.7 (/opt/ros/humble/share/rosidl_generator_cpp/cmake)
[0.182s] -- Using all available rosidl_typesupport_c: rosidl_typesupport_fastrtps_c;rosidl_typesupport_introspection_c
[0.190s] -- Using all available rosidl_typesupport_cpp: rosidl_typesupport_fastrtps_cpp;rosidl_typesupport_introspection_cpp
[0.212s] -- Found rmw_implementation_cmake: 6.1.2 (/opt/ros/humble/share/rmw_implementation_cmake/cmake)
[0.212s] -- Found rmw_fastrtps_cpp: 6.2.8 (/opt/ros/humble/share/rmw_fastrtps_cpp/cmake)
[0.283s] -- Using RMW implementation 'rmw_fastrtps_cpp' as default
[0.323s] -- Found humanoid_interfaces: 0.0.0 (/home/yu/colcon_ws/install/humanoid_interfaces/share/humanoid_interfaces/cmake)
[0.337s] -- Found ament_lint_auto: 0.12.14 (/opt/ros/humble/share/ament_lint_auto/cmake)
[0.380s] -- Added test 'cppcheck' to perform static code analysis on C / C++ code
[0.380s] -- Configured cppcheck include dirs: /home/yu/colcon_ws/src/master_jo/include
[0.380s] -- Configured cppcheck exclude dirs and/or files: 
[0.380s] -- Added test 'flake8' to check Python code syntax and style conventions
[0.380s] -- Added test 'lint_cmake' to check CMake code style
[0.380s] -- Added test 'pep257' to check Python code against some of the docstring style conventions in PEP 257
[0.380s] -- Added test 'uncrustify' to check C / C++ code style
[0.380s] -- Configured uncrustify additional arguments: 
[0.380s] -- Added test 'xmllint' to check XML markup files
[0.380s] -- Configuring done
[0.400s] -- Generating done
[0.400s] -- Build files have been written to: /home/yu/colcon_ws/build/master_jo
[0.418s] Invoked command in '/home/yu/colcon_ws/build/master_jo' returned '0': CMAKE_PREFIX_PATH=${CMAKE_PREFIX_PATH}:/home/yu/ros2_ws/install/python_parameter_tutorial:/opt/ros/humble /usr/bin/cmake /home/yu/colcon_ws/src/master_jo -DCMAKE_INSTALL_PREFIX=/home/yu/colcon_ws/install/master_jo
[0.418s] Invoking command in '/home/yu/colcon_ws/build/master_jo': CMAKE_PREFIX_PATH=${CMAKE_PREFIX_PATH}:/home/yu/ros2_ws/install/python_parameter_tutorial:/opt/ros/humble /usr/bin/cmake --build /home/yu/colcon_ws/build/master_jo -- -j8 -l8
[0.451s] [35m[1mConsolidate compiler generated dependencies of target master_jo_node[0m
[0.467s] [ 16%] [32mBuilding CXX object CMakeFiles/master_jo_node.dir/src/master_jo_node.cpp.o[0m
[0.467s] [ 33%] [32mBuilding CXX object CMakeFiles/master_jo_node.dir/src/player.cpp.o[0m
[1.792s] In file included from [01m[K/home/yu/colcon_ws/src/master_jo/src/master_jo_node.cpp:1[m[K:
[1.792s] [01m[K/home/yu/colcon_ws/src/master_jo/src/../include/master_jo/master_jo_node.hpp:40:52:[m[K [01;31m[Kerror: [m[Kâ€˜[01m[KImuMsg[m[Kâ€™ in namespace â€˜[01m[Khumanoid_interfaces::msg[m[Kâ€™ does not name a type
[1.792s]    40 |   void imuCallback(const humanoid_interfaces::msg::[01;31m[KImuMsg[m[K::SharedPtr msg);
[1.792s]       |                                                    [01;31m[K^~~~~~[m[K
[1.792s] [01m[K/home/yu/colcon_ws/src/master_jo/src/../include/master_jo/master_jo_node.hpp:40:70:[m[K [01;31m[Kerror: [m[Kexpected unqualified-id before â€˜[01m[Kmsg[m[Kâ€™
[1.792s]    40 | oid imuCallback(const humanoid_interfaces::msg::ImuMsg::SharedPtr [01;31m[Kmsg[m[K);
[1.792s]       |                                                                   [01;31m[K^~~[m[K
[1.792s] 
[1.792s] [01m[K/home/yu/colcon_ws/src/master_jo/src/../include/master_jo/master_jo_node.hpp:40:69:[m[K [01;31m[Kerror: [m[Kexpected â€˜[01m[K)[m[Kâ€™ before â€˜[01m[Kmsg[m[Kâ€™
[1.792s]    40 | oid imuCallback[34m[K([m[Kconst humanoid_interfaces::msg::ImuMsg::SharedPtr[01;31m[K [m[K[32m[Kmsg[m[K);
[1.792s]       |                [34m[K~[m[K                                                 [01;31m[K^[m[K[32m[K~~~[m[K
[1.792s]       |                                                                  [32m[K)[m[K
[1.792s] [01m[K/home/yu/colcon_ws/src/master_jo/src/../include/master_jo/master_jo_node.hpp:40:60:[m[K [01;31m[Kerror: [m[Kexpected â€˜[01m[K;[m[Kâ€™ at end of member declaration
[1.792s]    40 |   void imuCallback(const humanoid_interfaces::msg::ImuMsg::[01;31m[KSharedPtr[m[K msg);
[1.792s]       |                                                            [01;31m[K^~~~~~~~~[m[K
[1.792s]       |                                                                     [32m[K;[m[K
[1.792s] [01m[K/home/yu/colcon_ws/src/master_jo/src/../include/master_jo/master_jo_node.hpp:40:70:[m[K [01;31m[Kerror: [m[Kâ€˜[01m[Kmsg[m[Kâ€™ does not name a type
[1.793s]    40 | oid imuCallback(const humanoid_interfaces::msg::ImuMsg::SharedPtr [01;31m[Kmsg[m[K);
[1.793s]       |                                                                   [01;31m[K^~~[m[K
[1.793s] 
[1.793s] [01m[K/home/yu/colcon_ws/src/master_jo/src/../include/master_jo/master_jo_node.hpp:42:39:[m[K [01;31m[Kerror: [m[Kâ€˜[01m[KRobocupvision25[m[Kâ€™ in namespace â€˜[01m[Khumanoid_interfaces::msg[m[Kâ€™ does not name a type
[1.793s]    42 |       const humanoid_interfaces::msg::[01;31m[KRobocupvision25[m[K::SharedPtr msg);
[1.793s]       |                                       [01;31m[K^~~~~~~~~~~~~~~[m[K
[1.793s] [01m[K/home/yu/colcon_ws/src/master_jo/src/../include/master_jo/master_jo_node.hpp:42:66:[m[K [01;31m[Kerror: [m[Kexpected unqualified-id before â€˜[01m[Kmsg[m[Kâ€™
[1.793s]    42 |       const humanoid_interfaces::msg::Robocupvision25::SharedPtr [01;31m[Kmsg[m[K);
[1.793s]       |                                                                  [01;31m[K^~~[m[K
[1.793s] [01m[K/home/yu/colcon_ws/src/master_jo/src/../include/master_jo/master_jo_node.hpp:42:65:[m[K [01;31m[Kerror: [m[Kexpected â€˜[01m[K)[m[Kâ€™ before â€˜[01m[Kmsg[m[Kâ€™
[1.793s]    42 |       const humanoid_interfaces::msg::Robocupvision25::SharedPtr[01;31m[K [m[K[32m[Kmsg[m[K);
[1.793s]       |                                                                 [01;31m[K^[m[K[32m[K~~~[m[K
[1.793s]       |                                                                 [32m[K)[m[K
[1.793s] [01m[K/home/yu/colcon_ws/src/master_jo/src/../include/master_jo/master_jo_node.hpp:41:22:[m[K [01;36m[Knote: [m[Kto match this â€˜[01m[K([m[Kâ€™
[1.793s]    41 |   void visionCallback[01;36m[K([m[K
[1.793s]       |                      [01;36m[K^[m[K
[1.793s] [01m[K/home/yu/colcon_ws/src/master_jo/src/../include/master_jo/master_jo_node.hpp:42:56:[m[K [01;31m[Kerror: [m[Kexpected â€˜[01m[K;[m[Kâ€™ at end of member declaration
[1.793s]    42 |       const humanoid_interfaces::msg::Robocupvision25::[01;31m[KSharedPtr[m[K msg);
[1.793s]       |                                                        [01;31m[K^~~~~~~~~[m[K
[1.793s]       |                                                                 [32m[K;[m[K
[1.793s] [01m[K/home/yu/colcon_ws/src/master_jo/src/../include/master_jo/master_jo_node.hpp:42:66:[m[K [01;31m[Kerror: [m[Kâ€˜[01m[Kmsg[m[Kâ€™ does not name a type
[1.793s]    42 |       const humanoid_interfaces::msg::Robocupvision25::SharedPtr [01;31m[Kmsg[m[K);
[1.793s]       |                                                                  [01;31m[K^~~[m[K
[1.793s] [01m[K/home/yu/colcon_ws/src/master_jo/src/../include/master_jo/master_jo_node.hpp:43:51:[m[K [01;31m[Kerror: [m[Kâ€˜[01m[KIkEndMsg[m[Kâ€™ in namespace â€˜[01m[Khumanoid_interfaces::msg[m[Kâ€™ does not name a type
[1.793s]    43 |   void ikCallback(const humanoid_interfaces::msg::[01;31m[KIkEndMsg[m[K::SharedPtr msg);
[1.793s]       |                                                   [01;31m[K^~~~~~~~[m[K
[1.793s] [01m[K/home/yu/colcon_ws/src/master_jo/src/../include/master_jo/master_jo_node.hpp:43:71:[m[K [01;31m[Kerror: [m[Kexpected unqualified-id before â€˜[01m[Kmsg[m[Kâ€™
[1.793s]    43 | id ikCallback(const humanoid_interfaces::msg::IkEndMsg::SharedPtr [01;31m[Kmsg[m[K);
[1.793s]       |                                                                   [01;31m[K^~~[m[K
[1.793s] 
[1.794s] [01m[K/home/yu/colcon_ws/src/master_jo/src/../include/master_jo/master_jo_node.hpp:43:70:[m[K [01;31m[Kerror: [m[Kexpected â€˜[01m[K)[m[Kâ€™ before â€˜[01m[Kmsg[m[Kâ€™
[1.794s]    43 | id ikCallback[34m[K([m[Kconst humanoid_interfaces::msg::IkEndMsg::SharedPtr[01;31m[K [m[K[32m[Kmsg[m[K);
[1.794s]       |              [34m[K~[m[K                                                   [01;31m[K^[m[K[32m[K~~~[m[K
[1.794s]       |                                                                  [32m[K)[m[K
[1.794s] [01m[K/home/yu/colcon_ws/src/master_jo/src/../include/master_jo/master_jo_node.hpp:43:61:[m[K [01;31m[Kerror: [m[Kexpected â€˜[01m[K;[m[Kâ€™ at end of member declaration
[1.794s]    43 |   void ikCallback(const humanoid_interfaces::msg::IkEndMsg::[01;31m[KSharedPtr[m[K msg);
[1.794s]       |                                                             [01;31m[K^~~~~~~~~[m[K
[1.794s]       |                                                                      [32m[K;[m[K
[1.794s] [01m[K/home/yu/colcon_ws/src/master_jo/src/../include/master_jo/master_jo_node.hpp:43:71:[m[K [01;31m[Kerror: [m[Kâ€˜[01m[Kmsg[m[Kâ€™ does not name a type
[1.794s]    43 | id ikCallback(const humanoid_interfaces::msg::IkEndMsg::SharedPtr [01;31m[Kmsg[m[K);
[1.794s]       |                                                                   [01;31m[K^~~[m[K
[1.794s] 
[1.794s] [01m[K/home/yu/colcon_ws/src/master_jo/src/../include/master_jo/master_jo_node.hpp:47:39:[m[K [01;31m[Kerror: [m[Kâ€˜[01m[KRobocuplocalization25[m[Kâ€™ in namespace â€˜[01m[Khumanoid_interfaces::msg[m[Kâ€™ does not name a type
[1.794s]    47 |       const humanoid_interfaces::msg::[01;31m[KRobocuplocalization25[m[K::SharedPtr msg);
[1.794s]       |                                       [01;31m[K^~~~~~~~~~~~~~~~~~~~~[m[K
[1.794s] [01m[K/home/yu/colcon_ws/src/master_jo/src/../include/master_jo/master_jo_node.hpp:47:72:[m[K [01;31m[Kerror: [m[Kexpected unqualified-id before â€˜[01m[Kmsg[m[Kâ€™
[1.794s]    47 |  const humanoid_interfaces::msg::Robocuplocalization25::SharedPtr [01;31m[Kmsg[m[K);
[1.794s]       |                                                                   [01;31m[K^~~[m[K
[1.794s] 
[1.794s] [01m[K/home/yu/colcon_ws/src/master_jo/src/../include/master_jo/master_jo_node.hpp:47:71:[m[K [01;31m[Kerror: [m[Kexpected â€˜[01m[K)[m[Kâ€™ before â€˜[01m[Kmsg[m[Kâ€™
[1.794s]    47 |  const humanoid_interfaces::msg::Robocuplocalization25::SharedPtr[01;31m[K [m[K[32m[Kmsg[m[K);
[1.794s]       |                                                                  [01;31m[K^[m[K[32m[K~~~[m[K
[1.794s]       |                                                                  [32m[K)[m[K
[1.794s] [01m[K/home/yu/colcon_ws/src/master_jo/src/../include/master_jo/master_jo_node.hpp:46:21:[m[K [01;36m[Knote: [m[Kto match this â€˜[01m[K([m[Kâ€™
[1.794s]    46 |   void localCallback[01;36m[K([m[K
[1.794s]       |                     [01;36m[K^[m[K
[1.794s] [01m[K/home/yu/colcon_ws/src/master_jo/src/../include/master_jo/master_jo_node.hpp:47:62:[m[K [01;31m[Kerror: [m[Kexpected â€˜[01m[K;[m[Kâ€™ at end of member declaration
[1.794s]    47 |      const humanoid_interfaces::msg::Robocuplocalization25::[01;31m[KSharedPtr[m[K msg);
[1.794s]       |                                                             [01;31m[K^~~~~~~~~[m[K
[1.795s]       |                                                                      [32m[K;[m[K
[1.795s] [01m[K/home/yu/colcon_ws/src/master_jo/src/../include/master_jo/master_jo_node.hpp:47:72:[m[K [01;31m[Kerror: [m[Kâ€˜[01m[Kmsg[m[Kâ€™ does not name a type
[1.795s]    47 |  const humanoid_interfaces::msg::Robocuplocalization25::SharedPtr [01;31m[Kmsg[m[K);
[1.795s]       |                                                                   [01;31m[K^~~[m[K
[1.795s] 
[1.795s] [01m[K/home/yu/colcon_ws/src/master_jo/src/../include/master_jo/master_jo_node.hpp:48:52:[m[K [01;31m[Kerror: [m[Kâ€˜[01m[KUdp2master[m[Kâ€™ in namespace â€˜[01m[Khumanoid_interfaces::msg[m[Kâ€™ does not name a type
[1.795s]    48 |   void udpCallback(const humanoid_interfaces::msg::[01;31m[KUdp2master[m[K::SharedPtr msg);
[1.795s]       |                                                    [01;31m[K^~~~~~~~~~[m[K
[1.795s] [01m[K/home/yu/colcon_ws/src/master_jo/src/../include/master_jo/master_jo_node.hpp:48:74:[m[K [01;31m[Kerror: [m[Kexpected unqualified-id before â€˜[01m[Kmsg[m[Kâ€™
[1.795s]    48 | udpCallback(const humanoid_interfaces::msg::Udp2master::SharedPtr [01;31m[Kmsg[m[K);
[1.795s]       |                                                                   [01;31m[K^~~[m[K
[1.795s] 
[1.795s] [01m[K/home/yu/colcon_ws/src/master_jo/src/../include/master_jo/master_jo_node.hpp:48:73:[m[K [01;31m[Kerror: [m[Kexpected â€˜[01m[K)[m[Kâ€™ before â€˜[01m[Kmsg[m[Kâ€™
[1.795s]    48 | udpCallback[34m[K([m[Kconst humanoid_interfaces::msg::Udp2master::SharedPtr[01;31m[K [m[K[32m[Kmsg[m[K);
[1.795s]       |            [34m[K~[m[K                                                     [01;31m[K^[m[K[32m[K~~~[m[K
[1.795s]       |                                                                  [32m[K)[m[K
[1.795s] [01m[K/home/yu/colcon_ws/src/master_jo/src/../include/master_jo/master_jo_node.hpp:48:64:[m[K [01;31m[Kerror: [m[Kexpected â€˜[01m[K;[m[Kâ€™ at end of member declaration
[1.795s]    48 | oid udpCallback(const humanoid_interfaces::msg::Udp2master::[01;31m[KSharedPtr[m[K msg);
[1.795s]       |                                                             [01;31m[K^~~~~~~~~[m[K
[1.795s]       |                                                                      [32m[K;[m[K
[1.795s] [01m[K/home/yu/colcon_ws/src/master_jo/src/../include/master_jo/master_jo_node.hpp:48:74:[m[K [01;31m[Kerror: [m[Kâ€˜[01m[Kmsg[m[Kâ€™ does not name a type
[1.795s]    48 | udpCallback(const humanoid_interfaces::msg::Udp2master::SharedPtr [01;31m[Kmsg[m[K);
[1.795s]       |                                                                   [01;31m[K^~~[m[K
[1.795s] 
[1.795s] [01m[K/home/yu/colcon_ws/src/master_jo/src/../include/master_jo/master_jo_node.hpp:50:39:[m[K [01;31m[Kerror: [m[Kâ€˜[01m[KMotionOperator[m[Kâ€™ in namespace â€˜[01m[Khumanoid_interfaces::msg[m[Kâ€™ does not name a type
[1.796s]    50 |       const humanoid_interfaces::msg::[01;31m[KMotionOperator[m[K::SharedPtr msg);
[1.796s]       |                                       [01;31m[K^~~~~~~~~~~~~~[m[K
[1.796s] [01m[K/home/yu/colcon_ws/src/master_jo/src/../include/master_jo/master_jo_node.hpp:50:65:[m[K [01;31m[Kerror: [m[Kexpected unqualified-id before â€˜[01m[Kmsg[m[Kâ€™
[1.796s]    50 |       const humanoid_interfaces::msg::MotionOperator::SharedPtr [01;31m[Kmsg[m[K);
[1.796s]       |                                                                 [01;31m[K^~~[m[K
[1.796s] [01m[K/home/yu/colcon_ws/src/master_jo/src/../include/master_jo/master_jo_node.hpp:50:64:[m[K [01;31m[Kerror: [m[Kexpected â€˜[01m[K)[m[Kâ€™ before â€˜[01m[Kmsg[m[Kâ€™
[1.796s]    50 |       const humanoid_interfaces::msg::MotionOperator::SharedPtr[01;31m[K [m[K[32m[Kmsg[m[K);
[1.796s]       |                                                                [01;31m[K^[m[K[32m[K~~~[m[K
[1.796s]       |                                                                [32m[K)[m[K
[1.796s] [01m[K/home/yu/colcon_ws/src/master_jo/src/../include/master_jo/master_jo_node.hpp:49:22:[m[K [01;36m[Knote: [m[Kto match this â€˜[01m[K([m[Kâ€™
[1.796s]    49 |   void motionCallback[01;36m[K([m[K
[1.796s]       |                      [01;36m[K^[m[K
[1.796s] [01m[K/home/yu/colcon_ws/src/master_jo/src/../include/master_jo/master_jo_node.hpp:50:55:[m[K [01;31m[Kerror: [m[Kexpected â€˜[01m[K;[m[Kâ€™ at end of member declaration
[1.796s]    50 |       const humanoid_interfaces::msg::MotionOperator::[01;31m[KSharedPtr[m[K msg);
[1.796s]       |                                                       [01;31m[K^~~~~~~~~[m[K
[1.796s]       |                                                                [32m[K;[m[K
[1.796s] [01m[K/home/yu/colcon_ws/src/master_jo/src/../include/master_jo/master_jo_node.hpp:50:65:[m[K [01;31m[Kerror: [m[Kâ€˜[01m[Kmsg[m[Kâ€™ does not name a type
[1.796s]    50 |       const humanoid_interfaces::msg::MotionOperator::SharedPtr [01;31m[Kmsg[m[K);
[1.796s]       |                                                                 [01;31m[K^~~[m[K
[1.796s] [01m[K/home/yu/colcon_ws/src/master_jo/src/../include/master_jo/master_jo_node.hpp:51:52:[m[K [01;31m[Kerror: [m[Kâ€˜[01m[KPidtuning[m[Kâ€™ in namespace â€˜[01m[Khumanoid_interfaces::msg[m[Kâ€™ does not name a type
[1.796s]    51 |   void pidCallback(const humanoid_interfaces::msg::[01;31m[KPidtuning[m[K::SharedPtr msg);
[1.796s]       |                                                    [01;31m[K^~~~~~~~~[m[K
[1.796s] [01m[K/home/yu/colcon_ws/src/master_jo/src/../include/master_jo/master_jo_node.hpp:51:73:[m[K [01;31m[Kerror: [m[Kexpected unqualified-id before â€˜[01m[Kmsg[m[Kâ€™
[1.796s]    51 |  pidCallback(const humanoid_interfaces::msg::Pidtuning::SharedPtr [01;31m[Kmsg[m[K);
[1.796s]       |                                                                   [01;31m[K^~~[m[K
[1.796s] 
[1.796s] [01m[K/home/yu/colcon_ws/src/master_jo/src/../include/master_jo/master_jo_node.hpp:51:72:[m[K [01;31m[Kerror: [m[Kexpected â€˜[01m[K)[m[Kâ€™ before â€˜[01m[Kmsg[m[Kâ€™
[1.796s]    51 |  pidCallback[34m[K([m[Kconst humanoid_interfaces::msg::Pidtuning::SharedPtr[01;31m[K [m[K[32m[Kmsg[m[K);
[1.796s]       |             [34m[K~[m[K                                                    [01;31m[K^[m[K[32m[K~~~[m[K
[1.796s]       |                                                                  [32m[K)[m[K
[1.796s] [01m[K/home/yu/colcon_ws/src/master_jo/src/../include/master_jo/master_jo_node.hpp:51:63:[m[K [01;31m[Kerror: [m[Kexpected â€˜[01m[K;[m[Kâ€™ at end of member declaration
[1.797s]    51 | void pidCallback(const humanoid_interfaces::msg::Pidtuning::[01;31m[KSharedPtr[m[K msg);
[1.797s]       |                                                             [01;31m[K^~~~~~~~~[m[K
[1.797s]       |                                                                      [32m[K;[m[K
[1.797s] [01m[K/home/yu/colcon_ws/src/master_jo/src/../include/master_jo/master_jo_node.hpp:51:73:[m[K [01;31m[Kerror: [m[Kâ€˜[01m[Kmsg[m[Kâ€™ does not name a type
[1.797s]    51 |  pidCallback(const humanoid_interfaces::msg::Pidtuning::SharedPtr [01;31m[Kmsg[m[K);
[1.797s]       |                                                                   [01;31m[K^~~[m[K
[1.797s] 
[1.799s] [01m[K/home/yu/colcon_ws/src/master_jo/src/../include/master_jo/master_jo_node.hpp:61:66:[m[K [01;31m[Kerror: [m[Kâ€˜[01m[KMaster2vision25[m[Kâ€™ is not a member of â€˜[01m[Khumanoid_interfaces::msg[m[Kâ€™
[1.799s]    61 | cpp_lifecycle::LifecyclePublisher<humanoid_interfaces::msg::[01;31m[KMaster2vision25[m[K>::SharedPtr vision_pub;
[1.799s]       |                                                             [01;31m[K^~~~~~~~~~~~~~~[m[K
[1.799s] 
[1.799s] [01m[K/home/yu/colcon_ws/src/master_jo/src/../include/master_jo/master_jo_node.hpp:61:81:[m[K [01;31m[Kerror: [m[Ktemplate argument 1 is invalid
[1.799s]    61 | LifecyclePublisher<humanoid_interfaces::msg::Master2vision25[01;31m[K>[m[K::SharedPtr vision_pub;
[1.799s]       |                                                             [01;31m[K^[m[K
[1.799s] 
[1.800s] [01m[K/home/yu/colcon_ws/src/master_jo/src/../include/master_jo/master_jo_node.hpp:61:84:[m[K [01;31m[Kerror: [m[Kexpected â€˜[01m[K;[m[Kâ€™ at end of member declaration
[1.800s]    61 | ecyclePublisher<humanoid_interfaces::msg::Master2vision25>::[01;31m[KSharedPtr[m[K vision_pub;
[1.800s]       |                                                             [01;31m[K^~~~~~~~~[m[K
[1.800s]       |                                                                      [32m[K;[m[K
[1.800s] [01m[K/home/yu/colcon_ws/src/master_jo/src/../include/master_jo/master_jo_node.hpp:61:94:[m[K [01;31m[Kerror: [m[Kâ€˜[01m[Kvision_pub[m[Kâ€™ does not name a type
[1.800s]    61 | isher<humanoid_interfaces::msg::Master2vision25>::SharedPtr [01;31m[Kvision_pub[m[K;
[1.800s]       |                                                             [01;31m[K^~~~~~~~~~[m[K
[1.800s] 
[1.801s] [01m[K/home/yu/colcon_ws/src/master_jo/src/../include/master_jo/master_jo_node.hpp:62:66:[m[K [01;31m[Kerror: [m[Kâ€˜[01m[KGamecontrolreturndata[m[Kâ€™ is not a member of â€˜[01m[Khumanoid_interfaces::msg[m[Kâ€™; did you mean â€˜[01m[KGamecontroldata[m[Kâ€™?
[1.801s]    62 | cpp_lifecycle::LifecyclePublisher<humanoid_interfaces::msg::[01;31m[KGamecontrolreturndata[m[K>::SharedPtr gamecontrol_pub;
[1.801s]       |                                                             [01;31m[K^~~~~~~~~~~~~~~~~~~~~[m[K
[1.801s]       |                                                             [32m[KGamecontroldata[m[K
[1.801s] [01m[K/home/yu/colcon_ws/src/master_jo/src/../include/master_jo/master_jo_node.hpp:62:87:[m[K [01;31m[Kerror: [m[Ktemplate argument 1 is invalid
[1.801s]    62 | clePublisher<humanoid_interfaces::msg::Gamecontrolreturndata[01;31m[K>[m[K::SharedPtr gamecontrol_pub;
[1.801s]       |                                                             [01;31m[K^[m[K
[1.801s] 
[1.801s] [01m[K/home/yu/colcon_ws/src/master_jo/src/../include/master_jo/master_jo_node.hpp:62:90:[m[K [01;31m[Kerror: [m[Kexpected â€˜[01m[K;[m[Kâ€™ at end of member declaration
[1.801s]    62 | Publisher<humanoid_interfaces::msg::Gamecontrolreturndata>::[01;31m[KSharedPtr[m[K gamecontrol_pub;
[1.801s]       |                                                             [01;31m[K^~~~~~~~~[m[K
[1.801s]       |                                                                      [32m[K;[m[K
[1.801s] [01m[K/home/yu/colcon_ws/src/master_jo/src/../include/master_jo/master_jo_node.hpp:62:90:[m[K [01;31m[Kerror: [m[Kredeclaration of â€˜[01m[Kint master_jo::MasterJoNode::SharedPtr[m[Kâ€™
[1.801s] [01m[K/home/yu/colcon_ws/src/master_jo/src/../include/master_jo/master_jo_node.hpp:61:84:[m[K [01;36m[Knote: [m[Kprevious declaration â€˜[01m[Kint master_jo::MasterJoNode::SharedPtr[m[Kâ€™
[1.801s]    61 | ecyclePublisher<humanoid_interfaces::msg::Master2vision25>::[01;36m[KSharedPtr[m[K vision_pub;
[1.801s]       |                                                             [01;36m[K^~~~~~~~~[m[K
[1.801s] 
[1.802s] [01m[K/home/yu/colcon_ws/src/master_jo/src/../include/master_jo/master_jo_node.hpp:62:100:[m[K [01;31m[Kerror: [m[Kâ€˜[01m[Kgamecontrol_pub[m[Kâ€™ does not name a type
[1.802s]    62 | humanoid_interfaces::msg::Gamecontrolreturndata>::SharedPtr [01;31m[Kgamecontrol_pub[m[K;
[1.802s]       |                                                             [01;31m[K^~~~~~~~~~~~~~~[m[K
[1.802s] 
[1.802s] [01m[K/home/yu/colcon_ws/src/master_jo/src/../include/master_jo/master_jo_node.hpp:63:66:[m[K [01;31m[Kerror: [m[Kâ€˜[01m[KMaster2localization25[m[Kâ€™ is not a member of â€˜[01m[Khumanoid_interfaces::msg[m[Kâ€™
[1.802s]    63 | cpp_lifecycle::LifecyclePublisher<humanoid_interfaces::msg::[01;31m[KMaster2localization25[m[K>::SharedPtr local_pub;
[1.802s]       |                                                             [01;31m[K^~~~~~~~~~~~~~~~~~~~~[m[K
[1.802s] 
[1.802s] [01m[K/home/yu/colcon_ws/src/master_jo/src/../include/master_jo/master_jo_node.hpp:63:87:[m[K [01;31m[Kerror: [m[Ktemplate argument 1 is invalid
[1.802s]    63 | clePublisher<humanoid_interfaces::msg::Master2localization25[01;31m[K>[m[K::SharedPtr local_pub;
[1.803s]       |                                                             [01;31m[K^[m[K
[1.803s] 
[1.803s] [01m[K/home/yu/colcon_ws/src/master_jo/src/../include/master_jo/master_jo_node.hpp:63:90:[m[K [01;31m[Kerror: [m[Kexpected â€˜[01m[K;[m[Kâ€™ at end of member declaration
[1.803s]    63 | Publisher<humanoid_interfaces::msg::Master2localization25>::[01;31m[KSharedPtr[m[K local_pub;
[1.803s]       |                                                             [01;31m[K^~~~~~~~~[m[K
[1.803s]       |                                                                      [32m[K;[m[K
[1.803s] [01m[K/home/yu/colcon_ws/src/master_jo/src/../include/master_jo/master_jo_node.hpp:63:90:[m[K [01;31m[Kerror: [m[Kredeclaration of â€˜[01m[Kint master_jo::MasterJoNode::SharedPtr[m[Kâ€™
[1.803s] [01m[K/home/yu/colcon_ws/src/master_jo/src/../include/master_jo/master_jo_node.hpp:61:84:[m[K [01;36m[Knote: [m[Kprevious declaration â€˜[01m[Kint master_jo::MasterJoNode::SharedPtr[m[Kâ€™
[1.803s]    61 | ecyclePublisher<humanoid_interfaces::msg::Master2vision25>::[01;36m[KSharedPtr[m[K vision_pub;
[1.803s]       |                                                             [01;36m[K^~~~~~~~~[m[K
[1.803s] 
[1.803s] [01m[K/home/yu/colcon_ws/src/master_jo/src/../include/master_jo/master_jo_node.hpp:63:100:[m[K [01;31m[Kerror: [m[Kâ€˜[01m[Klocal_pub[m[Kâ€™ does not name a type
[1.803s]    63 | <humanoid_interfaces::msg::Master2localization25>::SharedPtr [01;31m[Klocal_pub[m[K;
[1.803s]       |                                                              [01;31m[K^~~~~~~~~[m[K
[1.803s] 
[1.804s] [01m[K/home/yu/colcon_ws/src/master_jo/src/../include/master_jo/master_jo_node.hpp:64:66:[m[K [01;31m[Kerror: [m[Kâ€˜[01m[KMaster2udp[m[Kâ€™ is not a member of â€˜[01m[Khumanoid_interfaces::msg[m[Kâ€™
[1.804s]    64 | cpp_lifecycle::LifecyclePublisher<humanoid_interfaces::msg::[01;31m[KMaster2udp[m[K>::SharedPtr udp_pub;
[1.804s]       |                                                             [01;31m[K^~~~~~~~~~[m[K
[1.804s] 
[1.804s] [01m[K/home/yu/colcon_ws/src/master_jo/src/../include/master_jo/master_jo_node.hpp:64:76:[m[K [01;31m[Kerror: [m[Ktemplate argument 1 is invalid
[1.804s]    64 | cle::LifecyclePublisher<humanoid_interfaces::msg::Master2udp[01;31m[K>[m[K::SharedPtr udp_pub;
[1.804s]       |                                                             [01;31m[K^[m[K
[1.804s] 
[1.804s] [01m[K/home/yu/colcon_ws/src/master_jo/src/../include/master_jo/master_jo_node.hpp:64:79:[m[K [01;31m[Kerror: [m[Kexpected â€˜[01m[K;[m[Kâ€™ at end of member declaration
[1.804s]    64 | ::LifecyclePublisher<humanoid_interfaces::msg::Master2udp>::[01;31m[KSharedPtr[m[K udp_pub;
[1.804s]       |                                                             [01;31m[K^~~~~~~~~[m[K
[1.804s]       |                                                                      [32m[K;[m[K
[1.804s] [01m[K/home/yu/colcon_ws/src/master_jo/src/../include/master_jo/master_jo_node.hpp:64:79:[m[K [01;31m[Kerror: [m[Kredeclaration of â€˜[01m[Kint master_jo::MasterJoNode::SharedPtr[m[Kâ€™
[1.804s] [01m[K/home/yu/colcon_ws/src/master_jo/src/../include/master_jo/master_jo_node.hpp:61:84:[m[K [01;36m[Knote: [m[Kprevious declaration â€˜[01m[Kint master_jo::MasterJoNode::SharedPtr[m[Kâ€™
[1.804s]    61 | ecyclePublisher<humanoid_interfaces::msg::Master2vision25>::[01;36m[KSharedPtr[m[K vision_pub;
[1.804s]       |                                                             [01;36m[K^~~~~~~~~[m[K
[1.804s] 
[1.805s] [01m[K/home/yu/colcon_ws/src/master_jo/src/../include/master_jo/master_jo_node.hpp:64:89:[m[K [01;31m[Kerror: [m[Kâ€˜[01m[Kudp_pub[m[Kâ€™ does not name a type
[1.805s]    64 | yclePublisher<humanoid_interfaces::msg::Master2udp>::SharedPtr [01;31m[Kudp_pub[m[K;
[1.805s]       |                                                                [01;31m[K^~~~~~~[m[K
[1.805s] 
[1.805s] [01m[K/home/yu/colcon_ws/src/master_jo/src/../include/master_jo/master_jo_node.hpp:65:66:[m[K [01;31m[Kerror: [m[Kâ€˜[01m[KMotionOperator[m[Kâ€™ is not a member of â€˜[01m[Khumanoid_interfaces::msg[m[Kâ€™
[1.805s]    65 | cpp_lifecycle::LifecyclePublisher<humanoid_interfaces::msg::[01;31m[KMotionOperator[m[K>::SharedPtr motionPub;
[1.805s]       |                                                             [01;31m[K^~~~~~~~~~~~~~[m[K
[1.805s] 
[1.805s] [01m[K/home/yu/colcon_ws/src/master_jo/src/../include/master_jo/master_jo_node.hpp:65:80:[m[K [01;31m[Kerror: [m[Ktemplate argument 1 is invalid
[1.805s]    65 | :LifecyclePublisher<humanoid_interfaces::msg::MotionOperator[01;31m[K>[m[K::SharedPtr motionPub;
[1.805s]       |                                                             [01;31m[K^[m[K
[1.805s] 
[1.805s] [01m[K/home/yu/colcon_ws/src/master_jo/src/../include/master_jo/master_jo_node.hpp:65:83:[m[K [01;31m[Kerror: [m[Kexpected â€˜[01m[K;[m[Kâ€™ at end of member declaration
[1.805s]    65 | fecyclePublisher<humanoid_interfaces::msg::MotionOperator>::[01;31m[KSharedPtr[m[K motionPub;
[1.805s]       |                                                             [01;31m[K^~~~~~~~~[m[K
[1.805s]       |                                                                      [32m[K;[m[K
[1.805s] [01m[K/home/yu/colcon_ws/src/master_jo/src/../include/master_jo/master_jo_node.hpp:65:83:[m[K [01;31m[Kerror: [m[Kredeclaration of â€˜[01m[Kint master_jo::MasterJoNode::SharedPtr[m[Kâ€™
[1.805s] [01m[K/home/yu/colcon_ws/src/master_jo/src/../include/master_jo/master_jo_node.hpp:61:84:[m[K [01;36m[Knote: [m[Kprevious declaration â€˜[01m[Kint master_jo::MasterJoNode::SharedPtr[m[Kâ€™
[1.805s]    61 | ecyclePublisher<humanoid_interfaces::msg::Master2vision25>::[01;36m[KSharedPtr[m[K vision_pub;
[1.805s]       |                                                             [01;36m[K^~~~~~~~~[m[K
[1.806s] 
[1.807s] [01m[K/home/yu/colcon_ws/src/master_jo/src/../include/master_jo/master_jo_node.hpp:65:93:[m[K [01;31m[Kerror: [m[Kâ€˜[01m[KmotionPub[m[Kâ€™ does not name a type
[1.807s]    65 | blisher<humanoid_interfaces::msg::MotionOperator>::SharedPtr [01;31m[KmotionPub[m[K;
[1.807s]       |                                                              [01;31m[K^~~~~~~~~[m[K
[1.807s] 
[1.807s] [01m[K/home/yu/colcon_ws/src/master_jo/src/../include/master_jo/master_jo_node.hpp:67:50:[m[K [01;31m[Kerror: [m[Kâ€˜[01m[KImuMsg[m[Kâ€™ is not a member of â€˜[01m[Khumanoid_interfaces::msg[m[Kâ€™
[1.807s]    67 |   rclcpp::Subscription<humanoid_interfaces::msg::[01;31m[KImuMsg[m[K>::SharedPtr imu_sub;
[1.807s]       |                                                  [01;31m[K^~~~~~[m[K
[1.807s] [01m[K/home/yu/colcon_ws/src/master_jo/src/../include/master_jo/master_jo_node.hpp:67:56:[m[K [01;31m[Kerror: [m[Ktemplate argument 1 is invalid
[1.807s]    67 |   rclcpp::Subscription<humanoid_interfaces::msg::ImuMsg[01;31m[K>[m[K::SharedPtr imu_sub;
[1.807s]       |                                                        [01;31m[K^[m[K
[1.807s] [01m[K/home/yu/colcon_ws/src/master_jo/src/../include/master_jo/master_jo_node.hpp:67:56:[m[K [01;31m[Kerror: [m[Ktemplate argument 3 is invalid
[1.807s] [01m[K/home/yu/colcon_ws/src/master_jo/src/../include/master_jo/master_jo_node.hpp:67:56:[m[K [01;31m[Kerror: [m[Ktemplate argument 4 is invalid
[1.807s] [01m[K/home/yu/colcon_ws/src/master_jo/src/../include/master_jo/master_jo_node.hpp:67:56:[m[K [01;31m[Kerror: [m[Ktemplate argument 5 is invalid
[1.807s] [01m[K/home/yu/colcon_ws/src/master_jo/src/../include/master_jo/master_jo_node.hpp:67:59:[m[K [01;31m[Kerror: [m[Kexpected â€˜[01m[K;[m[Kâ€™ at end of member declaration
[1.807s]    67 |   rclcpp::Subscription<humanoid_interfaces::msg::ImuMsg>::[01;31m[KSharedPtr[m[K imu_sub;
[1.807s]       |                                                           [01;31m[K^~~~~~~~~[m[K
[1.807s]       |                                                                    [32m[K;[m[K
[1.807s] [01m[K/home/yu/colcon_ws/src/master_jo/src/../include/master_jo/master_jo_node.hpp:67:59:[m[K [01;31m[Kerror: [m[Kredeclaration of â€˜[01m[Kint master_jo::MasterJoNode::SharedPtr[m[Kâ€™
[1.807s] [01m[K/home/yu/colcon_ws/src/master_jo/src/../include/master_jo/master_jo_node.hpp:61:84:[m[K [01;36m[Knote: [m[Kprevious declaration â€˜[01m[Kint master_jo::MasterJoNode::SharedPtr[m[Kâ€™
[1.807s]    61 | ecyclePublisher<humanoid_interfaces::msg::Master2vision25>::[01;36m[KSharedPtr[m[K vision_pub;
[1.807s]       |                                                             [01;36m[K^~~~~~~~~[m[K
[1.807s] 
[1.807s] [01m[K/home/yu/colcon_ws/src/master_jo/src/../include/master_jo/master_jo_node.hpp:67:69:[m[K [01;31m[Kerror: [m[Kâ€˜[01m[Kimu_sub[m[Kâ€™ does not name a type
[1.807s]    67 | cpp::Subscription<humanoid_interfaces::msg::ImuMsg>::SharedPtr [01;31m[Kimu_sub[m[K;
[1.808s]       |                                                                [01;31m[K^~~~~~~[m[K
[1.808s] 
[1.808s] [01m[K/home/yu/colcon_ws/src/master_jo/src/../include/master_jo/master_jo_node.hpp:68:50:[m[K [01;31m[Kerror: [m[Kâ€˜[01m[KRobocupvision25[m[Kâ€™ is not a member of â€˜[01m[Khumanoid_interfaces::msg[m[Kâ€™
[1.808s]    68 |   rclcpp::Subscription<humanoid_interfaces::msg::[01;31m[KRobocupvision25[m[K>::SharedPtr vision_sub;
[1.808s]       |                                                  [01;31m[K^~~~~~~~~~~~~~~[m[K
[1.808s] [01m[K/home/yu/colcon_ws/src/master_jo/src/../include/master_jo/master_jo_node.hpp:68:65:[m[K [01;31m[Kerror: [m[Ktemplate argument 1 is invalid
[1.808s]    68 | lcpp::Subscription<humanoid_interfaces::msg::Robocupvision25[01;31m[K>[m[K::SharedPtr vision_sub;
[1.808s]       |                                                             [01;31m[K^[m[K
[1.808s] 
[1.808s] [01m[K/home/yu/colcon_ws/src/master_jo/src/../include/master_jo/master_jo_node.hpp:68:65:[m[K [01;31m[Kerror: [m[Ktemplate argument 3 is invalid
[1.808s] [01m[K/home/yu/colcon_ws/src/master_jo/src/../include/master_jo/master_jo_node.hpp:68:65:[m[K [01;31m[Kerror: [m[Ktemplate argument 4 is invalid
[1.808s] [01m[K/home/yu/colcon_ws/src/master_jo/src/../include/master_jo/master_jo_node.hpp:68:65:[m[K [01;31m[Kerror: [m[Ktemplate argument 5 is invalid
[1.808s] [01m[K/home/yu/colcon_ws/src/master_jo/src/../include/master_jo/master_jo_node.hpp:68:68:[m[K [01;31m[Kerror: [m[Kexpected â€˜[01m[K;[m[Kâ€™ at end of member declaration
[1.808s]    68 | p::Subscription<humanoid_interfaces::msg::Robocupvision25>::[01;31m[KSharedPtr[m[K vision_sub;
[1.808s]       |                                                             [01;31m[K^~~~~~~~~[m[K
[1.809s]       |                                                                      [32m[K;[m[K
[1.809s] [01m[K/home/yu/colcon_ws/src/master_jo/src/../include/master_jo/master_jo_node.hpp:68:68:[m[K [01;31m[Kerror: [m[Kredeclaration of â€˜[01m[Kint master_jo::MasterJoNode::SharedPtr[m[Kâ€™
[1.809s] [01m[K/home/yu/colcon_ws/src/master_jo/src/../include/master_jo/master_jo_node.hpp:61:84:[m[K [01;36m[Knote: [m[Kprevious declaration â€˜[01m[Kint master_jo::MasterJoNode::SharedPtr[m[Kâ€™
[1.809s]    61 | ecyclePublisher<humanoid_interfaces::msg::Master2vision25>::[01;36m[KSharedPtr[m[K vision_pub;
[1.809s]       |                                                             [01;36m[K^~~~~~~~~[m[K
[1.809s] 
[1.809s] [01m[K/home/yu/colcon_ws/src/master_jo/src/../include/master_jo/master_jo_node.hpp:68:78:[m[K [01;31m[Kerror: [m[Kâ€˜[01m[Kvision_sub[m[Kâ€™ does not name a type
[1.809s]    68 | ption<humanoid_interfaces::msg::Robocupvision25>::SharedPtr [01;31m[Kvision_sub[m[K;
[1.809s]       |                                                             [01;31m[K^~~~~~~~~~[m[K
[1.809s] 
[1.809s] [01m[K/home/yu/colcon_ws/src/master_jo/src/../include/master_jo/master_jo_node.hpp:69:50:[m[K [01;31m[Kerror: [m[Kâ€˜[01m[KIkEndMsg[m[Kâ€™ is not a member of â€˜[01m[Khumanoid_interfaces::msg[m[Kâ€™
[1.809s]    69 |   rclcpp::Subscription<humanoid_interfaces::msg::[01;31m[KIkEndMsg[m[K>::SharedPtr ik_sub;
[1.809s]       |                                                  [01;31m[K^~~~~~~~[m[K
[1.809s] [01m[K/home/yu/colcon_ws/src/master_jo/src/../include/master_jo/master_jo_node.hpp:69:58:[m[K [01;31m[Kerror: [m[Ktemplate argument 1 is invalid
[1.809s]    69 |   rclcpp::Subscription<humanoid_interfaces::msg::IkEndMsg[01;31m[K>[m[K::SharedPtr ik_sub;
[1.809s]       |                                                          [01;31m[K^[m[K
[1.809s] [01m[K/home/yu/colcon_ws/src/master_jo/src/../include/master_jo/master_jo_node.hpp:69:58:[m[K [01;31m[Kerror: [m[Ktemplate argument 3 is invalid
[1.809s] [01m[K/home/yu/colcon_ws/src/master_jo/src/../include/master_jo/master_jo_node.hpp:69:58:[m[K [01;31m[Kerror: [m[Ktemplate argument 4 is invalid
[1.809s] [01m[K/home/yu/colcon_ws/src/master_jo/src/../include/master_jo/master_jo_node.hpp:69:58:[m[K [01;31m[Kerror: [m[Ktemplate argument 5 is invalid
[1.809s] [01m[K/home/yu/colcon_ws/src/master_jo/src/../include/master_jo/master_jo_node.hpp:69:61:[m[K [01;31m[Kerror: [m[Kexpected â€˜[01m[K;[m[Kâ€™ at end of member declaration
[1.809s]    69 |   rclcpp::Subscription<humanoid_interfaces::msg::IkEndMsg>::[01;31m[KSharedPtr[m[K ik_sub;
[1.809s]       |                                                             [01;31m[K^~~~~~~~~[m[K
[1.809s]       |                                                                      [32m[K;[m[K
[1.809s] [01m[K/home/yu/colcon_ws/src/master_jo/src/../include/master_jo/master_jo_node.hpp:69:61:[m[K [01;31m[Kerror: [m[Kredeclaration of â€˜[01m[Kint master_jo::MasterJoNode::SharedPtr[m[Kâ€™
[1.809s] [01m[K/home/yu/colcon_ws/src/master_jo/src/../include/master_jo/master_jo_node.hpp:61:84:[m[K [01;36m[Knote: [m[Kprevious declaration â€˜[01m[Kint master_jo::MasterJoNode::SharedPtr[m[Kâ€™
[1.809s]    61 | ecyclePublisher<humanoid_interfaces::msg::Master2vision25>::[01;36m[KSharedPtr[m[K vision_pub;
[1.809s]       |                                                             [01;36m[K^~~~~~~~~[m[K
[1.809s] 
[1.809s] [01m[K/home/yu/colcon_ws/src/master_jo/src/../include/master_jo/master_jo_node.hpp:69:71:[m[K [01;31m[Kerror: [m[Kâ€˜[01m[Kik_sub[m[Kâ€™ does not name a type
[1.809s]    69 | pp::Subscription<humanoid_interfaces::msg::IkEndMsg>::SharedPtr [01;31m[Kik_sub[m[K;
[1.810s]       |                                                                 [01;31m[K^~~~~~[m[K
[1.810s] 
[1.812s] [01m[K/home/yu/colcon_ws/src/master_jo/src/player.cpp:[m[K In member function â€˜[01m[Kvoid master_jo::Player::gameStateControl(bool, int)[m[Kâ€™:
[1.812s] [01m[K/home/yu/colcon_ws/src/master_jo/src/player.cpp:28:10:[m[K [01;31m[Kerror: [m[Kâ€˜[01m[KSTATE_INITIAL[m[Kâ€™ was not declared in this scope
[1.812s]    28 |     case [01;31m[KSTATE_INITIAL[m[K:
[1.812s]       |          [01;31m[K^~~~~~~~~~~~~[m[K
[1.816s] [01m[K/home/yu/colcon_ws/src/master_jo/src/player.cpp:31:10:[m[K [01;31m[Kerror: [m[Kâ€˜[01m[KSTATE_READY[m[Kâ€™ was not declared in this scope
[1.816s]    31 |     case [01;31m[KSTATE_READY[m[K:
[1.816s]       |          [01;31m[K^~~~~~~~~~~[m[K
[1.819s] [01m[K/home/yu/colcon_ws/src/master_jo/src/player.cpp:34:10:[m[K [01;31m[Kerror: [m[Kâ€˜[01m[KSTATE_SET[m[Kâ€™ was not declared in this scope
[1.820s]    34 |     case [01;31m[KSTATE_SET[m[K:
[1.820s]       |          [01;31m[K^~~~~~~~~[m[K
[1.824s] [01m[K/home/yu/colcon_ws/src/master_jo/src/player.cpp:37:10:[m[K [01;31m[Kerror: [m[Kâ€˜[01m[KSTATE_PLAYING[m[Kâ€™ was not declared in this scope
[1.825s]    37 |     case [01;31m[KSTATE_PLAYING[m[K:
[1.825s]       |          [01;31m[K^~~~~~~~~~~~~[m[K
[1.829s] [01m[K/home/yu/colcon_ws/src/master_jo/src/../include/master_jo/master_jo_node.hpp:71:50:[m[K [01;31m[Kerror: [m[Kâ€˜[01m[KRobocuplocalization25[m[Kâ€™ is not a member of â€˜[01m[Khumanoid_interfaces::msg[m[Kâ€™
[1.829s]    71 |   rclcpp::Subscription<humanoid_interfaces::msg::[01;31m[KRobocuplocalization25[m[K>::SharedPtr local_sub;
[1.829s]       |                                                  [01;31m[K^~~~~~~~~~~~~~~~~~~~~[m[K
[1.829s] [01m[K/home/yu/colcon_ws/src/master_jo/src/../include/master_jo/master_jo_node.hpp:71:71:[m[K [01;31m[Kerror: [m[Ktemplate argument 1 is invalid
[1.829s]    71 | Subscription<humanoid_interfaces::msg::Robocuplocalization25[01;31m[K>[m[K::SharedPtr local_sub;
[1.829s]       |                                                             [01;31m[K^[m[K
[1.829s] 
[1.829s] [01m[K/home/yu/colcon_ws/src/master_jo/src/../include/master_jo/master_jo_node.hpp:71:71:[m[K [01;31m[Kerror: [m[Ktemplate argument 3 is invalid
[1.829s] [01m[K/home/yu/colcon_ws/src/master_jo/src/../include/master_jo/master_jo_node.hpp:71:71:[m[K [01;31m[Kerror: [m[Ktemplate argument 4 is invalid
[1.829s] [01m[K/home/yu/colcon_ws/src/master_jo/src/../include/master_jo/master_jo_node.hpp:71:71:[m[K [01;31m[Kerror: [m[Ktemplate argument 5 is invalid
[1.829s] [01m[K/home/yu/colcon_ws/src/master_jo/src/../include/master_jo/master_jo_node.hpp:71:74:[m[K [01;31m[Kerror: [m[Kexpected â€˜[01m[K;[m[Kâ€™ at end of member declaration
[1.829s]    71 | scription<humanoid_interfaces::msg::Robocuplocalization25>::[01;31m[KSharedPtr[m[K local_sub;
[1.829s]       |                                                             [01;31m[K^~~~~~~~~[m[K
[1.829s]       |                                                                      [32m[K;[m[K
[1.829s] [01m[K/home/yu/colcon_ws/src/master_jo/src/../include/master_jo/master_jo_node.hpp:71:74:[m[K [01;31m[Kerror: [m[Kredeclaration of â€˜[01m[Kint master_jo::MasterJoNode::SharedPtr[m[Kâ€™
[1.829s] [01m[K/home/yu/colcon_ws/src/master_jo/src/../include/master_jo/master_jo_node.hpp:61:84:[m[K [01;36m[Knote: [m[Kprevious declaration â€˜[01m[Kint master_jo::MasterJoNode::SharedPtr[m[Kâ€™
[1.829s]    61 | ecyclePublisher<humanoid_interfaces::msg::Master2vision25>::[01;36m[KSharedPtr[m[K vision_pub;
[1.829s]       |                                                             [01;36m[K^~~~~~~~~[m[K
[1.829s] 
[1.829s] [01m[K/home/yu/colcon_ws/src/master_jo/src/player.cpp:40:10:[m[K [01;31m[Kerror: [m[Kâ€˜[01m[KSTATE_FINISHED[m[Kâ€™ was not declared in this scope
[1.829s]    40 |     case [01;31m[KSTATE_FINISHED[m[K:
[1.829s]       |          [01;31m[K^~~~~~~~~~~~~~[m[K
[1.830s] [01m[K/home/yu/colcon_ws/src/master_jo/src/../include/master_jo/master_jo_node.hpp:71:84:[m[K [01;31m[Kerror: [m[Kâ€˜[01m[Klocal_sub[m[Kâ€™ does not name a type
[1.830s]    71 | <humanoid_interfaces::msg::Robocuplocalization25>::SharedPtr [01;31m[Klocal_sub[m[K;
[1.830s]       |                                                              [01;31m[K^~~~~~~~~[m[K
[1.830s] 
[1.830s] [01m[K/home/yu/colcon_ws/src/master_jo/src/player.cpp:[m[K In member function â€˜[01m[Kvirtual void master_jo::Player::selectRobotState(bool)[m[Kâ€™:
[1.830s] [01m[K/home/yu/colcon_ws/src/master_jo/src/player.cpp:48:36:[m[K [01;35m[Kwarning: [m[Kunused parameter â€˜[01m[KisPenalty[m[Kâ€™ [[01;35m[K]8;;https://gcc.gnu.org/onlinedocs/gcc/Warning-Options.html#index-Wunused-parameter-Wunused-parameter]8;;[m[K]
[1.830s]    48 | void Player::selectRobotState([01;35m[Kbool isPenalty[m[K) {
[1.830s]       |                               [01;35m[K~~~~~^~~~~~~~~[m[K
[1.830s] [01m[K/home/yu/colcon_ws/src/master_jo/src/player.cpp:[m[K In member function â€˜[01m[Kbool master_jo::Player::walkStart(int, int, int)[m[Kâ€™:
[1.830s] [01m[K/home/yu/colcon_ws/src/master_jo/src/player.cpp:72:18:[m[K [01;31m[Kerror: [m[Kâ€˜[01m[Kusing element_type = class master_jo::MasterRcko[m[Kâ€™ {aka â€˜[01m[Kclass master_jo::MasterRcko[m[Kâ€™} has no member named â€˜[01m[KikEnd[m[Kâ€™
[1.830s]    72 |   return master->[01;31m[KikEnd[m[K.ikend;
[1.830s]       |                  [01;31m[K^~~~~[m[K
[1.830s] [01m[K/home/yu/colcon_ws/src/master_jo/src/player.cpp:[m[K In member function â€˜[01m[Kbool master_jo::Player::walkStop()[m[Kâ€™:
[1.830s] [01m[K/home/yu/colcon_ws/src/master_jo/src/player.cpp:81:18:[m[K [01;31m[Kerror: [m[Kâ€˜[01m[Kusing element_type = class master_jo::MasterRcko[m[Kâ€™ {aka â€˜[01m[Kclass master_jo::MasterRcko[m[Kâ€™} has no member named â€˜[01m[KikEnd[m[Kâ€™
[1.830s]    81 |   return master->[01;31m[KikEnd[m[K.ikend;
[1.830s]       |                  [01;31m[K^~~~~[m[K
[1.830s] [01m[K/home/yu/colcon_ws/src/master_jo/src/../include/master_jo/master_jo_node.hpp:72:50:[m[K [01;31m[Kerror: [m[Kâ€˜[01m[KUdp2master[m[Kâ€™ is not a member of â€˜[01m[Khumanoid_interfaces::msg[m[Kâ€™
[1.830s]    72 |   rclcpp::Subscription<humanoid_interfaces::msg::[01;31m[KUdp2master[m[K>::SharedPtr udp_sub;
[1.830s]       |                                                  [01;31m[K^~~~~~~~~~[m[K
[1.830s] [01m[K/home/yu/colcon_ws/src/master_jo/src/player.cpp:[m[K In member function â€˜[01m[Kbool master_jo::Player::walkPublish()[m[Kâ€™:
[1.830s] [01m[K/home/yu/colcon_ws/src/master_jo/src/player.cpp:86:37:[m[K [01;31m[Kerror: [m[Kâ€˜[01m[Kusing element_type = class master_jo::MasterRcko[m[Kâ€™ {aka â€˜[01m[Kclass master_jo::MasterRcko[m[Kâ€™} has no member named â€˜[01m[KFRONT_MAX[m[Kâ€™
[1.830s]    86 |   if (master->ik.x_length > master->[01;31m[KFRONT_MAX[m[K) {
[1.830s]       |                                     [01;31m[K^~~~~~~~~[m[K
[1.830s] [01m[K/home/yu/colcon_ws/src/master_jo/src/player.cpp:87:35:[m[K [01;31m[Kerror: [m[Kâ€˜[01m[Kusing element_type = class master_jo::MasterRcko[m[Kâ€™ {aka â€˜[01m[Kclass master_jo::MasterRcko[m[Kâ€™} has no member named â€˜[01m[KFRONT_MAX[m[Kâ€™
[1.830s]    87 |     master->ik.x_length = master->[01;31m[KFRONT_MAX[m[K;
[1.830s]       |                                   [01;31m[K^~~~~~~~~[m[K
[1.830s] [01m[K/home/yu/colcon_ws/src/master_jo/src/../include/master_jo/master_jo_node.hpp:72:60:[m[K [01;31m[Kerror: [m[Ktemplate argument 1 is invalid
[1.831s]    72 |   rclcpp::Subscription<humanoid_interfaces::msg::Udp2master[01;31m[K>[m[K::SharedPtr udp_sub;
[1.831s]       |                                                            [01;31m[K^[m[K
[1.831s] [01m[K/home/yu/colcon_ws/src/master_jo/src/../include/master_jo/master_jo_node.hpp:72:60:[m[K [01;31m[Kerror: [m[Ktemplate argument 3 is invalid
[1.831s] [01m[K/home/yu/colcon_ws/src/master_jo/src/../include/master_jo/master_jo_node.hpp:72:60:[m[K [01;31m[Kerror: [m[Ktemplate argument 4 is invalid
[1.831s] [01m[K/home/yu/colcon_ws/src/master_jo/src/../include/master_jo/master_jo_node.hpp:72:60:[m[K [01;31m[Kerror: [m[Ktemplate argument 5 is invalid
[1.831s] [01m[K/home/yu/colcon_ws/src/master_jo/src/../include/master_jo/master_jo_node.hpp:72:63:[m[K [01;31m[Kerror: [m[Kexpected â€˜[01m[K;[m[Kâ€™ at end of member declaration
[1.831s]    72 | rclcpp::Subscription<humanoid_interfaces::msg::Udp2master>::[01;31m[KSharedPtr[m[K udp_sub;
[1.831s]       |                                                             [01;31m[K^~~~~~~~~[m[K
[1.831s]       |                                                                      [32m[K;[m[K
[1.831s] [01m[K/home/yu/colcon_ws/src/master_jo/src/../include/master_jo/master_jo_node.hpp:72:63:[m[K [01;31m[Kerror: [m[Kredeclaration of â€˜[01m[Kint master_jo::MasterJoNode::SharedPtr[m[Kâ€™
[1.831s] [01m[K/home/yu/colcon_ws/src/master_jo/src/../include/master_jo/master_jo_node.hpp:61:84:[m[K [01;36m[Knote: [m[Kprevious declaration â€˜[01m[Kint master_jo::MasterJoNode::SharedPtr[m[Kâ€™
[1.831s]    61 | ecyclePublisher<humanoid_interfaces::msg::Master2vision25>::[01;36m[KSharedPtr[m[K vision_pub;
[1.831s]       |                                                             [01;36m[K^~~~~~~~~[m[K
[1.831s] 
[1.831s] [01m[K/home/yu/colcon_ws/src/master_jo/src/../include/master_jo/master_jo_node.hpp:72:73:[m[K [01;31m[Kerror: [m[Kâ€˜[01m[Kudp_sub[m[Kâ€™ does not name a type
[1.831s]    72 | :Subscription<humanoid_interfaces::msg::Udp2master>::SharedPtr [01;31m[Kudp_sub[m[K;
[1.831s]       |                                                                [01;31m[K^~~~~~~[m[K
[1.831s] 
[1.831s] [01m[K/home/yu/colcon_ws/src/master_jo/src/player.cpp:89:44:[m[K [01;31m[Kerror: [m[Kâ€˜[01m[Kusing element_type = class master_jo::MasterRcko[m[Kâ€™ {aka â€˜[01m[Kclass master_jo::MasterRcko[m[Kâ€™} has no member named â€˜[01m[KREAR_MAX[m[Kâ€™
[1.831s]    89 |   } else if (master->ik.x_length < master->[01;31m[KREAR_MAX[m[K) {
[1.831s]       |                                            [01;31m[K^~~~~~~~[m[K
[1.831s] [01m[K/home/yu/colcon_ws/src/master_jo/src/player.cpp:90:35:[m[K [01;31m[Kerror: [m[Kâ€˜[01m[Kusing element_type = class master_jo::MasterRcko[m[Kâ€™ {aka â€˜[01m[Kclass master_jo::MasterRcko[m[Kâ€™} has no member named â€˜[01m[KREAR_MAX[m[Kâ€™
[1.831s]    90 |     master->ik.x_length = master->[01;31m[KREAR_MAX[m[K;
[1.831s]       |                                   [01;31m[K^~~~~~~~[m[K
[1.831s] [01m[K/home/yu/colcon_ws/src/master_jo/src/player.cpp:94:37:[m[K [01;31m[Kerror: [m[Kâ€˜[01m[Kusing element_type = class master_jo::MasterRcko[m[Kâ€™ {aka â€˜[01m[Kclass master_jo::MasterRcko[m[Kâ€™} has no member named â€˜[01m[KRIGHT_MAX[m[Kâ€™
[1.831s]    94 |   if (master->ik.y_length > master->[01;31m[KRIGHT_MAX[m[K) {
[1.831s]       |                                     [01;31m[K^~~~~~~~~[m[K
[1.832s] [01m[K/home/yu/colcon_ws/src/master_jo/src/player.cpp:95:35:[m[K [01;31m[Kerror: [m[Kâ€˜[01m[Kusing element_type = class master_jo::MasterRcko[m[Kâ€™ {aka â€˜[01m[Kclass master_jo::MasterRcko[m[Kâ€™} has no member named â€˜[01m[KRIGHT_MAX[m[Kâ€™
[1.832s]    95 |     master->ik.y_length = master->[01;31m[KRIGHT_MAX[m[K;
[1.832s]       |                                   [01;31m[K^~~~~~~~~[m[K
[1.832s] [01m[K/home/yu/colcon_ws/src/master_jo/src/player.cpp:97:44:[m[K [01;31m[Kerror: [m[Kâ€˜[01m[Kusing element_type = class master_jo::MasterRcko[m[Kâ€™ {aka â€˜[01m[Kclass master_jo::MasterRcko[m[Kâ€™} has no member named â€˜[01m[KLEFT_MAX[m[Kâ€™
[1.832s]    97 |   } else if (master->ik.y_length < master->[01;31m[KLEFT_MAX[m[K) {
[1.832s]       |                                            [01;31m[K^~~~~~~~[m[K
[1.832s] [01m[K/home/yu/colcon_ws/src/master_jo/src/player.cpp:98:35:[m[K [01;31m[Kerror: [m[Kâ€˜[01m[Kusing element_type = class master_jo::MasterRcko[m[Kâ€™ {aka â€˜[01m[Kclass master_jo::MasterRcko[m[Kâ€™} has no member named â€˜[01m[KLEFT_MAX[m[Kâ€™
[1.832s]    98 |     master->ik.y_length = master->[01;31m[KLEFT_MAX[m[K;
[1.832s]       |                                   [01;31m[K^~~~~~~~[m[K
[1.832s] [01m[K/home/yu/colcon_ws/src/master_jo/src/player.cpp:102:32:[m[K [01;31m[Kerror: [m[Kâ€˜[01m[Kusing element_type = class master_jo::MasterRcko[m[Kâ€™ {aka â€˜[01m[Kclass master_jo::MasterRcko[m[Kâ€™} has no member named â€˜[01m[KR_YAW_MAX[m[Kâ€™
[1.832s]   102 |   if (master->ik.yaw > master->[01;31m[KR_YAW_MAX[m[K) {
[1.832s]       |                                [01;31m[K^~~~~~~~~[m[K
[1.832s] [01m[K/home/yu/colcon_ws/src/master_jo/src/player.cpp:103:30:[m[K [01;31m[Kerror: [m[Kâ€˜[01m[Kusing element_type = class master_jo::MasterRcko[m[Kâ€™ {aka â€˜[01m[Kclass master_jo::MasterRcko[m[Kâ€™} has no member named â€˜[01m[KR_YAW_MAX[m[Kâ€™
[1.832s]   103 |     master->ik.yaw = master->[01;31m[KR_YAW_MAX[m[K;
[1.832s]       |                              [01;31m[K^~~~~~~~~[m[K
[1.832s] [01m[K/home/yu/colcon_ws/src/master_jo/src/player.cpp:105:39:[m[K [01;31m[Kerror: [m[Kâ€˜[01m[Kusing element_type = class master_jo::MasterRcko[m[Kâ€™ {aka â€˜[01m[Kclass master_jo::MasterRcko[m[Kâ€™} has no member named â€˜[01m[KL_YAW_MAX[m[Kâ€™
[1.832s]   105 |   } else if (master->ik.yaw < master->[01;31m[KL_YAW_MAX[m[K) {
[1.832s]       |                                       [01;31m[K^~~~~~~~~[m[K
[1.832s] [01m[K/home/yu/colcon_ws/src/master_jo/src/player.cpp:106:30:[m[K [01;31m[Kerror: [m[Kâ€˜[01m[Kusing element_type = class master_jo::MasterRcko[m[Kâ€™ {aka â€˜[01m[Kclass master_jo::MasterRcko[m[Kâ€™} has no member named â€˜[01m[KL_YAW_MAX[m[Kâ€™
[1.832s]   106 |     master->ik.yaw = master->[01;31m[KL_YAW_MAX[m[K;
[1.832s]       |                              [01;31m[K^~~~~~~~~[m[K
[1.832s] [01m[K/home/yu/colcon_ws/src/master_jo/src/player.cpp:[m[K In member function â€˜[01m[Kbool master_jo::Player::visionPublish(int, int, int)[m[Kâ€™:
[1.832s] [01m[K/home/yu/colcon_ws/src/master_jo/src/player.cpp:114:11:[m[K [01;31m[Kerror: [m[Kâ€˜[01m[Kusing element_type = class master_jo::MasterRcko[m[Kâ€™ {aka â€˜[01m[Kclass master_jo::MasterRcko[m[Kâ€™} has no member named â€˜[01m[Kmaster2vision[m[Kâ€™
[1.832s]   114 |   master->[01;31m[Kmaster2vision[m[K.scanmode = scan_mode;
[1.832s]       |           [01;31m[K^~~~~~~~~~~~~[m[K
[1.832s] [01m[K/home/yu/colcon_ws/src/master_jo/src/player.cpp:115:11:[m[K [01;31m[Kerror: [m[Kâ€˜[01m[Kusing element_type = class master_jo::MasterRcko[m[Kâ€™ {aka â€˜[01m[Kclass master_jo::MasterRcko[m[Kâ€™} has no member named â€˜[01m[Kmaster2vision[m[Kâ€™
[1.832s]   115 |   master->[01;31m[Kmaster2vision[m[K.tilt = -45;
[1.832s]       |           [01;31m[K^~~~~~~~~~~~~[m[K
[1.832s] [01m[K/home/yu/colcon_ws/src/master_jo/src/player.cpp:116:11:[m[K [01;31m[Kerror: [m[Kâ€˜[01m[Kusing element_type = class master_jo::MasterRcko[m[Kâ€™ {aka â€˜[01m[Kclass master_jo::MasterRcko[m[Kâ€™} has no member named â€˜[01m[Kmaster2vision[m[Kâ€™
[1.832s]   116 |   master->[01;31m[Kmaster2vision[m[K.pan = 0;
[1.832s]       |           [01;31m[K^~~~~~~~~~~~~[m[K
[1.832s] [01m[K/home/yu/colcon_ws/src/master_jo/src/player.cpp:113:47:[m[K [01;35m[Kwarning: [m[Kunused parameter â€˜[01m[Kpan[m[Kâ€™ [[01;35m[K]8;;https://gcc.gnu.org/onlinedocs/gcc/Warning-Options.html#index-Wunused-parameter-Wunused-parameter]8;;[m[K]
[1.832s]   113 | bool Player::visionPublish(int scan_mode, [01;35m[Kint pan[m[K, int tilt) {
[1.832s]       |                                           [01;35m[K~~~~^~~[m[K
[1.832s] [01m[K/home/yu/colcon_ws/src/master_jo/src/player.cpp:113:56:[m[K [01;35m[Kwarning: [m[Kunused parameter â€˜[01m[Ktilt[m[Kâ€™ [[01;35m[K]8;;https://gcc.gnu.org/onlinedocs/gcc/Warning-Options.html#index-Wunused-parameter-Wunused-parameter]8;;[m[K]
[1.832s]   113 | bool Player::visionPublish(int scan_mode, int pan, [01;35m[Kint tilt[m[K) {
[1.832s]       |                                                    [01;35m[K~~~~^~~~[m[K
[1.832s] [01m[K/home/yu/colcon_ws/src/master_jo/src/player.cpp:[m[K In member function â€˜[01m[Kbool master_jo::Player::udpPublish()[m[Kâ€™:
[1.832s] [01m[K/home/yu/colcon_ws/src/master_jo/src/player.cpp:122:11:[m[K [01;31m[Kerror: [m[Kâ€˜[01m[Kusing element_type = class master_jo::MasterRcko[m[Kâ€™ {aka â€˜[01m[Kclass master_jo::MasterRcko[m[Kâ€™} has no member named â€˜[01m[Kmaster2udp[m[Kâ€™
[1.832s]   122 |   master->[01;31m[Kmaster2udp[m[K.robotnum = master->gameControlData.robotnum;
[1.832s]       |           [01;31m[K^~~~~~~~~~[m[K
[1.832s] [01m[K/home/yu/colcon_ws/src/master_jo/src/player.cpp:123:11:[m[K [01;31m[Kerror: [m[Kâ€˜[01m[Kusing element_type = class master_jo::MasterRcko[m[Kâ€™ {aka â€˜[01m[Kclass master_jo::MasterRcko[m[Kâ€™} has no member named â€˜[01m[Kmaster2udp[m[Kâ€™
[1.832s]   123 |   master->[01;31m[Kmaster2udp[m[K.robotstate = robot_state;
[1.832s]       |           [01;31m[K^~~~~~~~~~[m[K
[1.832s] [01m[K/home/yu/colcon_ws/src/master_jo/src/player.cpp:124:11:[m[K [01;31m[Kerror: [m[Kâ€˜[01m[Kusing element_type = class master_jo::MasterRcko[m[Kâ€™ {aka â€˜[01m[Kclass master_jo::MasterRcko[m[Kâ€™} has no member named â€˜[01m[Kmaster2udp[m[Kâ€™
[1.832s]   124 |   master->[01;31m[Kmaster2udp[m[K.robotcoorx = static_cast<int>(master->local.robot_x);
[1.832s]       |           [01;31m[K^~~~~~~~~~[m[K
[1.832s] [01m[K/home/yu/colcon_ws/src/master_jo/src/player.cpp:124:60:[m[K [01;31m[Kerror: [m[Kâ€˜[01m[Kusing element_type = class master_jo::MasterRcko[m[Kâ€™ {aka â€˜[01m[Kclass master_jo::MasterRcko[m[Kâ€™} has no member named â€˜[01m[Klocal[m[Kâ€™
[1.832s]   124 |   master->master2udp.robotcoorx = static_cast<int>(master->[01;31m[Klocal[m[K.robot_x);
[1.832s]       |                                                            [01;31m[K^~~~~[m[K
[1.832s] [01m[K/home/yu/colcon_ws/src/master_jo/src/player.cpp:125:11:[m[K [01;31m[Kerror: [m[Kâ€˜[01m[Kusing element_type = class master_jo::MasterRcko[m[Kâ€™ {aka â€˜[01m[Kclass master_jo::MasterRcko[m[Kâ€™} has no member named â€˜[01m[Kmaster2udp[m[Kâ€™
[1.832s]   125 |   master->[01;31m[Kmaster2udp[m[K.robotcoory = static_cast<int>(master->local.robot_y);
[1.833s]       |           [01;31m[K^~~~~~~~~~[m[K
[1.833s] [01m[K/home/yu/colcon_ws/src/master_jo/src/player.cpp:125:60:[m[K [01;31m[Kerror: [m[Kâ€˜[01m[Kusing element_type = class master_jo::MasterRcko[m[Kâ€™ {aka â€˜[01m[Kclass master_jo::MasterRcko[m[Kâ€™} has no member named â€˜[01m[Klocal[m[Kâ€™
[1.833s]   125 |   master->master2udp.robotcoory = static_cast<int>(master->[01;31m[Klocal[m[K.robot_y);
[1.833s]       |                                                            [01;31m[K^~~~~[m[K
[1.833s] [01m[K/home/yu/colcon_ws/src/master_jo/src/player.cpp:126:11:[m[K [01;31m[Kerror: [m[Kâ€˜[01m[Kusing element_type = class master_jo::MasterRcko[m[Kâ€™ {aka â€˜[01m[Kclass master_jo::MasterRcko[m[Kâ€™} has no member named â€˜[01m[Kmaster2udp[m[Kâ€™
[1.833s]   126 |   master->[01;31m[Kmaster2udp[m[K.robotimuyaw = static_cast<int>(master->imu.yaw);
[1.833s]       |           [01;31m[K^~~~~~~~~~[m[K
[1.833s] [01m[K/home/yu/colcon_ws/src/master_jo/src/player.cpp:126:61:[m[K [01;31m[Kerror: [m[Kâ€˜[01m[Kusing element_type = class master_jo::MasterRcko[m[Kâ€™ {aka â€˜[01m[Kclass master_jo::MasterRcko[m[Kâ€™} has no member named â€˜[01m[Kimu[m[Kâ€™
[1.833s]   126 |   master->master2udp.robotimuyaw = static_cast<int>(master->[01;31m[Kimu[m[K.yaw);
[1.833s]       |                                                             [01;31m[K^~~[m[K
[1.833s] [01m[K/home/yu/colcon_ws/src/master_jo/src/player.cpp:127:11:[m[K [01;31m[Kerror: [m[Kâ€˜[01m[Kusing element_type = class master_jo::MasterRcko[m[Kâ€™ {aka â€˜[01m[Kclass master_jo::MasterRcko[m[Kâ€™} has no member named â€˜[01m[Kmaster2udp[m[Kâ€™
[1.833s]   127 |   master->[01;31m[Kmaster2udp[m[K.balldist = 0;
[1.833s]       |           [01;31m[K^~~~~~~~~~[m[K
[1.833s] [01m[K/home/yu/colcon_ws/src/master_jo/src/player.cpp:128:11:[m[K [01;31m[Kerror: [m[Kâ€˜[01m[Kusing element_type = class master_jo::MasterRcko[m[Kâ€™ {aka â€˜[01m[Kclass master_jo::MasterRcko[m[Kâ€™} has no member named â€˜[01m[Kmaster2udp[m[Kâ€™
[1.833s]   128 |   master->[01;31m[Kmaster2udp[m[K.ballcoorx = static_cast<int>(master->local.ball_x);
[1.833s]       |           [01;31m[K^~~~~~~~~~[m[K
[1.833s] [01m[K/home/yu/colcon_ws/src/master_jo/src/player.cpp:128:59:[m[K [01;31m[Kerror: [m[Kâ€˜[01m[Kusing element_type = class master_jo::MasterRcko[m[Kâ€™ {aka â€˜[01m[Kclass master_jo::MasterRcko[m[Kâ€™} has no member named â€˜[01m[Klocal[m[Kâ€™
[1.833s]   128 |   master->master2udp.ballcoorx = static_cast<int>(master->[01;31m[Klocal[m[K.ball_x);
[1.833s]       |                                                           [01;31m[K^~~~~[m[K
[1.833s] [01m[K/home/yu/colcon_ws/src/master_jo/src/player.cpp:129:11:[m[K [01;31m[Kerror: [m[Kâ€˜[01m[Kusing element_type = class master_jo::MasterRcko[m[Kâ€™ {aka â€˜[01m[Kclass master_jo::MasterRcko[m[Kâ€™} has no member named â€˜[01m[Kmaster2udp[m[Kâ€™
[1.833s]   129 |   master->[01;31m[Kmaster2udp[m[K.ballcoory = static_cast<int>(master->local.ball_y);
[1.833s]       |           [01;31m[K^~~~~~~~~~[m[K
[1.833s] [01m[K/home/yu/colcon_ws/src/master_jo/src/player.cpp:129:59:[m[K [01;31m[Kerror: [m[Kâ€˜[01m[Kusing element_type = class master_jo::MasterRcko[m[Kâ€™ {aka â€˜[01m[Kclass master_jo::MasterRcko[m[Kâ€™} has no member named â€˜[01m[Klocal[m[Kâ€™
[1.833s]   129 |   master->master2udp.ballcoory = static_cast<int>(master->[01;31m[Klocal[m[K.ball_y);
[1.833s]       |                                                           [01;31m[K^~~~~[m[K
[1.833s] [01m[K/home/yu/colcon_ws/src/master_jo/src/player.cpp:130:11:[m[K [01;31m[Kerror: [m[Kâ€˜[01m[Kusing element_type = class master_jo::MasterRcko[m[Kâ€™ {aka â€˜[01m[Kclass master_jo::MasterRcko[m[Kâ€™} has no member named â€˜[01m[Kmaster2udp[m[Kâ€™
[1.833s]   130 |   master->[01;31m[Kmaster2udp[m[K.myteam = static_cast<int>(master->gameControlData.myteam);
[1.833s]       |           [01;31m[K^~~~~~~~~~[m[K
[1.833s] [01m[K/home/yu/colcon_ws/src/master_jo/src/player.cpp:132:32:[m[K [01;31m[Kerror: [m[Kâ€˜[01m[Kusing element_type = class master_jo::MasterRcko[m[Kâ€™ {aka â€˜[01m[Kclass master_jo::MasterRcko[m[Kâ€™} has no member named â€˜[01m[Kvision[m[Kâ€™
[1.833s]   132 |   if (static_cast<int>(master->[01;31m[Kvision[m[K.ball_d) == 0) {
[1.833s]       |                                [01;31m[K^~~~~~[m[K
[1.833s] [01m[K/home/yu/colcon_ws/src/master_jo/src/player.cpp:133:13:[m[K [01;31m[Kerror: [m[Kâ€˜[01m[Kusing element_type = class master_jo::MasterRcko[m[Kâ€™ {aka â€˜[01m[Kclass master_jo::MasterRcko[m[Kâ€™} has no member named â€˜[01m[Kmaster2udp[m[Kâ€™
[1.833s]   133 |     master->[01;31m[Kmaster2udp[m[K.ballcoorx = 0;
[1.833s]       |             [01;31m[K^~~~~~~~~~[m[K
[1.833s] [01m[K/home/yu/colcon_ws/src/master_jo/src/player.cpp:134:13:[m[K [01;31m[Kerror: [m[Kâ€˜[01m[Kusing element_type = class master_jo::MasterRcko[m[Kâ€™ {aka â€˜[01m[Kclass master_jo::MasterRcko[m[Kâ€™} has no member named â€˜[01m[Kmaster2udp[m[Kâ€™
[1.833s]   134 |     master->[01;31m[Kmaster2udp[m[K.ballcoory = 0;
[1.833s]       |             [01;31m[K^~~~~~~~~~[m[K
[1.833s] [01m[K/home/yu/colcon_ws/src/master_jo/src/player.cpp:[m[K In member function â€˜[01m[Kbool master_jo::Player::localPublish()[m[Kâ€™:
[1.833s] [01m[K/home/yu/colcon_ws/src/master_jo/src/player.cpp:142:13:[m[K [01;31m[Kerror: [m[Kâ€˜[01m[Kusing element_type = class master_jo::MasterRcko[m[Kâ€™ {aka â€˜[01m[Kclass master_jo::MasterRcko[m[Kâ€™} has no member named â€˜[01m[Kmaster2local[m[Kâ€™
[1.833s]   142 |     master->[01;31m[Kmaster2local[m[K.targetx = 0;
[1.833s]       |             [01;31m[K^~~~~~~~~~~~[m[K
[1.833s] [01m[K/home/yu/colcon_ws/src/master_jo/src/player.cpp:143:13:[m[K [01;31m[Kerror: [m[Kâ€˜[01m[Kusing element_type = class master_jo::MasterRcko[m[Kâ€™ {aka â€˜[01m[Kclass master_jo::MasterRcko[m[Kâ€™} has no member named â€˜[01m[Kmaster2local[m[Kâ€™
[1.833s]   143 |     master->[01;31m[Kmaster2local[m[K.targety = 0;
[1.833s]       |             [01;31m[K^~~~~~~~~~~~[m[K
[1.835s] [01m[K/home/yu/colcon_ws/src/master_jo/src/../include/master_jo/master_jo_node.hpp:73:50:[m[K [01;31m[Kerror: [m[Kâ€˜[01m[KMotionOperator[m[Kâ€™ is not a member of â€˜[01m[Khumanoid_interfaces::msg[m[Kâ€™
[1.835s]    73 |   rclcpp::Subscription<humanoid_interfaces::msg::[01;31m[KMotionOperator[m[K>::SharedPtr motionSub;
[1.835s]       |                                                  [01;31m[K^~~~~~~~~~~~~~[m[K
[1.836s] [01m[K/home/yu/colcon_ws/src/master_jo/src/../include/master_jo/master_jo_node.hpp:73:64:[m[K [01;31m[Kerror: [m[Ktemplate argument 1 is invalid
[1.836s]    73 | clcpp::Subscription<humanoid_interfaces::msg::MotionOperator[01;31m[K>[m[K::SharedPtr motionSub;
[1.836s]       |                                                             [01;31m[K^[m[K
[1.836s] 
[1.836s] [01m[K/home/yu/colcon_ws/src/master_jo/src/../include/master_jo/master_jo_node.hpp:73:64:[m[K [01;31m[Kerror: [m[Ktemplate argument 3 is invalid
[1.836s] [01m[K/home/yu/colcon_ws/src/master_jo/src/../include/master_jo/master_jo_node.hpp:73:64:[m[K [01;31m[Kerror: [m[Ktemplate argument 4 is invalid
[1.836s] [01m[K/home/yu/colcon_ws/src/master_jo/src/../include/master_jo/master_jo_node.hpp:73:64:[m[K [01;31m[Kerror: [m[Ktemplate argument 5 is invalid
[1.836s] [01m[K/home/yu/colcon_ws/src/master_jo/src/../include/master_jo/master_jo_node.hpp:73:67:[m[K [01;31m[Kerror: [m[Kexpected â€˜[01m[K;[m[Kâ€™ at end of member declaration
[1.836s]    73 | pp::Subscription<humanoid_interfaces::msg::MotionOperator>::[01;31m[KSharedPtr[m[K motionSub;
[1.836s]       |                                                             [01;31m[K^~~~~~~~~[m[K
[1.836s]       |                                                                      [32m[K;[m[K
[1.836s] [01m[K/home/yu/colcon_ws/src/master_jo/src/../include/master_jo/master_jo_node.hpp:73:67:[m[K [01;31m[Kerror: [m[Kredeclaration of â€˜[01m[Kint master_jo::MasterJoNode::SharedPtr[m[Kâ€™
[1.836s] [01m[K/home/yu/colcon_ws/src/master_jo/src/../include/master_jo/master_jo_node.hpp:61:84:[m[K [01;36m[Knote: [m[Kprevious declaration â€˜[01m[Kint master_jo::MasterJoNode::SharedPtr[m[Kâ€™
[1.836s]    61 | ecyclePublisher<humanoid_interfaces::msg::Master2vision25>::[01;36m[KSharedPtr[m[K vision_pub;
[1.836s]       |                                                             [01;36m[K^~~~~~~~~[m[K
[1.836s] 
[1.837s] [01m[K/home/yu/colcon_ws/src/master_jo/src/../include/master_jo/master_jo_node.hpp:73:77:[m[K [01;31m[Kerror: [m[Kâ€˜[01m[KmotionSub[m[Kâ€™ does not name a type
[1.837s]    73 | ription<humanoid_interfaces::msg::MotionOperator>::SharedPtr [01;31m[KmotionSub[m[K;
[1.838s]       |                                                              [01;31m[K^~~~~~~~~[m[K
[1.838s] 
[1.839s] [01m[K/home/yu/colcon_ws/src/master_jo/src/../include/master_jo/master_jo_node.hpp:74:50:[m[K [01;31m[Kerror: [m[Kâ€˜[01m[KPidtuning[m[Kâ€™ is not a member of â€˜[01m[Khumanoid_interfaces::msg[m[Kâ€™
[1.839s]    74 |   rclcpp::Subscription<humanoid_interfaces::msg::[01;31m[KPidtuning[m[K>::SharedPtr pid_sub;
[1.839s]       |                                                  [01;31m[K^~~~~~~~~[m[K
[1.839s] [01m[K/home/yu/colcon_ws/src/master_jo/src/../include/master_jo/master_jo_node.hpp:74:59:[m[K [01;31m[Kerror: [m[Ktemplate argument 1 is invalid
[1.839s]    74 |   rclcpp::Subscription<humanoid_interfaces::msg::Pidtuning[01;31m[K>[m[K::SharedPtr pid_sub;
[1.839s]       |                                                           [01;31m[K^[m[K
[1.839s] [01m[K/home/yu/colcon_ws/src/master_jo/src/../include/master_jo/master_jo_node.hpp:74:59:[m[K [01;31m[Kerror: [m[Ktemplate argument 3 is invalid
[1.839s] [01m[K/home/yu/colcon_ws/src/master_jo/src/../include/master_jo/master_jo_node.hpp:74:59:[m[K [01;31m[Kerror: [m[Ktemplate argument 4 is invalid
[1.839s] [01m[K/home/yu/colcon_ws/src/master_jo/src/../include/master_jo/master_jo_node.hpp:74:59:[m[K [01;31m[Kerror: [m[Ktemplate argument 5 is invalid
[1.839s] [01m[K/home/yu/colcon_ws/src/master_jo/src/../include/master_jo/master_jo_node.hpp:74:62:[m[K [01;31m[Kerror: [m[Kexpected â€˜[01m[K;[m[Kâ€™ at end of member declaration
[1.839s]    74 |  rclcpp::Subscription<humanoid_interfaces::msg::Pidtuning>::[01;31m[KSharedPtr[m[K pid_sub;
[1.839s]       |                                                             [01;31m[K^~~~~~~~~[m[K
[1.839s]       |                                                                      [32m[K;[m[K
[1.839s] [01m[K/home/yu/colcon_ws/src/master_jo/src/../include/master_jo/master_jo_node.hpp:74:62:[m[K [01;31m[Kerror: [m[Kredeclaration of â€˜[01m[Kint master_jo::MasterJoNode::SharedPtr[m[Kâ€™
[1.839s] [01m[K/home/yu/colcon_ws/src/master_jo/src/../include/master_jo/master_jo_node.hpp:61:84:[m[K [01;36m[Knote: [m[Kprevious declaration â€˜[01m[Kint master_jo::MasterJoNode::SharedPtr[m[Kâ€™
[1.839s]    61 | ecyclePublisher<humanoid_interfaces::msg::Master2vision25>::[01;36m[KSharedPtr[m[K vision_pub;
[1.839s]       |                                                             [01;36m[K^~~~~~~~~[m[K
[1.839s] 
[1.839s] [01m[K/home/yu/colcon_ws/src/master_jo/src/../include/master_jo/master_jo_node.hpp:74:72:[m[K [01;31m[Kerror: [m[Kâ€˜[01m[Kpid_sub[m[Kâ€™ does not name a type; did you mean â€˜[01m[Kpid_t[m[Kâ€™?
[1.839s]    74 | ::Subscription<humanoid_interfaces::msg::Pidtuning>::SharedPtr [01;31m[Kpid_sub[m[K;
[1.839s]       |                                                                [01;31m[K^~~~~~~[m[K
[1.839s]       |                                                                [32m[Kpid_t[m[K
[1.849s] [01m[K/home/yu/colcon_ws/src/master_jo/src/../include/master_jo/master_jo_node.hpp:100:15:[m[K [01;31m[Kerror: [m[Kâ€˜[01m[KSTATE_PLAYING[m[Kâ€™ was not declared in this scope
[1.849s]   100 |   int state = [01;31m[KSTATE_PLAYING[m[K;
[1.849s]       |               [01;31m[K^~~~~~~~~~~~~[m[K
[1.850s] [01m[K/home/yu/colcon_ws/src/master_jo/src/master_jo_node.cpp:[m[K In member function â€˜[01m[Kvirtual rclcpp_lifecycle::node_interfaces::LifecycleNodeInterface::CallbackReturn master_jo::MasterJoNode::on_configure(const rclcpp_lifecycle::State&)[m[Kâ€™:
[1.851s] [01m[K/home/yu/colcon_ws/src/master_jo/src/master_jo_node.cpp:21:3:[m[K [01;31m[Kerror: [m[Kâ€˜[01m[Kvision_pub[m[Kâ€™ was not declared in this scope
[1.851s]    21 |   [01;31m[Kvision_pub[m[K = create_publisher<humanoid_interfaces::msg::Master2vision25>(
[1.851s]       |   [01;31m[K^~~~~~~~~~[m[K
[1.851s] [01m[K/home/yu/colcon_ws/src/master_jo/src/master_jo_node.cpp:21:59:[m[K [01;31m[Kerror: [m[Kâ€˜[01m[KMaster2vision25[m[Kâ€™ is not a member of â€˜[01m[Khumanoid_interfaces::msg[m[Kâ€™
[1.851s]    21 |   vision_pub = create_publisher<humanoid_interfaces::msg::[01;31m[KMaster2vision25[m[K>(
[1.851s]       |                                                           [01;31m[K^~~~~~~~~~~~~~~[m[K
[1.851s] [01m[K/home/yu/colcon_ws/src/master_jo/src/master_jo_node.cpp:21:75:[m[K [01;31m[Kerror: [m[Kno matching function for call to â€˜[01m[Kmaster_jo::MasterJoNode::create_publisher<<expression error> >(const char [14], int)[m[Kâ€™
[1.851s]    21 | sion_pub = [01;31m[Kcreate_publisher<humanoid_interfaces::msg::Master2vision25>([m[K
[1.851s]       |            [01;31m[K~~~~~~~~~~~~~~~~~~~~~~~~~~~~~~~~~~~~~~~~~~~~~~~~~~~~~~~~~~~^[m[K
[1.851s] 
[1.851s]    22 | [01;31m[K  "master2vision", 10)[m[K;
[1.851s]       |   [01;31m[K~~~~~~~~~~~~~~~~~~~~[m[K                                                 
[1.851s] 
[1.851s] In file included from [01m[K/opt/ros/humble/include/rclcpp_lifecycle/rclcpp_lifecycle/lifecycle_node.hpp:996[m[K,
[1.851s]                  from [01m[K/home/yu/colcon_ws/src/master_jo/src/../include/master_jo/master_jo_node.hpp:6[m[K,
[1.851s]                  from [01m[K/home/yu/colcon_ws/src/master_jo/src/master_jo_node.cpp:1[m[K:
[1.851s] [01m[K/opt/ros/humble/include/rclcpp_lifecycle/rclcpp_lifecycle/lifecycle_node_impl.hpp:46:1:[m[K [01;36m[Knote: [m[Kcandidate: â€˜[01m[Ktemplate<class MessageT, class AllocatorT> std::shared_ptr<rclcpp_lifecycle::LifecyclePublisher<MessageT, Alloc> > rclcpp_lifecycle::LifecycleNode::create_publisher(const string&, const rclcpp::QoS&, const rclcpp::PublisherOptionsWithAllocator<AllocatorT>&)[m[Kâ€™
[1.851s]    46 | [01;36m[KLifecycleNode[m[K::create_publisher(
[1.851s]       | [01;36m[K^~~~~~~~~~~~~[m[K
[1.851s] [01m[K/opt/ros/humble/include/rclcpp_lifecycle/rclcpp_lifecycle/lifecycle_node_impl.hpp:46:1:[m[K [01;36m[Knote: [m[K  template argument deduction/substitution failed:
[1.851s] [01m[K/home/yu/colcon_ws/src/master_jo/src/master_jo_node.cpp:21:75:[m[K [01;31m[Kerror: [m[Ktemplate argument 1 is invalid
[1.851s]    21 | sion_pub = [01;31m[Kcreate_publisher<humanoid_interfaces::msg::Master2vision25>([m[K
[1.851s]       |            [01;31m[K~~~~~~~~~~~~~~~~~~~~~~~~~~~~~~~~~~~~~~~~~~~~~~~~~~~~~~~~~~~^[m[K
[1.851s] 
[1.851s]    22 | [01;31m[K  "master2vision", 10)[m[K;
[1.851s]       |   [01;31m[K~~~~~~~~~~~~~~~~~~~~[m[K                                                 
[1.851s] 
[1.854s] [01m[K/home/yu/colcon_ws/src/master_jo/src/master_jo_node.cpp:23:3:[m[K [01;31m[Kerror: [m[Kâ€˜[01m[Kgamecontrol_pub[m[Kâ€™ was not declared in this scope; did you mean â€˜[01m[Kgamecontrol_sub[m[Kâ€™?
[1.854s]    23 |   [01;31m[Kgamecontrol_pub[m[K = create_publisher<humanoid_interfaces::msg::Gamecontrolreturndata>(
[1.854s]       |   [01;31m[K^~~~~~~~~~~~~~~[m[K
[1.854s]       |   [32m[Kgamecontrol_sub[m[K
[1.854s] [01m[K/home/yu/colcon_ws/src/master_jo/src/master_jo_node.cpp:23:64:[m[K [01;31m[Kerror: [m[Kâ€˜[01m[KGamecontrolreturndata[m[Kâ€™ is not a member of â€˜[01m[Khumanoid_interfaces::msg[m[Kâ€™; did you mean â€˜[01m[KGamecontroldata[m[Kâ€™?
[1.854s]    23 | amecontrol_pub = create_publisher<humanoid_interfaces::msg::[01;31m[KGamecontrolreturndata[m[K>(
[1.854s]       |                                                             [01;31m[K^~~~~~~~~~~~~~~~~~~~~[m[K
[1.854s]       |                                                             [32m[KGamecontroldata[m[K
[1.854s] [01m[K/home/yu/colcon_ws/src/master_jo/src/master_jo_node.cpp:23:86:[m[K [01;31m[Kerror: [m[Kno matching function for call to â€˜[01m[Kmaster_jo::MasterJoNode::create_publisher<<expression error> >(const char [22], int)[m[Kâ€™
[1.854s]    23 | ub = [01;31m[Kcreate_publisher<humanoid_interfaces::msg::Gamecontrolreturndata>([m[K
[1.854s]       |      [01;31m[K~~~~~~~~~~~~~~~~~~~~~~~~~~~~~~~~~~~~~~~~~~~~~~~~~~~~~~~~~~~~~~~~~^[m[K
[1.854s] 
[1.854s]    24 | [01;31m[Kcontrolreturndata", 10)[m[K;
[1.854s]       | [01;31m[K~~~~~~~~~~~~~~~~~~~~~~~[m[K                                                
[1.854s] 
[1.854s] In file included from [01m[K/opt/ros/humble/include/rclcpp_lifecycle/rclcpp_lifecycle/lifecycle_node.hpp:996[m[K,
[1.854s]                  from [01m[K/home/yu/colcon_ws/src/master_jo/src/../include/master_jo/master_jo_node.hpp:6[m[K,
[1.855s]                  from [01m[K/home/yu/colcon_ws/src/master_jo/src/master_jo_node.cpp:1[m[K:
[1.855s] [01m[K/opt/ros/humble/include/rclcpp_lifecycle/rclcpp_lifecycle/lifecycle_node_impl.hpp:46:1:[m[K [01;36m[Knote: [m[Kcandidate: â€˜[01m[Ktemplate<class MessageT, class AllocatorT> std::shared_ptr<rclcpp_lifecycle::LifecyclePublisher<MessageT, Alloc> > rclcpp_lifecycle::LifecycleNode::create_publisher(const string&, const rclcpp::QoS&, const rclcpp::PublisherOptionsWithAllocator<AllocatorT>&)[m[Kâ€™
[1.855s]    46 | [01;36m[KLifecycleNode[m[K::create_publisher(
[1.855s]       | [01;36m[K^~~~~~~~~~~~~[m[K
[1.855s] [01m[K/opt/ros/humble/include/rclcpp_lifecycle/rclcpp_lifecycle/lifecycle_node_impl.hpp:46:1:[m[K [01;36m[Knote: [m[K  template argument deduction/substitution failed:
[1.855s] [01m[K/home/yu/colcon_ws/src/master_jo/src/master_jo_node.cpp:23:86:[m[K [01;31m[Kerror: [m[Ktemplate argument 1 is invalid
[1.855s]    23 | ub = [01;31m[Kcreate_publisher<humanoid_interfaces::msg::Gamecontrolreturndata>([m[K
[1.855s]       |      [01;31m[K~~~~~~~~~~~~~~~~~~~~~~~~~~~~~~~~~~~~~~~~~~~~~~~~~~~~~~~~~~~~~~~~~^[m[K
[1.855s] 
[1.855s]    24 | [01;31m[Kcontrolreturndata", 10)[m[K;
[1.855s]       | [01;31m[K~~~~~~~~~~~~~~~~~~~~~~~[m[K                                                
[1.855s] 
[1.859s] [01m[K/home/yu/colcon_ws/src/master_jo/src/master_jo_node.cpp:25:3:[m[K [01;31m[Kerror: [m[Kâ€˜[01m[Klocal_pub[m[Kâ€™ was not declared in this scope
[1.859s]    25 |   [01;31m[Klocal_pub[m[K = create_publisher<humanoid_interfaces::msg::Master2localization25>(
[1.859s]       |   [01;31m[K^~~~~~~~~[m[K
[1.859s] [01m[K/home/yu/colcon_ws/src/master_jo/src/master_jo_node.cpp:25:58:[m[K [01;31m[Kerror: [m[Kâ€˜[01m[KMaster2localization25[m[Kâ€™ is not a member of â€˜[01m[Khumanoid_interfaces::msg[m[Kâ€™
[1.859s]    25 |   local_pub = create_publisher<humanoid_interfaces::msg::[01;31m[KMaster2localization25[m[K>(
[1.859s]       |                                                          [01;31m[K^~~~~~~~~~~~~~~~~~~~~[m[K
[1.859s] [01m[K/home/yu/colcon_ws/src/master_jo/src/master_jo_node.cpp:25:80:[m[K [01;31m[Kerror: [m[Kno matching function for call to â€˜[01m[Kmaster_jo::MasterJoNode::create_publisher<<expression error> >(const char [13], int)[m[Kâ€™
[1.859s]    25 | ub = [01;31m[Kcreate_publisher<humanoid_interfaces::msg::Master2localization25>([m[K
[1.859s]       |      [01;31m[K~~~~~~~~~~~~~~~~~~~~~~~~~~~~~~~~~~~~~~~~~~~~~~~~~~~~~~~~~~~~~~~~~^[m[K
[1.859s] 
[1.859s]    26 | [01;31m[Kster2local", 10)[m[K;
[1.859s]       | [01;31m[K~~~~~~~~~~~~~~~~[m[K                                                       
[1.859s] 
[1.859s] In file included from [01m[K/opt/ros/humble/include/rclcpp_lifecycle/rclcpp_lifecycle/lifecycle_node.hpp:996[m[K,
[1.859s]                  from [01m[K/home/yu/colcon_ws/src/master_jo/src/../include/master_jo/master_jo_node.hpp:6[m[K,
[1.859s]                  from [01m[K/home/yu/colcon_ws/src/master_jo/src/master_jo_node.cpp:1[m[K:
[1.859s] [01m[K/opt/ros/humble/include/rclcpp_lifecycle/rclcpp_lifecycle/lifecycle_node_impl.hpp:46:1:[m[K [01;36m[Knote: [m[Kcandidate: â€˜[01m[Ktemplate<class MessageT, class AllocatorT> std::shared_ptr<rclcpp_lifecycle::LifecyclePublisher<MessageT, Alloc> > rclcpp_lifecycle::LifecycleNode::create_publisher(const string&, const rclcpp::QoS&, const rclcpp::PublisherOptionsWithAllocator<AllocatorT>&)[m[Kâ€™
[1.859s]    46 | [01;36m[KLifecycleNode[m[K::create_publisher(
[1.859s]       | [01;36m[K^~~~~~~~~~~~~[m[K
[1.859s] [01m[K/opt/ros/humble/include/rclcpp_lifecycle/rclcpp_lifecycle/lifecycle_node_impl.hpp:46:1:[m[K [01;36m[Knote: [m[K  template argument deduction/substitution failed:
[1.859s] [01m[K/home/yu/colcon_ws/src/master_jo/src/master_jo_node.cpp:25:80:[m[K [01;31m[Kerror: [m[Ktemplate argument 1 is invalid
[1.859s]    25 | ub = [01;31m[Kcreate_publisher<humanoid_interfaces::msg::Master2localization25>([m[K
[1.859s]       |      [01;31m[K~~~~~~~~~~~~~~~~~~~~~~~~~~~~~~~~~~~~~~~~~~~~~~~~~~~~~~~~~~~~~~~~~^[m[K
[1.859s] 
[1.859s]    26 | [01;31m[Kster2local", 10)[m[K;
[1.859s]       | [01;31m[K~~~~~~~~~~~~~~~~[m[K                                                       
[1.860s] 
[1.862s] [01m[K/home/yu/colcon_ws/src/master_jo/src/master_jo_node.cpp:27:3:[m[K [01;31m[Kerror: [m[Kâ€˜[01m[Kudp_pub[m[Kâ€™ was not declared in this scope
[1.862s]    27 |   [01;31m[Kudp_pub[m[K = create_publisher<humanoid_interfaces::msg::Master2udp>("master2udp", 10);
[1.862s]       |   [01;31m[K^~~~~~~[m[K
[1.862s] [01m[K/home/yu/colcon_ws/src/master_jo/src/master_jo_node.cpp:27:56:[m[K [01;31m[Kerror: [m[Kâ€˜[01m[KMaster2udp[m[Kâ€™ is not a member of â€˜[01m[Khumanoid_interfaces::msg[m[Kâ€™
[1.862s]    27 |   udp_pub = create_publisher<humanoid_interfaces::msg::[01;31m[KMaster2udp[m[K>("master2udp", 10);
[1.862s]       |                                                        [01;31m[K^~~~~~~~~~[m[K
[1.862s] [01m[K/home/yu/colcon_ws/src/master_jo/src/master_jo_node.cpp:27:67:[m[K [01;31m[Kerror: [m[Kno matching function for call to â€˜[01m[Kmaster_jo::MasterJoNode::create_publisher<<expression error> >(const char [11], int)[m[Kâ€™
[1.862s]    27 | pub = [01;31m[Kcreate_publisher<humanoid_interfaces::msg::Master2udp>("master2udp", 10)[m[K;
[1.862s]       |       [01;31m[K~~~~~~~~~~~~~~~~~~~~~~~~~~~~~~~~~~~~~~~~~~~~~~~~~~~~~~^~~~~~~~~~~~~~~~~~[m[K
[1.862s] 
[1.862s] In file included from [01m[K/opt/ros/humble/include/rclcpp_lifecycle/rclcpp_lifecycle/lifecycle_node.hpp:996[m[K,
[1.862s]                  from [01m[K/home/yu/colcon_ws/src/master_jo/src/../include/master_jo/master_jo_node.hpp:6[m[K,
[1.862s]                  from [01m[K/home/yu/colcon_ws/src/master_jo/src/master_jo_node.cpp:1[m[K:
[1.862s] [01m[K/opt/ros/humble/include/rclcpp_lifecycle/rclcpp_lifecycle/lifecycle_node_impl.hpp:46:1:[m[K [01;36m[Knote: [m[Kcandidate: â€˜[01m[Ktemplate<class MessageT, class AllocatorT> std::shared_ptr<rclcpp_lifecycle::LifecyclePublisher<MessageT, Alloc> > rclcpp_lifecycle::LifecycleNode::create_publisher(const string&, const rclcpp::QoS&, const rclcpp::PublisherOptionsWithAllocator<AllocatorT>&)[m[Kâ€™
[1.862s]    46 | [01;36m[KLifecycleNode[m[K::create_publisher(
[1.863s]       | [01;36m[K^~~~~~~~~~~~~[m[K
[1.863s] [01m[K/opt/ros/humble/include/rclcpp_lifecycle/rclcpp_lifecycle/lifecycle_node_impl.hpp:46:1:[m[K [01;36m[Knote: [m[K  template argument deduction/substitution failed:
[1.863s] [01m[K/home/yu/colcon_ws/src/master_jo/src/master_jo_node.cpp:27:67:[m[K [01;31m[Kerror: [m[Ktemplate argument 1 is invalid
[1.863s]    27 | pub = [01;31m[Kcreate_publisher<humanoid_interfaces::msg::Master2udp>("master2udp", 10)[m[K;
[1.863s]       |       [01;31m[K~~~~~~~~~~~~~~~~~~~~~~~~~~~~~~~~~~~~~~~~~~~~~~~~~~~~~~^~~~~~~~~~~~~~~~~~[m[K
[1.863s] 
[1.866s] [01m[K/home/yu/colcon_ws/src/master_jo/src/master_jo_node.cpp:28:3:[m[K [01;31m[Kerror: [m[Kâ€˜[01m[KmotionPub[m[Kâ€™ was not declared in this scope
[1.866s]    28 |   [01;31m[KmotionPub[m[K = create_publisher<humanoid_interfaces::msg::MotionOperator>(
[1.866s]       |   [01;31m[K^~~~~~~~~[m[K
[1.866s] [01m[K/home/yu/colcon_ws/src/master_jo/src/master_jo_node.cpp:28:58:[m[K [01;31m[Kerror: [m[Kâ€˜[01m[KMotionOperator[m[Kâ€™ is not a member of â€˜[01m[Khumanoid_interfaces::msg[m[Kâ€™
[1.866s]    28 |   motionPub = create_publisher<humanoid_interfaces::msg::[01;31m[KMotionOperator[m[K>(
[1.866s]       |                                                          [01;31m[K^~~~~~~~~~~~~~[m[K
[1.866s] [01m[K/home/yu/colcon_ws/src/master_jo/src/master_jo_node.cpp:28:73:[m[K [01;31m[Kerror: [m[Kno matching function for call to â€˜[01m[Kmaster_jo::MasterJoNode::create_publisher<<expression error> >(const char [16], int)[m[Kâ€™
[1.866s]    28 | motionPub = [01;31m[Kcreate_publisher<humanoid_interfaces::msg::MotionOperator>([m[K
[1.866s]       |             [01;31m[K~~~~~~~~~~~~~~~~~~~~~~~~~~~~~~~~~~~~~~~~~~~~~~~~~~~~~~~~~~^[m[K
[1.866s] 
[1.866s]    29 | [01;31m[K    "motion_operator", 10)[m[K;
[1.866s]       |     [01;31m[K~~~~~~~~~~~~~~~~~~~~~~[m[K                                             
[1.866s] 
[1.866s] In file included from [01m[K/opt/ros/humble/include/rclcpp_lifecycle/rclcpp_lifecycle/lifecycle_node.hpp:996[m[K,
[1.866s]                  from [01m[K/home/yu/colcon_ws/src/master_jo/src/../include/master_jo/master_jo_node.hpp:6[m[K,
[1.866s]                  from [01m[K/home/yu/colcon_ws/src/master_jo/src/master_jo_node.cpp:1[m[K:
[1.866s] [01m[K/opt/ros/humble/include/rclcpp_lifecycle/rclcpp_lifecycle/lifecycle_node_impl.hpp:46:1:[m[K [01;36m[Knote: [m[Kcandidate: â€˜[01m[Ktemplate<class MessageT, class AllocatorT> std::shared_ptr<rclcpp_lifecycle::LifecyclePublisher<MessageT, Alloc> > rclcpp_lifecycle::LifecycleNode::create_publisher(const string&, const rclcpp::QoS&, const rclcpp::PublisherOptionsWithAllocator<AllocatorT>&)[m[Kâ€™
[1.866s]    46 | [01;36m[KLifecycleNode[m[K::create_publisher(
[1.867s]       | [01;36m[K^~~~~~~~~~~~~[m[K
[1.867s] [01m[K/opt/ros/humble/include/rclcpp_lifecycle/rclcpp_lifecycle/lifecycle_node_impl.hpp:46:1:[m[K [01;36m[Knote: [m[K  template argument deduction/substitution failed:
[1.867s] [01m[K/home/yu/colcon_ws/src/master_jo/src/master_jo_node.cpp:28:73:[m[K [01;31m[Kerror: [m[Ktemplate argument 1 is invalid
[1.867s]    28 | motionPub = [01;31m[Kcreate_publisher<humanoid_interfaces::msg::MotionOperator>([m[K
[1.867s]       |             [01;31m[K~~~~~~~~~~~~~~~~~~~~~~~~~~~~~~~~~~~~~~~~~~~~~~~~~~~~~~~~~~^[m[K
[1.867s] 
[1.867s]    29 | [01;31m[K    "motion_operator", 10)[m[K;
[1.867s]       |     [01;31m[K~~~~~~~~~~~~~~~~~~~~~~[m[K                                             
[1.867s] 
[1.869s] [01m[K/home/yu/colcon_ws/src/master_jo/src/master_jo_node.cpp:31:3:[m[K [01;31m[Kerror: [m[Kâ€˜[01m[Kimu_sub[m[Kâ€™ was not declared in this scope
[1.869s]    31 |   [01;31m[Kimu_sub[m[K = create_subscription<humanoid_interfaces::msg::ImuMsg>(
[1.870s]       |   [01;31m[K^~~~~~~[m[K
[1.870s] [01m[K/home/yu/colcon_ws/src/master_jo/src/master_jo_node.cpp:31:59:[m[K [01;31m[Kerror: [m[Kâ€˜[01m[KImuMsg[m[Kâ€™ is not a member of â€˜[01m[Khumanoid_interfaces::msg[m[Kâ€™
[1.870s]    31 |   imu_sub = create_subscription<humanoid_interfaces::msg::[01;31m[KImuMsg[m[K>(
[1.870s]       |                                                           [01;31m[K^~~~~~[m[K
[1.876s] [01m[K/home/yu/colcon_ws/src/master_jo/src/master_jo_node.cpp:31:66:[m[K [01;31m[Kerror: [m[Kno matching function for call to â€˜[01m[Kmaster_jo::MasterJoNode::create_subscription<<expression error> >(const char [4], rclcpp::QoS&, std::_Bind_helper<false, void (master_jo::MasterJoNode::*)(...), master_jo::MasterJoNode*, const std::_Placeholder<1>&>::type)[m[Kâ€™
[1.876s]    31 |   imu_sub = [01;31m[Kcreate_subscription<humanoid_interfaces::msg::ImuMsg>([m[K
[1.876s]       |             [01;31m[K~~~~~~~~~~~~~~~~~~~~~~~~~~~~~~~~~~~~~~~~~~~~~~~~~~~~~^[m[K
[1.876s]    32 | [01;31m[K      "Imu", rclcpp::QoS(rclcpp::KeepLast(10)).reliable().best_effort(),[m[K
[1.876s]       |       [01;31m[K~~~~~~~~~~~~~~~~~~~~~~~~~~~~~~~~~~~~~~~~~~~~~~~~~~~~~~~~~~~~~~~~~~[m[K
[1.876s]    33 | [01;31m[K      std::bind(&MasterJoNode::imuCallback, this,[m[K
[1.876s]       |       [01;31m[K~~~~~~~~~~~~~~~~~~~~~~~~~~~~~~~~~~~~~~~~~~~[m[K                 
[1.876s]    34 | [01;31m[K                std::placeholders::_1))[m[K;
[1.876s]       |                 [01;31m[K~~~~~~~~~~~~~~~~~~~~~~~[m[K                           
[1.877s] In file included from [01m[K/home/yu/colcon_ws/src/master_jo/src/../include/master_jo/master_jo_node.hpp:6[m[K,
[1.877s]                  from [01m[K/home/yu/colcon_ws/src/master_jo/src/master_jo_node.cpp:1[m[K:
[1.877s] [01m[K/opt/ros/humble/include/rclcpp_lifecycle/rclcpp_lifecycle/lifecycle_node.hpp:234:3:[m[K [01;36m[Knote: [m[Kcandidate: â€˜[01m[Ktemplate<class MessageT, class CallbackT, class AllocatorT, class SubscriptionT, class MessageMemoryStrategyT> std::shared_ptr<ROSMessageT> rclcpp_lifecycle::LifecycleNode::create_subscription(const string&, const rclcpp::QoS&, CallbackT&&, const rclcpp::SubscriptionOptionsWithAllocator<AllocatorT>&, typename MessageMemoryStrategyT::SharedPtr)[m[Kâ€™
[1.877s]   234 |   [01;36m[Kcreate_subscription[m[K(
[1.877s]       |   [01;36m[K^~~~~~~~~~~~~~~~~~~[m[K
[1.877s] [01m[K/opt/ros/humble/include/rclcpp_lifecycle/rclcpp_lifecycle/lifecycle_node.hpp:234:3:[m[K [01;36m[Knote: [m[K  template argument deduction/substitution failed:
[1.877s] [01m[K/home/yu/colcon_ws/src/master_jo/src/master_jo_node.cpp:31:66:[m[K [01;31m[Kerror: [m[Ktemplate argument 1 is invalid
[1.877s]    31 |   imu_sub = [01;31m[Kcreate_subscription<humanoid_interfaces::msg::ImuMsg>([m[K
[1.877s]       |             [01;31m[K~~~~~~~~~~~~~~~~~~~~~~~~~~~~~~~~~~~~~~~~~~~~~~~~~~~~~^[m[K
[1.877s]    32 | [01;31m[K      "Imu", rclcpp::QoS(rclcpp::KeepLast(10)).reliable().best_effort(),[m[K
[1.877s]       |       [01;31m[K~~~~~~~~~~~~~~~~~~~~~~~~~~~~~~~~~~~~~~~~~~~~~~~~~~~~~~~~~~~~~~~~~~[m[K
[1.877s]    33 | [01;31m[K      std::bind(&MasterJoNode::imuCallback, this,[m[K
[1.877s]       |       [01;31m[K~~~~~~~~~~~~~~~~~~~~~~~~~~~~~~~~~~~~~~~~~~~[m[K                 
[1.877s]    34 | [01;31m[K                std::placeholders::_1))[m[K;
[1.877s]       |                 [01;31m[K~~~~~~~~~~~~~~~~~~~~~~~[m[K                           
[1.881s] [01m[K/home/yu/colcon_ws/src/master_jo/src/master_jo_node.cpp:35:3:[m[K [01;31m[Kerror: [m[Kâ€˜[01m[Kvision_sub[m[Kâ€™ was not declared in this scope
[1.881s]    35 |   [01;31m[Kvision_sub[m[K = create_subscription<humanoid_interfaces::msg::Robocupvision25>(
[1.881s]       |   [01;31m[K^~~~~~~~~~[m[K
[1.881s] [01m[K/home/yu/colcon_ws/src/master_jo/src/master_jo_node.cpp:35:62:[m[K [01;31m[Kerror: [m[Kâ€˜[01m[KRobocupvision25[m[Kâ€™ is not a member of â€˜[01m[Khumanoid_interfaces::msg[m[Kâ€™
[1.881s]    35 |  vision_sub = create_subscription<humanoid_interfaces::msg::[01;31m[KRobocupvision25[m[K>(
[1.881s]       |                                                             [01;31m[K^~~~~~~~~~~~~~~[m[K
[1.881s] 
[1.881s] [01m[K/home/yu/colcon_ws/src/master_jo/src/master_jo_node.cpp:35:78:[m[K [01;31m[Kerror: [m[Kno matching function for call to â€˜[01m[Kmaster_jo::MasterJoNode::create_subscription<<expression error> >(const char [7], int, std::_Bind_helper<false, void (master_jo::MasterJoNode::*)(...), master_jo::MasterJoNode*, const std::_Placeholder<1>&>::type)[m[Kâ€™
[1.881s]    35 | n_sub = [01;31m[Kcreate_subscription<humanoid_interfaces::msg::Robocupvision25>([m[K
[1.881s]       |         [01;31m[K~~~~~~~~~~~~~~~~~~~~~~~~~~~~~~~~~~~~~~~~~~~~~~~~~~~~~~~~~~~~~~^[m[K
[1.881s] 
[1.881s]    36 | [01;31m[Kvision", 10,[m[K
[1.882s]       | [01;31m[K~~~~~~~~~~~~[m[K                                                           
[1.882s] 
[1.882s]    37 | [01;31m[Ktd::bind(&MasterJoNode::visionCallback, this,[m[K
[1.882s]       | [01;31m[K~~~~~~~~~~~~~~~~~~~~~~~~~~~~~~~~~~~~~~~~~~~~~[m[K                          
[1.882s] 
[1.882s]    38 | [01;31m[K         std::placeholders::_1))[m[K;
[1.882s]       |          [01;31m[K~~~~~~~~~~~~~~~~~~~~~~~[m[K                                       
[1.882s] 
[1.882s] In file included from [01m[K/home/yu/colcon_ws/src/master_jo/src/../include/master_jo/master_jo_node.hpp:6[m[K,
[1.882s]                  from [01m[K/home/yu/colcon_ws/src/master_jo/src/master_jo_node.cpp:1[m[K:
[1.882s] [01m[K/opt/ros/humble/include/rclcpp_lifecycle/rclcpp_lifecycle/lifecycle_node.hpp:234:3:[m[K [01;36m[Knote: [m[Kcandidate: â€˜[01m[Ktemplate<class MessageT, class CallbackT, class AllocatorT, class SubscriptionT, class MessageMemoryStrategyT> std::shared_ptr<ROSMessageT> rclcpp_lifecycle::LifecycleNode::create_subscription(const string&, const rclcpp::QoS&, CallbackT&&, const rclcpp::SubscriptionOptionsWithAllocator<AllocatorT>&, typename MessageMemoryStrategyT::SharedPtr)[m[Kâ€™
[1.882s]   234 |   [01;36m[Kcreate_subscription[m[K(
[1.882s]       |   [01;36m[K^~~~~~~~~~~~~~~~~~~[m[K
[1.882s] [01m[K/opt/ros/humble/include/rclcpp_lifecycle/rclcpp_lifecycle/lifecycle_node.hpp:234:3:[m[K [01;36m[Knote: [m[K  template argument deduction/substitution failed:
[1.882s] [01m[K/home/yu/colcon_ws/src/master_jo/src/master_jo_node.cpp:35:78:[m[K [01;31m[Kerror: [m[Ktemplate argument 1 is invalid
[1.882s]    35 | n_sub = [01;31m[Kcreate_subscription<humanoid_interfaces::msg::Robocupvision25>([m[K
[1.882s]       |         [01;31m[K~~~~~~~~~~~~~~~~~~~~~~~~~~~~~~~~~~~~~~~~~~~~~~~~~~~~~~~~~~~~~~^[m[K
[1.882s] 
[1.882s]    36 | [01;31m[Kvision", 10,[m[K
[1.882s]       | [01;31m[K~~~~~~~~~~~~[m[K                                                           
[1.882s] 
[1.882s]    37 | [01;31m[Ktd::bind(&MasterJoNode::visionCallback, this,[m[K
[1.882s]       | [01;31m[K~~~~~~~~~~~~~~~~~~~~~~~~~~~~~~~~~~~~~~~~~~~~~[m[K                          
[1.882s] 
[1.882s]    38 | [01;31m[K         std::placeholders::_1))[m[K;
[1.882s]       |          [01;31m[K~~~~~~~~~~~~~~~~~~~~~~~[m[K                                       
[1.882s] 
[1.884s] [01m[K/home/yu/colcon_ws/src/master_jo/src/master_jo_node.cpp:39:3:[m[K [01;31m[Kerror: [m[Kâ€˜[01m[Kik_sub[m[Kâ€™ was not declared in this scope; did you mean â€˜[01m[Kik_pub[m[Kâ€™?
[1.884s]    39 |   [01;31m[Kik_sub[m[K = create_subscription<humanoid_interfaces::msg::IkEndMsg>(
[1.884s]       |   [01;31m[K^~~~~~[m[K
[1.884s]       |   [32m[Kik_pub[m[K
[1.884s] [01m[K/home/yu/colcon_ws/src/master_jo/src/master_jo_node.cpp:39:58:[m[K [01;31m[Kerror: [m[Kâ€˜[01m[KIkEndMsg[m[Kâ€™ is not a member of â€˜[01m[Khumanoid_interfaces::msg[m[Kâ€™
[1.884s]    39 |   ik_sub = create_subscription<humanoid_interfaces::msg::[01;31m[KIkEndMsg[m[K>(
[1.884s]       |                                                          [01;31m[K^~~~~~~~[m[K
[1.884s] [01m[K/home/yu/colcon_ws/src/master_jo/src/master_jo_node.cpp:39:67:[m[K [01;31m[Kerror: [m[Kno matching function for call to â€˜[01m[Kmaster_jo::MasterJoNode::create_subscription<<expression error> >(const char [3], int, std::_Bind_helper<false, void (master_jo::MasterJoNode::*)(...), master_jo::MasterJoNode*, const std::_Placeholder<1>&>::type)[m[Kâ€™
[1.884s]    39 |   ik_sub = [01;31m[Kcreate_subscription<humanoid_interfaces::msg::IkEndMsg>([m[K
[1.884s]       |            [01;31m[K~~~~~~~~~~~~~~~~~~~~~~~~~~~~~~~~~~~~~~~~~~~~~~~~~~~~~~~^[m[K
[1.884s]    40 | [01;31m[K      "ik", 10,[m[K
[1.884s]       |       [01;31m[K~~~~~~~~~[m[K                                                    
[1.884s]    41 | [01;31m[K      std::bind(&MasterJoNode::ikCallback, this, std::placeholders::_1))[m[K;
[1.884s]       |       [01;31m[K~~~~~~~~~~~~~~~~~~~~~~~~~~~~~~~~~~~~~~~~~~~~~~~~~~~~~~~~~~~~~~~~~~[m[K
[1.884s] In file included from [01m[K/home/yu/colcon_ws/src/master_jo/src/../include/master_jo/master_jo_node.hpp:6[m[K,
[1.884s]                  from [01m[K/home/yu/colcon_ws/src/master_jo/src/master_jo_node.cpp:1[m[K:
[1.884s] [01m[K/opt/ros/humble/include/rclcpp_lifecycle/rclcpp_lifecycle/lifecycle_node.hpp:234:3:[m[K [01;36m[Knote: [m[Kcandidate: â€˜[01m[Ktemplate<class MessageT, class CallbackT, class AllocatorT, class SubscriptionT, class MessageMemoryStrategyT> std::shared_ptr<ROSMessageT> rclcpp_lifecycle::LifecycleNode::create_subscription(const string&, const rclcpp::QoS&, CallbackT&&, const rclcpp::SubscriptionOptionsWithAllocator<AllocatorT>&, typename MessageMemoryStrategyT::SharedPtr)[m[Kâ€™
[1.884s]   234 |   [01;36m[Kcreate_subscription[m[K(
[1.884s]       |   [01;36m[K^~~~~~~~~~~~~~~~~~~[m[K
[1.884s] [01m[K/opt/ros/humble/include/rclcpp_lifecycle/rclcpp_lifecycle/lifecycle_node.hpp:234:3:[m[K [01;36m[Knote: [m[K  template argument deduction/substitution failed:
[1.884s] [01m[K/home/yu/colcon_ws/src/master_jo/src/master_jo_node.cpp:39:67:[m[K [01;31m[Kerror: [m[Ktemplate argument 1 is invalid
[1.884s]    39 |   ik_sub = [01;31m[Kcreate_subscription<humanoid_interfaces::msg::IkEndMsg>([m[K
[1.884s]       |            [01;31m[K~~~~~~~~~~~~~~~~~~~~~~~~~~~~~~~~~~~~~~~~~~~~~~~~~~~~~~~^[m[K
[1.885s]    40 | [01;31m[K      "ik", 10,[m[K
[1.885s]       |       [01;31m[K~~~~~~~~~[m[K                                                    
[1.885s]    41 | [01;31m[K      std::bind(&MasterJoNode::ikCallback, this, std::placeholders::_1))[m[K;
[1.885s]       |       [01;31m[K~~~~~~~~~~~~~~~~~~~~~~~~~~~~~~~~~~~~~~~~~~~~~~~~~~~~~~~~~~~~~~~~~~[m[K
[1.891s] [01m[K/home/yu/colcon_ws/src/master_jo/src/master_jo_node.cpp:47:3:[m[K [01;31m[Kerror: [m[Kâ€˜[01m[Klocal_sub[m[Kâ€™ was not declared in this scope
[1.891s]    47 |   [01;31m[Klocal_sub[m[K =
[1.891s]       |   [01;31m[K^~~~~~~~~[m[K
[1.891s] [01m[K/home/yu/colcon_ws/src/master_jo/src/master_jo_node.cpp:48:53:[m[K [01;31m[Kerror: [m[Kâ€˜[01m[KRobocuplocalization25[m[Kâ€™ is not a member of â€˜[01m[Khumanoid_interfaces::msg[m[Kâ€™
[1.891s]    48 |       create_subscription<humanoid_interfaces::msg::[01;31m[KRobocuplocalization25[m[K>(
[1.891s]       |                                                     [01;31m[K^~~~~~~~~~~~~~~~~~~~~[m[K
[1.891s] [01m[K/home/yu/colcon_ws/src/master_jo/src/master_jo_node.cpp:48:75:[m[K [01;31m[Kerror: [m[Kno matching function for call to â€˜[01m[Kmaster_jo::MasterJoNode::create_subscription<<expression error> >(const char [13], int, std::_Bind_helper<false, void (master_jo::MasterJoNode::*)(...), master_jo::MasterJoNode*, const std::_Placeholder<1>&>::type)[m[Kâ€™
[1.891s]    48 |   [01;31m[Kcreate_subscription<humanoid_interfaces::msg::Robocuplocalization25>([m[K
[1.891s]       |   [01;31m[K~~~~~~~~~~~~~~~~~~~~~~~~~~~~~~~~~~~~~~~~~~~~~~~~~~~~~~~~~~~~~~~~~~~~^[m[K
[1.891s] 
[1.891s]    49 | [01;31m[K      "localization", 10,[m[K
[1.891s]       |       [01;31m[K~~~~~~~~~~~~~~~~~~~[m[K                                              
[1.891s] 
[1.891s]    50 | [01;31m[K      std::bind(&MasterJoNode::localCallback, this,[m[K
[1.891s]       |       [01;31m[K~~~~~~~~~~~~~~~~~~~~~~~~~~~~~~~~~~~~~~~~~~~~~[m[K                    
[1.891s] 
[1.891s]    51 | [01;31m[K                std::placeholders::_1))[m[K;
[1.891s]       |                 [01;31m[K~~~~~~~~~~~~~~~~~~~~~~~[m[K                                
[1.891s] 
[1.891s] In file included from [01m[K/opt/ros/humble/include/rclcpp_lifecycle/rclcpp_lifecycle/lifecycle_node.hpp:996[m[K,
[1.891s]                  from [01m[K/home/yu/colcon_ws/src/master_jo/src/../include/master_jo/master_jo_node.hpp:6[m[K,
[1.891s]                  from [01m[K/home/yu/colcon_ws/src/master_jo/src/master_jo_node.cpp:1[m[K:
[1.891s] [01m[K/opt/ros/humble/include/rclcpp_lifecycle/rclcpp_lifecycle/lifecycle_node_impl.hpp:69:1:[m[K [01;36m[Knote: [m[Kcandidate: â€˜[01m[Ktemplate<class MessageT, class CallbackT, class AllocatorT, class SubscriptionT, class MessageMemoryStrategyT> std::shared_ptr<ROSMessageT> rclcpp_lifecycle::LifecycleNode::create_subscription(const string&, const rclcpp::QoS&, CallbackT&&, const rclcpp::SubscriptionOptionsWithAllocator<AllocatorT>&, typename MessageMemoryStrategyT::SharedPtr)[m[Kâ€™
[1.891s]    69 | [01;36m[KLifecycleNode[m[K::create_subscription(
[1.891s]       | [01;36m[K^~~~~~~~~~~~~[m[K
[1.891s] [01m[K/opt/ros/humble/include/rclcpp_lifecycle/rclcpp_lifecycle/lifecycle_node_impl.hpp:69:1:[m[K [01;36m[Knote: [m[K  template argument deduction/substitution failed:
[1.891s] [01m[K/home/yu/colcon_ws/src/master_jo/src/master_jo_node.cpp:48:75:[m[K [01;31m[Kerror: [m[Ktemplate argument 1 is invalid
[1.891s]    48 |   [01;31m[Kcreate_subscription<humanoid_interfaces::msg::Robocuplocalization25>([m[K
[1.891s]       |   [01;31m[K~~~~~~~~~~~~~~~~~~~~~~~~~~~~~~~~~~~~~~~~~~~~~~~~~~~~~~~~~~~~~~~~~~~~^[m[K
[1.891s] 
[1.891s]    49 | [01;31m[K      "localization", 10,[m[K
[1.891s]       |       [01;31m[K~~~~~~~~~~~~~~~~~~~[m[K                                              
[1.891s] 
[1.891s]    50 | [01;31m[K      std::bind(&MasterJoNode::localCallback, this,[m[K
[1.891s]       |       [01;31m[K~~~~~~~~~~~~~~~~~~~~~~~~~~~~~~~~~~~~~~~~~~~~~[m[K                    
[1.891s] 
[1.891s]    51 | [01;31m[K                std::placeholders::_1))[m[K;
[1.891s]       |                 [01;31m[K~~~~~~~~~~~~~~~~~~~~~~~[m[K                                
[1.891s] 
[1.895s] [01m[K/home/yu/colcon_ws/src/master_jo/src/master_jo_node.cpp:52:3:[m[K [01;31m[Kerror: [m[Kâ€˜[01m[Kudp_sub[m[Kâ€™ was not declared in this scope
[1.895s]    52 |   [01;31m[Kudp_sub[m[K = create_subscription<humanoid_interfaces::msg::Udp2master>(
[1.895s]       |   [01;31m[K^~~~~~~[m[K
[1.895s] [01m[K/home/yu/colcon_ws/src/master_jo/src/master_jo_node.cpp:52:59:[m[K [01;31m[Kerror: [m[Kâ€˜[01m[KUdp2master[m[Kâ€™ is not a member of â€˜[01m[Khumanoid_interfaces::msg[m[Kâ€™
[1.895s]    52 |   udp_sub = create_subscription<humanoid_interfaces::msg::[01;31m[KUdp2master[m[K>(
[1.895s]       |                                                           [01;31m[K^~~~~~~~~~[m[K
[1.895s] [01m[K/home/yu/colcon_ws/src/master_jo/src/master_jo_node.cpp:52:70:[m[K [01;31m[Kerror: [m[Kno matching function for call to â€˜[01m[Kmaster_jo::MasterJoNode::create_subscription<<expression error> >(const char [4], int, std::_Bind_helper<false, void (master_jo::MasterJoNode::*)(...), master_jo::MasterJoNode*, const std::_Placeholder<1>&>::type)[m[Kâ€™
[1.895s]    52 |   udp_sub = [01;31m[Kcreate_subscription<humanoid_interfaces::msg::Udp2master>([m[K
[1.895s]       |             [01;31m[K~~~~~~~~~~~~~~~~~~~~~~~~~~~~~~~~~~~~~~~~~~~~~~~~~~~~~~~~~^[m[K
[1.895s]    53 | [01;31m[K      "udp", 10,[m[K
[1.895s]       |       [01;31m[K~~~~~~~~~~[m[K                                                      
[1.895s]    54 | [01;31m[K      std::bind(&MasterJoNode::udpCallback, this,[m[K
[1.895s]       |       [01;31m[K~~~~~~~~~~~~~~~~~~~~~~~~~~~~~~~~~~~~~~~~~~~[m[K                     
[1.895s]    55 | [01;31m[K                std::placeholders::_1))[m[K;
[1.895s]       |                 [01;31m[K~~~~~~~~~~~~~~~~~~~~~~~[m[K                               
[1.895s] In file included from [01m[K/opt/ros/humble/include/rclcpp_lifecycle/rclcpp_lifecycle/lifecycle_node.hpp:996[m[K,
[1.895s]                  from [01m[K/home/yu/colcon_ws/src/master_jo/src/../include/master_jo/master_jo_node.hpp:6[m[K,
[1.895s]                  from [01m[K/home/yu/colcon_ws/src/master_jo/src/master_jo_node.cpp:1[m[K:
[1.895s] [01m[K/opt/ros/humble/include/rclcpp_lifecycle/rclcpp_lifecycle/lifecycle_node_impl.hpp:69:1:[m[K [01;36m[Knote: [m[Kcandidate: â€˜[01m[Ktemplate<class MessageT, class CallbackT, class AllocatorT, class SubscriptionT, class MessageMemoryStrategyT> std::shared_ptr<ROSMessageT> rclcpp_lifecycle::LifecycleNode::create_subscription(const string&, const rclcpp::QoS&, CallbackT&&, const rclcpp::SubscriptionOptionsWithAllocator<AllocatorT>&, typename MessageMemoryStrategyT::SharedPtr)[m[Kâ€™
[1.895s]    69 | [01;36m[KLifecycleNode[m[K::create_subscription(
[1.895s]       | [01;36m[K^~~~~~~~~~~~~[m[K
[1.895s] [01m[K/opt/ros/humble/include/rclcpp_lifecycle/rclcpp_lifecycle/lifecycle_node_impl.hpp:69:1:[m[K [01;36m[Knote: [m[K  template argument deduction/substitution failed:
[1.895s] [01m[K/home/yu/colcon_ws/src/master_jo/src/master_jo_node.cpp:52:70:[m[K [01;31m[Kerror: [m[Ktemplate argument 1 is invalid
[1.895s]    52 |   udp_sub = [01;31m[Kcreate_subscription<humanoid_interfaces::msg::Udp2master>([m[K
[1.895s]       |             [01;31m[K~~~~~~~~~~~~~~~~~~~~~~~~~~~~~~~~~~~~~~~~~~~~~~~~~~~~~~~~~^[m[K
[1.895s]    53 | [01;31m[K      "udp", 10,[m[K
[1.895s]       |       [01;31m[K~~~~~~~~~~[m[K                                                      
[1.895s]    54 | [01;31m[K      std::bind(&MasterJoNode::udpCallback, this,[m[K
[1.895s]       |       [01;31m[K~~~~~~~~~~~~~~~~~~~~~~~~~~~~~~~~~~~~~~~~~~~[m[K                     
[1.895s]    55 | [01;31m[K                std::placeholders::_1))[m[K;
[1.895s]       |                 [01;31m[K~~~~~~~~~~~~~~~~~~~~~~~[m[K                               
[1.898s] [01m[K/home/yu/colcon_ws/src/master_jo/src/master_jo_node.cpp:56:3:[m[K [01;31m[Kerror: [m[Kâ€˜[01m[KmotionSub[m[Kâ€™ was not declared in this scope
[1.898s]    56 |   [01;31m[KmotionSub[m[K = create_subscription<humanoid_interfaces::msg::MotionOperator>(
[1.898s]       |   [01;31m[K^~~~~~~~~[m[K
[1.898s] [01m[K/home/yu/colcon_ws/src/master_jo/src/master_jo_node.cpp:56:61:[m[K [01;31m[Kerror: [m[Kâ€˜[01m[KMotionOperator[m[Kâ€™ is not a member of â€˜[01m[Khumanoid_interfaces::msg[m[Kâ€™
[1.898s]    56 |   motionSub = create_subscription<humanoid_interfaces::msg::[01;31m[KMotionOperator[m[K>(
[1.898s]       |                                                             [01;31m[K^~~~~~~~~~~~~~[m[K
[1.898s] [01m[K/home/yu/colcon_ws/src/master_jo/src/master_jo_node.cpp:56:76:[m[K [01;31m[Kerror: [m[Kno matching function for call to â€˜[01m[Kmaster_jo::MasterJoNode::create_subscription<<expression error> >(const char [11], int, std::_Bind_helper<false, void (master_jo::MasterJoNode::*)(...), master_jo::MasterJoNode*, const std::_Placeholder<1>&>::type)[m[Kâ€™
[1.898s]    56 | ionSub = [01;31m[Kcreate_subscription<humanoid_interfaces::msg::MotionOperator>([m[K
[1.898s]       |          [01;31m[K~~~~~~~~~~~~~~~~~~~~~~~~~~~~~~~~~~~~~~~~~~~~~~~~~~~~~~~~~~~~~^[m[K
[1.898s] 
[1.898s]    57 | [01;31m[K "motion_end", 10,[m[K
[1.898s]       |  [01;31m[K~~~~~~~~~~~~~~~~~[m[K                                                     
[1.898s] 
[1.898s]    58 | [01;31m[K std::bind(&MasterJoNode::motionCallback, this,[m[K
[1.898s]       |  [01;31m[K~~~~~~~~~~~~~~~~~~~~~~~~~~~~~~~~~~~~~~~~~~~~~~[m[K                        
[1.898s] 
[1.898s]    59 | [01;31m[K           std::placeholders::_1))[m[K;
[1.898s]       |            [01;31m[K~~~~~~~~~~~~~~~~~~~~~~~[m[K                                     
[1.898s] 
[1.898s] In file included from [01m[K/opt/ros/humble/include/rclcpp_lifecycle/rclcpp_lifecycle/lifecycle_node.hpp:996[m[K,
[1.898s]                  from [01m[K/home/yu/colcon_ws/src/master_jo/src/../include/master_jo/master_jo_node.hpp:6[m[K,
[1.898s]                  from [01m[K/home/yu/colcon_ws/src/master_jo/src/master_jo_node.cpp:1[m[K:
[1.898s] [01m[K/opt/ros/humble/include/rclcpp_lifecycle/rclcpp_lifecycle/lifecycle_node_impl.hpp:69:1:[m[K [01;36m[Knote: [m[Kcandidate: â€˜[01m[Ktemplate<class MessageT, class CallbackT, class AllocatorT, class SubscriptionT, class MessageMemoryStrategyT> std::shared_ptr<ROSMessageT> rclcpp_lifecycle::LifecycleNode::create_subscription(const string&, const rclcpp::QoS&, CallbackT&&, const rclcpp::SubscriptionOptionsWithAllocator<AllocatorT>&, typename MessageMemoryStrategyT::SharedPtr)[m[Kâ€™
[1.900s]    69 | [01;36m[KLifecycleNode[m[K::create_subscription(
[1.900s]       | [01;36m[K^~~~~~~~~~~~~[m[K
[1.900s] [01m[K/opt/ros/humble/include/rclcpp_lifecycle/rclcpp_lifecycle/lifecycle_node_impl.hpp:69:1:[m[K [01;36m[Knote: [m[K  template argument deduction/substitution failed:
[1.900s] [01m[K/home/yu/colcon_ws/src/master_jo/src/master_jo_node.cpp:56:76:[m[K [01;31m[Kerror: [m[Ktemplate argument 1 is invalid
[1.900s]    56 | ionSub = [01;31m[Kcreate_subscription<humanoid_interfaces::msg::MotionOperator>([m[K
[1.900s]       |          [01;31m[K~~~~~~~~~~~~~~~~~~~~~~~~~~~~~~~~~~~~~~~~~~~~~~~~~~~~~~~~~~~~~^[m[K
[1.900s] 
[1.901s]    57 | [01;31m[K "motion_end", 10,[m[K
[1.901s]       |  [01;31m[K~~~~~~~~~~~~~~~~~[m[K                                                     
[1.901s] 
[1.901s]    58 | [01;31m[K std::bind(&MasterJoNode::motionCallback, this,[m[K
[1.901s]       |  [01;31m[K~~~~~~~~~~~~~~~~~~~~~~~~~~~~~~~~~~~~~~~~~~~~~~[m[K                        
[1.901s] 
[1.901s]    59 | [01;31m[K           std::placeholders::_1))[m[K;
[1.901s]       |            [01;31m[K~~~~~~~~~~~~~~~~~~~~~~~[m[K                                     
[1.901s] 
[1.901s] [01m[K/home/yu/colcon_ws/src/master_jo/src/master_jo_node.cpp:60:3:[m[K [01;31m[Kerror: [m[Kâ€˜[01m[Kpid_sub[m[Kâ€™ was not declared in this scope; did you mean â€˜[01m[Kpid_t[m[Kâ€™?
[1.901s]    60 |   [01;31m[Kpid_sub[m[K = create_subscription<humanoid_interfaces::msg::Pidtuning>(
[1.901s]       |   [01;31m[K^~~~~~~[m[K
[1.901s]       |   [32m[Kpid_t[m[K
[1.901s] [01m[K/home/yu/colcon_ws/src/master_jo/src/master_jo_node.cpp:60:59:[m[K [01;31m[Kerror: [m[Kâ€˜[01m[KPidtuning[m[Kâ€™ is not a member of â€˜[01m[Khumanoid_interfaces::msg[m[Kâ€™
[1.901s]    60 |   pid_sub = create_subscription<humanoid_interfaces::msg::[01;31m[KPidtuning[m[K>(
[1.901s]       |                                                           [01;31m[K^~~~~~~~~[m[K
[1.901s] [01m[K/home/yu/colcon_ws/src/master_jo/src/master_jo_node.cpp:60:69:[m[K [01;31m[Kerror: [m[Kno matching function for call to â€˜[01m[Kmaster_jo::MasterJoNode::create_subscription<<expression error> >(const char [4], int, std::_Bind_helper<false, void (master_jo::MasterJoNode::*)(...), master_jo::MasterJoNode*, const std::_Placeholder<1>&>::type)[m[Kâ€™
[1.901s]    60 |   pid_sub = [01;31m[Kcreate_subscription<humanoid_interfaces::msg::Pidtuning>([m[K
[1.901s]       |             [01;31m[K~~~~~~~~~~~~~~~~~~~~~~~~~~~~~~~~~~~~~~~~~~~~~~~~~~~~~~~~^[m[K
[1.901s]    61 | [01;31m[K      "pid", 10,[m[K
[1.901s]       |       [01;31m[K~~~~~~~~~~[m[K                                                     
[1.901s]    62 | [01;31m[K      std::bind(&MasterJoNode::pidCallback, this,[m[K
[1.901s]       |       [01;31m[K~~~~~~~~~~~~~~~~~~~~~~~~~~~~~~~~~~~~~~~~~~~[m[K                    
[1.901s]    63 | [01;31m[K                std::placeholders::_1))[m[K;
[1.901s]       |                 [01;31m[K~~~~~~~~~~~~~~~~~~~~~~~[m[K                              
[1.901s] In file included from [01m[K/opt/ros/humble/include/rclcpp_lifecycle/rclcpp_lifecycle/lifecycle_node.hpp:996[m[K,
[1.901s]                  from [01m[K/home/yu/colcon_ws/src/master_jo/src/../include/master_jo/master_jo_node.hpp:6[m[K,
[1.902s]                  from [01m[K/home/yu/colcon_ws/src/master_jo/src/master_jo_node.cpp:1[m[K:
[1.902s] [01m[K/opt/ros/humble/include/rclcpp_lifecycle/rclcpp_lifecycle/lifecycle_node_impl.hpp:69:1:[m[K [01;36m[Knote: [m[Kcandidate: â€˜[01m[Ktemplate<class MessageT, class CallbackT, class AllocatorT, class SubscriptionT, class MessageMemoryStrategyT> std::shared_ptr<ROSMessageT> rclcpp_lifecycle::LifecycleNode::create_subscription(const string&, const rclcpp::QoS&, CallbackT&&, const rclcpp::SubscriptionOptionsWithAllocator<AllocatorT>&, typename MessageMemoryStrategyT::SharedPtr)[m[Kâ€™
[1.902s]    69 | [01;36m[KLifecycleNode[m[K::create_subscription(
[1.902s]       | [01;36m[K^~~~~~~~~~~~~[m[K
[1.902s] [01m[K/opt/ros/humble/include/rclcpp_lifecycle/rclcpp_lifecycle/lifecycle_node_impl.hpp:69:1:[m[K [01;36m[Knote: [m[K  template argument deduction/substitution failed:
[1.902s] [01m[K/home/yu/colcon_ws/src/master_jo/src/master_jo_node.cpp:60:69:[m[K [01;31m[Kerror: [m[Ktemplate argument 1 is invalid
[1.902s]    60 |   pid_sub = [01;31m[Kcreate_subscription<humanoid_interfaces::msg::Pidtuning>([m[K
[1.902s]       |             [01;31m[K~~~~~~~~~~~~~~~~~~~~~~~~~~~~~~~~~~~~~~~~~~~~~~~~~~~~~~~~^[m[K
[1.902s]    61 | [01;31m[K      "pid", 10,[m[K
[1.902s]       |       [01;31m[K~~~~~~~~~~[m[K                                                     
[1.902s]    62 | [01;31m[K      std::bind(&MasterJoNode::pidCallback, this,[m[K
[1.902s]       |       [01;31m[K~~~~~~~~~~~~~~~~~~~~~~~~~~~~~~~~~~~~~~~~~~~[m[K                    
[1.902s]    63 | [01;31m[K                std::placeholders::_1))[m[K;
[1.902s]       |                 [01;31m[K~~~~~~~~~~~~~~~~~~~~~~~[m[K                              
[1.902s] [01m[K/home/yu/colcon_ws/src/master_jo/src/master_jo_node.cpp:67:13:[m[K [01;31m[Kerror: [m[Kâ€˜[01m[Kusing element_type = class master_jo::MasterRcko[m[Kâ€™ {aka â€˜[01m[Kclass master_jo::MasterRcko[m[Kâ€™} has no member named â€˜[01m[Kkp[m[Kâ€™
[1.902s]    67 |     master->[01;31m[Kkp[m[K = kp_;
[1.902s]       |             [01;31m[K^~[m[K
[1.902s] [01m[K/home/yu/colcon_ws/src/master_jo/src/master_jo_node.cpp:68:13:[m[K [01;31m[Kerror: [m[Kâ€˜[01m[Kusing element_type = class master_jo::MasterRcko[m[Kâ€™ {aka â€˜[01m[Kclass master_jo::MasterRcko[m[Kâ€™} has no member named â€˜[01m[Kkd[m[Kâ€™
[1.902s]    68 |     master->[01;31m[Kkd[m[K = kd_;
[1.902s]       |             [01;31m[K^~[m[K
[1.902s] [01m[K/home/yu/colcon_ws/src/master_jo/src/master_jo_node.cpp:69:13:[m[K [01;31m[Kerror: [m[Kâ€˜[01m[Kusing element_type = class master_jo::MasterRcko[m[Kâ€™ {aka â€˜[01m[Kclass master_jo::MasterRcko[m[Kâ€™} has no member named â€˜[01m[Kki[m[Kâ€™; did you mean â€˜[01m[Kik[m[Kâ€™?
[1.902s]    69 |     master->[01;31m[Kki[m[K = ki_;
[1.902s]       |             [01;31m[K^~[m[K
[1.902s]       |             [32m[Kik[m[K
[1.902s] [01m[K/home/yu/colcon_ws/src/master_jo/src/master_jo_node.cpp:70:13:[m[K [01;31m[Kerror: [m[Kâ€˜[01m[Kusing element_type = class master_jo::MasterRcko[m[Kâ€™ {aka â€˜[01m[Kclass master_jo::MasterRcko[m[Kâ€™} has no member named â€˜[01m[KFRONT_MAX[m[Kâ€™
[1.902s]    70 |     master->[01;31m[KFRONT_MAX[m[K = FRONT_MAX_;
[1.902s]       |             [01;31m[K^~~~~~~~~[m[K
[1.902s] [01m[K/home/yu/colcon_ws/src/master_jo/src/master_jo_node.cpp:71:13:[m[K [01;31m[Kerror: [m[Kâ€˜[01m[Kusing element_type = class master_jo::MasterRcko[m[Kâ€™ {aka â€˜[01m[Kclass master_jo::MasterRcko[m[Kâ€™} has no member named â€˜[01m[KX_MIN[m[Kâ€™
[1.902s]    71 |     master->[01;31m[KX_MIN[m[K = X_MIN_;
[1.902s]       |             [01;31m[K^~~~~[m[K
[1.902s] [01m[K/home/yu/colcon_ws/src/master_jo/src/master_jo_node.cpp:72:13:[m[K [01;31m[Kerror: [m[Kâ€˜[01m[Kusing element_type = class master_jo::MasterRcko[m[Kâ€™ {aka â€˜[01m[Kclass master_jo::MasterRcko[m[Kâ€™} has no member named â€˜[01m[KREAR_MAX[m[Kâ€™
[1.902s]    72 |     master->[01;31m[KREAR_MAX[m[K = REAR_MAX_;
[1.902s]       |             [01;31m[K^~~~~~~~[m[K
[1.902s] [01m[K/home/yu/colcon_ws/src/master_jo/src/master_jo_node.cpp:73:13:[m[K [01;31m[Kerror: [m[Kâ€˜[01m[Kusing element_type = class master_jo::MasterRcko[m[Kâ€™ {aka â€˜[01m[Kclass master_jo::MasterRcko[m[Kâ€™} has no member named â€˜[01m[KRIGHT_MAX[m[Kâ€™
[1.902s]    73 |     master->[01;31m[KRIGHT_MAX[m[K = RIGHT_MAX_;
[1.902s]       |             [01;31m[K^~~~~~~~~[m[K
[1.902s] [01m[K/home/yu/colcon_ws/src/master_jo/src/master_jo_node.cpp:74:13:[m[K [01;31m[Kerror: [m[Kâ€˜[01m[Kusing element_type = class master_jo::MasterRcko[m[Kâ€™ {aka â€˜[01m[Kclass master_jo::MasterRcko[m[Kâ€™} has no member named â€˜[01m[KY_MIN[m[Kâ€™
[1.902s]    74 |     master->[01;31m[KY_MIN[m[K = Y_MIN_;
[1.902s]       |             [01;31m[K^~~~~[m[K
[1.902s] [01m[K/home/yu/colcon_ws/src/master_jo/src/master_jo_node.cpp:75:13:[m[K [01;31m[Kerror: [m[Kâ€˜[01m[Kusing element_type = class master_jo::MasterRcko[m[Kâ€™ {aka â€˜[01m[Kclass master_jo::MasterRcko[m[Kâ€™} has no member named â€˜[01m[KROUND_Y[m[Kâ€™
[1.902s]    75 |     master->[01;31m[KROUND_Y[m[K = ROUND_Y_;
[1.902s]       |             [01;31m[K^~~~~~~[m[K
[1.902s] [01m[K/home/yu/colcon_ws/src/master_jo/src/master_jo_node.cpp:76:13:[m[K [01;31m[Kerror: [m[Kâ€˜[01m[Kusing element_type = class master_jo::MasterRcko[m[Kâ€™ {aka â€˜[01m[Kclass master_jo::MasterRcko[m[Kâ€™} has no member named â€˜[01m[KROUND_YAW_MIN[m[Kâ€™
[1.902s]    76 |     master->[01;31m[KROUND_YAW_MIN[m[K = ROUND_YAW_MIN_;
[1.902s]       |             [01;31m[K^~~~~~~~~~~~~[m[K
[1.902s] [01m[K/home/yu/colcon_ws/src/master_jo/src/master_jo_node.cpp:77:13:[m[K [01;31m[Kerror: [m[Kâ€˜[01m[Kusing element_type = class master_jo::MasterRcko[m[Kâ€™ {aka â€˜[01m[Kclass master_jo::MasterRcko[m[Kâ€™} has no member named â€˜[01m[KLEFT_MAX[m[Kâ€™
[1.903s]    77 |     master->[01;31m[KLEFT_MAX[m[K = LEFT_MAX_;
[1.903s]       |             [01;31m[K^~~~~~~~[m[K
[1.903s] [01m[K/home/yu/colcon_ws/src/master_jo/src/master_jo_node.cpp:78:13:[m[K [01;31m[Kerror: [m[Kâ€˜[01m[Kusing element_type = class master_jo::MasterRcko[m[Kâ€™ {aka â€˜[01m[Kclass master_jo::MasterRcko[m[Kâ€™} has no member named â€˜[01m[KR_YAW_MAX[m[Kâ€™
[1.903s]    78 |     master->[01;31m[KR_YAW_MAX[m[K = R_YAW_MAX_;
[1.903s]       |             [01;31m[K^~~~~~~~~[m[K
[1.903s] [01m[K/home/yu/colcon_ws/src/master_jo/src/master_jo_node.cpp:79:13:[m[K [01;31m[Kerror: [m[Kâ€˜[01m[Kusing element_type = class master_jo::MasterRcko[m[Kâ€™ {aka â€˜[01m[Kclass master_jo::MasterRcko[m[Kâ€™} has no member named â€˜[01m[KL_YAW_MAX[m[Kâ€™
[1.903s]    79 |     master->[01;31m[KL_YAW_MAX[m[K = L_YAW_MAX_;
[1.903s]       |             [01;31m[K^~~~~~~~~[m[K
[1.903s] [01m[K/home/yu/colcon_ws/src/master_jo/src/master_jo_node.cpp:80:13:[m[K [01;31m[Kerror: [m[Kâ€˜[01m[Kusing element_type = class master_jo::MasterRcko[m[Kâ€™ {aka â€˜[01m[Kclass master_jo::MasterRcko[m[Kâ€™} has no member named â€˜[01m[KIn[m[Kâ€™
[1.903s]    80 |     master->[01;31m[KIn[m[K = In_;
[1.903s]       |             [01;31m[K^~[m[K
[1.903s] [01m[K/home/yu/colcon_ws/src/master_jo/src/master_jo_node.cpp:81:13:[m[K [01;31m[Kerror: [m[Kâ€˜[01m[Kusing element_type = class master_jo::MasterRcko[m[Kâ€™ {aka â€˜[01m[Kclass master_jo::MasterRcko[m[Kâ€™} has no member named â€˜[01m[KOut[m[Kâ€™
[1.903s]    81 |     master->[01;31m[KOut[m[K = Out_;
[1.903s]       |             [01;31m[K^~~[m[K
[1.903s] [01m[K/home/yu/colcon_ws/src/master_jo/src/master_jo_node.cpp:82:13:[m[K [01;31m[Kerror: [m[Kâ€˜[01m[Kusing element_type = class master_jo::MasterRcko[m[Kâ€™ {aka â€˜[01m[Kclass master_jo::MasterRcko[m[Kâ€™} has no member named â€˜[01m[KBack[m[Kâ€™
[1.903s]    82 |     master->[01;31m[KBack[m[K = Back_;
[1.903s]       |             [01;31m[K^~~~[m[K
[1.903s] [01m[K/home/yu/colcon_ws/src/master_jo/src/master_jo_node.cpp:83:13:[m[K [01;31m[Kerror: [m[Kâ€˜[01m[Kusing element_type = class master_jo::MasterRcko[m[Kâ€™ {aka â€˜[01m[Kclass master_jo::MasterRcko[m[Kâ€™} has no member named â€˜[01m[KFront[m[Kâ€™
[1.903s]    83 |     master->[01;31m[KFront[m[K = Front_;
[1.903s]       |             [01;31m[K^~~~~[m[K
[1.903s] [01m[K/home/yu/colcon_ws/src/master_jo/src/master_jo_node.cpp:16:36:[m[K [01;35m[Kwarning: [m[Kunused parameter â€˜[01m[Kprevious_state[m[Kâ€™ [[01;35m[K]8;;https://gcc.gnu.org/onlinedocs/gcc/Warning-Options.html#index-Wunused-parameter-Wunused-parameter]8;;[m[K]
[1.903s]    16 |     [01;35m[Kconst rclcpp_lifecycle::State &previous_state[m[K) {
[1.903s]       |     [01;35m[K~~~~~~~~~~~~~~~~~~~~~~~~~~~~~~~^~~~~~~~~~~~~~[m[K
[1.907s] [01m[K/home/yu/colcon_ws/src/master_jo/src/master_jo_node.cpp:[m[K In member function â€˜[01m[Kvirtual rclcpp_lifecycle::node_interfaces::LifecycleNodeInterface::CallbackReturn master_jo::MasterJoNode::on_activate(const rclcpp_lifecycle::State&)[m[Kâ€™:
[1.908s] [01m[K/home/yu/colcon_ws/src/master_jo/src/master_jo_node.cpp:100:3:[m[K [01;31m[Kerror: [m[Kâ€˜[01m[Kvision_pub[m[Kâ€™ was not declared in this scope
[1.908s]   100 |   [01;31m[Kvision_pub[m[K->on_activate();
[1.908s]       |   [01;31m[K^~~~~~~~~~[m[K
[1.910s] [01m[K/home/yu/colcon_ws/src/master_jo/src/master_jo_node.cpp:101:3:[m[K [01;31m[Kerror: [m[Kâ€˜[01m[Kgamecontrol_pub[m[Kâ€™ was not declared in this scope; did you mean â€˜[01m[Kgamecontrol_sub[m[Kâ€™?
[1.910s]   101 |   [01;31m[Kgamecontrol_pub[m[K->on_activate();
[1.910s]       |   [01;31m[K^~~~~~~~~~~~~~~[m[K
[1.910s]       |   [32m[Kgamecontrol_sub[m[K
[1.913s] [01m[K/home/yu/colcon_ws/src/master_jo/src/master_jo_node.cpp:102:3:[m[K [01;31m[Kerror: [m[Kâ€˜[01m[Klocal_pub[m[Kâ€™ was not declared in this scope
[1.913s]   102 |   [01;31m[Klocal_pub[m[K->on_activate();
[1.913s]       |   [01;31m[K^~~~~~~~~[m[K
[1.916s] [01m[K/home/yu/colcon_ws/src/master_jo/src/master_jo_node.cpp:103:3:[m[K [01;31m[Kerror: [m[Kâ€˜[01m[Kudp_pub[m[Kâ€™ was not declared in this scope
[1.916s]   103 |   [01;31m[Kudp_pub[m[K->on_activate();
[1.916s]       |   [01;31m[K^~~~~~~[m[K
[1.921s] [01m[K/home/yu/colcon_ws/src/master_jo/src/master_jo_node.cpp:104:3:[m[K [01;31m[Kerror: [m[Kâ€˜[01m[KmotionPub[m[Kâ€™ was not declared in this scope
[1.921s]   104 |   [01;31m[KmotionPub[m[K->on_activate();
[1.921s]       |   [01;31m[K^~~~~~~~~[m[K
[1.927s] [01m[K/home/yu/colcon_ws/src/master_jo/src/master_jo_node.cpp:97:36:[m[K [01;35m[Kwarning: [m[Kunused parameter â€˜[01m[Kprevious_state[m[Kâ€™ [[01;35m[K]8;;https://gcc.gnu.org/onlinedocs/gcc/Warning-Options.html#index-Wunused-parameter-Wunused-parameter]8;;[m[K]
[1.927s]    97 |     [01;35m[Kconst rclcpp_lifecycle::State &previous_state[m[K) {
[1.927s]       |     [01;35m[K~~~~~~~~~~~~~~~~~~~~~~~~~~~~~~~^~~~~~~~~~~~~~[m[K
[1.932s] [01m[K/home/yu/colcon_ws/src/master_jo/src/master_jo_node.cpp:[m[K In member function â€˜[01m[Kvirtual rclcpp_lifecycle::node_interfaces::LifecycleNodeInterface::CallbackReturn master_jo::MasterJoNode::on_deactivate(const rclcpp_lifecycle::State&)[m[Kâ€™:
[1.932s] [01m[K/home/yu/colcon_ws/src/master_jo/src/master_jo_node.cpp:126:3:[m[K [01;31m[Kerror: [m[Kâ€˜[01m[Kvision_pub[m[Kâ€™ was not declared in this scope
[1.932s]   126 |   [01;31m[Kvision_pub[m[K->on_deactivate();
[1.932s]       |   [01;31m[K^~~~~~~~~~[m[K
[1.935s] [01m[K/home/yu/colcon_ws/src/master_jo/src/master_jo_node.cpp:127:3:[m[K [01;31m[Kerror: [m[Kâ€˜[01m[Kgamecontrol_pub[m[Kâ€™ was not declared in this scope; did you mean â€˜[01m[Kgamecontrol_sub[m[Kâ€™?
[1.935s]   127 |   [01;31m[Kgamecontrol_pub[m[K->on_deactivate();
[1.935s]       |   [01;31m[K^~~~~~~~~~~~~~~[m[K
[1.935s]       |   [32m[Kgamecontrol_sub[m[K
[1.939s] [01m[K/home/yu/colcon_ws/src/master_jo/src/master_jo_node.cpp:128:3:[m[K [01;31m[Kerror: [m[Kâ€˜[01m[Klocal_pub[m[Kâ€™ was not declared in this scope
[1.939s]   128 |   [01;31m[Klocal_pub[m[K->on_deactivate();
[1.939s]       |   [01;31m[K^~~~~~~~~[m[K
[1.943s] [01m[K/home/yu/colcon_ws/src/master_jo/src/master_jo_node.cpp:129:3:[m[K [01;31m[Kerror: [m[Kâ€˜[01m[Kudp_pub[m[Kâ€™ was not declared in this scope
[1.943s]   129 |   [01;31m[Kudp_pub[m[K->on_deactivate();
[1.943s]       |   [01;31m[K^~~~~~~[m[K
[1.947s] [01m[K/home/yu/colcon_ws/src/master_jo/src/master_jo_node.cpp:130:3:[m[K [01;31m[Kerror: [m[Kâ€˜[01m[KmotionPub[m[Kâ€™ was not declared in this scope
[1.947s]   130 |   [01;31m[KmotionPub[m[K->on_deactivate();
[1.947s]       |   [01;31m[K^~~~~~~~~[m[K
[1.948s] [01m[K/home/yu/colcon_ws/src/master_jo/src/master_jo_node.cpp:123:36:[m[K [01;35m[Kwarning: [m[Kunused parameter â€˜[01m[Kprevious_state[m[Kâ€™ [[01;35m[K]8;;https://gcc.gnu.org/onlinedocs/gcc/Warning-Options.html#index-Wunused-parameter-Wunused-parameter]8;;[m[K]
[1.948s]   123 |     [01;35m[Kconst rclcpp_lifecycle::State &previous_state[m[K) {
[1.949s]       |     [01;35m[K~~~~~~~~~~~~~~~~~~~~~~~~~~~~~~~^~~~~~~~~~~~~~[m[K
[1.949s] [01m[K/home/yu/colcon_ws/src/master_jo/src/master_jo_node.cpp:[m[K In member function â€˜[01m[Kvirtual rclcpp_lifecycle::node_interfaces::LifecycleNodeInterface::CallbackReturn master_jo::MasterJoNode::on_cleanup(const rclcpp_lifecycle::State&)[m[Kâ€™:
[1.949s] [01m[K/home/yu/colcon_ws/src/master_jo/src/master_jo_node.cpp:142:57:[m[K [01;35m[Kwarning: [m[Kunused parameter â€˜[01m[Kprevious_state[m[Kâ€™ [[01;35m[K]8;;https://gcc.gnu.org/onlinedocs/gcc/Warning-Options.html#index-Wunused-parameter-Wunused-parameter]8;;[m[K]
[1.949s]   142 | MasterJoNode::on_cleanup([01;35m[Kconst rclcpp_lifecycle::State &previous_state[m[K) {
[1.949s]       |                          [01;35m[K~~~~~~~~~~~~~~~~~~~~~~~~~~~~~~~^~~~~~~~~~~~~~[m[K
[1.949s] [01m[K/home/yu/colcon_ws/src/master_jo/src/master_jo_node.cpp:[m[K In member function â€˜[01m[Kvirtual rclcpp_lifecycle::node_interfaces::LifecycleNodeInterface::CallbackReturn master_jo::MasterJoNode::on_shutdown(const rclcpp_lifecycle::State&)[m[Kâ€™:
[1.949s] [01m[K/home/yu/colcon_ws/src/master_jo/src/master_jo_node.cpp:150:36:[m[K [01;35m[Kwarning: [m[Kunused parameter â€˜[01m[Kprevious_state[m[Kâ€™ [[01;35m[K]8;;https://gcc.gnu.org/onlinedocs/gcc/Warning-Options.html#index-Wunused-parameter-Wunused-parameter]8;;[m[K]
[1.949s]   150 |     [01;35m[Kconst rclcpp_lifecycle::State &previous_state[m[K) {
[1.949s]       |     [01;35m[K~~~~~~~~~~~~~~~~~~~~~~~~~~~~~~~^~~~~~~~~~~~~~[m[K
[1.953s] [01m[K/home/yu/colcon_ws/src/master_jo/src/master_jo_node.cpp:[m[K At global scope:
[1.953s] [01m[K/home/yu/colcon_ws/src/master_jo/src/master_jo_node.cpp:230:37:[m[K [01;31m[Kerror: [m[Kâ€˜[01m[KImuMsg[m[Kâ€™ in namespace â€˜[01m[Khumanoid_interfaces::msg[m[Kâ€™ does not name a type
[1.953s]   230 |     const humanoid_interfaces::msg::[01;31m[KImuMsg[m[K::SharedPtr msg) {
[1.953s]       |                                     [01;31m[K^~~~~~[m[K
[1.953s] [01m[K/home/yu/colcon_ws/src/master_jo/src/master_jo_node.cpp:230:55:[m[K [01;31m[Kerror: [m[Kexpected unqualified-id before â€˜[01m[Kmsg[m[Kâ€™
[1.953s]   230 |     const humanoid_interfaces::msg::ImuMsg::SharedPtr [01;31m[Kmsg[m[K) {
[1.953s]       |                                                       [01;31m[K^~~[m[K
[1.953s] [01m[K/home/yu/colcon_ws/src/master_jo/src/master_jo_node.cpp:230:54:[m[K [01;31m[Kerror: [m[Kexpected â€˜[01m[K)[m[Kâ€™ before â€˜[01m[Kmsg[m[Kâ€™
[1.953s]   230 |     const humanoid_interfaces::msg::ImuMsg::SharedPtr[01;31m[K [m[K[32m[Kmsg[m[K) {
[1.953s]       |                                                      [01;31m[K^[m[K[32m[K~~~[m[K
[1.953s]       |                                                      [32m[K)[m[K
[1.953s] [01m[K/home/yu/colcon_ws/src/master_jo/src/master_jo_node.cpp:229:31:[m[K [01;36m[Knote: [m[Kto match this â€˜[01m[K([m[Kâ€™
[1.953s]   229 | void MasterJoNode::imuCallback[01;36m[K([m[K
[1.953s]       |                               [01;36m[K^[m[K
[1.953s] [01m[K/home/yu/colcon_ws/src/master_jo/src/master_jo_node.cpp:230:55:[m[K [01;31m[Kerror: [m[Kexpected initializer before â€˜[01m[Kmsg[m[Kâ€™
[1.953s]   230 |     const humanoid_interfaces::msg::ImuMsg::SharedPtr [01;31m[Kmsg[m[K) {
[1.953s]       |                                                       [01;31m[K^~~[m[K
[1.953s] [01m[K/home/yu/colcon_ws/src/master_jo/src/master_jo_node.cpp:237:37:[m[K [01;31m[Kerror: [m[Kâ€˜[01m[KRobocupvision25[m[Kâ€™ in namespace â€˜[01m[Khumanoid_interfaces::msg[m[Kâ€™ does not name a type
[1.953s]   237 |     const humanoid_interfaces::msg::[01;31m[KRobocupvision25[m[K::SharedPtr msg) {
[1.953s]       |                                     [01;31m[K^~~~~~~~~~~~~~~[m[K
[1.953s] [01m[K/home/yu/colcon_ws/src/master_jo/src/master_jo_node.cpp:237:64:[m[K [01;31m[Kerror: [m[Kexpected unqualified-id before â€˜[01m[Kmsg[m[Kâ€™
[1.953s]   237 |     const humanoid_interfaces::msg::Robocupvision25::SharedPtr [01;31m[Kmsg[m[K) {
[1.953s]       |                                                                [01;31m[K^~~[m[K
[1.953s] [01m[K/home/yu/colcon_ws/src/master_jo/src/master_jo_node.cpp:237:63:[m[K [01;31m[Kerror: [m[Kexpected â€˜[01m[K)[m[Kâ€™ before â€˜[01m[Kmsg[m[Kâ€™
[1.953s]   237 |     const humanoid_interfaces::msg::Robocupvision25::SharedPtr[01;31m[K [m[K[32m[Kmsg[m[K) {
[1.953s]       |                                                               [01;31m[K^[m[K[32m[K~~~[m[K
[1.953s]       |                                                               [32m[K)[m[K
[1.953s] [01m[K/home/yu/colcon_ws/src/master_jo/src/master_jo_node.cpp:236:34:[m[K [01;36m[Knote: [m[Kto match this â€˜[01m[K([m[Kâ€™
[1.953s]   236 | void MasterJoNode::visionCallback[01;36m[K([m[K
[1.953s]       |                                  [01;36m[K^[m[K
[1.953s] [01m[K/home/yu/colcon_ws/src/master_jo/src/master_jo_node.cpp:237:64:[m[K [01;31m[Kerror: [m[Kexpected initializer before â€˜[01m[Kmsg[m[Kâ€™
[1.953s]   237 |     const humanoid_interfaces::msg::Robocupvision25::SharedPtr [01;31m[Kmsg[m[K) {
[1.953s]       |                                                                [01;31m[K^~~[m[K
[1.953s] [01m[K/home/yu/colcon_ws/src/master_jo/src/master_jo_node.cpp:247:37:[m[K [01;31m[Kerror: [m[Kâ€˜[01m[KIkEndMsg[m[Kâ€™ in namespace â€˜[01m[Khumanoid_interfaces::msg[m[Kâ€™ does not name a type
[1.953s]   247 |     const humanoid_interfaces::msg::[01;31m[KIkEndMsg[m[K::SharedPtr msg) {
[1.953s]       |                                     [01;31m[K^~~~~~~~[m[K
[1.953s] [01m[K/home/yu/colcon_ws/src/master_jo/src/master_jo_node.cpp:247:57:[m[K [01;31m[Kerror: [m[Kexpected unqualified-id before â€˜[01m[Kmsg[m[Kâ€™
[1.953s]   247 |     const humanoid_interfaces::msg::IkEndMsg::SharedPtr [01;31m[Kmsg[m[K) {
[1.953s]       |                                                         [01;31m[K^~~[m[K
[1.953s] [01m[K/home/yu/colcon_ws/src/master_jo/src/master_jo_node.cpp:247:56:[m[K [01;31m[Kerror: [m[Kexpected â€˜[01m[K)[m[Kâ€™ before â€˜[01m[Kmsg[m[Kâ€™
[1.953s]   247 |     const humanoid_interfaces::msg::IkEndMsg::SharedPtr[01;31m[K [m[K[32m[Kmsg[m[K) {
[1.953s]       |                                                        [01;31m[K^[m[K[32m[K~~~[m[K
[1.954s]       |                                                        [32m[K)[m[K
[1.954s] [01m[K/home/yu/colcon_ws/src/master_jo/src/master_jo_node.cpp:246:30:[m[K [01;36m[Knote: [m[Kto match this â€˜[01m[K([m[Kâ€™
[1.954s]   246 | void MasterJoNode::ikCallback[01;36m[K([m[K
[1.954s]       |                              [01;36m[K^[m[K
[1.954s] [01m[K/home/yu/colcon_ws/src/master_jo/src/master_jo_node.cpp:247:57:[m[K [01;31m[Kerror: [m[Kexpected initializer before â€˜[01m[Kmsg[m[Kâ€™
[1.954s]   247 |     const humanoid_interfaces::msg::IkEndMsg::SharedPtr [01;31m[Kmsg[m[K) {
[1.954s]       |                                                         [01;31m[K^~~[m[K
[1.954s] [01m[K/home/yu/colcon_ws/src/master_jo/src/master_jo_node.cpp:266:37:[m[K [01;31m[Kerror: [m[Kâ€˜[01m[KRobocuplocalization25[m[Kâ€™ in namespace â€˜[01m[Khumanoid_interfaces::msg[m[Kâ€™ does not name a type
[1.954s]   266 |     const humanoid_interfaces::msg::[01;31m[KRobocuplocalization25[m[K::SharedPtr msg) {
[1.954s]       |                                     [01;31m[K^~~~~~~~~~~~~~~~~~~~~[m[K
[1.954s] [01m[K/home/yu/colcon_ws/src/master_jo/src/master_jo_node.cpp:266:70:[m[K [01;31m[Kerror: [m[Kexpected unqualified-id before â€˜[01m[Kmsg[m[Kâ€™
[1.954s]   266 | const humanoid_interfaces::msg::Robocuplocalization25::SharedPtr [01;31m[Kmsg[m[K) {
[1.954s]       |                                                                  [01;31m[K^~~[m[K
[1.954s] 
[1.955s] [01m[K/home/yu/colcon_ws/src/master_jo/src/master_jo_node.cpp:266:69:[m[K [01;31m[Kerror: [m[Kexpected â€˜[01m[K)[m[Kâ€™ before â€˜[01m[Kmsg[m[Kâ€™
[1.955s]   266 | const humanoid_interfaces::msg::Robocuplocalization25::SharedPtr[01;31m[K [m[K[32m[Kmsg[m[K) {
[1.955s]       |                                                                 [01;31m[K^[m[K[32m[K~~~[m[K
[1.955s]       |                                                                 [32m[K)[m[K
[1.955s] [01m[K/home/yu/colcon_ws/src/master_jo/src/master_jo_node.cpp:265:33:[m[K [01;36m[Knote: [m[Kto match this â€˜[01m[K([m[Kâ€™
[1.955s]   265 | void MasterJoNode::localCallback[01;36m[K([m[K
[1.955s]       |                                 [01;36m[K^[m[K
[1.955s] [01m[K/home/yu/colcon_ws/src/master_jo/src/master_jo_node.cpp:266:70:[m[K [01;31m[Kerror: [m[Kexpected initializer before â€˜[01m[Kmsg[m[Kâ€™
[1.955s]   266 | const humanoid_interfaces::msg::Robocuplocalization25::SharedPtr [01;31m[Kmsg[m[K) {
[1.955s]       |                                                                  [01;31m[K^~~[m[K
[1.955s] 
[1.955s] [01m[K/home/yu/colcon_ws/src/master_jo/src/master_jo_node.cpp:286:37:[m[K [01;31m[Kerror: [m[Kâ€˜[01m[KUdp2master[m[Kâ€™ in namespace â€˜[01m[Khumanoid_interfaces::msg[m[Kâ€™ does not name a type
[1.955s]   286 |     const humanoid_interfaces::msg::[01;31m[KUdp2master[m[K::SharedPtr msg) {
[1.955s]       |                                     [01;31m[K^~~~~~~~~~[m[K
[1.955s] [01m[K/home/yu/colcon_ws/src/master_jo/src/master_jo_node.cpp:286:59:[m[K [01;31m[Kerror: [m[Kexpected unqualified-id before â€˜[01m[Kmsg[m[Kâ€™
[1.955s]   286 |     const humanoid_interfaces::msg::Udp2master::SharedPtr [01;31m[Kmsg[m[K) {
[1.955s]       |                                                           [01;31m[K^~~[m[K
[1.955s] [01m[K/home/yu/colcon_ws/src/master_jo/src/master_jo_node.cpp:286:58:[m[K [01;31m[Kerror: [m[Kexpected â€˜[01m[K)[m[Kâ€™ before â€˜[01m[Kmsg[m[Kâ€™
[1.955s]   286 |     const humanoid_interfaces::msg::Udp2master::SharedPtr[01;31m[K [m[K[32m[Kmsg[m[K) {
[1.955s]       |                                                          [01;31m[K^[m[K[32m[K~~~[m[K
[1.955s]       |                                                          [32m[K)[m[K
[1.955s] [01m[K/home/yu/colcon_ws/src/master_jo/src/master_jo_node.cpp:285:31:[m[K [01;36m[Knote: [m[Kto match this â€˜[01m[K([m[Kâ€™
[1.955s]   285 | void MasterJoNode::udpCallback[01;36m[K([m[K
[1.955s]       |                               [01;36m[K^[m[K
[1.955s] [01m[K/home/yu/colcon_ws/src/master_jo/src/master_jo_node.cpp:286:59:[m[K [01;31m[Kerror: [m[Kexpected initializer before â€˜[01m[Kmsg[m[Kâ€™
[1.955s]   286 |     const humanoid_interfaces::msg::Udp2master::SharedPtr [01;31m[Kmsg[m[K) {
[1.955s]       |                                                           [01;31m[K^~~[m[K
[1.955s] [01m[K/home/yu/colcon_ws/src/master_jo/src/master_jo_node.cpp:299:37:[m[K [01;31m[Kerror: [m[Kâ€˜[01m[KMotionOperator[m[Kâ€™ in namespace â€˜[01m[Khumanoid_interfaces::msg[m[Kâ€™ does not name a type
[1.955s]   299 |     const humanoid_interfaces::msg::[01;31m[KMotionOperator[m[K::SharedPtr msg) {
[1.955s]       |                                     [01;31m[K^~~~~~~~~~~~~~[m[K
[1.955s] [01m[K/home/yu/colcon_ws/src/master_jo/src/master_jo_node.cpp:299:63:[m[K [01;31m[Kerror: [m[Kexpected unqualified-id before â€˜[01m[Kmsg[m[Kâ€™
[1.955s]   299 |     const humanoid_interfaces::msg::MotionOperator::SharedPtr [01;31m[Kmsg[m[K) {
[1.955s]       |                                                               [01;31m[K^~~[m[K
[1.956s] [01m[K/home/yu/colcon_ws/src/master_jo/src/master_jo_node.cpp:299:62:[m[K [01;31m[Kerror: [m[Kexpected â€˜[01m[K)[m[Kâ€™ before â€˜[01m[Kmsg[m[Kâ€™
[1.956s]   299 |     const humanoid_interfaces::msg::MotionOperator::SharedPtr[01;31m[K [m[K[32m[Kmsg[m[K) {
[1.956s]       |                                                              [01;31m[K^[m[K[32m[K~~~[m[K
[1.956s]       |                                                              [32m[K)[m[K
[1.956s] [01m[K/home/yu/colcon_ws/src/master_jo/src/master_jo_node.cpp:298:34:[m[K [01;36m[Knote: [m[Kto match this â€˜[01m[K([m[Kâ€™
[1.956s]   298 | void MasterJoNode::motionCallback[01;36m[K([m[K
[1.956s]       |                                  [01;36m[K^[m[K
[1.956s] [01m[K/home/yu/colcon_ws/src/master_jo/src/master_jo_node.cpp:299:63:[m[K [01;31m[Kerror: [m[Kexpected initializer before â€˜[01m[Kmsg[m[Kâ€™
[1.956s]   299 |     const humanoid_interfaces::msg::MotionOperator::SharedPtr [01;31m[Kmsg[m[K) {
[1.956s]       |                                                               [01;31m[K^~~[m[K
[1.956s] [01m[K/home/yu/colcon_ws/src/master_jo/src/master_jo_node.cpp:306:37:[m[K [01;31m[Kerror: [m[Kâ€˜[01m[KPidtuning[m[Kâ€™ in namespace â€˜[01m[Khumanoid_interfaces::msg[m[Kâ€™ does not name a type
[1.956s]   306 |     const humanoid_interfaces::msg::[01;31m[KPidtuning[m[K::SharedPtr msg) {
[1.956s]       |                                     [01;31m[K^~~~~~~~~[m[K
[1.956s] [01m[K/home/yu/colcon_ws/src/master_jo/src/master_jo_node.cpp:306:58:[m[K [01;31m[Kerror: [m[Kexpected unqualified-id before â€˜[01m[Kmsg[m[Kâ€™
[1.956s]   306 |     const humanoid_interfaces::msg::Pidtuning::SharedPtr [01;31m[Kmsg[m[K) {
[1.956s]       |                                                          [01;31m[K^~~[m[K
[1.956s] [01m[K/home/yu/colcon_ws/src/master_jo/src/master_jo_node.cpp:306:57:[m[K [01;31m[Kerror: [m[Kexpected â€˜[01m[K)[m[Kâ€™ before â€˜[01m[Kmsg[m[Kâ€™
[1.956s]   306 |     const humanoid_interfaces::msg::Pidtuning::SharedPtr[01;31m[K [m[K[32m[Kmsg[m[K) {
[1.956s]       |                                                         [01;31m[K^[m[K[32m[K~~~[m[K
[1.956s]       |                                                         [32m[K)[m[K
[1.956s] [01m[K/home/yu/colcon_ws/src/master_jo/src/master_jo_node.cpp:305:31:[m[K [01;36m[Knote: [m[Kto match this â€˜[01m[K([m[Kâ€™
[1.956s]   305 | void MasterJoNode::pidCallback[01;36m[K([m[K
[1.956s]       |                               [01;36m[K^[m[K
[1.956s] [01m[K/home/yu/colcon_ws/src/master_jo/src/master_jo_node.cpp:306:58:[m[K [01;31m[Kerror: [m[Kexpected initializer before â€˜[01m[Kmsg[m[Kâ€™
[1.956s]   306 |     const humanoid_interfaces::msg::Pidtuning::SharedPtr [01;31m[Kmsg[m[K) {
[1.956s]       |                                                          [01;31m[K^~~[m[K
[1.966s] [01m[K/home/yu/colcon_ws/src/master_jo/src/master_jo_node.cpp:[m[K In member function â€˜[01m[Kvoid master_jo::MasterJoNode::robocup_master()[m[Kâ€™:
[1.966s] [01m[K/home/yu/colcon_ws/src/master_jo/src/master_jo_node.cpp:342:5:[m[K [01;31m[Kerror: [m[Kâ€˜[01m[Kvision_pub[m[Kâ€™ was not declared in this scope
[1.966s]   342 |     [01;31m[Kvision_pub[m[K->publish(master->master2vision);
[1.966s]       |     [01;31m[K^~~~~~~~~~[m[K
[1.966s] [01m[K/home/yu/colcon_ws/src/master_jo/src/master_jo_node.cpp:342:33:[m[K [01;31m[Kerror: [m[Kâ€˜[01m[Kusing element_type = class master_jo::MasterRcko[m[Kâ€™ {aka â€˜[01m[Kclass master_jo::MasterRcko[m[Kâ€™} has no member named â€˜[01m[Kmaster2vision[m[Kâ€™
[1.966s]   342 |     vision_pub->publish(master->[01;31m[Kmaster2vision[m[K);
[1.966s]       |                                 [01;31m[K^~~~~~~~~~~~~[m[K
[1.969s] [01m[K/home/yu/colcon_ws/src/master_jo/src/master_jo_node.cpp:343:5:[m[K [01;31m[Kerror: [m[Kâ€˜[01m[Kgamecontrol_pub[m[Kâ€™ was not declared in this scope; did you mean â€˜[01m[Kgamecontrol_sub[m[Kâ€™?
[1.971s]   343 |     [01;31m[Kgamecontrol_pub[m[K->publish(master->gameControlReturnData);
[1.971s]       |     [01;31m[K^~~~~~~~~~~~~~~[m[K
[1.971s]       |     [32m[Kgamecontrol_sub[m[K
[1.971s] [01m[K/home/yu/colcon_ws/src/master_jo/src/master_jo_node.cpp:343:38:[m[K [01;31m[Kerror: [m[Kâ€˜[01m[Kusing element_type = class master_jo::MasterRcko[m[Kâ€™ {aka â€˜[01m[Kclass master_jo::MasterRcko[m[Kâ€™} has no member named â€˜[01m[KgameControlReturnData[m[Kâ€™; did you mean â€˜[01m[KgameControlData[m[Kâ€™?
[1.971s]   343 |     gamecontrol_pub->publish(master->[01;31m[KgameControlReturnData[m[K);
[1.971s]       |                                      [01;31m[K^~~~~~~~~~~~~~~~~~~~~[m[K
[1.971s]       |                                      [32m[KgameControlData[m[K
[1.973s] [01m[K/home/yu/colcon_ws/src/master_jo/src/master_jo_node.cpp:344:5:[m[K [01;31m[Kerror: [m[Kâ€˜[01m[Klocal_pub[m[Kâ€™ was not declared in this scope
[1.973s]   344 |     [01;31m[Klocal_pub[m[K->publish(master->master2local);
[1.974s]       |     [01;31m[K^~~~~~~~~[m[K
[1.974s] [01m[K/home/yu/colcon_ws/src/master_jo/src/master_jo_node.cpp:344:32:[m[K [01;31m[Kerror: [m[Kâ€˜[01m[Kusing element_type = class master_jo::MasterRcko[m[Kâ€™ {aka â€˜[01m[Kclass master_jo::MasterRcko[m[Kâ€™} has no member named â€˜[01m[Kmaster2local[m[Kâ€™
[1.974s]   344 |     local_pub->publish(master->[01;31m[Kmaster2local[m[K);
[1.974s]       |                                [01;31m[K^~~~~~~~~~~~[m[K
[1.977s] [01m[K/home/yu/colcon_ws/src/master_jo/src/master_jo_node.cpp:345:5:[m[K [01;31m[Kerror: [m[Kâ€˜[01m[Kudp_pub[m[Kâ€™ was not declared in this scope
[1.978s]   345 |     [01;31m[Kudp_pub[m[K->publish(master->master2udp);
[1.978s]       |     [01;31m[K^~~~~~~[m[K
[1.978s] [01m[K/home/yu/colcon_ws/src/master_jo/src/master_jo_node.cpp:345:30:[m[K [01;31m[Kerror: [m[Kâ€˜[01m[Kusing element_type = class master_jo::MasterRcko[m[Kâ€™ {aka â€˜[01m[Kclass master_jo::MasterRcko[m[Kâ€™} has no member named â€˜[01m[Kmaster2udp[m[Kâ€™
[1.978s]   345 |     udp_pub->publish(master->[01;31m[Kmaster2udp[m[K);
[1.978s]       |                              [01;31m[K^~~~~~~~~~[m[K
[1.982s] [01m[K/home/yu/colcon_ws/src/master_jo/src/master_jo_node.cpp:347:7:[m[K [01;31m[Kerror: [m[Kâ€˜[01m[KmotionPub[m[Kâ€™ was not declared in this scope
[1.982s]   347 |       [01;31m[KmotionPub[m[K->publish(master->motion);
[1.982s]       |       [01;31m[K^~~~~~~~~[m[K
[1.982s] [01m[K/home/yu/colcon_ws/src/master_jo/src/master_jo_node.cpp:347:34:[m[K [01;31m[Kerror: [m[Kâ€˜[01m[Kusing element_type = class master_jo::MasterRcko[m[Kâ€™ {aka â€˜[01m[Kclass master_jo::MasterRcko[m[Kâ€™} has no member named â€˜[01m[Kmotion[m[Kâ€™
[1.983s]   347 |       motionPub->publish(master->[01;31m[Kmotion[m[K);
[1.983s]       |                                  [01;31m[K^~~~~~[m[K
[2.086s] gmake[2]: *** [CMakeFiles/master_jo_node.dir/build.make:118: CMakeFiles/master_jo_node.dir/src/player.cpp.o] Error 1
[2.086s] gmake[2]: *** Waiting for unfinished jobs....
[3.313s] gmake[2]: *** [CMakeFiles/master_jo_node.dir/build.make:104: CMakeFiles/master_jo_node.dir/src/master_jo_node.cpp.o] Error 1
[3.313s] gmake[1]: *** [CMakeFiles/Makefile2:137: CMakeFiles/master_jo_node.dir/all] Error 2
[3.313s] gmake: *** [Makefile:146: all] Error 2
[3.316s] Invoked command in '/home/yu/colcon_ws/build/master_jo' returned '2': CMAKE_PREFIX_PATH=${CMAKE_PREFIX_PATH}:/home/yu/ros2_ws/install/python_parameter_tutorial:/opt/ros/humble /usr/bin/cmake --build /home/yu/colcon_ws/build/master_jo -- -j8 -l8
