[0.008s] Invoking command in '/home/yu/colcon_ws/build/dynamixel_rdk_ros': CMAKE_PREFIX_PATH=${CMAKE_PREFIX_PATH}:/home/yu/ros2_ws/install/python_parameter_tutorial:/opt/ros/humble /usr/bin/cmake --build /home/yu/colcon_ws/build/dynamixel_rdk_ros -- -j8 -l8
[0.033s] [35m[1mConsolidate compiler generated dependencies of target dynamixel_rdk_node[0m
[0.043s] [ 25%] [32mBuilding CXX object CMakeFiles/dynamixel_rdk_node.dir/src/dynamixel_rdk_node.cpp.o[0m
[1.255s] [01m[K/home/yu/colcon_ws/src/dynamixel_rdk/dynamixel-RDK/dynamixel_rdk_ros/src/dynamixel_rdk_node.cpp:[m[K In member function â€˜[01m[Kvoid dynamixel_rdk_ros::DynamixelRDKNode::dynamixel_callback(dynamixel_rdk_msgs::msg::DynamixelMsgs_<std::allocator<void> >::SharedPtr)[m[Kâ€™:
[1.255s] [01m[K/home/yu/colcon_ws/src/dynamixel_rdk/dynamixel-RDK/dynamixel_rdk_ros/src/dynamixel_rdk_node.cpp:211:32:[m[K [01;31m[Kerror: [m[Kno matching function for call to â€˜[01m[Kdynamixel_rdk_ros::DynamixelCtrl::sync_write(uint8_t, dynamixel_rdk_msgs::msg::DynamixelMsgs_<std::allocator<void> >::_goal_position_type&, dynamixel_rdk_msgs::msg::DynamixelMsgs_<std::allocator<void> >::_profile_velocity_type&, dynamixel_rdk_msgs::msg::DynamixelMsgs_<std::allocator<void> >::_profile_acceleration_type&)[m[Kâ€™
[1.255s]   211 |     [01;31m[Kdynamixel_ctrl_->sync_write([m[K
[1.255s]       |     [01;31m[K~~~~~~~~~~~~~~~~~~~~~~~~~~~^[m[K
[1.255s]   212 | [01;31m[K        static_cast<uint8_t>(22),          // ëª¨í„° ID, í•„ìš”ì‹œ ì ì ˆížˆ ë°”ê¾¸ì„¸ìš”[m[K
[1.255s]       |         [01;31m[K~~~~~~~~~~~~~~~~~~~~~~~~~~~~~~~~~~~~~~~~~~~~~~~~~~~~~~~~~~~~~~~~~~~~~[m[K
[1.255s]   213 | [01;31m[K        msg->goal_position,[m[K
[1.255s]       |         [01;31m[K~~~~~~~~~~~~~~~~~~~[m[K     
[1.255s]   214 | [01;31m[K        msg->profile_velocity,[m[K
[1.255s]       |         [01;31m[K~~~~~~~~~~~~~~~~~~~~~~[m[K  
[1.255s]   215 | [01;31m[K        msg->profile_acceleration[m[K
[1.255s]       |         [01;31m[K~~~~~~~~~~~~~~~~~~~~~~~~~[m[K
[1.255s]   216 | [01;31m[K    )[m[K;
[1.255s]       |     [01;31m[K~[m[K                           
[1.255s] In file included from [01m[K/home/yu/colcon_ws/src/dynamixel_rdk/dynamixel-RDK/dynamixel_rdk_ros/src/../include/dynamixel_rdk_ros/dynamixel_rdk_node.hpp:21[m[K,
[1.255s]                  from [01m[K/home/yu/colcon_ws/src/dynamixel_rdk/dynamixel-RDK/dynamixel_rdk_ros/src/dynamixel_rdk_node.cpp:17[m[K:
[1.255s] [01m[K/home/yu/colcon_ws/src/dynamixel_rdk/dynamixel-RDK/dynamixel_rdk_ros/include/dynamixel_rdk_ros/dynamixel_ctrl.hpp:49:8:[m[K [01;36m[Knote: [m[Kcandidate: â€˜[01m[Kvoid dynamixel_rdk_ros::DynamixelCtrl::sync_write(std::vector<double>, std::vector<double>, std::vector<double>)[m[Kâ€™
[1.255s]    49 |   void [01;36m[Ksync_write[m[K(
[1.255s]       |        [01;36m[K^~~~~~~~~~[m[K
[1.255s] [01m[K/home/yu/colcon_ws/src/dynamixel_rdk/dynamixel-RDK/dynamixel_rdk_ros/include/dynamixel_rdk_ros/dynamixel_ctrl.hpp:49:8:[m[K [01;36m[Knote: [m[K  candidate expects 3 arguments, 4 provided
[2.905s] gmake[2]: *** [CMakeFiles/dynamixel_rdk_node.dir/build.make:76: CMakeFiles/dynamixel_rdk_node.dir/src/dynamixel_rdk_node.cpp.o] Error 1
[2.905s] gmake[1]: *** [CMakeFiles/Makefile2:137: CMakeFiles/dynamixel_rdk_node.dir/all] Error 2
[2.905s] gmake: *** [Makefile:146: all] Error 2
[2.906s] Invoked command in '/home/yu/colcon_ws/build/dynamixel_rdk_ros' returned '2': CMAKE_PREFIX_PATH=${CMAKE_PREFIX_PATH}:/home/yu/ros2_ws/install/python_parameter_tutorial:/opt/ros/humble /usr/bin/cmake --build /home/yu/colcon_ws/build/dynamixel_rdk_ros -- -j8 -l8
