-- The C compiler identification is GNU 11.4.0
-- The CXX compiler identification is GNU 11.4.0
-- Detecting C compiler ABI info
-- Detecting C compiler ABI info - done
-- Check for working C compiler: /usr/bin/cc - skipped
-- Detecting C compile features
-- Detecting C compile features - done
-- Detecting CXX compiler ABI info
-- Detecting CXX compiler ABI info - done
-- Check for working CXX compiler: /usr/bin/c++ - skipped
-- Detecting CXX compile features
-- Detecting CXX compile features - done
-- Found ament_cmake: 1.3.12 (/opt/ros/humble/share/ament_cmake/cmake)
-- Found Python3: /usr/bin/python3 (found version "3.10.12") found components: Interpreter 
-- Override CMake install command with custom implementation using symlinks instead of copying resources
-- Found rclcpp_lifecycle: 16.0.14 (/opt/ros/humble/share/rclcpp_lifecycle/cmake)
-- Found rosidl_generator_c: 3.1.7 (/opt/ros/humble/share/rosidl_generator_c/cmake)
-- Found rosidl_adapter: 3.1.7 (/opt/ros/humble/share/rosidl_adapter/cmake)
-- Found rosidl_generator_cpp: 3.1.7 (/opt/ros/humble/share/rosidl_generator_cpp/cmake)
-- Using all available rosidl_typesupport_c: rosidl_typesupport_fastrtps_c;rosidl_typesupport_introspection_c
-- Using all available rosidl_typesupport_cpp: rosidl_typesupport_fastrtps_cpp;rosidl_typesupport_introspection_cpp
-- Found rmw_implementation_cmake: 6.1.2 (/opt/ros/humble/share/rmw_implementation_cmake/cmake)
-- Found rmw_fastrtps_cpp: 6.2.8 (/opt/ros/humble/share/rmw_fastrtps_cpp/cmake)
-- Found OpenSSL: /usr/lib/x86_64-linux-gnu/libcrypto.so (found version "3.0.2")  
-- Found FastRTPS: /opt/ros/humble/include  
-- Using RMW implementation 'rmw_fastrtps_cpp' as default
-- Looking for pthread.h
-- Looking for pthread.h - found
-- Performing Test CMAKE_HAVE_LIBC_PTHREAD
-- Performing Test CMAKE_HAVE_LIBC_PTHREAD - Success
-- Found Threads: TRUE  
-- Found humanoid_interfaces: 0.0.0 (/home/yu/colcon_ws/install/humanoid_interfaces/share/humanoid_interfaces/cmake)
-- Found ament_lint_auto: 0.12.14 (/opt/ros/humble/share/ament_lint_auto/cmake)
-- Added test 'cppcheck' to perform static code analysis on C / C++ code
-- Configured cppcheck include dirs: /home/yu/colcon_ws/src/master_jo/include
-- Configured cppcheck exclude dirs and/or files: 
-- Added test 'flake8' to check Python code syntax and style conventions
-- Added test 'lint_cmake' to check CMake code style
-- Added test 'pep257' to check Python code against some of the docstring style conventions in PEP 257
-- Added test 'uncrustify' to check C / C++ code style
-- Configured uncrustify additional arguments: 
-- Added test 'xmllint' to check XML markup files
-- Configuring done
-- Generating done
-- Build files have been written to: /home/yu/colcon_ws/build/master_jo
[ 16%] [32mBuilding CXX object CMakeFiles/master_jo_node.dir/src/forward.cpp.o[0m
[ 33%] [32mBuilding CXX object CMakeFiles/master_jo_node.dir/src/master_jo_node.cpp.o[0m
[ 50%] [32mBuilding CXX object CMakeFiles/master_jo_node.dir/src/point.cpp.o[0m
[ 66%] [32mBuilding CXX object CMakeFiles/master_jo_node.dir/include/master_controller_PID/pidcontroll.cpp.o[0m
[ 83%] [32mBuilding CXX object CMakeFiles/master_jo_node.dir/src/player.cpp.o[0m
[01m[K/home/yu/colcon_ws/src/master_jo/src/player.cpp:[m[K In member function â€˜[01m[Kvoid master_jo::Player::gameStateControl(bool, int)[m[Kâ€™:
[01m[K/home/yu/colcon_ws/src/master_jo/src/player.cpp:28:10:[m[K [01;31m[Kerror: [m[Kâ€˜[01m[KSTATE_INITIAL[m[Kâ€™ was not declared in this scope
   28 |     case [01;31m[KSTATE_INITIAL[m[K:
      |          [01;31m[K^~~~~~~~~~~~~[m[K
[01m[K/home/yu/colcon_ws/src/master_jo/src/player.cpp:31:10:[m[K [01;31m[Kerror: [m[Kâ€˜[01m[KSTATE_READY[m[Kâ€™ was not declared in this scope
   31 |     case [01;31m[KSTATE_READY[m[K:
      |          [01;31m[K^~~~~~~~~~~[m[K
In file included from [01m[K/home/yu/colcon_ws/src/master_jo/src/master_jo_node.cpp:1[m[K:
[01m[K/home/yu/colcon_ws/src/master_jo/src/../include/master_jo/master_jo_node.hpp:40:52:[m[K [01;31m[Kerror: [m[Kâ€˜[01m[KImuMsg[m[Kâ€™ in namespace â€˜[01m[Khumanoid_interfaces::msg[m[Kâ€™ does not name a type
   40 |   void imuCallback(const humanoid_interfaces::msg::[01;31m[KImuMsg[m[K::SharedPtr msg);
      |                                                    [01;31m[K^~~~~~[m[K
[01m[K/home/yu/colcon_ws/src/master_jo/src/../include/master_jo/master_jo_node.hpp:40:70:[m[K [01;31m[Kerror: [m[Kexpected unqualified-id before â€˜[01m[Kmsg[m[Kâ€™
   40 |   void imuCallback(const humanoid_interfaces::msg::ImuMsg::SharedPtr [01;31m[Kmsg[m[K);
      |                                                                      [01;31m[K^~~[m[K
[01m[K/home/yu/colcon_ws/src/master_jo/src/../include/master_jo/master_jo_node.hpp:40:69:[m[K [01;31m[Kerror: [m[Kexpected â€˜[01m[K)[m[Kâ€™ before â€˜[01m[Kmsg[m[Kâ€™
   40 |   void imuCallback[34m[K([m[Kconst humanoid_interfaces::msg::ImuMsg::SharedPtr[01;31m[K [m[K[32m[Kmsg[m[K);
      |                   [34m[K~[m[K                                                 [01;31m[K^[m[K[32m[K~~~[m[K
      |                                                                     [32m[K)[m[K
[01m[K/home/yu/colcon_ws/src/master_jo/src/../include/master_jo/master_jo_node.hpp:40:60:[m[K [01;31m[Kerror: [m[Kexpected â€˜[01m[K;[m[Kâ€™ at end of member declaration
   40 |   void imuCallback(const humanoid_interfaces::msg::ImuMsg::[01;31m[KSharedPtr[m[K msg);
      |                                                            [01;31m[K^~~~~~~~~[m[K
      |                                                                     [32m[K;[m[K
[01m[K/home/yu/colcon_ws/src/master_jo/src/../include/master_jo/master_jo_node.hpp:40:70:[m[K [01;31m[Kerror: [m[Kâ€˜[01m[Kmsg[m[Kâ€™ does not name a type
   40 |   void imuCallback(const humanoid_interfaces::msg::ImuMsg::SharedPtr [01;31m[Kmsg[m[K);
      |                                                                      [01;31m[K^~~[m[K
[01m[K/home/yu/colcon_ws/src/master_jo/src/../include/master_jo/master_jo_node.hpp:42:39:[m[K [01;31m[Kerror: [m[Kâ€˜[01m[KRobocupvision25[m[Kâ€™ in namespace â€˜[01m[Khumanoid_interfaces::msg[m[Kâ€™ does not name a type
   42 |       const humanoid_interfaces::msg::[01;31m[KRobocupvision25[m[K::SharedPtr msg);
      |                                       [01;31m[K^~~~~~~~~~~~~~~[m[K
[01m[K/home/yu/colcon_ws/src/master_jo/src/../include/master_jo/master_jo_node.hpp:42:66:[m[K [01;31m[Kerror: [m[Kexpected unqualified-id before â€˜[01m[Kmsg[m[Kâ€™
   42 |       const humanoid_interfaces::msg::Robocupvision25::SharedPtr [01;31m[Kmsg[m[K);
      |                                                                  [01;31m[K^~~[m[K
[01m[K/home/yu/colcon_ws/src/master_jo/src/player.cpp:34:10:[m[K [01;31m[Kerror: [m[Kâ€˜[01m[KSTATE_SET[m[Kâ€™ was not declared in this scope
   34 |     case [01;31m[KSTATE_SET[m[K:
      |          [01;31m[K^~~~~~~~~[m[K
[01m[K/home/yu/colcon_ws/src/master_jo/src/../include/master_jo/master_jo_node.hpp:42:65:[m[K [01;31m[Kerror: [m[Kexpected â€˜[01m[K)[m[Kâ€™ before â€˜[01m[Kmsg[m[Kâ€™
   42 |       const humanoid_interfaces::msg::Robocupvision25::SharedPtr[01;31m[K [m[K[32m[Kmsg[m[K);
      |                                                                 [01;31m[K^[m[K[32m[K~~~[m[K
      |                                                                 [32m[K)[m[K
[01m[K/home/yu/colcon_ws/src/master_jo/src/../include/master_jo/master_jo_node.hpp:41:22:[m[K [01;36m[Knote: [m[Kto match this â€˜[01m[K([m[Kâ€™
   41 |   void visionCallback[01;36m[K([m[K
      |                      [01;36m[K^[m[K
[01m[K/home/yu/colcon_ws/src/master_jo/src/../include/master_jo/master_jo_node.hpp:42:56:[m[K [01;31m[Kerror: [m[Kexpected â€˜[01m[K;[m[Kâ€™ at end of member declaration
   42 |       const humanoid_interfaces::msg::Robocupvision25::[01;31m[KSharedPtr[m[K msg);
      |                                                        [01;31m[K^~~~~~~~~[m[K
      |                                                                 [32m[K;[m[K
[01m[K/home/yu/colcon_ws/src/master_jo/src/../include/master_jo/master_jo_node.hpp:42:66:[m[K [01;31m[Kerror: [m[Kâ€˜[01m[Kmsg[m[Kâ€™ does not name a type
   42 |       const humanoid_interfaces::msg::Robocupvision25::SharedPtr [01;31m[Kmsg[m[K);
      |                                                                  [01;31m[K^~~[m[K
[01m[K/home/yu/colcon_ws/src/master_jo/src/../include/master_jo/master_jo_node.hpp:43:51:[m[K [01;31m[Kerror: [m[Kâ€˜[01m[KIkEndMsg[m[Kâ€™ in namespace â€˜[01m[Khumanoid_interfaces::msg[m[Kâ€™ does not name a type
   43 |   void ikCallback(const humanoid_interfaces::msg::[01;31m[KIkEndMsg[m[K::SharedPtr msg);
      |                                                   [01;31m[K^~~~~~~~[m[K
[01m[K/home/yu/colcon_ws/src/master_jo/src/../include/master_jo/master_jo_node.hpp:43:71:[m[K [01;31m[Kerror: [m[Kexpected unqualified-id before â€˜[01m[Kmsg[m[Kâ€™
   43 |   void ikCallback(const humanoid_interfaces::msg::IkEndMsg::SharedPtr [01;31m[Kmsg[m[K);
      |                                                                       [01;31m[K^~~[m[K
[01m[K/home/yu/colcon_ws/src/master_jo/src/../include/master_jo/master_jo_node.hpp:43:70:[m[K [01;31m[Kerror: [m[Kexpected â€˜[01m[K)[m[Kâ€™ before â€˜[01m[Kmsg[m[Kâ€™
   43 |   void ikCallback[34m[K([m[Kconst humanoid_interfaces::msg::IkEndMsg::SharedPtr[01;31m[K [m[K[32m[Kmsg[m[K);
      |                  [34m[K~[m[K                                                   [01;31m[K^[m[K[32m[K~~~[m[K
      |                                                                      [32m[K)[m[K
[01m[K/home/yu/colcon_ws/src/master_jo/src/../include/master_jo/master_jo_node.hpp:43:61:[m[K [01;31m[Kerror: [m[Kexpected â€˜[01m[K;[m[Kâ€™ at end of member declaration
   43 |   void ikCallback(const humanoid_interfaces::msg::IkEndMsg::[01;31m[KSharedPtr[m[K msg);
      |                                                             [01;31m[K^~~~~~~~~[m[K
      |                                                                      [32m[K;[m[K
[01m[K/home/yu/colcon_ws/src/master_jo/src/../include/master_jo/master_jo_node.hpp:43:71:[m[K [01;31m[Kerror: [m[Kâ€˜[01m[Kmsg[m[Kâ€™ does not name a type
   43 |   void ikCallback(const humanoid_interfaces::msg::IkEndMsg::SharedPtr [01;31m[Kmsg[m[K);
      |                                                                       [01;31m[K^~~[m[K
[01m[K/home/yu/colcon_ws/src/master_jo/src/../include/master_jo/master_jo_node.hpp:47:39:[m[K [01;31m[Kerror: [m[Kâ€˜[01m[KRobocuplocalization25[m[Kâ€™ in namespace â€˜[01m[Khumanoid_interfaces::msg[m[Kâ€™ does not name a type
   47 |       const humanoid_interfaces::msg::[01;31m[KRobocuplocalization25[m[K::SharedPtr msg);
      |                                       [01;31m[K^~~~~~~~~~~~~~~~~~~~~[m[K
[01m[K/home/yu/colcon_ws/src/master_jo/src/../include/master_jo/master_jo_node.hpp:47:72:[m[K [01;31m[Kerror: [m[Kexpected unqualified-id before â€˜[01m[Kmsg[m[Kâ€™
   47 |       const humanoid_interfaces::msg::Robocuplocalization25::SharedPtr [01;31m[Kmsg[m[K);
      |                                                                        [01;31m[K^~~[m[K
[01m[K/home/yu/colcon_ws/src/master_jo/src/../include/master_jo/master_jo_node.hpp:47:71:[m[K [01;31m[Kerror: [m[Kexpected â€˜[01m[K)[m[Kâ€™ before â€˜[01m[Kmsg[m[Kâ€™
   47 |       const humanoid_interfaces::msg::Robocuplocalization25::SharedPtr[01;31m[K [m[K[32m[Kmsg[m[K);
      |                                                                       [01;31m[K^[m[K[32m[K~~~[m[K
      |                                                                       [32m[K)[m[K
[01m[K/home/yu/colcon_ws/src/master_jo/src/../include/master_jo/master_jo_node.hpp:46:21:[m[K [01;36m[Knote: [m[Kto match this â€˜[01m[K([m[Kâ€™
   46 |   void localCallback[01;36m[K([m[K
      |                     [01;36m[K^[m[K
[01m[K/home/yu/colcon_ws/src/master_jo/src/../include/master_jo/master_jo_node.hpp:47:62:[m[K [01;31m[Kerror: [m[Kexpected â€˜[01m[K;[m[Kâ€™ at end of member declaration
   47 |       const humanoid_interfaces::msg::Robocuplocalization25::[01;31m[KSharedPtr[m[K msg);
      |                                                              [01;31m[K^~~~~~~~~[m[K
      |                                                                       [32m[K;[m[K
[01m[K/home/yu/colcon_ws/src/master_jo/src/../include/master_jo/master_jo_node.hpp:47:72:[m[K [01;31m[Kerror: [m[Kâ€˜[01m[Kmsg[m[Kâ€™ does not name a type
   47 |       const humanoid_interfaces::msg::Robocuplocalization25::SharedPtr [01;31m[Kmsg[m[K);
      |                                                                        [01;31m[K^~~[m[K
[01m[K/home/yu/colcon_ws/src/master_jo/src/../include/master_jo/master_jo_node.hpp:48:52:[m[K [01;31m[Kerror: [m[Kâ€˜[01m[KUdp2master[m[Kâ€™ in namespace â€˜[01m[Khumanoid_interfaces::msg[m[Kâ€™ does not name a type
   48 |   void udpCallback(const humanoid_interfaces::msg::[01;31m[KUdp2master[m[K::SharedPtr msg);
      |                                                    [01;31m[K^~~~~~~~~~[m[K
[01m[K/home/yu/colcon_ws/src/master_jo/src/../include/master_jo/master_jo_node.hpp:48:74:[m[K [01;31m[Kerror: [m[Kexpected unqualified-id before â€˜[01m[Kmsg[m[Kâ€™
   48 |   void udpCallback(const humanoid_interfaces::msg::Udp2master::SharedPtr [01;31m[Kmsg[m[K);
      |                                                                          [01;31m[K^~~[m[K
[01m[K/home/yu/colcon_ws/src/master_jo/src/../include/master_jo/master_jo_node.hpp:48:73:[m[K [01;31m[Kerror: [m[Kexpected â€˜[01m[K)[m[Kâ€™ before â€˜[01m[Kmsg[m[Kâ€™
   48 |   void udpCallback[34m[K([m[Kconst humanoid_interfaces::msg::Udp2master::SharedPtr[01;31m[K [m[K[32m[Kmsg[m[K);
      |                   [34m[K~[m[K                                                     [01;31m[K^[m[K[32m[K~~~[m[K
      |                                                                         [32m[K)[m[K
[01m[K/home/yu/colcon_ws/src/master_jo/src/../include/master_jo/master_jo_node.hpp:48:64:[m[K [01;31m[Kerror: [m[Kexpected â€˜[01m[K;[m[Kâ€™ at end of member declaration
   48 |   void udpCallback(const humanoid_interfaces::msg::Udp2master::[01;31m[KSharedPtr[m[K msg);
      |                                                                [01;31m[K^~~~~~~~~[m[K
      |                                                                         [32m[K;[m[K
[01m[K/home/yu/colcon_ws/src/master_jo/src/../include/master_jo/master_jo_node.hpp:48:74:[m[K [01;31m[Kerror: [m[Kâ€˜[01m[Kmsg[m[Kâ€™ does not name a type
   48 |   void udpCallback(const humanoid_interfaces::msg::Udp2master::SharedPtr [01;31m[Kmsg[m[K);
      |                                                                          [01;31m[K^~~[m[K
[01m[K/home/yu/colcon_ws/src/master_jo/src/../include/master_jo/master_jo_node.hpp:50:39:[m[K [01;31m[Kerror: [m[Kâ€˜[01m[KMotionOperator[m[Kâ€™ in namespace â€˜[01m[Khumanoid_interfaces::msg[m[Kâ€™ does not name a type
   50 |       const humanoid_interfaces::msg::[01;31m[KMotionOperator[m[K::SharedPtr msg);
      |                                       [01;31m[K^~~~~~~~~~~~~~[m[K
[01m[K/home/yu/colcon_ws/src/master_jo/src/../include/master_jo/master_jo_node.hpp:50:65:[m[K [01;31m[Kerror: [m[Kexpected unqualified-id before â€˜[01m[Kmsg[m[Kâ€™
   50 |       const humanoid_interfaces::msg::MotionOperator::SharedPtr [01;31m[Kmsg[m[K);
      |                                                                 [01;31m[K^~~[m[K
[01m[K/home/yu/colcon_ws/src/master_jo/src/../include/master_jo/master_jo_node.hpp:50:64:[m[K [01;31m[Kerror: [m[Kexpected â€˜[01m[K)[m[Kâ€™ before â€˜[01m[Kmsg[m[Kâ€™
   50 |       const humanoid_interfaces::msg::MotionOperator::SharedPtr[01;31m[K [m[K[32m[Kmsg[m[K);
      |                                                                [01;31m[K^[m[K[32m[K~~~[m[K
      |                                                                [32m[K)[m[K
[01m[K/home/yu/colcon_ws/src/master_jo/src/../include/master_jo/master_jo_node.hpp:49:22:[m[K [01;36m[Knote: [m[Kto match this â€˜[01m[K([m[Kâ€™
   49 |   void motionCallback[01;36m[K([m[K
      |                      [01;36m[K^[m[K
[01m[K/home/yu/colcon_ws/src/master_jo/src/../include/master_jo/master_jo_node.hpp:50:55:[m[K [01;31m[Kerror: [m[Kexpected â€˜[01m[K;[m[Kâ€™ at end of member declaration
   50 |       const humanoid_interfaces::msg::MotionOperator::[01;31m[KSharedPtr[m[K msg);
      |                                                       [01;31m[K^~~~~~~~~[m[K
      |                                                                [32m[K;[m[K
[01m[K/home/yu/colcon_ws/src/master_jo/src/../include/master_jo/master_jo_node.hpp:50:65:[m[K [01;31m[Kerror: [m[Kâ€˜[01m[Kmsg[m[Kâ€™ does not name a type
   50 |       const humanoid_interfaces::msg::MotionOperator::SharedPtr [01;31m[Kmsg[m[K);
      |                                                                 [01;31m[K^~~[m[K
[01m[K/home/yu/colcon_ws/src/master_jo/src/../include/master_jo/master_jo_node.hpp:51:52:[m[K [01;31m[Kerror: [m[Kâ€˜[01m[KPidtuning[m[Kâ€™ in namespace â€˜[01m[Khumanoid_interfaces::msg[m[Kâ€™ does not name a type
   51 |   void pidCallback(const humanoid_interfaces::msg::[01;31m[KPidtuning[m[K::SharedPtr msg);
      |                                                    [01;31m[K^~~~~~~~~[m[K
[01m[K/home/yu/colcon_ws/src/master_jo/src/../include/master_jo/master_jo_node.hpp:51:73:[m[K [01;31m[Kerror: [m[Kexpected unqualified-id before â€˜[01m[Kmsg[m[Kâ€™
   51 |   void pidCallback(const humanoid_interfaces::msg::Pidtuning::SharedPtr [01;31m[Kmsg[m[K);
      |                                                                         [01;31m[K^~~[m[K
[01m[K/home/yu/colcon_ws/src/master_jo/src/../include/master_jo/master_jo_node.hpp:51:72:[m[K [01;31m[Kerror: [m[Kexpected â€˜[01m[K)[m[Kâ€™ before â€˜[01m[Kmsg[m[Kâ€™
   51 |   void pidCallback[34m[K([m[Kconst humanoid_interfaces::msg::Pidtuning::SharedPtr[01;31m[K [m[K[32m[Kmsg[m[K);
      |                   [34m[K~[m[K                                                    [01;31m[K^[m[K[32m[K~~~[m[K
      |                                                                        [32m[K)[m[K
[01m[K/home/yu/colcon_ws/src/master_jo/src/../include/master_jo/master_jo_node.hpp:51:63:[m[K [01;31m[Kerror: [m[Kexpected â€˜[01m[K;[m[Kâ€™ at end of member declaration
   51 |   void pidCallback(const humanoid_interfaces::msg::Pidtuning::[01;31m[KSharedPtr[m[K msg);
      |                                                               [01;31m[K^~~~~~~~~[m[K
      |                                                                        [32m[K;[m[K
[01m[K/home/yu/colcon_ws/src/master_jo/src/../include/master_jo/master_jo_node.hpp:51:73:[m[K [01;31m[Kerror: [m[Kâ€˜[01m[Kmsg[m[Kâ€™ does not name a type
   51 |   void pidCallback(const humanoid_interfaces::msg::Pidtuning::SharedPtr [01;31m[Kmsg[m[K);
      |                                                                         [01;31m[K^~~[m[K
[01m[K/home/yu/colcon_ws/src/master_jo/src/player.cpp:37:10:[m[K [01;31m[Kerror: [m[Kâ€˜[01m[KSTATE_PLAYING[m[Kâ€™ was not declared in this scope
   37 |     case [01;31m[KSTATE_PLAYING[m[K:
      |          [01;31m[K^~~~~~~~~~~~~[m[K
[01m[K/home/yu/colcon_ws/src/master_jo/src/../include/master_jo/master_jo_node.hpp:59:50:[m[K [01;31m[Kerror: [m[Kâ€˜[01m[KImuMsg[m[Kâ€™ is not a member of â€˜[01m[Khumanoid_interfaces::msg[m[Kâ€™
   59 |   rclcpp::Subscription<humanoid_interfaces::msg::[01;31m[KImuMsg[m[K>::SharedPtr imu_sub;
      |                                                  [01;31m[K^~~~~~[m[K
[01m[K/home/yu/colcon_ws/src/master_jo/src/../include/master_jo/master_jo_node.hpp:59:56:[m[K [01;31m[Kerror: [m[Ktemplate argument 1 is invalid
   59 |   rclcpp::Subscription<humanoid_interfaces::msg::ImuMsg[01;31m[K>[m[K::SharedPtr imu_sub;
      |                                                        [01;31m[K^[m[K
[01m[K/home/yu/colcon_ws/src/master_jo/src/../include/master_jo/master_jo_node.hpp:59:56:[m[K [01;31m[Kerror: [m[Ktemplate argument 3 is invalid
[01m[K/home/yu/colcon_ws/src/master_jo/src/../include/master_jo/master_jo_node.hpp:59:56:[m[K [01;31m[Kerror: [m[Ktemplate argument 4 is invalid
[01m[K/home/yu/colcon_ws/src/master_jo/src/../include/master_jo/master_jo_node.hpp:59:56:[m[K [01;31m[Kerror: [m[Ktemplate argument 5 is invalid
[01m[K/home/yu/colcon_ws/src/master_jo/src/../include/master_jo/master_jo_node.hpp:59:59:[m[K [01;31m[Kerror: [m[Kexpected â€˜[01m[K;[m[Kâ€™ at end of member declaration
   59 |   rclcpp::Subscription<humanoid_interfaces::msg::ImuMsg>::[01;31m[KSharedPtr[m[K imu_sub;
      |                                                           [01;31m[K^~~~~~~~~[m[K
      |                                                                    [32m[K;[m[K
[01m[K/home/yu/colcon_ws/src/master_jo/src/../include/master_jo/master_jo_node.hpp:59:69:[m[K [01;31m[Kerror: [m[Kâ€˜[01m[Kimu_sub[m[Kâ€™ does not name a type
   59 |   rclcpp::Subscription<humanoid_interfaces::msg::ImuMsg>::SharedPtr [01;31m[Kimu_sub[m[K;
      |                                                                     [01;31m[K^~~~~~~[m[K
[01m[K/home/yu/colcon_ws/src/master_jo/src/../include/master_jo/master_jo_node.hpp:60:50:[m[K [01;31m[Kerror: [m[Kâ€˜[01m[KRobocupvision25[m[Kâ€™ is not a member of â€˜[01m[Khumanoid_interfaces::msg[m[Kâ€™
   60 |   rclcpp::Subscription<humanoid_interfaces::msg::[01;31m[KRobocupvision25[m[K>::SharedPtr
      |                                                  [01;31m[K^~~~~~~~~~~~~~~[m[K
[01m[K/home/yu/colcon_ws/src/master_jo/src/../include/master_jo/master_jo_node.hpp:60:65:[m[K [01;31m[Kerror: [m[Ktemplate argument 1 is invalid
   60 |   rclcpp::Subscription<humanoid_interfaces::msg::Robocupvision25[01;31m[K>[m[K::SharedPtr
      |                                                                 [01;31m[K^[m[K
[01m[K/home/yu/colcon_ws/src/master_jo/src/../include/master_jo/master_jo_node.hpp:60:65:[m[K [01;31m[Kerror: [m[Ktemplate argument 3 is invalid
[01m[K/home/yu/colcon_ws/src/master_jo/src/../include/master_jo/master_jo_node.hpp:60:65:[m[K [01;31m[Kerror: [m[Ktemplate argument 4 is invalid
[01m[K/home/yu/colcon_ws/src/master_jo/src/../include/master_jo/master_jo_node.hpp:60:65:[m[K [01;31m[Kerror: [m[Ktemplate argument 5 is invalid
[01m[K/home/yu/colcon_ws/src/master_jo/src/../include/master_jo/master_jo_node.hpp:60:68:[m[K [01;31m[Kerror: [m[Kexpected â€˜[01m[K;[m[Kâ€™ at end of member declaration
   60 |   rclcpp::Subscription<humanoid_interfaces::msg::Robocupvision25>::[01;31m[KSharedPtr[m[K
      |                                                                    [01;31m[K^~~~~~~~~[m[K
      |                                                                             [32m[K;[m[K
[01m[K/home/yu/colcon_ws/src/master_jo/src/../include/master_jo/master_jo_node.hpp:60:68:[m[K [01;31m[Kerror: [m[Kredeclaration of â€˜[01m[Kint master_jo::MasterJoNode::SharedPtr[m[Kâ€™
[01m[K/home/yu/colcon_ws/src/master_jo/src/../include/master_jo/master_jo_node.hpp:59:59:[m[K [01;36m[Knote: [m[Kprevious declaration â€˜[01m[Kint master_jo::MasterJoNode::SharedPtr[m[Kâ€™
   59 |   rclcpp::Subscription<humanoid_interfaces::msg::ImuMsg>::[01;36m[KSharedPtr[m[K imu_sub;
      |                                                           [01;36m[K^~~~~~~~~[m[K
[01m[K/home/yu/colcon_ws/src/master_jo/src/../include/master_jo/master_jo_node.hpp:61:7:[m[K [01;31m[Kerror: [m[Kâ€˜[01m[Kvision_sub[m[Kâ€™ does not name a type
   61 |       [01;31m[Kvision_sub[m[K;
      |       [01;31m[K^~~~~~~~~~[m[K
[01m[K/home/yu/colcon_ws/src/master_jo/src/../include/master_jo/master_jo_node.hpp:62:50:[m[K [01;31m[Kerror: [m[Kâ€˜[01m[KIkEndMsg[m[Kâ€™ is not a member of â€˜[01m[Khumanoid_interfaces::msg[m[Kâ€™
   62 |   rclcpp::Subscription<humanoid_interfaces::msg::[01;31m[KIkEndMsg[m[K>::SharedPtr ik_sub;
      |                                                  [01;31m[K^~~~~~~~[m[K
[01m[K/home/yu/colcon_ws/src/master_jo/src/../include/master_jo/master_jo_node.hpp:62:58:[m[K [01;31m[Kerror: [m[Ktemplate argument 1 is invalid
   62 |   rclcpp::Subscription<humanoid_interfaces::msg::IkEndMsg[01;31m[K>[m[K::SharedPtr ik_sub;
      |                                                          [01;31m[K^[m[K
[01m[K/home/yu/colcon_ws/src/master_jo/src/../include/master_jo/master_jo_node.hpp:62:58:[m[K [01;31m[Kerror: [m[Ktemplate argument 3 is invalid
[01m[K/home/yu/colcon_ws/src/master_jo/src/../include/master_jo/master_jo_node.hpp:62:58:[m[K [01;31m[Kerror: [m[Ktemplate argument 4 is invalid
[01m[K/home/yu/colcon_ws/src/master_jo/src/../include/master_jo/master_jo_node.hpp:62:58:[m[K [01;31m[Kerror: [m[Ktemplate argument 5 is invalid
[01m[K/home/yu/colcon_ws/src/master_jo/src/../include/master_jo/master_jo_node.hpp:62:61:[m[K [01;31m[Kerror: [m[Kexpected â€˜[01m[K;[m[Kâ€™ at end of member declaration
   62 |   rclcpp::Subscription<humanoid_interfaces::msg::IkEndMsg>::[01;31m[KSharedPtr[m[K ik_sub;
      |                                                             [01;31m[K^~~~~~~~~[m[K
      |                                                                      [32m[K;[m[K
[01m[K/home/yu/colcon_ws/src/master_jo/src/../include/master_jo/master_jo_node.hpp:62:61:[m[K [01;31m[Kerror: [m[Kredeclaration of â€˜[01m[Kint master_jo::MasterJoNode::SharedPtr[m[Kâ€™
[01m[K/home/yu/colcon_ws/src/master_jo/src/../include/master_jo/master_jo_node.hpp:59:59:[m[K [01;36m[Knote: [m[Kprevious declaration â€˜[01m[Kint master_jo::MasterJoNode::SharedPtr[m[Kâ€™
   59 |   rclcpp::Subscription<humanoid_interfaces::msg::ImuMsg>::[01;36m[KSharedPtr[m[K imu_sub;
      |                                                           [01;36m[K^~~~~~~~~[m[K
[01m[K/home/yu/colcon_ws/src/master_jo/src/../include/master_jo/master_jo_node.hpp:62:71:[m[K [01;31m[Kerror: [m[Kâ€˜[01m[Kik_sub[m[Kâ€™ does not name a type
   62 |   rclcpp::Subscription<humanoid_interfaces::msg::IkEndMsg>::SharedPtr [01;31m[Kik_sub[m[K;
      |                                                                       [01;31m[K^~~~~~[m[K
[01m[K/home/yu/colcon_ws/src/master_jo/src/player.cpp:40:10:[m[K [01;31m[Kerror: [m[Kâ€˜[01m[KSTATE_FINISHED[m[Kâ€™ was not declared in this scope
   40 |     case [01;31m[KSTATE_FINISHED[m[K:
      |          [01;31m[K^~~~~~~~~~~~~~[m[K
[01m[K/home/yu/colcon_ws/src/master_jo/src/player.cpp:[m[K In member function â€˜[01m[Kvirtual void master_jo::Player::selectRobotState(bool)[m[Kâ€™:
[01m[K/home/yu/colcon_ws/src/master_jo/src/player.cpp:48:36:[m[K [01;35m[Kwarning: [m[Kunused parameter â€˜[01m[KisPenalty[m[Kâ€™ [[01;35m[K]8;;https://gcc.gnu.org/onlinedocs/gcc/Warning-Options.html#index-Wunused-parameter-Wunused-parameter]8;;[m[K]
   48 | void Player::selectRobotState([01;35m[Kbool isPenalty[m[K) {
      |                               [01;35m[K~~~~~^~~~~~~~~[m[K
[01m[K/home/yu/colcon_ws/src/master_jo/src/player.cpp:[m[K In member function â€˜[01m[Kbool master_jo::Player::walkStart(int, int, int)[m[Kâ€™:
[01m[K/home/yu/colcon_ws/src/master_jo/src/player.cpp:72:18:[m[K [01;31m[Kerror: [m[Kâ€˜[01m[Kusing element_type = class master_jo::MasterRcko[m[Kâ€™ {aka â€˜[01m[Kclass master_jo::MasterRcko[m[Kâ€™} has no member named â€˜[01m[KikEnd[m[Kâ€™
   72 |   return master->[01;31m[KikEnd[m[K.ikend;
      |                  [01;31m[K^~~~~[m[K
[01m[K/home/yu/colcon_ws/src/master_jo/src/player.cpp:[m[K In member function â€˜[01m[Kbool master_jo::Player::walkStop()[m[Kâ€™:
[01m[K/home/yu/colcon_ws/src/master_jo/src/player.cpp:81:18:[m[K [01;31m[Kerror: [m[Kâ€˜[01m[Kusing element_type = class master_jo::MasterRcko[m[Kâ€™ {aka â€˜[01m[Kclass master_jo::MasterRcko[m[Kâ€™} has no member named â€˜[01m[KikEnd[m[Kâ€™
   81 |   return master->[01;31m[KikEnd[m[K.ikend;
      |                  [01;31m[K^~~~~[m[K
[01m[K/home/yu/colcon_ws/src/master_jo/src/player.cpp:[m[K In member function â€˜[01m[Kbool master_jo::Player::walkPublish()[m[Kâ€™:
[01m[K/home/yu/colcon_ws/src/master_jo/src/player.cpp:86:37:[m[K [01;31m[Kerror: [m[Kâ€˜[01m[Kusing element_type = class master_jo::MasterRcko[m[Kâ€™ {aka â€˜[01m[Kclass master_jo::MasterRcko[m[Kâ€™} has no member named â€˜[01m[KFRONT_MAX[m[Kâ€™
   86 |   if (master->ik.x_length > master->[01;31m[KFRONT_MAX[m[K) {
      |                                     [01;31m[K^~~~~~~~~[m[K
[01m[K/home/yu/colcon_ws/src/master_jo/src/player.cpp:87:35:[m[K [01;31m[Kerror: [m[Kâ€˜[01m[Kusing element_type = class master_jo::MasterRcko[m[Kâ€™ {aka â€˜[01m[Kclass master_jo::MasterRcko[m[Kâ€™} has no member named â€˜[01m[KFRONT_MAX[m[Kâ€™
   87 |     master->ik.x_length = master->[01;31m[KFRONT_MAX[m[K;
      |                                   [01;31m[K^~~~~~~~~[m[K
[01m[K/home/yu/colcon_ws/src/master_jo/src/player.cpp:89:44:[m[K [01;31m[Kerror: [m[Kâ€˜[01m[Kusing element_type = class master_jo::MasterRcko[m[Kâ€™ {aka â€˜[01m[Kclass master_jo::MasterRcko[m[Kâ€™} has no member named â€˜[01m[KREAR_MAX[m[Kâ€™
   89 |   } else if (master->ik.x_length < master->[01;31m[KREAR_MAX[m[K) {
      |                                            [01;31m[K^~~~~~~~[m[K
[01m[K/home/yu/colcon_ws/src/master_jo/src/player.cpp:90:35:[m[K [01;31m[Kerror: [m[Kâ€˜[01m[Kusing element_type = class master_jo::MasterRcko[m[Kâ€™ {aka â€˜[01m[Kclass master_jo::MasterRcko[m[Kâ€™} has no member named â€˜[01m[KREAR_MAX[m[Kâ€™
   90 |     master->ik.x_length = master->[01;31m[KREAR_MAX[m[K;
      |                                   [01;31m[K^~~~~~~~[m[K
[01m[K/home/yu/colcon_ws/src/master_jo/src/player.cpp:94:37:[m[K [01;31m[Kerror: [m[Kâ€˜[01m[Kusing element_type = class master_jo::MasterRcko[m[Kâ€™ {aka â€˜[01m[Kclass master_jo::MasterRcko[m[Kâ€™} has no member named â€˜[01m[KRIGHT_MAX[m[Kâ€™
   94 |   if (master->ik.y_length > master->[01;31m[KRIGHT_MAX[m[K) {
      |                                     [01;31m[K^~~~~~~~~[m[K
[01m[K/home/yu/colcon_ws/src/master_jo/src/player.cpp:95:35:[m[K [01;31m[Kerror: [m[Kâ€˜[01m[Kusing element_type = class master_jo::MasterRcko[m[Kâ€™ {aka â€˜[01m[Kclass master_jo::MasterRcko[m[Kâ€™} has no member named â€˜[01m[KRIGHT_MAX[m[Kâ€™
   95 |     master->ik.y_length = master->[01;31m[KRIGHT_MAX[m[K;
      |                                   [01;31m[K^~~~~~~~~[m[K
[01m[K/home/yu/colcon_ws/src/master_jo/src/player.cpp:97:44:[m[K [01;31m[Kerror: [m[Kâ€˜[01m[Kusing element_type = class master_jo::MasterRcko[m[Kâ€™ {aka â€˜[01m[Kclass master_jo::MasterRcko[m[Kâ€™} has no member named â€˜[01m[KLEFT_MAX[m[Kâ€™
   97 |   } else if (master->ik.y_length < master->[01;31m[KLEFT_MAX[m[K) {
      |                                            [01;31m[K^~~~~~~~[m[K
[01m[K/home/yu/colcon_ws/src/master_jo/src/player.cpp:98:35:[m[K [01;31m[Kerror: [m[Kâ€˜[01m[Kusing element_type = class master_jo::MasterRcko[m[Kâ€™ {aka â€˜[01m[Kclass master_jo::MasterRcko[m[Kâ€™} has no member named â€˜[01m[KLEFT_MAX[m[Kâ€™
   98 |     master->ik.y_length = master->[01;31m[KLEFT_MAX[m[K;
      |                                   [01;31m[K^~~~~~~~[m[K
[01m[K/home/yu/colcon_ws/src/master_jo/src/player.cpp:102:32:[m[K [01;31m[Kerror: [m[Kâ€˜[01m[Kusing element_type = class master_jo::MasterRcko[m[Kâ€™ {aka â€˜[01m[Kclass master_jo::MasterRcko[m[Kâ€™} has no member named â€˜[01m[KR_YAW_MAX[m[Kâ€™
  102 |   if (master->ik.yaw > master->[01;31m[KR_YAW_MAX[m[K) {
      |                                [01;31m[K^~~~~~~~~[m[K
[01m[K/home/yu/colcon_ws/src/master_jo/src/player.cpp:103:30:[m[K [01;31m[Kerror: [m[Kâ€˜[01m[Kusing element_type = class master_jo::MasterRcko[m[Kâ€™ {aka â€˜[01m[Kclass master_jo::MasterRcko[m[Kâ€™} has no member named â€˜[01m[KR_YAW_MAX[m[Kâ€™
  103 |     master->ik.yaw = master->[01;31m[KR_YAW_MAX[m[K;
      |                              [01;31m[K^~~~~~~~~[m[K
[01m[K/home/yu/colcon_ws/src/master_jo/src/player.cpp:105:39:[m[K [01;31m[Kerror: [m[Kâ€˜[01m[Kusing element_type = class master_jo::MasterRcko[m[Kâ€™ {aka â€˜[01m[Kclass master_jo::MasterRcko[m[Kâ€™} has no member named â€˜[01m[KL_YAW_MAX[m[Kâ€™
  105 |   } else if (master->ik.yaw < master->[01;31m[KL_YAW_MAX[m[K) {
      |                                       [01;31m[K^~~~~~~~~[m[K
[01m[K/home/yu/colcon_ws/src/master_jo/src/player.cpp:106:30:[m[K [01;31m[Kerror: [m[Kâ€˜[01m[Kusing element_type = class master_jo::MasterRcko[m[Kâ€™ {aka â€˜[01m[Kclass master_jo::MasterRcko[m[Kâ€™} has no member named â€˜[01m[KL_YAW_MAX[m[Kâ€™
  106 |     master->ik.yaw = master->[01;31m[KL_YAW_MAX[m[K;
      |                              [01;31m[K^~~~~~~~~[m[K
[01m[K/home/yu/colcon_ws/src/master_jo/src/player.cpp:[m[K In member function â€˜[01m[Kbool master_jo::Player::visionPublish(int, int, int)[m[Kâ€™:
[01m[K/home/yu/colcon_ws/src/master_jo/src/player.cpp:114:11:[m[K [01;31m[Kerror: [m[Kâ€˜[01m[Kusing element_type = class master_jo::MasterRcko[m[Kâ€™ {aka â€˜[01m[Kclass master_jo::MasterRcko[m[Kâ€™} has no member named â€˜[01m[Kmaster2vision[m[Kâ€™
  114 |   master->[01;31m[Kmaster2vision[m[K.scanmode = scan_mode;
      |           [01;31m[K^~~~~~~~~~~~~[m[K
[01m[K/home/yu/colcon_ws/src/master_jo/src/player.cpp:115:11:[m[K [01;31m[Kerror: [m[Kâ€˜[01m[Kusing element_type = class master_jo::MasterRcko[m[Kâ€™ {aka â€˜[01m[Kclass master_jo::MasterRcko[m[Kâ€™} has no member named â€˜[01m[Kmaster2vision[m[Kâ€™
  115 |   master->[01;31m[Kmaster2vision[m[K.tilt = -45;
      |           [01;31m[K^~~~~~~~~~~~~[m[K
[01m[K/home/yu/colcon_ws/src/master_jo/src/player.cpp:116:11:[m[K [01;31m[Kerror: [m[Kâ€˜[01m[Kusing element_type = class master_jo::MasterRcko[m[Kâ€™ {aka â€˜[01m[Kclass master_jo::MasterRcko[m[Kâ€™} has no member named â€˜[01m[Kmaster2vision[m[Kâ€™
  116 |   master->[01;31m[Kmaster2vision[m[K.pan = 0;
      |           [01;31m[K^~~~~~~~~~~~~[m[K
[01m[K/home/yu/colcon_ws/src/master_jo/src/player.cpp:113:47:[m[K [01;35m[Kwarning: [m[Kunused parameter â€˜[01m[Kpan[m[Kâ€™ [[01;35m[K]8;;https://gcc.gnu.org/onlinedocs/gcc/Warning-Options.html#index-Wunused-parameter-Wunused-parameter]8;;[m[K]
  113 | bool Player::visionPublish(int scan_mode, [01;35m[Kint pan[m[K, int tilt) {
      |                                           [01;35m[K~~~~^~~[m[K
[01m[K/home/yu/colcon_ws/src/master_jo/src/player.cpp:113:56:[m[K [01;35m[Kwarning: [m[Kunused parameter â€˜[01m[Ktilt[m[Kâ€™ [[01;35m[K]8;;https://gcc.gnu.org/onlinedocs/gcc/Warning-Options.html#index-Wunused-parameter-Wunused-parameter]8;;[m[K]
  113 | bool Player::visionPublish(int scan_mode, int pan, [01;35m[Kint tilt[m[K) {
      |                                                    [01;35m[K~~~~^~~~[m[K
[01m[K/home/yu/colcon_ws/src/master_jo/src/player.cpp:[m[K In member function â€˜[01m[Kbool master_jo::Player::udpPublish()[m[Kâ€™:
[01m[K/home/yu/colcon_ws/src/master_jo/src/player.cpp:122:11:[m[K [01;31m[Kerror: [m[Kâ€˜[01m[Kusing element_type = class master_jo::MasterRcko[m[Kâ€™ {aka â€˜[01m[Kclass master_jo::MasterRcko[m[Kâ€™} has no member named â€˜[01m[Kmaster2udp[m[Kâ€™
  122 |   master->[01;31m[Kmaster2udp[m[K.robotnum = master->gameControlData.robotnum;
      |           [01;31m[K^~~~~~~~~~[m[K
[01m[K/home/yu/colcon_ws/src/master_jo/src/player.cpp:123:11:[m[K [01;31m[Kerror: [m[Kâ€˜[01m[Kusing element_type = class master_jo::MasterRcko[m[Kâ€™ {aka â€˜[01m[Kclass master_jo::MasterRcko[m[Kâ€™} has no member named â€˜[01m[Kmaster2udp[m[Kâ€™
  123 |   master->[01;31m[Kmaster2udp[m[K.robotstate = robot_state;
      |           [01;31m[K^~~~~~~~~~[m[K
[01m[K/home/yu/colcon_ws/src/master_jo/src/player.cpp:124:11:[m[K [01;31m[Kerror: [m[Kâ€˜[01m[Kusing element_type = class master_jo::MasterRcko[m[Kâ€™ {aka â€˜[01m[Kclass master_jo::MasterRcko[m[Kâ€™} has no member named â€˜[01m[Kmaster2udp[m[Kâ€™
  124 |   master->[01;31m[Kmaster2udp[m[K.robotcoorx = static_cast<int>(master->local.robot_x);
      |           [01;31m[K^~~~~~~~~~[m[K
[01m[K/home/yu/colcon_ws/src/master_jo/src/player.cpp:124:60:[m[K [01;31m[Kerror: [m[Kâ€˜[01m[Kusing element_type = class master_jo::MasterRcko[m[Kâ€™ {aka â€˜[01m[Kclass master_jo::MasterRcko[m[Kâ€™} has no member named â€˜[01m[Klocal[m[Kâ€™
  124 |   master->master2udp.robotcoorx = static_cast<int>(master->[01;31m[Klocal[m[K.robot_x);
      |                                                            [01;31m[K^~~~~[m[K
[01m[K/home/yu/colcon_ws/src/master_jo/src/player.cpp:125:11:[m[K [01;31m[Kerror: [m[Kâ€˜[01m[Kusing element_type = class master_jo::MasterRcko[m[Kâ€™ {aka â€˜[01m[Kclass master_jo::MasterRcko[m[Kâ€™} has no member named â€˜[01m[Kmaster2udp[m[Kâ€™
  125 |   master->[01;31m[Kmaster2udp[m[K.robotcoory = static_cast<int>(master->local.robot_y);
      |           [01;31m[K^~~~~~~~~~[m[K
[01m[K/home/yu/colcon_ws/src/master_jo/src/player.cpp:125:60:[m[K [01;31m[Kerror: [m[Kâ€˜[01m[Kusing element_type = class master_jo::MasterRcko[m[Kâ€™ {aka â€˜[01m[Kclass master_jo::MasterRcko[m[Kâ€™} has no member named â€˜[01m[Klocal[m[Kâ€™
  125 |   master->master2udp.robotcoory = static_cast<int>(master->[01;31m[Klocal[m[K.robot_y);
      |                                                            [01;31m[K^~~~~[m[K
[01m[K/home/yu/colcon_ws/src/master_jo/src/player.cpp:126:11:[m[K [01;31m[Kerror: [m[Kâ€˜[01m[Kusing element_type = class master_jo::MasterRcko[m[Kâ€™ {aka â€˜[01m[Kclass master_jo::MasterRcko[m[Kâ€™} has no member named â€˜[01m[Kmaster2udp[m[Kâ€™
  126 |   master->[01;31m[Kmaster2udp[m[K.robotimuyaw = static_cast<int>(master->imu.yaw);
      |           [01;31m[K^~~~~~~~~~[m[K
[01m[K/home/yu/colcon_ws/src/master_jo/src/player.cpp:126:61:[m[K [01;31m[Kerror: [m[Kâ€˜[01m[Kusing element_type = class master_jo::MasterRcko[m[Kâ€™ {aka â€˜[01m[Kclass master_jo::MasterRcko[m[Kâ€™} has no member named â€˜[01m[Kimu[m[Kâ€™
  126 |   master->master2udp.robotimuyaw = static_cast<int>(master->[01;31m[Kimu[m[K.yaw);
      |                                                             [01;31m[K^~~[m[K
[01m[K/home/yu/colcon_ws/src/master_jo/src/player.cpp:127:11:[m[K [01;31m[Kerror: [m[Kâ€˜[01m[Kusing element_type = class master_jo::MasterRcko[m[Kâ€™ {aka â€˜[01m[Kclass master_jo::MasterRcko[m[Kâ€™} has no member named â€˜[01m[Kmaster2udp[m[Kâ€™
  127 |   master->[01;31m[Kmaster2udp[m[K.balldist = 0;
      |           [01;31m[K^~~~~~~~~~[m[K
[01m[K/home/yu/colcon_ws/src/master_jo/src/player.cpp:128:11:[m[K [01;31m[Kerror: [m[Kâ€˜[01m[Kusing element_type = class master_jo::MasterRcko[m[Kâ€™ {aka â€˜[01m[Kclass master_jo::MasterRcko[m[Kâ€™} has no member named â€˜[01m[Kmaster2udp[m[Kâ€™
  128 |   master->[01;31m[Kmaster2udp[m[K.ballcoorx = static_cast<int>(master->local.ball_x);
      |           [01;31m[K^~~~~~~~~~[m[K
[01m[K/home/yu/colcon_ws/src/master_jo/src/player.cpp:128:59:[m[K [01;31m[Kerror: [m[Kâ€˜[01m[Kusing element_type = class master_jo::MasterRcko[m[Kâ€™ {aka â€˜[01m[Kclass master_jo::MasterRcko[m[Kâ€™} has no member named â€˜[01m[Klocal[m[Kâ€™
  128 |   master->master2udp.ballcoorx = static_cast<int>(master->[01;31m[Klocal[m[K.ball_x);
      |                                                           [01;31m[K^~~~~[m[K
[01m[K/home/yu/colcon_ws/src/master_jo/src/player.cpp:129:11:[m[K [01;31m[Kerror: [m[Kâ€˜[01m[Kusing element_type = class master_jo::MasterRcko[m[Kâ€™ {aka â€˜[01m[Kclass master_jo::MasterRcko[m[Kâ€™} has no member named â€˜[01m[Kmaster2udp[m[Kâ€™
  129 |   master->[01;31m[Kmaster2udp[m[K.ballcoory = static_cast<int>(master->local.ball_y);
      |           [01;31m[K^~~~~~~~~~[m[K
[01m[K/home/yu/colcon_ws/src/master_jo/src/player.cpp:129:59:[m[K [01;31m[Kerror: [m[Kâ€˜[01m[Kusing element_type = class master_jo::MasterRcko[m[Kâ€™ {aka â€˜[01m[Kclass master_jo::MasterRcko[m[Kâ€™} has no member named â€˜[01m[Klocal[m[Kâ€™
  129 |   master->master2udp.ballcoory = static_cast<int>(master->[01;31m[Klocal[m[K.ball_y);
      |                                                           [01;31m[K^~~~~[m[K
[01m[K/home/yu/colcon_ws/src/master_jo/src/player.cpp:130:11:[m[K [01;31m[Kerror: [m[Kâ€˜[01m[Kusing element_type = class master_jo::MasterRcko[m[Kâ€™ {aka â€˜[01m[Kclass master_jo::MasterRcko[m[Kâ€™} has no member named â€˜[01m[Kmaster2udp[m[Kâ€™
  130 |   master->[01;31m[Kmaster2udp[m[K.myteam = static_cast<int>(master->gameControlData.myteam);
      |           [01;31m[K^~~~~~~~~~[m[K
[01m[K/home/yu/colcon_ws/src/master_jo/src/player.cpp:132:32:[m[K [01;31m[Kerror: [m[Kâ€˜[01m[Kusing element_type = class master_jo::MasterRcko[m[Kâ€™ {aka â€˜[01m[Kclass master_jo::MasterRcko[m[Kâ€™} has no member named â€˜[01m[Kvision[m[Kâ€™
  132 |   if (static_cast<int>(master->[01;31m[Kvision[m[K.ball_d) == 0) {
      |                                [01;31m[K^~~~~~[m[K
[01m[K/home/yu/colcon_ws/src/master_jo/src/player.cpp:133:13:[m[K [01;31m[Kerror: [m[Kâ€˜[01m[Kusing element_type = class master_jo::MasterRcko[m[Kâ€™ {aka â€˜[01m[Kclass master_jo::MasterRcko[m[Kâ€™} has no member named â€˜[01m[Kmaster2udp[m[Kâ€™
  133 |     master->[01;31m[Kmaster2udp[m[K.ballcoorx = 0;
      |             [01;31m[K^~~~~~~~~~[m[K
[01m[K/home/yu/colcon_ws/src/master_jo/src/player.cpp:134:13:[m[K [01;31m[Kerror: [m[Kâ€˜[01m[Kusing element_type = class master_jo::MasterRcko[m[Kâ€™ {aka â€˜[01m[Kclass master_jo::MasterRcko[m[Kâ€™} has no member named â€˜[01m[Kmaster2udp[m[Kâ€™
  134 |     master->[01;31m[Kmaster2udp[m[K.ballcoory = 0;
      |             [01;31m[K^~~~~~~~~~[m[K
[01m[K/home/yu/colcon_ws/src/master_jo/src/player.cpp:[m[K In member function â€˜[01m[Kbool master_jo::Player::localPublish()[m[Kâ€™:
[01m[K/home/yu/colcon_ws/src/master_jo/src/player.cpp:142:13:[m[K [01;31m[Kerror: [m[Kâ€˜[01m[Kusing element_type = class master_jo::MasterRcko[m[Kâ€™ {aka â€˜[01m[Kclass master_jo::MasterRcko[m[Kâ€™} has no member named â€˜[01m[Kmaster2local[m[Kâ€™
  142 |     master->[01;31m[Kmaster2local[m[K.targetx = 0;
      |             [01;31m[K^~~~~~~~~~~~[m[K
[01m[K/home/yu/colcon_ws/src/master_jo/src/player.cpp:143:13:[m[K [01;31m[Kerror: [m[Kâ€˜[01m[Kusing element_type = class master_jo::MasterRcko[m[Kâ€™ {aka â€˜[01m[Kclass master_jo::MasterRcko[m[Kâ€™} has no member named â€˜[01m[Kmaster2local[m[Kâ€™
  143 |     master->[01;31m[Kmaster2local[m[K.targety = 0;
      |             [01;31m[K^~~~~~~~~~~~[m[K
[01m[K/home/yu/colcon_ws/src/master_jo/src/../include/master_jo/master_jo_node.hpp:66:33:[m[K [01;31m[Kerror: [m[Kâ€˜[01m[KRobocuplocalization25[m[Kâ€™ is not a member of â€˜[01m[Khumanoid_interfaces::msg[m[Kâ€™
   66 |       humanoid_interfaces::msg::[01;31m[KRobocuplocalization25[m[K>::SharedPtr local_sub;
      |                                 [01;31m[K^~~~~~~~~~~~~~~~~~~~~[m[K
[01m[K/home/yu/colcon_ws/src/master_jo/src/../include/master_jo/master_jo_node.hpp:66:54:[m[K [01;31m[Kerror: [m[Ktemplate argument 1 is invalid
   66 |       humanoid_interfaces::msg::Robocuplocalization25[01;31m[K>[m[K::SharedPtr local_sub;
      |                                                      [01;31m[K^[m[K
[01m[K/home/yu/colcon_ws/src/master_jo/src/../include/master_jo/master_jo_node.hpp:66:54:[m[K [01;31m[Kerror: [m[Ktemplate argument 3 is invalid
[01m[K/home/yu/colcon_ws/src/master_jo/src/../include/master_jo/master_jo_node.hpp:66:54:[m[K [01;31m[Kerror: [m[Ktemplate argument 4 is invalid
[01m[K/home/yu/colcon_ws/src/master_jo/src/../include/master_jo/master_jo_node.hpp:66:54:[m[K [01;31m[Kerror: [m[Ktemplate argument 5 is invalid
[01m[K/home/yu/colcon_ws/src/master_jo/src/../include/master_jo/master_jo_node.hpp:66:57:[m[K [01;31m[Kerror: [m[Kexpected â€˜[01m[K;[m[Kâ€™ at end of member declaration
   66 |       humanoid_interfaces::msg::Robocuplocalization25>::[01;31m[KSharedPtr[m[K local_sub;
      |                                                         [01;31m[K^~~~~~~~~[m[K
      |                                                                  [32m[K;[m[K
[01m[K/home/yu/colcon_ws/src/master_jo/src/../include/master_jo/master_jo_node.hpp:66:57:[m[K [01;31m[Kerror: [m[Kredeclaration of â€˜[01m[Kint master_jo::MasterJoNode::SharedPtr[m[Kâ€™
[01m[K/home/yu/colcon_ws/src/master_jo/src/../include/master_jo/master_jo_node.hpp:59:59:[m[K [01;36m[Knote: [m[Kprevious declaration â€˜[01m[Kint master_jo::MasterJoNode::SharedPtr[m[Kâ€™
   59 |   rclcpp::Subscription<humanoid_interfaces::msg::ImuMsg>::[01;36m[KSharedPtr[m[K imu_sub;
      |                                                           [01;36m[K^~~~~~~~~[m[K
[01m[K/home/yu/colcon_ws/src/master_jo/src/../include/master_jo/master_jo_node.hpp:66:67:[m[K [01;31m[Kerror: [m[Kâ€˜[01m[Klocal_sub[m[Kâ€™ does not name a type
   66 |       humanoid_interfaces::msg::Robocuplocalization25>::SharedPtr [01;31m[Klocal_sub[m[K;
      |                                                                   [01;31m[K^~~~~~~~~[m[K
[01m[K/home/yu/colcon_ws/src/master_jo/src/../include/master_jo/master_jo_node.hpp:67:50:[m[K [01;31m[Kerror: [m[Kâ€˜[01m[KUdp2master[m[Kâ€™ is not a member of â€˜[01m[Khumanoid_interfaces::msg[m[Kâ€™
   67 |   rclcpp::Subscription<humanoid_interfaces::msg::[01;31m[KUdp2master[m[K>::SharedPtr udp_sub;
      |                                                  [01;31m[K^~~~~~~~~~[m[K
[01m[K/home/yu/colcon_ws/src/master_jo/src/../include/master_jo/master_jo_node.hpp:67:60:[m[K [01;31m[Kerror: [m[Ktemplate argument 1 is invalid
   67 |   rclcpp::Subscription<humanoid_interfaces::msg::Udp2master[01;31m[K>[m[K::SharedPtr udp_sub;
      |                                                            [01;31m[K^[m[K
[01m[K/home/yu/colcon_ws/src/master_jo/src/../include/master_jo/master_jo_node.hpp:67:60:[m[K [01;31m[Kerror: [m[Ktemplate argument 3 is invalid
[01m[K/home/yu/colcon_ws/src/master_jo/src/../include/master_jo/master_jo_node.hpp:67:60:[m[K [01;31m[Kerror: [m[Ktemplate argument 4 is invalid
[01m[K/home/yu/colcon_ws/src/master_jo/src/../include/master_jo/master_jo_node.hpp:67:60:[m[K [01;31m[Kerror: [m[Ktemplate argument 5 is invalid
[01m[K/home/yu/colcon_ws/src/master_jo/src/../include/master_jo/master_jo_node.hpp:67:63:[m[K [01;31m[Kerror: [m[Kexpected â€˜[01m[K;[m[Kâ€™ at end of member declaration
   67 |   rclcpp::Subscription<humanoid_interfaces::msg::Udp2master>::[01;31m[KSharedPtr[m[K udp_sub;
      |                                                               [01;31m[K^~~~~~~~~[m[K
      |                                                                        [32m[K;[m[K
[01m[K/home/yu/colcon_ws/src/master_jo/src/../include/master_jo/master_jo_node.hpp:67:63:[m[K [01;31m[Kerror: [m[Kredeclaration of â€˜[01m[Kint master_jo::MasterJoNode::SharedPtr[m[Kâ€™
[01m[K/home/yu/colcon_ws/src/master_jo/src/../include/master_jo/master_jo_node.hpp:59:59:[m[K [01;36m[Knote: [m[Kprevious declaration â€˜[01m[Kint master_jo::MasterJoNode::SharedPtr[m[Kâ€™
   59 |   rclcpp::Subscription<humanoid_interfaces::msg::ImuMsg>::[01;36m[KSharedPtr[m[K imu_sub;
      |                                                           [01;36m[K^~~~~~~~~[m[K
[01m[K/home/yu/colcon_ws/src/master_jo/src/../include/master_jo/master_jo_node.hpp:67:73:[m[K [01;31m[Kerror: [m[Kâ€˜[01m[Kudp_sub[m[Kâ€™ does not name a type
   67 |   rclcpp::Subscription<humanoid_interfaces::msg::Udp2master>::SharedPtr [01;31m[Kudp_sub[m[K;
      |                                                                         [01;31m[K^~~~~~~[m[K
[01m[K/home/yu/colcon_ws/src/master_jo/src/../include/master_jo/master_jo_node.hpp:68:50:[m[K [01;31m[Kerror: [m[Kâ€˜[01m[KMotionOperator[m[Kâ€™ is not a member of â€˜[01m[Khumanoid_interfaces::msg[m[Kâ€™
   68 |   rclcpp::Subscription<humanoid_interfaces::msg::[01;31m[KMotionOperator[m[K>::SharedPtr
      |                                                  [01;31m[K^~~~~~~~~~~~~~[m[K
[01m[K/home/yu/colcon_ws/src/master_jo/src/../include/master_jo/master_jo_node.hpp:68:64:[m[K [01;31m[Kerror: [m[Ktemplate argument 1 is invalid
   68 |   rclcpp::Subscription<humanoid_interfaces::msg::MotionOperator[01;31m[K>[m[K::SharedPtr
      |                                                                [01;31m[K^[m[K
[01m[K/home/yu/colcon_ws/src/master_jo/src/../include/master_jo/master_jo_node.hpp:68:64:[m[K [01;31m[Kerror: [m[Ktemplate argument 3 is invalid
[01m[K/home/yu/colcon_ws/src/master_jo/src/../include/master_jo/master_jo_node.hpp:68:64:[m[K [01;31m[Kerror: [m[Ktemplate argument 4 is invalid
[01m[K/home/yu/colcon_ws/src/master_jo/src/../include/master_jo/master_jo_node.hpp:68:64:[m[K [01;31m[Kerror: [m[Ktemplate argument 5 is invalid
[01m[K/home/yu/colcon_ws/src/master_jo/src/../include/master_jo/master_jo_node.hpp:68:67:[m[K [01;31m[Kerror: [m[Kexpected â€˜[01m[K;[m[Kâ€™ at end of member declaration
   68 |   rclcpp::Subscription<humanoid_interfaces::msg::MotionOperator>::[01;31m[KSharedPtr[m[K
      |                                                                   [01;31m[K^~~~~~~~~[m[K
      |                                                                            [32m[K;[m[K
[01m[K/home/yu/colcon_ws/src/master_jo/src/../include/master_jo/master_jo_node.hpp:68:67:[m[K [01;31m[Kerror: [m[Kredeclaration of â€˜[01m[Kint master_jo::MasterJoNode::SharedPtr[m[Kâ€™
[01m[K/home/yu/colcon_ws/src/master_jo/src/../include/master_jo/master_jo_node.hpp:59:59:[m[K [01;36m[Knote: [m[Kprevious declaration â€˜[01m[Kint master_jo::MasterJoNode::SharedPtr[m[Kâ€™
   59 |   rclcpp::Subscription<humanoid_interfaces::msg::ImuMsg>::[01;36m[KSharedPtr[m[K imu_sub;
      |                                                           [01;36m[K^~~~~~~~~[m[K
[01m[K/home/yu/colcon_ws/src/master_jo/src/../include/master_jo/master_jo_node.hpp:69:7:[m[K [01;31m[Kerror: [m[Kâ€˜[01m[KmotionSub[m[Kâ€™ does not name a type
   69 |       [01;31m[KmotionSub[m[K;
      |       [01;31m[K^~~~~~~~~[m[K
[01m[K/home/yu/colcon_ws/src/master_jo/src/../include/master_jo/master_jo_node.hpp:70:50:[m[K [01;31m[Kerror: [m[Kâ€˜[01m[KPidtuning[m[Kâ€™ is not a member of â€˜[01m[Khumanoid_interfaces::msg[m[Kâ€™
   70 |   rclcpp::Subscription<humanoid_interfaces::msg::[01;31m[KPidtuning[m[K>::SharedPtr pid_sub;
      |                                                  [01;31m[K^~~~~~~~~[m[K
[01m[K/home/yu/colcon_ws/src/master_jo/src/../include/master_jo/master_jo_node.hpp:70:59:[m[K [01;31m[Kerror: [m[Ktemplate argument 1 is invalid
   70 |   rclcpp::Subscription<humanoid_interfaces::msg::Pidtuning[01;31m[K>[m[K::SharedPtr pid_sub;
      |                                                           [01;31m[K^[m[K
[01m[K/home/yu/colcon_ws/src/master_jo/src/../include/master_jo/master_jo_node.hpp:70:59:[m[K [01;31m[Kerror: [m[Ktemplate argument 3 is invalid
[01m[K/home/yu/colcon_ws/src/master_jo/src/../include/master_jo/master_jo_node.hpp:70:59:[m[K [01;31m[Kerror: [m[Ktemplate argument 4 is invalid
[01m[K/home/yu/colcon_ws/src/master_jo/src/../include/master_jo/master_jo_node.hpp:70:59:[m[K [01;31m[Kerror: [m[Ktemplate argument 5 is invalid
[01m[K/home/yu/colcon_ws/src/master_jo/src/../include/master_jo/master_jo_node.hpp:70:62:[m[K [01;31m[Kerror: [m[Kexpected â€˜[01m[K;[m[Kâ€™ at end of member declaration
   70 |   rclcpp::Subscription<humanoid_interfaces::msg::Pidtuning>::[01;31m[KSharedPtr[m[K pid_sub;
      |                                                              [01;31m[K^~~~~~~~~[m[K
      |                                                                       [32m[K;[m[K
[01m[K/home/yu/colcon_ws/src/master_jo/src/../include/master_jo/master_jo_node.hpp:70:62:[m[K [01;31m[Kerror: [m[Kredeclaration of â€˜[01m[Kint master_jo::MasterJoNode::SharedPtr[m[Kâ€™
[01m[K/home/yu/colcon_ws/src/master_jo/src/../include/master_jo/master_jo_node.hpp:59:59:[m[K [01;36m[Knote: [m[Kprevious declaration â€˜[01m[Kint master_jo::MasterJoNode::SharedPtr[m[Kâ€™
   59 |   rclcpp::Subscription<humanoid_interfaces::msg::ImuMsg>::[01;36m[KSharedPtr[m[K imu_sub;
      |                                                           [01;36m[K^~~~~~~~~[m[K
[01m[K/home/yu/colcon_ws/src/master_jo/src/../include/master_jo/master_jo_node.hpp:70:72:[m[K [01;31m[Kerror: [m[Kâ€˜[01m[Kpid_sub[m[Kâ€™ does not name a type; did you mean â€˜[01m[Kpid_t[m[Kâ€™?
   70 |   rclcpp::Subscription<humanoid_interfaces::msg::Pidtuning>::SharedPtr [01;31m[Kpid_sub[m[K;
      |                                                                        [01;31m[K^~~~~~~[m[K
      |                                                                        [32m[Kpid_t[m[K
[01m[K/home/yu/colcon_ws/src/master_jo/src/../include/master_jo/master_jo_node.hpp:75:33:[m[K [01;31m[Kerror: [m[Kâ€˜[01m[KMaster2vision25[m[Kâ€™ is not a member of â€˜[01m[Khumanoid_interfaces::msg[m[Kâ€™
   75 |       humanoid_interfaces::msg::[01;31m[KMaster2vision25[m[K>::SharedPtr vision_pub;
      |                                 [01;31m[K^~~~~~~~~~~~~~~[m[K
[01m[K/home/yu/colcon_ws/src/master_jo/src/../include/master_jo/master_jo_node.hpp:75:48:[m[K [01;31m[Kerror: [m[Ktemplate argument 1 is invalid
   75 |       humanoid_interfaces::msg::Master2vision25[01;31m[K>[m[K::SharedPtr vision_pub;
      |                                                [01;31m[K^[m[K
[01m[K/home/yu/colcon_ws/src/master_jo/src/../include/master_jo/master_jo_node.hpp:75:51:[m[K [01;31m[Kerror: [m[Kexpected â€˜[01m[K;[m[Kâ€™ at end of member declaration
   75 |       humanoid_interfaces::msg::Master2vision25>::[01;31m[KSharedPtr[m[K vision_pub;
      |                                                   [01;31m[K^~~~~~~~~[m[K
      |                                                            [32m[K;[m[K
[01m[K/home/yu/colcon_ws/src/master_jo/src/../include/master_jo/master_jo_node.hpp:75:51:[m[K [01;31m[Kerror: [m[Kredeclaration of â€˜[01m[Kint master_jo::MasterJoNode::SharedPtr[m[Kâ€™
[01m[K/home/yu/colcon_ws/src/master_jo/src/../include/master_jo/master_jo_node.hpp:59:59:[m[K [01;36m[Knote: [m[Kprevious declaration â€˜[01m[Kint master_jo::MasterJoNode::SharedPtr[m[Kâ€™
   59 |   rclcpp::Subscription<humanoid_interfaces::msg::ImuMsg>::[01;36m[KSharedPtr[m[K imu_sub;
      |                                                           [01;36m[K^~~~~~~~~[m[K
[01m[K/home/yu/colcon_ws/src/master_jo/src/../include/master_jo/master_jo_node.hpp:75:61:[m[K [01;31m[Kerror: [m[Kâ€˜[01m[Kvision_pub[m[Kâ€™ does not name a type
   75 |       humanoid_interfaces::msg::Master2vision25>::SharedPtr [01;31m[Kvision_pub[m[K;
      |                                                             [01;31m[K^~~~~~~~~~[m[K
[01m[K/home/yu/colcon_ws/src/master_jo/src/../include/master_jo/master_jo_node.hpp:77:33:[m[K [01;31m[Kerror: [m[Kâ€˜[01m[KGamecontrolreturndata[m[Kâ€™ is not a member of â€˜[01m[Khumanoid_interfaces::msg[m[Kâ€™; did you mean â€˜[01m[KGamecontroldata[m[Kâ€™?
   77 |       humanoid_interfaces::msg::[01;31m[KGamecontrolreturndata[m[K>::SharedPtr
      |                                 [01;31m[K^~~~~~~~~~~~~~~~~~~~~[m[K
      |                                 [32m[KGamecontroldata[m[K
[01m[K/home/yu/colcon_ws/src/master_jo/src/../include/master_jo/master_jo_node.hpp:77:54:[m[K [01;31m[Kerror: [m[Ktemplate argument 1 is invalid
   77 |       humanoid_interfaces::msg::Gamecontrolreturndata[01;31m[K>[m[K::SharedPtr
      |                                                      [01;31m[K^[m[K
[01m[K/home/yu/colcon_ws/src/master_jo/src/../include/master_jo/master_jo_node.hpp:77:57:[m[K [01;31m[Kerror: [m[Kexpected â€˜[01m[K;[m[Kâ€™ at end of member declaration
   77 |       humanoid_interfaces::msg::Gamecontrolreturndata>::[01;31m[KSharedPtr[m[K
      |                                                         [01;31m[K^~~~~~~~~[m[K
      |                                                                  [32m[K;[m[K
[01m[K/home/yu/colcon_ws/src/master_jo/src/../include/master_jo/master_jo_node.hpp:77:57:[m[K [01;31m[Kerror: [m[Kredeclaration of â€˜[01m[Kint master_jo::MasterJoNode::SharedPtr[m[Kâ€™
[01m[K/home/yu/colcon_ws/src/master_jo/src/../include/master_jo/master_jo_node.hpp:59:59:[m[K [01;36m[Knote: [m[Kprevious declaration â€˜[01m[Kint master_jo::MasterJoNode::SharedPtr[m[Kâ€™
   59 |   rclcpp::Subscription<humanoid_interfaces::msg::ImuMsg>::[01;36m[KSharedPtr[m[K imu_sub;
      |                                                           [01;36m[K^~~~~~~~~[m[K
[01m[K/home/yu/colcon_ws/src/master_jo/src/../include/master_jo/master_jo_node.hpp:78:7:[m[K [01;31m[Kerror: [m[Kâ€˜[01m[Kgamecontrol_pub[m[Kâ€™ does not name a type
   78 |       [01;31m[Kgamecontrol_pub[m[K;
      |       [01;31m[K^~~~~~~~~~~~~~~[m[K
[01m[K/home/yu/colcon_ws/src/master_jo/src/../include/master_jo/master_jo_node.hpp:80:33:[m[K [01;31m[Kerror: [m[Kâ€˜[01m[KMaster2localization25[m[Kâ€™ is not a member of â€˜[01m[Khumanoid_interfaces::msg[m[Kâ€™
   80 |       humanoid_interfaces::msg::[01;31m[KMaster2localization25[m[K>::SharedPtr local_pub;
      |                                 [01;31m[K^~~~~~~~~~~~~~~~~~~~~[m[K
[01m[K/home/yu/colcon_ws/src/master_jo/src/../include/master_jo/master_jo_node.hpp:80:54:[m[K [01;31m[Kerror: [m[Ktemplate argument 1 is invalid
   80 |       humanoid_interfaces::msg::Master2localization25[01;31m[K>[m[K::SharedPtr local_pub;
      |                                                      [01;31m[K^[m[K
[01m[K/home/yu/colcon_ws/src/master_jo/src/../include/master_jo/master_jo_node.hpp:80:57:[m[K [01;31m[Kerror: [m[Kexpected â€˜[01m[K;[m[Kâ€™ at end of member declaration
   80 |       humanoid_interfaces::msg::Master2localization25>::[01;31m[KSharedPtr[m[K local_pub;
      |                                                         [01;31m[K^~~~~~~~~[m[K
      |                                                                  [32m[K;[m[K
[01m[K/home/yu/colcon_ws/src/master_jo/src/../include/master_jo/master_jo_node.hpp:80:57:[m[K [01;31m[Kerror: [m[Kredeclaration of â€˜[01m[Kint master_jo::MasterJoNode::SharedPtr[m[Kâ€™
[01m[K/home/yu/colcon_ws/src/master_jo/src/../include/master_jo/master_jo_node.hpp:59:59:[m[K [01;36m[Knote: [m[Kprevious declaration â€˜[01m[Kint master_jo::MasterJoNode::SharedPtr[m[Kâ€™
   59 |   rclcpp::Subscription<humanoid_interfaces::msg::ImuMsg>::[01;36m[KSharedPtr[m[K imu_sub;
      |                                                           [01;36m[K^~~~~~~~~[m[K
[01m[K/home/yu/colcon_ws/src/master_jo/src/../include/master_jo/master_jo_node.hpp:80:67:[m[K [01;31m[Kerror: [m[Kâ€˜[01m[Klocal_pub[m[Kâ€™ does not name a type
   80 |       humanoid_interfaces::msg::Master2localization25>::SharedPtr [01;31m[Klocal_pub[m[K;
      |                                                                   [01;31m[K^~~~~~~~~[m[K
[01m[K/home/yu/colcon_ws/src/master_jo/src/../include/master_jo/master_jo_node.hpp:82:33:[m[K [01;31m[Kerror: [m[Kâ€˜[01m[KMaster2udp[m[Kâ€™ is not a member of â€˜[01m[Khumanoid_interfaces::msg[m[Kâ€™
   82 |       humanoid_interfaces::msg::[01;31m[KMaster2udp[m[K>::SharedPtr udp_pub;
      |                                 [01;31m[K^~~~~~~~~~[m[K
[01m[K/home/yu/colcon_ws/src/master_jo/src/../include/master_jo/master_jo_node.hpp:82:43:[m[K [01;31m[Kerror: [m[Ktemplate argument 1 is invalid
   82 |       humanoid_interfaces::msg::Master2udp[01;31m[K>[m[K::SharedPtr udp_pub;
      |                                           [01;31m[K^[m[K
[01m[K/home/yu/colcon_ws/src/master_jo/src/../include/master_jo/master_jo_node.hpp:82:46:[m[K [01;31m[Kerror: [m[Kexpected â€˜[01m[K;[m[Kâ€™ at end of member declaration
   82 |       humanoid_interfaces::msg::Master2udp>::[01;31m[KSharedPtr[m[K udp_pub;
      |                                              [01;31m[K^~~~~~~~~[m[K
      |                                                       [32m[K;[m[K
[01m[K/home/yu/colcon_ws/src/master_jo/src/../include/master_jo/master_jo_node.hpp:82:46:[m[K [01;31m[Kerror: [m[Kredeclaration of â€˜[01m[Kint master_jo::MasterJoNode::SharedPtr[m[Kâ€™
[01m[K/home/yu/colcon_ws/src/master_jo/src/../include/master_jo/master_jo_node.hpp:59:59:[m[K [01;36m[Knote: [m[Kprevious declaration â€˜[01m[Kint master_jo::MasterJoNode::SharedPtr[m[Kâ€™
   59 |   rclcpp::Subscription<humanoid_interfaces::msg::ImuMsg>::[01;36m[KSharedPtr[m[K imu_sub;
      |                                                           [01;36m[K^~~~~~~~~[m[K
[01m[K/home/yu/colcon_ws/src/master_jo/src/../include/master_jo/master_jo_node.hpp:82:56:[m[K [01;31m[Kerror: [m[Kâ€˜[01m[Kudp_pub[m[Kâ€™ does not name a type
   82 |       humanoid_interfaces::msg::Master2udp>::SharedPtr [01;31m[Kudp_pub[m[K;
      |                                                        [01;31m[K^~~~~~~[m[K
[01m[K/home/yu/colcon_ws/src/master_jo/src/../include/master_jo/master_jo_node.hpp:84:33:[m[K [01;31m[Kerror: [m[Kâ€˜[01m[KMotionOperator[m[Kâ€™ is not a member of â€˜[01m[Khumanoid_interfaces::msg[m[Kâ€™
   84 |       humanoid_interfaces::msg::[01;31m[KMotionOperator[m[K>::SharedPtr motionPub;
      |                                 [01;31m[K^~~~~~~~~~~~~~[m[K
[01m[K/home/yu/colcon_ws/src/master_jo/src/../include/master_jo/master_jo_node.hpp:84:47:[m[K [01;31m[Kerror: [m[Ktemplate argument 1 is invalid
   84 |       humanoid_interfaces::msg::MotionOperator[01;31m[K>[m[K::SharedPtr motionPub;
      |                                               [01;31m[K^[m[K
[01m[K/home/yu/colcon_ws/src/master_jo/src/../include/master_jo/master_jo_node.hpp:84:50:[m[K [01;31m[Kerror: [m[Kexpected â€˜[01m[K;[m[Kâ€™ at end of member declaration
   84 |       humanoid_interfaces::msg::MotionOperator>::[01;31m[KSharedPtr[m[K motionPub;
      |                                                  [01;31m[K^~~~~~~~~[m[K
      |                                                           [32m[K;[m[K
[01m[K/home/yu/colcon_ws/src/master_jo/src/../include/master_jo/master_jo_node.hpp:84:50:[m[K [01;31m[Kerror: [m[Kredeclaration of â€˜[01m[Kint master_jo::MasterJoNode::SharedPtr[m[Kâ€™
[01m[K/home/yu/colcon_ws/src/master_jo/src/../include/master_jo/master_jo_node.hpp:59:59:[m[K [01;36m[Knote: [m[Kprevious declaration â€˜[01m[Kint master_jo::MasterJoNode::SharedPtr[m[Kâ€™
   59 |   rclcpp::Subscription<humanoid_interfaces::msg::ImuMsg>::[01;36m[KSharedPtr[m[K imu_sub;
      |                                                           [01;36m[K^~~~~~~~~[m[K
[01m[K/home/yu/colcon_ws/src/master_jo/src/../include/master_jo/master_jo_node.hpp:84:60:[m[K [01;31m[Kerror: [m[Kâ€˜[01m[KmotionPub[m[Kâ€™ does not name a type
   84 |       humanoid_interfaces::msg::MotionOperator>::SharedPtr [01;31m[KmotionPub[m[K;
      |                                                            [01;31m[K^~~~~~~~~[m[K
[01m[K/home/yu/colcon_ws/src/master_jo/src/../include/master_jo/master_jo_node.hpp:110:15:[m[K [01;31m[Kerror: [m[Kâ€˜[01m[KSTATE_PLAYING[m[Kâ€™ was not declared in this scope
  110 |   int state = [01;31m[KSTATE_PLAYING[m[K;
      |               [01;31m[K^~~~~~~~~~~~~[m[K
[01m[K/home/yu/colcon_ws/src/master_jo/src/master_jo_node.cpp:[m[K In member function â€˜[01m[Kvirtual rclcpp_lifecycle::node_interfaces::LifecycleNodeInterface::CallbackReturn master_jo::MasterJoNode::on_configure(const rclcpp_lifecycle::State&)[m[Kâ€™:
[01m[K/home/yu/colcon_ws/src/master_jo/src/master_jo_node.cpp:22:3:[m[K [01;31m[Kerror: [m[Kâ€˜[01m[Kvision_pub[m[Kâ€™ was not declared in this scope
   22 |   [01;31m[Kvision_pub[m[K = create_publisher<humanoid_interfaces::msg::Master2vision25>(
      |   [01;31m[K^~~~~~~~~~[m[K
[01m[K/home/yu/colcon_ws/src/master_jo/src/master_jo_node.cpp:22:59:[m[K [01;31m[Kerror: [m[Kâ€˜[01m[KMaster2vision25[m[Kâ€™ is not a member of â€˜[01m[Khumanoid_interfaces::msg[m[Kâ€™
   22 |   vision_pub = create_publisher<humanoid_interfaces::msg::[01;31m[KMaster2vision25[m[K>(
      |                                                           [01;31m[K^~~~~~~~~~~~~~~[m[K
[01m[K/home/yu/colcon_ws/src/master_jo/src/master_jo_node.cpp:22:75:[m[K [01;31m[Kerror: [m[Kno matching function for call to â€˜[01m[Kmaster_jo::MasterJoNode::create_publisher<<expression error> >(const char [14], int)[m[Kâ€™
   22 |   vision_pub = [01;31m[Kcreate_publisher<humanoid_interfaces::msg::Master2vision25>([m[K
      |                [01;31m[K~~~~~~~~~~~~~~~~~~~~~~~~~~~~~~~~~~~~~~~~~~~~~~~~~~~~~~~~~~~^[m[K
   23 | [01;31m[K      "master2vision", 10)[m[K;
      |       [01;31m[K~~~~~~~~~~~~~~~~~~~~[m[K                                                 
In file included from [01m[K/opt/ros/humble/include/rclcpp_lifecycle/rclcpp_lifecycle/lifecycle_node.hpp:996[m[K,
                 from [01m[K/home/yu/colcon_ws/src/master_jo/src/../include/master_jo/master_jo_node.hpp:6[m[K,
                 from [01m[K/home/yu/colcon_ws/src/master_jo/src/master_jo_node.cpp:1[m[K:
[01m[K/opt/ros/humble/include/rclcpp_lifecycle/rclcpp_lifecycle/lifecycle_node_impl.hpp:46:1:[m[K [01;36m[Knote: [m[Kcandidate: â€˜[01m[Ktemplate<class MessageT, class AllocatorT> std::shared_ptr<rclcpp_lifecycle::LifecyclePublisher<MessageT, Alloc> > rclcpp_lifecycle::LifecycleNode::create_publisher(const string&, const rclcpp::QoS&, const rclcpp::PublisherOptionsWithAllocator<AllocatorT>&)[m[Kâ€™
   46 | [01;36m[KLifecycleNode[m[K::create_publisher(
      | [01;36m[K^~~~~~~~~~~~~[m[K
[01m[K/opt/ros/humble/include/rclcpp_lifecycle/rclcpp_lifecycle/lifecycle_node_impl.hpp:46:1:[m[K [01;36m[Knote: [m[K  template argument deduction/substitution failed:
[01m[K/home/yu/colcon_ws/src/master_jo/src/master_jo_node.cpp:22:75:[m[K [01;31m[Kerror: [m[Ktemplate argument 1 is invalid
   22 |   vision_pub = [01;31m[Kcreate_publisher<humanoid_interfaces::msg::Master2vision25>([m[K
      |                [01;31m[K~~~~~~~~~~~~~~~~~~~~~~~~~~~~~~~~~~~~~~~~~~~~~~~~~~~~~~~~~~~^[m[K
   23 | [01;31m[K      "master2vision", 10)[m[K;
      |       [01;31m[K~~~~~~~~~~~~~~~~~~~~[m[K                                                 
[01m[K/home/yu/colcon_ws/src/master_jo/src/master_jo_node.cpp:24:3:[m[K [01;31m[Kerror: [m[Kâ€˜[01m[Kgamecontrol_pub[m[Kâ€™ was not declared in this scope; did you mean â€˜[01m[Kgamecontrol_sub[m[Kâ€™?
   24 |   [01;31m[Kgamecontrol_pub[m[K =
      |   [01;31m[K^~~~~~~~~~~~~~~[m[K
      |   [32m[Kgamecontrol_sub[m[K
[01m[K/home/yu/colcon_ws/src/master_jo/src/master_jo_node.cpp:25:50:[m[K [01;31m[Kerror: [m[Kâ€˜[01m[KGamecontrolreturndata[m[Kâ€™ is not a member of â€˜[01m[Khumanoid_interfaces::msg[m[Kâ€™; did you mean â€˜[01m[KGamecontroldata[m[Kâ€™?
   25 |       create_publisher<humanoid_interfaces::msg::[01;31m[KGamecontrolreturndata[m[K>(
      |                                                  [01;31m[K^~~~~~~~~~~~~~~~~~~~~[m[K
      |                                                  [32m[KGamecontroldata[m[K
[01m[K/home/yu/colcon_ws/src/master_jo/src/master_jo_node.cpp:25:72:[m[K [01;31m[Kerror: [m[Kno matching function for call to â€˜[01m[Kmaster_jo::MasterJoNode::create_publisher<<expression error> >(const char [22], int)[m[Kâ€™
   25 |       [01;31m[Kcreate_publisher<humanoid_interfaces::msg::Gamecontrolreturndata>([m[K
      |       [01;31m[K~~~~~~~~~~~~~~~~~~~~~~~~~~~~~~~~~~~~~~~~~~~~~~~~~~~~~~~~~~~~~~~~~^[m[K
   26 | [01;31m[K          "gamecontrolreturndata", 10)[m[K;
      |           [01;31m[K~~~~~~~~~~~~~~~~~~~~~~~~~~~~[m[K                                  
In file included from [01m[K/opt/ros/humble/include/rclcpp_lifecycle/rclcpp_lifecycle/lifecycle_node.hpp:996[m[K,
                 from [01m[K/home/yu/colcon_ws/src/master_jo/src/../include/master_jo/master_jo_node.hpp:6[m[K,
                 from [01m[K/home/yu/colcon_ws/src/master_jo/src/master_jo_node.cpp:1[m[K:
[01m[K/opt/ros/humble/include/rclcpp_lifecycle/rclcpp_lifecycle/lifecycle_node_impl.hpp:46:1:[m[K [01;36m[Knote: [m[Kcandidate: â€˜[01m[Ktemplate<class MessageT, class AllocatorT> std::shared_ptr<rclcpp_lifecycle::LifecyclePublisher<MessageT, Alloc> > rclcpp_lifecycle::LifecycleNode::create_publisher(const string&, const rclcpp::QoS&, const rclcpp::PublisherOptionsWithAllocator<AllocatorT>&)[m[Kâ€™
   46 | [01;36m[KLifecycleNode[m[K::create_publisher(
      | [01;36m[K^~~~~~~~~~~~~[m[K
[01m[K/opt/ros/humble/include/rclcpp_lifecycle/rclcpp_lifecycle/lifecycle_node_impl.hpp:46:1:[m[K [01;36m[Knote: [m[K  template argument deduction/substitution failed:
[01m[K/home/yu/colcon_ws/src/master_jo/src/master_jo_node.cpp:25:72:[m[K [01;31m[Kerror: [m[Ktemplate argument 1 is invalid
   25 |       [01;31m[Kcreate_publisher<humanoid_interfaces::msg::Gamecontrolreturndata>([m[K
      |       [01;31m[K~~~~~~~~~~~~~~~~~~~~~~~~~~~~~~~~~~~~~~~~~~~~~~~~~~~~~~~~~~~~~~~~~^[m[K
   26 | [01;31m[K          "gamecontrolreturndata", 10)[m[K;
      |           [01;31m[K~~~~~~~~~~~~~~~~~~~~~~~~~~~~[m[K                                  
[01m[K/home/yu/colcon_ws/src/master_jo/src/master_jo_node.cpp:27:3:[m[K [01;31m[Kerror: [m[Kâ€˜[01m[Klocal_pub[m[Kâ€™ was not declared in this scope
   27 |   [01;31m[Klocal_pub[m[K = create_publisher<humanoid_interfaces::msg::Master2localization25>(
      |   [01;31m[K^~~~~~~~~[m[K
[01m[K/home/yu/colcon_ws/src/master_jo/src/master_jo_node.cpp:27:58:[m[K [01;31m[Kerror: [m[Kâ€˜[01m[KMaster2localization25[m[Kâ€™ is not a member of â€˜[01m[Khumanoid_interfaces::msg[m[Kâ€™
   27 |   local_pub = create_publisher<humanoid_interfaces::msg::[01;31m[KMaster2localization25[m[K>(
      |                                                          [01;31m[K^~~~~~~~~~~~~~~~~~~~~[m[K
[01m[K/home/yu/colcon_ws/src/master_jo/src/master_jo_node.cpp:27:80:[m[K [01;31m[Kerror: [m[Kno matching function for call to â€˜[01m[Kmaster_jo::MasterJoNode::create_publisher<<expression error> >(const char [13], int)[m[Kâ€™
   27 |   local_pub = [01;31m[Kcreate_publisher<humanoid_interfaces::msg::Master2localization25>([m[K
      |               [01;31m[K~~~~~~~~~~~~~~~~~~~~~~~~~~~~~~~~~~~~~~~~~~~~~~~~~~~~~~~~~~~~~~~~~^[m[K
   28 | [01;31m[K      "master2local", 10)[m[K;
      |       [01;31m[K~~~~~~~~~~~~~~~~~~~[m[K                                                       
In file included from [01m[K/opt/ros/humble/include/rclcpp_lifecycle/rclcpp_lifecycle/lifecycle_node.hpp:996[m[K,
                 from [01m[K/home/yu/colcon_ws/src/master_jo/src/../include/master_jo/master_jo_node.hpp:6[m[K,
                 from [01m[K/home/yu/colcon_ws/src/master_jo/src/master_jo_node.cpp:1[m[K:
[01m[K/opt/ros/humble/include/rclcpp_lifecycle/rclcpp_lifecycle/lifecycle_node_impl.hpp:46:1:[m[K [01;36m[Knote: [m[Kcandidate: â€˜[01m[Ktemplate<class MessageT, class AllocatorT> std::shared_ptr<rclcpp_lifecycle::LifecyclePublisher<MessageT, Alloc> > rclcpp_lifecycle::LifecycleNode::create_publisher(const string&, const rclcpp::QoS&, const rclcpp::PublisherOptionsWithAllocator<AllocatorT>&)[m[Kâ€™
   46 | [01;36m[KLifecycleNode[m[K::create_publisher(
      | [01;36m[K^~~~~~~~~~~~~[m[K
[01m[K/opt/ros/humble/include/rclcpp_lifecycle/rclcpp_lifecycle/lifecycle_node_impl.hpp:46:1:[m[K [01;36m[Knote: [m[K  template argument deduction/substitution failed:
[01m[K/home/yu/colcon_ws/src/master_jo/src/master_jo_node.cpp:27:80:[m[K [01;31m[Kerror: [m[Ktemplate argument 1 is invalid
   27 |   local_pub = [01;31m[Kcreate_publisher<humanoid_interfaces::msg::Master2localization25>([m[K
      |               [01;31m[K~~~~~~~~~~~~~~~~~~~~~~~~~~~~~~~~~~~~~~~~~~~~~~~~~~~~~~~~~~~~~~~~~^[m[K
   28 | [01;31m[K      "master2local", 10)[m[K;
      |       [01;31m[K~~~~~~~~~~~~~~~~~~~[m[K                                                       
[01m[K/home/yu/colcon_ws/src/master_jo/src/master_jo_node.cpp:29:3:[m[K [01;31m[Kerror: [m[Kâ€˜[01m[Kudp_pub[m[Kâ€™ was not declared in this scope
   29 |   [01;31m[Kudp_pub[m[K =
      |   [01;31m[K^~~~~~~[m[K
[01m[K/home/yu/colcon_ws/src/master_jo/src/master_jo_node.cpp:30:50:[m[K [01;31m[Kerror: [m[Kâ€˜[01m[KMaster2udp[m[Kâ€™ is not a member of â€˜[01m[Khumanoid_interfaces::msg[m[Kâ€™
   30 |       create_publisher<humanoid_interfaces::msg::[01;31m[KMaster2udp[m[K>("master2udp", 10);
      |                                                  [01;31m[K^~~~~~~~~~[m[K
[01m[K/home/yu/colcon_ws/src/master_jo/src/master_jo_node.cpp:30:61:[m[K [01;31m[Kerror: [m[Kno matching function for call to â€˜[01m[Kmaster_jo::MasterJoNode::create_publisher<<expression error> >(const char [11], int)[m[Kâ€™
   30 |       [01;31m[Kcreate_publisher<humanoid_interfaces::msg::Master2udp>("master2udp", 10)[m[K;
      |       [01;31m[K~~~~~~~~~~~~~~~~~~~~~~~~~~~~~~~~~~~~~~~~~~~~~~~~~~~~~~^~~~~~~~~~~~~~~~~~[m[K
In file included from [01m[K/opt/ros/humble/include/rclcpp_lifecycle/rclcpp_lifecycle/lifecycle_node.hpp:996[m[K,
                 from [01m[K/home/yu/colcon_ws/src/master_jo/src/../include/master_jo/master_jo_node.hpp:6[m[K,
                 from [01m[K/home/yu/colcon_ws/src/master_jo/src/master_jo_node.cpp:1[m[K:
[01m[K/opt/ros/humble/include/rclcpp_lifecycle/rclcpp_lifecycle/lifecycle_node_impl.hpp:46:1:[m[K [01;36m[Knote: [m[Kcandidate: â€˜[01m[Ktemplate<class MessageT, class AllocatorT> std::shared_ptr<rclcpp_lifecycle::LifecyclePublisher<MessageT, Alloc> > rclcpp_lifecycle::LifecycleNode::create_publisher(const string&, const rclcpp::QoS&, const rclcpp::PublisherOptionsWithAllocator<AllocatorT>&)[m[Kâ€™
   46 | [01;36m[KLifecycleNode[m[K::create_publisher(
      | [01;36m[K^~~~~~~~~~~~~[m[K
[01m[K/opt/ros/humble/include/rclcpp_lifecycle/rclcpp_lifecycle/lifecycle_node_impl.hpp:46:1:[m[K [01;36m[Knote: [m[K  template argument deduction/substitution failed:
[01m[K/home/yu/colcon_ws/src/master_jo/src/master_jo_node.cpp:30:61:[m[K [01;31m[Kerror: [m[Ktemplate argument 1 is invalid
   30 |       [01;31m[Kcreate_publisher<humanoid_interfaces::msg::Master2udp>("master2udp", 10)[m[K;
      |       [01;31m[K~~~~~~~~~~~~~~~~~~~~~~~~~~~~~~~~~~~~~~~~~~~~~~~~~~~~~~^~~~~~~~~~~~~~~~~~[m[K
[01m[K/home/yu/colcon_ws/src/master_jo/src/master_jo_node.cpp:31:3:[m[K [01;31m[Kerror: [m[Kâ€˜[01m[KmotionPub[m[Kâ€™ was not declared in this scope
   31 |   [01;31m[KmotionPub[m[K = create_publisher<humanoid_interfaces::msg::MotionOperator>(
      |   [01;31m[K^~~~~~~~~[m[K
[01m[K/home/yu/colcon_ws/src/master_jo/src/master_jo_node.cpp:31:58:[m[K [01;31m[Kerror: [m[Kâ€˜[01m[KMotionOperator[m[Kâ€™ is not a member of â€˜[01m[Khumanoid_interfaces::msg[m[Kâ€™
   31 |   motionPub = create_publisher<humanoid_interfaces::msg::[01;31m[KMotionOperator[m[K>(
      |                                                          [01;31m[K^~~~~~~~~~~~~~[m[K
[01m[K/home/yu/colcon_ws/src/master_jo/src/master_jo_node.cpp:31:73:[m[K [01;31m[Kerror: [m[Kno matching function for call to â€˜[01m[Kmaster_jo::MasterJoNode::create_publisher<<expression error> >(const char [16], int)[m[Kâ€™
   31 |   motionPub = [01;31m[Kcreate_publisher<humanoid_interfaces::msg::MotionOperator>([m[K
      |               [01;31m[K~~~~~~~~~~~~~~~~~~~~~~~~~~~~~~~~~~~~~~~~~~~~~~~~~~~~~~~~~~^[m[K
   32 | [01;31m[K      "motion_operator", 10)[m[K;
      |       [01;31m[K~~~~~~~~~~~~~~~~~~~~~~[m[K                                             
In file included from [01m[K/opt/ros/humble/include/rclcpp_lifecycle/rclcpp_lifecycle/lifecycle_node.hpp:996[m[K,
                 from [01m[K/home/yu/colcon_ws/src/master_jo/src/../include/master_jo/master_jo_node.hpp:6[m[K,
                 from [01m[K/home/yu/colcon_ws/src/master_jo/src/master_jo_node.cpp:1[m[K:
[01m[K/opt/ros/humble/include/rclcpp_lifecycle/rclcpp_lifecycle/lifecycle_node_impl.hpp:46:1:[m[K [01;36m[Knote: [m[Kcandidate: â€˜[01m[Ktemplate<class MessageT, class AllocatorT> std::shared_ptr<rclcpp_lifecycle::LifecyclePublisher<MessageT, Alloc> > rclcpp_lifecycle::LifecycleNode::create_publisher(const string&, const rclcpp::QoS&, const rclcpp::PublisherOptionsWithAllocator<AllocatorT>&)[m[Kâ€™
   46 | [01;36m[KLifecycleNode[m[K::create_publisher(
      | [01;36m[K^~~~~~~~~~~~~[m[K
[01m[K/opt/ros/humble/include/rclcpp_lifecycle/rclcpp_lifecycle/lifecycle_node_impl.hpp:46:1:[m[K [01;36m[Knote: [m[K  template argument deduction/substitution failed:
[01m[K/home/yu/colcon_ws/src/master_jo/src/master_jo_node.cpp:31:73:[m[K [01;31m[Kerror: [m[Ktemplate argument 1 is invalid
   31 |   motionPub = [01;31m[Kcreate_publisher<humanoid_interfaces::msg::MotionOperator>([m[K
      |               [01;31m[K~~~~~~~~~~~~~~~~~~~~~~~~~~~~~~~~~~~~~~~~~~~~~~~~~~~~~~~~~~^[m[K
   32 | [01;31m[K      "motion_operator", 10)[m[K;
      |       [01;31m[K~~~~~~~~~~~~~~~~~~~~~~[m[K                                             
[01m[K/home/yu/colcon_ws/src/master_jo/src/master_jo_node.cpp:34:3:[m[K [01;31m[Kerror: [m[Kâ€˜[01m[Kimu_sub[m[Kâ€™ was not declared in this scope
   34 |   [01;31m[Kimu_sub[m[K = create_subscription<humanoid_interfaces::msg::ImuMsg>(
      |   [01;31m[K^~~~~~~[m[K
[01m[K/home/yu/colcon_ws/src/master_jo/src/master_jo_node.cpp:34:59:[m[K [01;31m[Kerror: [m[Kâ€˜[01m[KImuMsg[m[Kâ€™ is not a member of â€˜[01m[Khumanoid_interfaces::msg[m[Kâ€™
   34 |   imu_sub = create_subscription<humanoid_interfaces::msg::[01;31m[KImuMsg[m[K>(
      |                                                           [01;31m[K^~~~~~[m[K
[01m[K/home/yu/colcon_ws/src/master_jo/src/master_jo_node.cpp:34:66:[m[K [01;31m[Kerror: [m[Kno matching function for call to â€˜[01m[Kmaster_jo::MasterJoNode::create_subscription<<expression error> >(const char [4], rclcpp::QoS&, std::_Bind_helper<false, void (master_jo::MasterJoNode::*)(...), master_jo::MasterJoNode*, const std::_Placeholder<1>&>::type)[m[Kâ€™
   34 |   imu_sub = [01;31m[Kcreate_subscription<humanoid_interfaces::msg::ImuMsg>([m[K
      |             [01;31m[K~~~~~~~~~~~~~~~~~~~~~~~~~~~~~~~~~~~~~~~~~~~~~~~~~~~~~^[m[K
   35 | [01;31m[K      "Imu", rclcpp::QoS(rclcpp::KeepLast(10)).reliable().best_effort(),[m[K
      |       [01;31m[K~~~~~~~~~~~~~~~~~~~~~~~~~~~~~~~~~~~~~~~~~~~~~~~~~~~~~~~~~~~~~~~~~~[m[K
   36 | [01;31m[K      std::bind(&MasterJoNode::imuCallback, this,[m[K
      |       [01;31m[K~~~~~~~~~~~~~~~~~~~~~~~~~~~~~~~~~~~~~~~~~~~[m[K                 
   37 | [01;31m[K                std::placeholders::_1))[m[K;
      |                 [01;31m[K~~~~~~~~~~~~~~~~~~~~~~~[m[K                           
In file included from [01m[K/home/yu/colcon_ws/src/master_jo/src/../include/master_jo/master_jo_node.hpp:6[m[K,
                 from [01m[K/home/yu/colcon_ws/src/master_jo/src/master_jo_node.cpp:1[m[K:
[01m[K/opt/ros/humble/include/rclcpp_lifecycle/rclcpp_lifecycle/lifecycle_node.hpp:234:3:[m[K [01;36m[Knote: [m[Kcandidate: â€˜[01m[Ktemplate<class MessageT, class CallbackT, class AllocatorT, class SubscriptionT, class MessageMemoryStrategyT> std::shared_ptr<ROSMessageT> rclcpp_lifecycle::LifecycleNode::create_subscription(const string&, const rclcpp::QoS&, CallbackT&&, const rclcpp::SubscriptionOptionsWithAllocator<AllocatorT>&, typename MessageMemoryStrategyT::SharedPtr)[m[Kâ€™
  234 |   [01;36m[Kcreate_subscription[m[K(
      |   [01;36m[K^~~~~~~~~~~~~~~~~~~[m[K
[01m[K/opt/ros/humble/include/rclcpp_lifecycle/rclcpp_lifecycle/lifecycle_node.hpp:234:3:[m[K [01;36m[Knote: [m[K  template argument deduction/substitution failed:
[01m[K/home/yu/colcon_ws/src/master_jo/src/master_jo_node.cpp:34:66:[m[K [01;31m[Kerror: [m[Ktemplate argument 1 is invalid
   34 |   imu_sub = [01;31m[Kcreate_subscription<humanoid_interfaces::msg::ImuMsg>([m[K
      |             [01;31m[K~~~~~~~~~~~~~~~~~~~~~~~~~~~~~~~~~~~~~~~~~~~~~~~~~~~~~^[m[K
   35 | [01;31m[K      "Imu", rclcpp::QoS(rclcpp::KeepLast(10)).reliable().best_effort(),[m[K
      |       [01;31m[K~~~~~~~~~~~~~~~~~~~~~~~~~~~~~~~~~~~~~~~~~~~~~~~~~~~~~~~~~~~~~~~~~~[m[K
   36 | [01;31m[K      std::bind(&MasterJoNode::imuCallback, this,[m[K
      |       [01;31m[K~~~~~~~~~~~~~~~~~~~~~~~~~~~~~~~~~~~~~~~~~~~[m[K                 
   37 | [01;31m[K                std::placeholders::_1))[m[K;
      |                 [01;31m[K~~~~~~~~~~~~~~~~~~~~~~~[m[K                           
[01m[K/home/yu/colcon_ws/src/master_jo/src/master_jo_node.cpp:38:3:[m[K [01;31m[Kerror: [m[Kâ€˜[01m[Kvision_sub[m[Kâ€™ was not declared in this scope
   38 |   [01;31m[Kvision_sub[m[K = create_subscription<humanoid_interfaces::msg::Robocupvision25>(
      |   [01;31m[K^~~~~~~~~~[m[K
[01m[K/home/yu/colcon_ws/src/master_jo/src/master_jo_node.cpp:38:62:[m[K [01;31m[Kerror: [m[Kâ€˜[01m[KRobocupvision25[m[Kâ€™ is not a member of â€˜[01m[Khumanoid_interfaces::msg[m[Kâ€™
   38 |   vision_sub = create_subscription<humanoid_interfaces::msg::[01;31m[KRobocupvision25[m[K>(
      |                                                              [01;31m[K^~~~~~~~~~~~~~~[m[K
[01m[K/home/yu/colcon_ws/src/master_jo/src/master_jo_node.cpp:38:78:[m[K [01;31m[Kerror: [m[Kno matching function for call to â€˜[01m[Kmaster_jo::MasterJoNode::create_subscription<<expression error> >(const char [7], int, std::_Bind_helper<false, void (master_jo::MasterJoNode::*)(...), master_jo::MasterJoNode*, const std::_Placeholder<1>&>::type)[m[Kâ€™
   38 |   vision_sub = [01;31m[Kcreate_subscription<humanoid_interfaces::msg::Robocupvision25>([m[K
      |                [01;31m[K~~~~~~~~~~~~~~~~~~~~~~~~~~~~~~~~~~~~~~~~~~~~~~~~~~~~~~~~~~~~~~^[m[K
   39 | [01;31m[K      "vision", 10,[m[K
      |       [01;31m[K~~~~~~~~~~~~~[m[K                                                           
   40 | [01;31m[K      std::bind(&MasterJoNode::visionCallback, this,[m[K
      |       [01;31m[K~~~~~~~~~~~~~~~~~~~~~~~~~~~~~~~~~~~~~~~~~~~~~~[m[K                          
   41 | [01;31m[K                std::placeholders::_1))[m[K;
      |                 [01;31m[K~~~~~~~~~~~~~~~~~~~~~~~[m[K                                       
In file included from [01m[K/home/yu/colcon_ws/src/master_jo/src/../include/master_jo/master_jo_node.hpp:6[m[K,
                 from [01m[K/home/yu/colcon_ws/src/master_jo/src/master_jo_node.cpp:1[m[K:
[01m[K/opt/ros/humble/include/rclcpp_lifecycle/rclcpp_lifecycle/lifecycle_node.hpp:234:3:[m[K [01;36m[Knote: [m[Kcandidate: â€˜[01m[Ktemplate<class MessageT, class CallbackT, class AllocatorT, class SubscriptionT, class MessageMemoryStrategyT> std::shared_ptr<ROSMessageT> rclcpp_lifecycle::LifecycleNode::create_subscription(const string&, const rclcpp::QoS&, CallbackT&&, const rclcpp::SubscriptionOptionsWithAllocator<AllocatorT>&, typename MessageMemoryStrategyT::SharedPtr)[m[Kâ€™
  234 |   [01;36m[Kcreate_subscription[m[K(
      |   [01;36m[K^~~~~~~~~~~~~~~~~~~[m[K
[01m[K/opt/ros/humble/include/rclcpp_lifecycle/rclcpp_lifecycle/lifecycle_node.hpp:234:3:[m[K [01;36m[Knote: [m[K  template argument deduction/substitution failed:
[01m[K/home/yu/colcon_ws/src/master_jo/src/master_jo_node.cpp:38:78:[m[K [01;31m[Kerror: [m[Ktemplate argument 1 is invalid
   38 |   vision_sub = [01;31m[Kcreate_subscription<humanoid_interfaces::msg::Robocupvision25>([m[K
      |                [01;31m[K~~~~~~~~~~~~~~~~~~~~~~~~~~~~~~~~~~~~~~~~~~~~~~~~~~~~~~~~~~~~~~^[m[K
   39 | [01;31m[K      "vision", 10,[m[K
      |       [01;31m[K~~~~~~~~~~~~~[m[K                                                           
   40 | [01;31m[K      std::bind(&MasterJoNode::visionCallback, this,[m[K
      |       [01;31m[K~~~~~~~~~~~~~~~~~~~~~~~~~~~~~~~~~~~~~~~~~~~~~~[m[K                          
   41 | [01;31m[K                std::placeholders::_1))[m[K;
      |                 [01;31m[K~~~~~~~~~~~~~~~~~~~~~~~[m[K                                       
[01m[K/home/yu/colcon_ws/src/master_jo/src/master_jo_node.cpp:42:3:[m[K [01;31m[Kerror: [m[Kâ€˜[01m[Kik_sub[m[Kâ€™ was not declared in this scope; did you mean â€˜[01m[Kik_pub[m[Kâ€™?
   42 |   [01;31m[Kik_sub[m[K = create_subscription<humanoid_interfaces::msg::IkEndMsg>(
      |   [01;31m[K^~~~~~[m[K
      |   [32m[Kik_pub[m[K
[01m[K/home/yu/colcon_ws/src/master_jo/src/master_jo_node.cpp:42:58:[m[K [01;31m[Kerror: [m[Kâ€˜[01m[KIkEndMsg[m[Kâ€™ is not a member of â€˜[01m[Khumanoid_interfaces::msg[m[Kâ€™
   42 |   ik_sub = create_subscription<humanoid_interfaces::msg::[01;31m[KIkEndMsg[m[K>(
      |                                                          [01;31m[K^~~~~~~~[m[K
[01m[K/home/yu/colcon_ws/src/master_jo/src/master_jo_node.cpp:42:67:[m[K [01;31m[Kerror: [m[Kno matching function for call to â€˜[01m[Kmaster_jo::MasterJoNode::create_subscription<<expression error> >(const char [3], int, std::_Bind_helper<false, void (master_jo::MasterJoNode::*)(...), master_jo::MasterJoNode*, const std::_Placeholder<1>&>::type)[m[Kâ€™
   42 |   ik_sub = [01;31m[Kcreate_subscription<humanoid_interfaces::msg::IkEndMsg>([m[K
      |            [01;31m[K~~~~~~~~~~~~~~~~~~~~~~~~~~~~~~~~~~~~~~~~~~~~~~~~~~~~~~~^[m[K
   43 | [01;31m[K      "ik", 10,[m[K
      |       [01;31m[K~~~~~~~~~[m[K                                                    
   44 | [01;31m[K      std::bind(&MasterJoNode::ikCallback, this, std::placeholders::_1))[m[K;
      |       [01;31m[K~~~~~~~~~~~~~~~~~~~~~~~~~~~~~~~~~~~~~~~~~~~~~~~~~~~~~~~~~~~~~~~~~~[m[K
In file included from [01m[K/home/yu/colcon_ws/src/master_jo/src/../include/master_jo/master_jo_node.hpp:6[m[K,
                 from [01m[K/home/yu/colcon_ws/src/master_jo/src/master_jo_node.cpp:1[m[K:
[01m[K/opt/ros/humble/include/rclcpp_lifecycle/rclcpp_lifecycle/lifecycle_node.hpp:234:3:[m[K [01;36m[Knote: [m[Kcandidate: â€˜[01m[Ktemplate<class MessageT, class CallbackT, class AllocatorT, class SubscriptionT, class MessageMemoryStrategyT> std::shared_ptr<ROSMessageT> rclcpp_lifecycle::LifecycleNode::create_subscription(const string&, const rclcpp::QoS&, CallbackT&&, const rclcpp::SubscriptionOptionsWithAllocator<AllocatorT>&, typename MessageMemoryStrategyT::SharedPtr)[m[Kâ€™
  234 |   [01;36m[Kcreate_subscription[m[K(
      |   [01;36m[K^~~~~~~~~~~~~~~~~~~[m[K
[01m[K/opt/ros/humble/include/rclcpp_lifecycle/rclcpp_lifecycle/lifecycle_node.hpp:234:3:[m[K [01;36m[Knote: [m[K  template argument deduction/substitution failed:
[01m[K/home/yu/colcon_ws/src/master_jo/src/master_jo_node.cpp:42:67:[m[K [01;31m[Kerror: [m[Ktemplate argument 1 is invalid
   42 |   ik_sub = [01;31m[Kcreate_subscription<humanoid_interfaces::msg::IkEndMsg>([m[K
      |            [01;31m[K~~~~~~~~~~~~~~~~~~~~~~~~~~~~~~~~~~~~~~~~~~~~~~~~~~~~~~~^[m[K
   43 | [01;31m[K      "ik", 10,[m[K
      |       [01;31m[K~~~~~~~~~[m[K                                                    
   44 | [01;31m[K      std::bind(&MasterJoNode::ikCallback, this, std::placeholders::_1))[m[K;
      |       [01;31m[K~~~~~~~~~~~~~~~~~~~~~~~~~~~~~~~~~~~~~~~~~~~~~~~~~~~~~~~~~~~~~~~~~~[m[K
[01m[K/home/yu/colcon_ws/src/master_jo/src/master_jo_node.cpp:50:3:[m[K [01;31m[Kerror: [m[Kâ€˜[01m[Klocal_sub[m[Kâ€™ was not declared in this scope
   50 |   [01;31m[Klocal_sub[m[K =
      |   [01;31m[K^~~~~~~~~[m[K
[01m[K/home/yu/colcon_ws/src/master_jo/src/master_jo_node.cpp:51:53:[m[K [01;31m[Kerror: [m[Kâ€˜[01m[KRobocuplocalization25[m[Kâ€™ is not a member of â€˜[01m[Khumanoid_interfaces::msg[m[Kâ€™
   51 |       create_subscription<humanoid_interfaces::msg::[01;31m[KRobocuplocalization25[m[K>(
      |                                                     [01;31m[K^~~~~~~~~~~~~~~~~~~~~[m[K
[01m[K/home/yu/colcon_ws/src/master_jo/src/master_jo_node.cpp:51:75:[m[K [01;31m[Kerror: [m[Kno matching function for call to â€˜[01m[Kmaster_jo::MasterJoNode::create_subscription<<expression error> >(const char [13], int, std::_Bind_helper<false, void (master_jo::MasterJoNode::*)(...), master_jo::MasterJoNode*, const std::_Placeholder<1>&>::type)[m[Kâ€™
   51 |       [01;31m[Kcreate_subscription<humanoid_interfaces::msg::Robocuplocalization25>([m[K
      |       [01;31m[K~~~~~~~~~~~~~~~~~~~~~~~~~~~~~~~~~~~~~~~~~~~~~~~~~~~~~~~~~~~~~~~~~~~~^[m[K
   52 | [01;31m[K          "localization", 10,[m[K
      |           [01;31m[K~~~~~~~~~~~~~~~~~~~[m[K                                              
   53 | [01;31m[K          std::bind(&MasterJoNode::localCallback, this,[m[K
      |           [01;31m[K~~~~~~~~~~~~~~~~~~~~~~~~~~~~~~~~~~~~~~~~~~~~~[m[K                    
   54 | [01;31m[K                    std::placeholders::_1))[m[K;
      |                     [01;31m[K~~~~~~~~~~~~~~~~~~~~~~~[m[K                                
In file included from [01m[K/opt/ros/humble/include/rclcpp_lifecycle/rclcpp_lifecycle/lifecycle_node.hpp:996[m[K,
                 from [01m[K/home/yu/colcon_ws/src/master_jo/src/../include/master_jo/master_jo_node.hpp:6[m[K,
                 from [01m[K/home/yu/colcon_ws/src/master_jo/src/master_jo_node.cpp:1[m[K:
[01m[K/opt/ros/humble/include/rclcpp_lifecycle/rclcpp_lifecycle/lifecycle_node_impl.hpp:69:1:[m[K [01;36m[Knote: [m[Kcandidate: â€˜[01m[Ktemplate<class MessageT, class CallbackT, class AllocatorT, class SubscriptionT, class MessageMemoryStrategyT> std::shared_ptr<ROSMessageT> rclcpp_lifecycle::LifecycleNode::create_subscription(const string&, const rclcpp::QoS&, CallbackT&&, const rclcpp::SubscriptionOptionsWithAllocator<AllocatorT>&, typename MessageMemoryStrategyT::SharedPtr)[m[Kâ€™
   69 | [01;36m[KLifecycleNode[m[K::create_subscription(
      | [01;36m[K^~~~~~~~~~~~~[m[K
[01m[K/opt/ros/humble/include/rclcpp_lifecycle/rclcpp_lifecycle/lifecycle_node_impl.hpp:69:1:[m[K [01;36m[Knote: [m[K  template argument deduction/substitution failed:
[01m[K/home/yu/colcon_ws/src/master_jo/src/master_jo_node.cpp:51:75:[m[K [01;31m[Kerror: [m[Ktemplate argument 1 is invalid
   51 |       [01;31m[Kcreate_subscription<humanoid_interfaces::msg::Robocuplocalization25>([m[K
      |       [01;31m[K~~~~~~~~~~~~~~~~~~~~~~~~~~~~~~~~~~~~~~~~~~~~~~~~~~~~~~~~~~~~~~~~~~~~^[m[K
   52 | [01;31m[K          "localization", 10,[m[K
      |           [01;31m[K~~~~~~~~~~~~~~~~~~~[m[K                                              
   53 | [01;31m[K          std::bind(&MasterJoNode::localCallback, this,[m[K
      |           [01;31m[K~~~~~~~~~~~~~~~~~~~~~~~~~~~~~~~~~~~~~~~~~~~~~[m[K                    
   54 | [01;31m[K                    std::placeholders::_1))[m[K;
      |                     [01;31m[K~~~~~~~~~~~~~~~~~~~~~~~[m[K                                
[01m[K/home/yu/colcon_ws/src/master_jo/src/master_jo_node.cpp:55:3:[m[K [01;31m[Kerror: [m[Kâ€˜[01m[Kudp_sub[m[Kâ€™ was not declared in this scope
   55 |   [01;31m[Kudp_sub[m[K = create_subscription<humanoid_interfaces::msg::Udp2master>(
      |   [01;31m[K^~~~~~~[m[K
[01m[K/home/yu/colcon_ws/src/master_jo/src/master_jo_node.cpp:55:59:[m[K [01;31m[Kerror: [m[Kâ€˜[01m[KUdp2master[m[Kâ€™ is not a member of â€˜[01m[Khumanoid_interfaces::msg[m[Kâ€™
   55 |   udp_sub = create_subscription<humanoid_interfaces::msg::[01;31m[KUdp2master[m[K>(
      |                                                           [01;31m[K^~~~~~~~~~[m[K
[01m[K/home/yu/colcon_ws/src/master_jo/src/master_jo_node.cpp:55:70:[m[K [01;31m[Kerror: [m[Kno matching function for call to â€˜[01m[Kmaster_jo::MasterJoNode::create_subscription<<expression error> >(const char [4], int, std::_Bind_helper<false, void (master_jo::MasterJoNode::*)(...), master_jo::MasterJoNode*, const std::_Placeholder<1>&>::type)[m[Kâ€™
   55 |   udp_sub = [01;31m[Kcreate_subscription<humanoid_interfaces::msg::Udp2master>([m[K
      |             [01;31m[K~~~~~~~~~~~~~~~~~~~~~~~~~~~~~~~~~~~~~~~~~~~~~~~~~~~~~~~~~^[m[K
   56 | [01;31m[K      "udp", 10,[m[K
      |       [01;31m[K~~~~~~~~~~[m[K                                                      
   57 | [01;31m[K      std::bind(&MasterJoNode::udpCallback, this,[m[K
      |       [01;31m[K~~~~~~~~~~~~~~~~~~~~~~~~~~~~~~~~~~~~~~~~~~~[m[K                     
   58 | [01;31m[K                std::placeholders::_1))[m[K;
      |                 [01;31m[K~~~~~~~~~~~~~~~~~~~~~~~[m[K                               
In file included from [01m[K/opt/ros/humble/include/rclcpp_lifecycle/rclcpp_lifecycle/lifecycle_node.hpp:996[m[K,
                 from [01m[K/home/yu/colcon_ws/src/master_jo/src/../include/master_jo/master_jo_node.hpp:6[m[K,
                 from [01m[K/home/yu/colcon_ws/src/master_jo/src/master_jo_node.cpp:1[m[K:
[01m[K/opt/ros/humble/include/rclcpp_lifecycle/rclcpp_lifecycle/lifecycle_node_impl.hpp:69:1:[m[K [01;36m[Knote: [m[Kcandidate: â€˜[01m[Ktemplate<class MessageT, class CallbackT, class AllocatorT, class SubscriptionT, class MessageMemoryStrategyT> std::shared_ptr<ROSMessageT> rclcpp_lifecycle::LifecycleNode::create_subscription(const string&, const rclcpp::QoS&, CallbackT&&, const rclcpp::SubscriptionOptionsWithAllocator<AllocatorT>&, typename MessageMemoryStrategyT::SharedPtr)[m[Kâ€™
   69 | [01;36m[KLifecycleNode[m[K::create_subscription(
      | [01;36m[K^~~~~~~~~~~~~[m[K
[01m[K/opt/ros/humble/include/rclcpp_lifecycle/rclcpp_lifecycle/lifecycle_node_impl.hpp:69:1:[m[K [01;36m[Knote: [m[K  template argument deduction/substitution failed:
[01m[K/home/yu/colcon_ws/src/master_jo/src/master_jo_node.cpp:55:70:[m[K [01;31m[Kerror: [m[Ktemplate argument 1 is invalid
   55 |   udp_sub = [01;31m[Kcreate_subscription<humanoid_interfaces::msg::Udp2master>([m[K
      |             [01;31m[K~~~~~~~~~~~~~~~~~~~~~~~~~~~~~~~~~~~~~~~~~~~~~~~~~~~~~~~~~^[m[K
   56 | [01;31m[K      "udp", 10,[m[K
      |       [01;31m[K~~~~~~~~~~[m[K                                                      
   57 | [01;31m[K      std::bind(&MasterJoNode::udpCallback, this,[m[K
      |       [01;31m[K~~~~~~~~~~~~~~~~~~~~~~~~~~~~~~~~~~~~~~~~~~~[m[K                     
   58 | [01;31m[K                std::placeholders::_1))[m[K;
      |                 [01;31m[K~~~~~~~~~~~~~~~~~~~~~~~[m[K                               
[01m[K/home/yu/colcon_ws/src/master_jo/src/master_jo_node.cpp:59:3:[m[K [01;31m[Kerror: [m[Kâ€˜[01m[KmotionSub[m[Kâ€™ was not declared in this scope
   59 |   [01;31m[KmotionSub[m[K = create_subscription<humanoid_interfaces::msg::MotionOperator>(
      |   [01;31m[K^~~~~~~~~[m[K
[01m[K/home/yu/colcon_ws/src/master_jo/src/master_jo_node.cpp:59:61:[m[K [01;31m[Kerror: [m[Kâ€˜[01m[KMotionOperator[m[Kâ€™ is not a member of â€˜[01m[Khumanoid_interfaces::msg[m[Kâ€™
   59 |   motionSub = create_subscription<humanoid_interfaces::msg::[01;31m[KMotionOperator[m[K>(
      |                                                             [01;31m[K^~~~~~~~~~~~~~[m[K
[01m[K/home/yu/colcon_ws/src/master_jo/src/master_jo_node.cpp:59:76:[m[K [01;31m[Kerror: [m[Kno matching function for call to â€˜[01m[Kmaster_jo::MasterJoNode::create_subscription<<expression error> >(const char [11], int, std::_Bind_helper<false, void (master_jo::MasterJoNode::*)(...), master_jo::MasterJoNode*, const std::_Placeholder<1>&>::type)[m[Kâ€™
   59 |   motionSub = [01;31m[Kcreate_subscription<humanoid_interfaces::msg::MotionOperator>([m[K
      |               [01;31m[K~~~~~~~~~~~~~~~~~~~~~~~~~~~~~~~~~~~~~~~~~~~~~~~~~~~~~~~~~~~~~^[m[K
   60 | [01;31m[K      "motion_end", 10,[m[K
      |       [01;31m[K~~~~~~~~~~~~~~~~~[m[K                                                     
   61 | [01;31m[K      std::bind(&MasterJoNode::motionCallback, this,[m[K
      |       [01;31m[K~~~~~~~~~~~~~~~~~~~~~~~~~~~~~~~~~~~~~~~~~~~~~~[m[K                        
   62 | [01;31m[K                std::placeholders::_1))[m[K;
      |                 [01;31m[K~~~~~~~~~~~~~~~~~~~~~~~[m[K                                     
In file included from [01m[K/opt/ros/humble/include/rclcpp_lifecycle/rclcpp_lifecycle/lifecycle_node.hpp:996[m[K,
                 from [01m[K/home/yu/colcon_ws/src/master_jo/src/../include/master_jo/master_jo_node.hpp:6[m[K,
                 from [01m[K/home/yu/colcon_ws/src/master_jo/src/master_jo_node.cpp:1[m[K:
[01m[K/opt/ros/humble/include/rclcpp_lifecycle/rclcpp_lifecycle/lifecycle_node_impl.hpp:69:1:[m[K [01;36m[Knote: [m[Kcandidate: â€˜[01m[Ktemplate<class MessageT, class CallbackT, class AllocatorT, class SubscriptionT, class MessageMemoryStrategyT> std::shared_ptr<ROSMessageT> rclcpp_lifecycle::LifecycleNode::create_subscription(const string&, const rclcpp::QoS&, CallbackT&&, const rclcpp::SubscriptionOptionsWithAllocator<AllocatorT>&, typename MessageMemoryStrategyT::SharedPtr)[m[Kâ€™
   69 | [01;36m[KLifecycleNode[m[K::create_subscription(
      | [01;36m[K^~~~~~~~~~~~~[m[K
[01m[K/opt/ros/humble/include/rclcpp_lifecycle/rclcpp_lifecycle/lifecycle_node_impl.hpp:69:1:[m[K [01;36m[Knote: [m[K  template argument deduction/substitution failed:
[01m[K/home/yu/colcon_ws/src/master_jo/src/master_jo_node.cpp:59:76:[m[K [01;31m[Kerror: [m[Ktemplate argument 1 is invalid
   59 |   motionSub = [01;31m[Kcreate_subscription<humanoid_interfaces::msg::MotionOperator>([m[K
      |               [01;31m[K~~~~~~~~~~~~~~~~~~~~~~~~~~~~~~~~~~~~~~~~~~~~~~~~~~~~~~~~~~~~~^[m[K
   60 | [01;31m[K      "motion_end", 10,[m[K
      |       [01;31m[K~~~~~~~~~~~~~~~~~[m[K                                                     
   61 | [01;31m[K      std::bind(&MasterJoNode::motionCallback, this,[m[K
      |       [01;31m[K~~~~~~~~~~~~~~~~~~~~~~~~~~~~~~~~~~~~~~~~~~~~~~[m[K                        
   62 | [01;31m[K                std::placeholders::_1))[m[K;
      |                 [01;31m[K~~~~~~~~~~~~~~~~~~~~~~~[m[K                                     
[01m[K/home/yu/colcon_ws/src/master_jo/src/master_jo_node.cpp:63:3:[m[K [01;31m[Kerror: [m[Kâ€˜[01m[Kpid_sub[m[Kâ€™ was not declared in this scope; did you mean â€˜[01m[Kpid_t[m[Kâ€™?
   63 |   [01;31m[Kpid_sub[m[K = create_subscription<humanoid_interfaces::msg::Pidtuning>(
      |   [01;31m[K^~~~~~~[m[K
      |   [32m[Kpid_t[m[K
[01m[K/home/yu/colcon_ws/src/master_jo/src/master_jo_node.cpp:63:59:[m[K [01;31m[Kerror: [m[Kâ€˜[01m[KPidtuning[m[Kâ€™ is not a member of â€˜[01m[Khumanoid_interfaces::msg[m[Kâ€™
   63 |   pid_sub = create_subscription<humanoid_interfaces::msg::[01;31m[KPidtuning[m[K>(
      |                                                           [01;31m[K^~~~~~~~~[m[K
[01m[K/home/yu/colcon_ws/src/master_jo/src/master_jo_node.cpp:63:69:[m[K [01;31m[Kerror: [m[Kno matching function for call to â€˜[01m[Kmaster_jo::MasterJoNode::create_subscription<<expression error> >(const char [4], int, std::_Bind_helper<false, void (master_jo::MasterJoNode::*)(...), master_jo::MasterJoNode*, const std::_Placeholder<1>&>::type)[m[Kâ€™
   63 |   pid_sub = [01;31m[Kcreate_subscription<humanoid_interfaces::msg::Pidtuning>([m[K
      |             [01;31m[K~~~~~~~~~~~~~~~~~~~~~~~~~~~~~~~~~~~~~~~~~~~~~~~~~~~~~~~~^[m[K
   64 | [01;31m[K      "pid", 10,[m[K
      |       [01;31m[K~~~~~~~~~~[m[K                                                     
   65 | [01;31m[K      std::bind(&MasterJoNode::pidCallback, this,[m[K
      |       [01;31m[K~~~~~~~~~~~~~~~~~~~~~~~~~~~~~~~~~~~~~~~~~~~[m[K                    
   66 | [01;31m[K                std::placeholders::_1))[m[K;
      |                 [01;31m[K~~~~~~~~~~~~~~~~~~~~~~~[m[K                              
In file included from [01m[K/opt/ros/humble/include/rclcpp_lifecycle/rclcpp_lifecycle/lifecycle_node.hpp:996[m[K,
                 from [01m[K/home/yu/colcon_ws/src/master_jo/src/../include/master_jo/master_jo_node.hpp:6[m[K,
                 from [01m[K/home/yu/colcon_ws/src/master_jo/src/master_jo_node.cpp:1[m[K:
[01m[K/opt/ros/humble/include/rclcpp_lifecycle/rclcpp_lifecycle/lifecycle_node_impl.hpp:69:1:[m[K [01;36m[Knote: [m[Kcandidate: â€˜[01m[Ktemplate<class MessageT, class CallbackT, class AllocatorT, class SubscriptionT, class MessageMemoryStrategyT> std::shared_ptr<ROSMessageT> rclcpp_lifecycle::LifecycleNode::create_subscription(const string&, const rclcpp::QoS&, CallbackT&&, const rclcpp::SubscriptionOptionsWithAllocator<AllocatorT>&, typename MessageMemoryStrategyT::SharedPtr)[m[Kâ€™
   69 | [01;36m[KLifecycleNode[m[K::create_subscription(
      | [01;36m[K^~~~~~~~~~~~~[m[K
[01m[K/opt/ros/humble/include/rclcpp_lifecycle/rclcpp_lifecycle/lifecycle_node_impl.hpp:69:1:[m[K [01;36m[Knote: [m[K  template argument deduction/substitution failed:
[01m[K/home/yu/colcon_ws/src/master_jo/src/master_jo_node.cpp:63:69:[m[K [01;31m[Kerror: [m[Ktemplate argument 1 is invalid
   63 |   pid_sub = [01;31m[Kcreate_subscription<humanoid_interfaces::msg::Pidtuning>([m[K
      |             [01;31m[K~~~~~~~~~~~~~~~~~~~~~~~~~~~~~~~~~~~~~~~~~~~~~~~~~~~~~~~~^[m[K
   64 | [01;31m[K      "pid", 10,[m[K
      |       [01;31m[K~~~~~~~~~~[m[K                                                     
   65 | [01;31m[K      std::bind(&MasterJoNode::pidCallback, this,[m[K
      |       [01;31m[K~~~~~~~~~~~~~~~~~~~~~~~~~~~~~~~~~~~~~~~~~~~[m[K                    
   66 | [01;31m[K                std::placeholders::_1))[m[K;
      |                 [01;31m[K~~~~~~~~~~~~~~~~~~~~~~~[m[K                              
[01m[K/home/yu/colcon_ws/src/master_jo/src/master_jo_node.cpp:70:13:[m[K [01;31m[Kerror: [m[Kâ€˜[01m[Kusing element_type = class master_jo::MasterRcko[m[Kâ€™ {aka â€˜[01m[Kclass master_jo::MasterRcko[m[Kâ€™} has no member named â€˜[01m[Kkp[m[Kâ€™
   70 |     master->[01;31m[Kkp[m[K = kp_;
      |             [01;31m[K^~[m[K
[01m[K/home/yu/colcon_ws/src/master_jo/src/master_jo_node.cpp:71:13:[m[K [01;31m[Kerror: [m[Kâ€˜[01m[Kusing element_type = class master_jo::MasterRcko[m[Kâ€™ {aka â€˜[01m[Kclass master_jo::MasterRcko[m[Kâ€™} has no member named â€˜[01m[Kkd[m[Kâ€™
   71 |     master->[01;31m[Kkd[m[K = kd_;
      |             [01;31m[K^~[m[K
[01m[K/home/yu/colcon_ws/src/master_jo/src/master_jo_node.cpp:72:13:[m[K [01;31m[Kerror: [m[Kâ€˜[01m[Kusing element_type = class master_jo::MasterRcko[m[Kâ€™ {aka â€˜[01m[Kclass master_jo::MasterRcko[m[Kâ€™} has no member named â€˜[01m[Kki[m[Kâ€™; did you mean â€˜[01m[Kik[m[Kâ€™?
   72 |     master->[01;31m[Kki[m[K = ki_;
      |             [01;31m[K^~[m[K
      |             [32m[Kik[m[K
[01m[K/home/yu/colcon_ws/src/master_jo/src/master_jo_node.cpp:73:13:[m[K [01;31m[Kerror: [m[Kâ€˜[01m[Kusing element_type = class master_jo::MasterRcko[m[Kâ€™ {aka â€˜[01m[Kclass master_jo::MasterRcko[m[Kâ€™} has no member named â€˜[01m[KFRONT_MAX[m[Kâ€™
   73 |     master->[01;31m[KFRONT_MAX[m[K = FRONT_MAX_;
      |             [01;31m[K^~~~~~~~~[m[K
[01m[K/home/yu/colcon_ws/src/master_jo/src/master_jo_node.cpp:74:13:[m[K [01;31m[Kerror: [m[Kâ€˜[01m[Kusing element_type = class master_jo::MasterRcko[m[Kâ€™ {aka â€˜[01m[Kclass master_jo::MasterRcko[m[Kâ€™} has no member named â€˜[01m[KX_MIN[m[Kâ€™
   74 |     master->[01;31m[KX_MIN[m[K = X_MIN_;
      |             [01;31m[K^~~~~[m[K
[01m[K/home/yu/colcon_ws/src/master_jo/src/master_jo_node.cpp:75:13:[m[K [01;31m[Kerror: [m[Kâ€˜[01m[Kusing element_type = class master_jo::MasterRcko[m[Kâ€™ {aka â€˜[01m[Kclass master_jo::MasterRcko[m[Kâ€™} has no member named â€˜[01m[KREAR_MAX[m[Kâ€™
   75 |     master->[01;31m[KREAR_MAX[m[K = REAR_MAX_;
      |             [01;31m[K^~~~~~~~[m[K
[01m[K/home/yu/colcon_ws/src/master_jo/src/master_jo_node.cpp:76:13:[m[K [01;31m[Kerror: [m[Kâ€˜[01m[Kusing element_type = class master_jo::MasterRcko[m[Kâ€™ {aka â€˜[01m[Kclass master_jo::MasterRcko[m[Kâ€™} has no member named â€˜[01m[KRIGHT_MAX[m[Kâ€™
   76 |     master->[01;31m[KRIGHT_MAX[m[K = RIGHT_MAX_;
      |             [01;31m[K^~~~~~~~~[m[K
[01m[K/home/yu/colcon_ws/src/master_jo/src/master_jo_node.cpp:77:13:[m[K [01;31m[Kerror: [m[Kâ€˜[01m[Kusing element_type = class master_jo::MasterRcko[m[Kâ€™ {aka â€˜[01m[Kclass master_jo::MasterRcko[m[Kâ€™} has no member named â€˜[01m[KY_MIN[m[Kâ€™
   77 |     master->[01;31m[KY_MIN[m[K = Y_MIN_;
      |             [01;31m[K^~~~~[m[K
[01m[K/home/yu/colcon_ws/src/master_jo/src/master_jo_node.cpp:78:13:[m[K [01;31m[Kerror: [m[Kâ€˜[01m[Kusing element_type = class master_jo::MasterRcko[m[Kâ€™ {aka â€˜[01m[Kclass master_jo::MasterRcko[m[Kâ€™} has no member named â€˜[01m[KROUND_Y[m[Kâ€™
   78 |     master->[01;31m[KROUND_Y[m[K = ROUND_Y_;
      |             [01;31m[K^~~~~~~[m[K
[01m[K/home/yu/colcon_ws/src/master_jo/src/master_jo_node.cpp:79:13:[m[K [01;31m[Kerror: [m[Kâ€˜[01m[Kusing element_type = class master_jo::MasterRcko[m[Kâ€™ {aka â€˜[01m[Kclass master_jo::MasterRcko[m[Kâ€™} has no member named â€˜[01m[KROUND_YAW_MIN[m[Kâ€™
   79 |     master->[01;31m[KROUND_YAW_MIN[m[K = ROUND_YAW_MIN_;
      |             [01;31m[K^~~~~~~~~~~~~[m[K
[01m[K/home/yu/colcon_ws/src/master_jo/src/master_jo_node.cpp:80:13:[m[K [01;31m[Kerror: [m[Kâ€˜[01m[Kusing element_type = class master_jo::MasterRcko[m[Kâ€™ {aka â€˜[01m[Kclass master_jo::MasterRcko[m[Kâ€™} has no member named â€˜[01m[KLEFT_MAX[m[Kâ€™
   80 |     master->[01;31m[KLEFT_MAX[m[K = LEFT_MAX_;
      |             [01;31m[K^~~~~~~~[m[K
[01m[K/home/yu/colcon_ws/src/master_jo/src/master_jo_node.cpp:81:13:[m[K [01;31m[Kerror: [m[Kâ€˜[01m[Kusing element_type = class master_jo::MasterRcko[m[Kâ€™ {aka â€˜[01m[Kclass master_jo::MasterRcko[m[Kâ€™} has no member named â€˜[01m[KR_YAW_MAX[m[Kâ€™
   81 |     master->[01;31m[KR_YAW_MAX[m[K = R_YAW_MAX_;
      |             [01;31m[K^~~~~~~~~[m[K
[01m[K/home/yu/colcon_ws/src/master_jo/src/master_jo_node.cpp:82:13:[m[K [01;31m[Kerror: [m[Kâ€˜[01m[Kusing element_type = class master_jo::MasterRcko[m[Kâ€™ {aka â€˜[01m[Kclass master_jo::MasterRcko[m[Kâ€™} has no member named â€˜[01m[KL_YAW_MAX[m[Kâ€™
   82 |     master->[01;31m[KL_YAW_MAX[m[K = L_YAW_MAX_;
      |             [01;31m[K^~~~~~~~~[m[K
[01m[K/home/yu/colcon_ws/src/master_jo/src/master_jo_node.cpp:83:13:[m[K [01;31m[Kerror: [m[Kâ€˜[01m[Kusing element_type = class master_jo::MasterRcko[m[Kâ€™ {aka â€˜[01m[Kclass master_jo::MasterRcko[m[Kâ€™} has no member named â€˜[01m[KIn[m[Kâ€™
   83 |     master->[01;31m[KIn[m[K = In_;
      |             [01;31m[K^~[m[K
[01m[K/home/yu/colcon_ws/src/master_jo/src/master_jo_node.cpp:84:13:[m[K [01;31m[Kerror: [m[Kâ€˜[01m[Kusing element_type = class master_jo::MasterRcko[m[Kâ€™ {aka â€˜[01m[Kclass master_jo::MasterRcko[m[Kâ€™} has no member named â€˜[01m[KOut[m[Kâ€™
   84 |     master->[01;31m[KOut[m[K = Out_;
      |             [01;31m[K^~~[m[K
[01m[K/home/yu/colcon_ws/src/master_jo/src/master_jo_node.cpp:85:13:[m[K [01;31m[Kerror: [m[Kâ€˜[01m[Kusing element_type = class master_jo::MasterRcko[m[Kâ€™ {aka â€˜[01m[Kclass master_jo::MasterRcko[m[Kâ€™} has no member named â€˜[01m[KBack[m[Kâ€™
   85 |     master->[01;31m[KBack[m[K = Back_;
      |             [01;31m[K^~~~[m[K
[01m[K/home/yu/colcon_ws/src/master_jo/src/master_jo_node.cpp:86:13:[m[K [01;31m[Kerror: [m[Kâ€˜[01m[Kusing element_type = class master_jo::MasterRcko[m[Kâ€™ {aka â€˜[01m[Kclass master_jo::MasterRcko[m[Kâ€™} has no member named â€˜[01m[KFront[m[Kâ€™
   86 |     master->[01;31m[KFront[m[K = Front_;
      |             [01;31m[K^~~~~[m[K
[01m[K/home/yu/colcon_ws/src/master_jo/src/master_jo_node.cpp:16:36:[m[K [01;35m[Kwarning: [m[Kunused parameter â€˜[01m[Kprevious_state[m[Kâ€™ [[01;35m[K]8;;https://gcc.gnu.org/onlinedocs/gcc/Warning-Options.html#index-Wunused-parameter-Wunused-parameter]8;;[m[K]
   16 |     [01;35m[Kconst rclcpp_lifecycle::State &previous_state[m[K) {
      |     [01;35m[K~~~~~~~~~~~~~~~~~~~~~~~~~~~~~~~^~~~~~~~~~~~~~[m[K
[01m[K/home/yu/colcon_ws/src/master_jo/src/master_jo_node.cpp:[m[K In member function â€˜[01m[Kvirtual rclcpp_lifecycle::node_interfaces::LifecycleNodeInterface::CallbackReturn master_jo::MasterJoNode::on_activate(const rclcpp_lifecycle::State&)[m[Kâ€™:
[01m[K/home/yu/colcon_ws/src/master_jo/src/master_jo_node.cpp:103:3:[m[K [01;31m[Kerror: [m[Kâ€˜[01m[Kvision_pub[m[Kâ€™ was not declared in this scope
  103 |   [01;31m[Kvision_pub[m[K->on_activate();
      |   [01;31m[K^~~~~~~~~~[m[K
[01m[K/home/yu/colcon_ws/src/master_jo/src/master_jo_node.cpp:104:3:[m[K [01;31m[Kerror: [m[Kâ€˜[01m[Kgamecontrol_pub[m[Kâ€™ was not declared in this scope; did you mean â€˜[01m[Kgamecontrol_sub[m[Kâ€™?
  104 |   [01;31m[Kgamecontrol_pub[m[K->on_activate();
      |   [01;31m[K^~~~~~~~~~~~~~~[m[K
      |   [32m[Kgamecontrol_sub[m[K
[01m[K/home/yu/colcon_ws/src/master_jo/src/master_jo_node.cpp:105:3:[m[K [01;31m[Kerror: [m[Kâ€˜[01m[Klocal_pub[m[Kâ€™ was not declared in this scope
  105 |   [01;31m[Klocal_pub[m[K->on_activate();
      |   [01;31m[K^~~~~~~~~[m[K
[01m[K/home/yu/colcon_ws/src/master_jo/src/master_jo_node.cpp:106:3:[m[K [01;31m[Kerror: [m[Kâ€˜[01m[Kudp_pub[m[Kâ€™ was not declared in this scope
  106 |   [01;31m[Kudp_pub[m[K->on_activate();
      |   [01;31m[K^~~~~~~[m[K
[01m[K/home/yu/colcon_ws/src/master_jo/src/master_jo_node.cpp:107:3:[m[K [01;31m[Kerror: [m[Kâ€˜[01m[KmotionPub[m[Kâ€™ was not declared in this scope
  107 |   [01;31m[KmotionPub[m[K->on_activate();
      |   [01;31m[K^~~~~~~~~[m[K
[01m[K/home/yu/colcon_ws/src/master_jo/src/master_jo_node.cpp:100:36:[m[K [01;35m[Kwarning: [m[Kunused parameter â€˜[01m[Kprevious_state[m[Kâ€™ [[01;35m[K]8;;https://gcc.gnu.org/onlinedocs/gcc/Warning-Options.html#index-Wunused-parameter-Wunused-parameter]8;;[m[K]
  100 |     [01;35m[Kconst rclcpp_lifecycle::State &previous_state[m[K) {
      |     [01;35m[K~~~~~~~~~~~~~~~~~~~~~~~~~~~~~~~^~~~~~~~~~~~~~[m[K
[01m[K/home/yu/colcon_ws/src/master_jo/src/master_jo_node.cpp:[m[K In member function â€˜[01m[Kvirtual rclcpp_lifecycle::node_interfaces::LifecycleNodeInterface::CallbackReturn master_jo::MasterJoNode::on_deactivate(const rclcpp_lifecycle::State&)[m[Kâ€™:
[01m[K/home/yu/colcon_ws/src/master_jo/src/master_jo_node.cpp:129:3:[m[K [01;31m[Kerror: [m[Kâ€˜[01m[Kvision_pub[m[Kâ€™ was not declared in this scope
  129 |   [01;31m[Kvision_pub[m[K->on_deactivate();
      |   [01;31m[K^~~~~~~~~~[m[K
[01m[K/home/yu/colcon_ws/src/master_jo/src/master_jo_node.cpp:130:3:[m[K [01;31m[Kerror: [m[Kâ€˜[01m[Kgamecontrol_pub[m[Kâ€™ was not declared in this scope; did you mean â€˜[01m[Kgamecontrol_sub[m[Kâ€™?
  130 |   [01;31m[Kgamecontrol_pub[m[K->on_deactivate();
      |   [01;31m[K^~~~~~~~~~~~~~~[m[K
      |   [32m[Kgamecontrol_sub[m[K
[01m[K/home/yu/colcon_ws/src/master_jo/src/master_jo_node.cpp:131:3:[m[K [01;31m[Kerror: [m[Kâ€˜[01m[Klocal_pub[m[Kâ€™ was not declared in this scope
  131 |   [01;31m[Klocal_pub[m[K->on_deactivate();
      |   [01;31m[K^~~~~~~~~[m[K
[01m[K/home/yu/colcon_ws/src/master_jo/src/master_jo_node.cpp:132:3:[m[K [01;31m[Kerror: [m[Kâ€˜[01m[Kudp_pub[m[Kâ€™ was not declared in this scope
  132 |   [01;31m[Kudp_pub[m[K->on_deactivate();
      |   [01;31m[K^~~~~~~[m[K
[01m[K/home/yu/colcon_ws/src/master_jo/src/master_jo_node.cpp:133:3:[m[K [01;31m[Kerror: [m[Kâ€˜[01m[KmotionPub[m[Kâ€™ was not declared in this scope
  133 |   [01;31m[KmotionPub[m[K->on_deactivate();
      |   [01;31m[K^~~~~~~~~[m[K
[01m[K/home/yu/colcon_ws/src/master_jo/src/master_jo_node.cpp:126:36:[m[K [01;35m[Kwarning: [m[Kunused parameter â€˜[01m[Kprevious_state[m[Kâ€™ [[01;35m[K]8;;https://gcc.gnu.org/onlinedocs/gcc/Warning-Options.html#index-Wunused-parameter-Wunused-parameter]8;;[m[K]
  126 |     [01;35m[Kconst rclcpp_lifecycle::State &previous_state[m[K) {
      |     [01;35m[K~~~~~~~~~~~~~~~~~~~~~~~~~~~~~~~^~~~~~~~~~~~~~[m[K
[01m[K/home/yu/colcon_ws/src/master_jo/src/master_jo_node.cpp:[m[K In member function â€˜[01m[Kvirtual rclcpp_lifecycle::node_interfaces::LifecycleNodeInterface::CallbackReturn master_jo::MasterJoNode::on_cleanup(const rclcpp_lifecycle::State&)[m[Kâ€™:
[01m[K/home/yu/colcon_ws/src/master_jo/src/master_jo_node.cpp:145:57:[m[K [01;35m[Kwarning: [m[Kunused parameter â€˜[01m[Kprevious_state[m[Kâ€™ [[01;35m[K]8;;https://gcc.gnu.org/onlinedocs/gcc/Warning-Options.html#index-Wunused-parameter-Wunused-parameter]8;;[m[K]
  145 | MasterJoNode::on_cleanup([01;35m[Kconst rclcpp_lifecycle::State &previous_state[m[K) {
      |                          [01;35m[K~~~~~~~~~~~~~~~~~~~~~~~~~~~~~~~^~~~~~~~~~~~~~[m[K
[01m[K/home/yu/colcon_ws/src/master_jo/src/master_jo_node.cpp:[m[K In member function â€˜[01m[Kvirtual rclcpp_lifecycle::node_interfaces::LifecycleNodeInterface::CallbackReturn master_jo::MasterJoNode::on_shutdown(const rclcpp_lifecycle::State&)[m[Kâ€™:
[01m[K/home/yu/colcon_ws/src/master_jo/src/master_jo_node.cpp:153:36:[m[K [01;35m[Kwarning: [m[Kunused parameter â€˜[01m[Kprevious_state[m[Kâ€™ [[01;35m[K]8;;https://gcc.gnu.org/onlinedocs/gcc/Warning-Options.html#index-Wunused-parameter-Wunused-parameter]8;;[m[K]
  153 |     [01;35m[Kconst rclcpp_lifecycle::State &previous_state[m[K) {
      |     [01;35m[K~~~~~~~~~~~~~~~~~~~~~~~~~~~~~~~^~~~~~~~~~~~~~[m[K
[01m[K/home/yu/colcon_ws/src/master_jo/src/master_jo_node.cpp:[m[K At global scope:
[01m[K/home/yu/colcon_ws/src/master_jo/src/master_jo_node.cpp:233:37:[m[K [01;31m[Kerror: [m[Kâ€˜[01m[KImuMsg[m[Kâ€™ in namespace â€˜[01m[Khumanoid_interfaces::msg[m[Kâ€™ does not name a type
  233 |     const humanoid_interfaces::msg::[01;31m[KImuMsg[m[K::SharedPtr msg) {
      |                                     [01;31m[K^~~~~~[m[K
[01m[K/home/yu/colcon_ws/src/master_jo/src/master_jo_node.cpp:233:55:[m[K [01;31m[Kerror: [m[Kexpected unqualified-id before â€˜[01m[Kmsg[m[Kâ€™
  233 |     const humanoid_interfaces::msg::ImuMsg::SharedPtr [01;31m[Kmsg[m[K) {
      |                                                       [01;31m[K^~~[m[K
[01m[K/home/yu/colcon_ws/src/master_jo/src/master_jo_node.cpp:233:54:[m[K [01;31m[Kerror: [m[Kexpected â€˜[01m[K)[m[Kâ€™ before â€˜[01m[Kmsg[m[Kâ€™
  233 |     const humanoid_interfaces::msg::ImuMsg::SharedPtr[01;31m[K [m[K[32m[Kmsg[m[K) {
      |                                                      [01;31m[K^[m[K[32m[K~~~[m[K
      |                                                      [32m[K)[m[K
[01m[K/home/yu/colcon_ws/src/master_jo/src/master_jo_node.cpp:232:31:[m[K [01;36m[Knote: [m[Kto match this â€˜[01m[K([m[Kâ€™
  232 | void MasterJoNode::imuCallback[01;36m[K([m[K
      |                               [01;36m[K^[m[K
[01m[K/home/yu/colcon_ws/src/master_jo/src/master_jo_node.cpp:233:55:[m[K [01;31m[Kerror: [m[Kexpected initializer before â€˜[01m[Kmsg[m[Kâ€™
  233 |     const humanoid_interfaces::msg::ImuMsg::SharedPtr [01;31m[Kmsg[m[K) {
      |                                                       [01;31m[K^~~[m[K
[01m[K/home/yu/colcon_ws/src/master_jo/src/master_jo_node.cpp:240:37:[m[K [01;31m[Kerror: [m[Kâ€˜[01m[KRobocupvision25[m[Kâ€™ in namespace â€˜[01m[Khumanoid_interfaces::msg[m[Kâ€™ does not name a type
  240 |     const humanoid_interfaces::msg::[01;31m[KRobocupvision25[m[K::SharedPtr msg) {
      |                                     [01;31m[K^~~~~~~~~~~~~~~[m[K
[01m[K/home/yu/colcon_ws/src/master_jo/src/master_jo_node.cpp:240:64:[m[K [01;31m[Kerror: [m[Kexpected unqualified-id before â€˜[01m[Kmsg[m[Kâ€™
  240 |     const humanoid_interfaces::msg::Robocupvision25::SharedPtr [01;31m[Kmsg[m[K) {
      |                                                                [01;31m[K^~~[m[K
[01m[K/home/yu/colcon_ws/src/master_jo/src/master_jo_node.cpp:240:63:[m[K [01;31m[Kerror: [m[Kexpected â€˜[01m[K)[m[Kâ€™ before â€˜[01m[Kmsg[m[Kâ€™
  240 |     const humanoid_interfaces::msg::Robocupvision25::SharedPtr[01;31m[K [m[K[32m[Kmsg[m[K) {
      |                                                               [01;31m[K^[m[K[32m[K~~~[m[K
      |                                                               [32m[K)[m[K
[01m[K/home/yu/colcon_ws/src/master_jo/src/master_jo_node.cpp:239:34:[m[K [01;36m[Knote: [m[Kto match this â€˜[01m[K([m[Kâ€™
  239 | void MasterJoNode::visionCallback[01;36m[K([m[K
      |                                  [01;36m[K^[m[K
[01m[K/home/yu/colcon_ws/src/master_jo/src/master_jo_node.cpp:240:64:[m[K [01;31m[Kerror: [m[Kexpected initializer before â€˜[01m[Kmsg[m[Kâ€™
  240 |     const humanoid_interfaces::msg::Robocupvision25::SharedPtr [01;31m[Kmsg[m[K) {
      |                                                                [01;31m[K^~~[m[K
[01m[K/home/yu/colcon_ws/src/master_jo/src/master_jo_node.cpp:250:37:[m[K [01;31m[Kerror: [m[Kâ€˜[01m[KIkEndMsg[m[Kâ€™ in namespace â€˜[01m[Khumanoid_interfaces::msg[m[Kâ€™ does not name a type
  250 |     const humanoid_interfaces::msg::[01;31m[KIkEndMsg[m[K::SharedPtr msg) {
      |                                     [01;31m[K^~~~~~~~[m[K
[01m[K/home/yu/colcon_ws/src/master_jo/src/master_jo_node.cpp:250:57:[m[K [01;31m[Kerror: [m[Kexpected unqualified-id before â€˜[01m[Kmsg[m[Kâ€™
  250 |     const humanoid_interfaces::msg::IkEndMsg::SharedPtr [01;31m[Kmsg[m[K) {
      |                                                         [01;31m[K^~~[m[K
[01m[K/home/yu/colcon_ws/src/master_jo/src/master_jo_node.cpp:250:56:[m[K [01;31m[Kerror: [m[Kexpected â€˜[01m[K)[m[Kâ€™ before â€˜[01m[Kmsg[m[Kâ€™
  250 |     const humanoid_interfaces::msg::IkEndMsg::SharedPtr[01;31m[K [m[K[32m[Kmsg[m[K) {
      |                                                        [01;31m[K^[m[K[32m[K~~~[m[K
      |                                                        [32m[K)[m[K
[01m[K/home/yu/colcon_ws/src/master_jo/src/master_jo_node.cpp:249:30:[m[K [01;36m[Knote: [m[Kto match this â€˜[01m[K([m[Kâ€™
  249 | void MasterJoNode::ikCallback[01;36m[K([m[K
      |                              [01;36m[K^[m[K
[01m[K/home/yu/colcon_ws/src/master_jo/src/master_jo_node.cpp:250:57:[m[K [01;31m[Kerror: [m[Kexpected initializer before â€˜[01m[Kmsg[m[Kâ€™
  250 |     const humanoid_interfaces::msg::IkEndMsg::SharedPtr [01;31m[Kmsg[m[K) {
      |                                                         [01;31m[K^~~[m[K
[01m[K/home/yu/colcon_ws/src/master_jo/src/master_jo_node.cpp:269:37:[m[K [01;31m[Kerror: [m[Kâ€˜[01m[KRobocuplocalization25[m[Kâ€™ in namespace â€˜[01m[Khumanoid_interfaces::msg[m[Kâ€™ does not name a type
  269 |     const humanoid_interfaces::msg::[01;31m[KRobocuplocalization25[m[K::SharedPtr msg) {
      |                                     [01;31m[K^~~~~~~~~~~~~~~~~~~~~[m[K
[01m[K/home/yu/colcon_ws/src/master_jo/src/master_jo_node.cpp:269:70:[m[K [01;31m[Kerror: [m[Kexpected unqualified-id before â€˜[01m[Kmsg[m[Kâ€™
  269 |     const humanoid_interfaces::msg::Robocuplocalization25::SharedPtr [01;31m[Kmsg[m[K) {
      |                                                                      [01;31m[K^~~[m[K
[01m[K/home/yu/colcon_ws/src/master_jo/src/master_jo_node.cpp:269:69:[m[K [01;31m[Kerror: [m[Kexpected â€˜[01m[K)[m[Kâ€™ before â€˜[01m[Kmsg[m[Kâ€™
  269 |     const humanoid_interfaces::msg::Robocuplocalization25::SharedPtr[01;31m[K [m[K[32m[Kmsg[m[K) {
      |                                                                     [01;31m[K^[m[K[32m[K~~~[m[K
      |                                                                     [32m[K)[m[K
[01m[K/home/yu/colcon_ws/src/master_jo/src/master_jo_node.cpp:268:33:[m[K [01;36m[Knote: [m[Kto match this â€˜[01m[K([m[Kâ€™
  268 | void MasterJoNode::localCallback[01;36m[K([m[K
      |                                 [01;36m[K^[m[K
[01m[K/home/yu/colcon_ws/src/master_jo/src/master_jo_node.cpp:269:70:[m[K [01;31m[Kerror: [m[Kexpected initializer before â€˜[01m[Kmsg[m[Kâ€™
  269 |     const humanoid_interfaces::msg::Robocuplocalization25::SharedPtr [01;31m[Kmsg[m[K) {
      |                                                                      [01;31m[K^~~[m[K
[01m[K/home/yu/colcon_ws/src/master_jo/src/master_jo_node.cpp:289:37:[m[K [01;31m[Kerror: [m[Kâ€˜[01m[KUdp2master[m[Kâ€™ in namespace â€˜[01m[Khumanoid_interfaces::msg[m[Kâ€™ does not name a type
  289 |     const humanoid_interfaces::msg::[01;31m[KUdp2master[m[K::SharedPtr msg) {
      |                                     [01;31m[K^~~~~~~~~~[m[K
[01m[K/home/yu/colcon_ws/src/master_jo/src/master_jo_node.cpp:289:59:[m[K [01;31m[Kerror: [m[Kexpected unqualified-id before â€˜[01m[Kmsg[m[Kâ€™
  289 |     const humanoid_interfaces::msg::Udp2master::SharedPtr [01;31m[Kmsg[m[K) {
      |                                                           [01;31m[K^~~[m[K
[01m[K/home/yu/colcon_ws/src/master_jo/src/master_jo_node.cpp:289:58:[m[K [01;31m[Kerror: [m[Kexpected â€˜[01m[K)[m[Kâ€™ before â€˜[01m[Kmsg[m[Kâ€™
  289 |     const humanoid_interfaces::msg::Udp2master::SharedPtr[01;31m[K [m[K[32m[Kmsg[m[K) {
      |                                                          [01;31m[K^[m[K[32m[K~~~[m[K
      |                                                          [32m[K)[m[K
[01m[K/home/yu/colcon_ws/src/master_jo/src/master_jo_node.cpp:288:31:[m[K [01;36m[Knote: [m[Kto match this â€˜[01m[K([m[Kâ€™
  288 | void MasterJoNode::udpCallback[01;36m[K([m[K
      |                               [01;36m[K^[m[K
[01m[K/home/yu/colcon_ws/src/master_jo/src/master_jo_node.cpp:289:59:[m[K [01;31m[Kerror: [m[Kexpected initializer before â€˜[01m[Kmsg[m[Kâ€™
  289 |     const humanoid_interfaces::msg::Udp2master::SharedPtr [01;31m[Kmsg[m[K) {
      |                                                           [01;31m[K^~~[m[K
[01m[K/home/yu/colcon_ws/src/master_jo/src/master_jo_node.cpp:302:37:[m[K [01;31m[Kerror: [m[Kâ€˜[01m[KMotionOperator[m[Kâ€™ in namespace â€˜[01m[Khumanoid_interfaces::msg[m[Kâ€™ does not name a type
  302 |     const humanoid_interfaces::msg::[01;31m[KMotionOperator[m[K::SharedPtr msg) {
      |                                     [01;31m[K^~~~~~~~~~~~~~[m[K
[01m[K/home/yu/colcon_ws/src/master_jo/src/master_jo_node.cpp:302:63:[m[K [01;31m[Kerror: [m[Kexpected unqualified-id before â€˜[01m[Kmsg[m[Kâ€™
  302 |     const humanoid_interfaces::msg::MotionOperator::SharedPtr [01;31m[Kmsg[m[K) {
      |                                                               [01;31m[K^~~[m[K
[01m[K/home/yu/colcon_ws/src/master_jo/src/master_jo_node.cpp:302:62:[m[K [01;31m[Kerror: [m[Kexpected â€˜[01m[K)[m[Kâ€™ before â€˜[01m[Kmsg[m[Kâ€™
  302 |     const humanoid_interfaces::msg::MotionOperator::SharedPtr[01;31m[K [m[K[32m[Kmsg[m[K) {
      |                                                              [01;31m[K^[m[K[32m[K~~~[m[K
      |                                                              [32m[K)[m[K
[01m[K/home/yu/colcon_ws/src/master_jo/src/master_jo_node.cpp:301:34:[m[K [01;36m[Knote: [m[Kto match this â€˜[01m[K([m[Kâ€™
  301 | void MasterJoNode::motionCallback[01;36m[K([m[K
      |                                  [01;36m[K^[m[K
[01m[K/home/yu/colcon_ws/src/master_jo/src/master_jo_node.cpp:302:63:[m[K [01;31m[Kerror: [m[Kexpected initializer before â€˜[01m[Kmsg[m[Kâ€™
  302 |     const humanoid_interfaces::msg::MotionOperator::SharedPtr [01;31m[Kmsg[m[K) {
      |                                                               [01;31m[K^~~[m[K
[01m[K/home/yu/colcon_ws/src/master_jo/src/master_jo_node.cpp:309:37:[m[K [01;31m[Kerror: [m[Kâ€˜[01m[KPidtuning[m[Kâ€™ in namespace â€˜[01m[Khumanoid_interfaces::msg[m[Kâ€™ does not name a type
  309 |     const humanoid_interfaces::msg::[01;31m[KPidtuning[m[K::SharedPtr msg) {
      |                                     [01;31m[K^~~~~~~~~[m[K
[01m[K/home/yu/colcon_ws/src/master_jo/src/master_jo_node.cpp:309:58:[m[K [01;31m[Kerror: [m[Kexpected unqualified-id before â€˜[01m[Kmsg[m[Kâ€™
  309 |     const humanoid_interfaces::msg::Pidtuning::SharedPtr [01;31m[Kmsg[m[K) {
      |                                                          [01;31m[K^~~[m[K
[01m[K/home/yu/colcon_ws/src/master_jo/src/master_jo_node.cpp:309:57:[m[K [01;31m[Kerror: [m[Kexpected â€˜[01m[K)[m[Kâ€™ before â€˜[01m[Kmsg[m[Kâ€™
  309 |     const humanoid_interfaces::msg::Pidtuning::SharedPtr[01;31m[K [m[K[32m[Kmsg[m[K) {
      |                                                         [01;31m[K^[m[K[32m[K~~~[m[K
      |                                                         [32m[K)[m[K
[01m[K/home/yu/colcon_ws/src/master_jo/src/master_jo_node.cpp:308:31:[m[K [01;36m[Knote: [m[Kto match this â€˜[01m[K([m[Kâ€™
  308 | void MasterJoNode::pidCallback[01;36m[K([m[K
      |                               [01;36m[K^[m[K
[01m[K/home/yu/colcon_ws/src/master_jo/src/master_jo_node.cpp:309:58:[m[K [01;31m[Kerror: [m[Kexpected initializer before â€˜[01m[Kmsg[m[Kâ€™
  309 |     const humanoid_interfaces::msg::Pidtuning::SharedPtr [01;31m[Kmsg[m[K) {
      |                                                          [01;31m[K^~~[m[K
[01m[K/home/yu/colcon_ws/src/master_jo/src/master_jo_node.cpp:[m[K In member function â€˜[01m[Kvoid master_jo::MasterJoNode::robocup_master()[m[Kâ€™:
[01m[K/home/yu/colcon_ws/src/master_jo/src/master_jo_node.cpp:345:5:[m[K [01;31m[Kerror: [m[Kâ€˜[01m[Kvision_pub[m[Kâ€™ was not declared in this scope
  345 |     [01;31m[Kvision_pub[m[K->publish(master->master2vision);
      |     [01;31m[K^~~~~~~~~~[m[K
[01m[K/home/yu/colcon_ws/src/master_jo/src/master_jo_node.cpp:345:33:[m[K [01;31m[Kerror: [m[Kâ€˜[01m[Kusing element_type = class master_jo::MasterRcko[m[Kâ€™ {aka â€˜[01m[Kclass master_jo::MasterRcko[m[Kâ€™} has no member named â€˜[01m[Kmaster2vision[m[Kâ€™
  345 |     vision_pub->publish(master->[01;31m[Kmaster2vision[m[K);
      |                                 [01;31m[K^~~~~~~~~~~~~[m[K
[01m[K/home/yu/colcon_ws/src/master_jo/src/master_jo_node.cpp:346:5:[m[K [01;31m[Kerror: [m[Kâ€˜[01m[Kgamecontrol_pub[m[Kâ€™ was not declared in this scope; did you mean â€˜[01m[Kgamecontrol_sub[m[Kâ€™?
  346 |     [01;31m[Kgamecontrol_pub[m[K->publish(master->gameControlReturnData);
      |     [01;31m[K^~~~~~~~~~~~~~~[m[K
      |     [32m[Kgamecontrol_sub[m[K
[01m[K/home/yu/colcon_ws/src/master_jo/src/master_jo_node.cpp:346:38:[m[K [01;31m[Kerror: [m[Kâ€˜[01m[Kusing element_type = class master_jo::MasterRcko[m[Kâ€™ {aka â€˜[01m[Kclass master_jo::MasterRcko[m[Kâ€™} has no member named â€˜[01m[KgameControlReturnData[m[Kâ€™; did you mean â€˜[01m[KgameControlData[m[Kâ€™?
  346 |     gamecontrol_pub->publish(master->[01;31m[KgameControlReturnData[m[K);
      |                                      [01;31m[K^~~~~~~~~~~~~~~~~~~~~[m[K
      |                                      [32m[KgameControlData[m[K
[01m[K/home/yu/colcon_ws/src/master_jo/src/master_jo_node.cpp:347:5:[m[K [01;31m[Kerror: [m[Kâ€˜[01m[Klocal_pub[m[Kâ€™ was not declared in this scope
  347 |     [01;31m[Klocal_pub[m[K->publish(master->master2local);
      |     [01;31m[K^~~~~~~~~[m[K
[01m[K/home/yu/colcon_ws/src/master_jo/src/master_jo_node.cpp:347:32:[m[K [01;31m[Kerror: [m[Kâ€˜[01m[Kusing element_type = class master_jo::MasterRcko[m[Kâ€™ {aka â€˜[01m[Kclass master_jo::MasterRcko[m[Kâ€™} has no member named â€˜[01m[Kmaster2local[m[Kâ€™
  347 |     local_pub->publish(master->[01;31m[Kmaster2local[m[K);
      |                                [01;31m[K^~~~~~~~~~~~[m[K
[01m[K/home/yu/colcon_ws/src/master_jo/src/master_jo_node.cpp:348:5:[m[K [01;31m[Kerror: [m[Kâ€˜[01m[Kudp_pub[m[Kâ€™ was not declared in this scope
  348 |     [01;31m[Kudp_pub[m[K->publish(master->master2udp);
      |     [01;31m[K^~~~~~~[m[K
[01m[K/home/yu/colcon_ws/src/master_jo/src/master_jo_node.cpp:348:30:[m[K [01;31m[Kerror: [m[Kâ€˜[01m[Kusing element_type = class master_jo::MasterRcko[m[Kâ€™ {aka â€˜[01m[Kclass master_jo::MasterRcko[m[Kâ€™} has no member named â€˜[01m[Kmaster2udp[m[Kâ€™
  348 |     udp_pub->publish(master->[01;31m[Kmaster2udp[m[K);
      |                              [01;31m[K^~~~~~~~~~[m[K
[01m[K/home/yu/colcon_ws/src/master_jo/src/master_jo_node.cpp:350:7:[m[K [01;31m[Kerror: [m[Kâ€˜[01m[KmotionPub[m[Kâ€™ was not declared in this scope
  350 |       [01;31m[KmotionPub[m[K->publish(master->motion);
      |       [01;31m[K^~~~~~~~~[m[K
[01m[K/home/yu/colcon_ws/src/master_jo/src/master_jo_node.cpp:350:34:[m[K [01;31m[Kerror: [m[Kâ€˜[01m[Kusing element_type = class master_jo::MasterRcko[m[Kâ€™ {aka â€˜[01m[Kclass master_jo::MasterRcko[m[Kâ€™} has no member named â€˜[01m[Kmotion[m[Kâ€™
  350 |       motionPub->publish(master->[01;31m[Kmotion[m[K);
      |                                  [01;31m[K^~~~~~[m[K
gmake[2]: *** [CMakeFiles/master_jo_node.dir/build.make:118: CMakeFiles/master_jo_node.dir/src/player.cpp.o] Error 1
gmake[2]: *** Waiting for unfinished jobs....
gmake[2]: *** [CMakeFiles/master_jo_node.dir/build.make:104: CMakeFiles/master_jo_node.dir/src/master_jo_node.cpp.o] Error 1
gmake[1]: *** [CMakeFiles/Makefile2:137: CMakeFiles/master_jo_node.dir/all] Error 2
gmake: *** [Makefile:146: all] Error 2
