[0.007s] Invoking command in '/home/yu/colcon_ws/build/master_jo': CMAKE_PREFIX_PATH=${CMAKE_PREFIX_PATH}:/home/yu/ros2_ws/install/python_parameter_tutorial:/opt/ros/humble /usr/bin/cmake /home/yu/colcon_ws/src/master_jo -DAMENT_CMAKE_SYMLINK_INSTALL=1 -DCMAKE_INSTALL_PREFIX=/home/yu/colcon_ws/install/master_jo
[0.048s] -- The C compiler identification is GNU 11.4.0
[0.088s] -- The CXX compiler identification is GNU 11.4.0
[0.092s] -- Detecting C compiler ABI info
[0.145s] -- Detecting C compiler ABI info - done
[0.148s] -- Check for working C compiler: /usr/bin/cc - skipped
[0.149s] -- Detecting C compile features
[0.149s] -- Detecting C compile features - done
[0.150s] -- Detecting CXX compiler ABI info
[0.205s] -- Detecting CXX compiler ABI info - done
[0.214s] -- Check for working CXX compiler: /usr/bin/c++ - skipped
[0.215s] -- Detecting CXX compile features
[0.215s] -- Detecting CXX compile features - done
[0.215s] -- Found ament_cmake: 1.3.12 (/opt/ros/humble/share/ament_cmake/cmake)
[0.319s] -- Found Python3: /usr/bin/python3 (found version "3.10.12") found components: Interpreter 
[0.358s] -- Override CMake install command with custom implementation using symlinks instead of copying resources
[0.378s] -- Found rclcpp_lifecycle: 16.0.14 (/opt/ros/humble/share/rclcpp_lifecycle/cmake)
[0.406s] -- Found rosidl_generator_c: 3.1.7 (/opt/ros/humble/share/rosidl_generator_c/cmake)
[0.407s] -- Found rosidl_adapter: 3.1.7 (/opt/ros/humble/share/rosidl_adapter/cmake)
[0.414s] -- Found rosidl_generator_cpp: 3.1.7 (/opt/ros/humble/share/rosidl_generator_cpp/cmake)
[0.419s] -- Using all available rosidl_typesupport_c: rosidl_typesupport_fastrtps_c;rosidl_typesupport_introspection_c
[0.431s] -- Using all available rosidl_typesupport_cpp: rosidl_typesupport_fastrtps_cpp;rosidl_typesupport_introspection_cpp
[0.455s] -- Found rmw_implementation_cmake: 6.1.2 (/opt/ros/humble/share/rmw_implementation_cmake/cmake)
[0.457s] -- Found rmw_fastrtps_cpp: 6.2.8 (/opt/ros/humble/share/rmw_fastrtps_cpp/cmake)
[0.530s] -- Found OpenSSL: /usr/lib/x86_64-linux-gnu/libcrypto.so (found version "3.0.2")  
[0.541s] -- Found FastRTPS: /opt/ros/humble/include  
[0.572s] -- Using RMW implementation 'rmw_fastrtps_cpp' as default
[0.579s] -- Looking for pthread.h
[0.632s] -- Looking for pthread.h - found
[0.632s] -- Performing Test CMAKE_HAVE_LIBC_PTHREAD
[0.688s] -- Performing Test CMAKE_HAVE_LIBC_PTHREAD - Success
[0.688s] -- Found Threads: TRUE  
[0.726s] -- Found humanoid_interfaces: 0.0.0 (/home/yu/colcon_ws/install/humanoid_interfaces/share/humanoid_interfaces/cmake)
[0.744s] -- Found ament_lint_auto: 0.12.14 (/opt/ros/humble/share/ament_lint_auto/cmake)
[0.798s] -- Added test 'cppcheck' to perform static code analysis on C / C++ code
[0.799s] -- Configured cppcheck include dirs: /home/yu/colcon_ws/src/master_jo/include
[0.799s] -- Configured cppcheck exclude dirs and/or files: 
[0.799s] -- Added test 'flake8' to check Python code syntax and style conventions
[0.799s] -- Added test 'lint_cmake' to check CMake code style
[0.799s] -- Added test 'pep257' to check Python code against some of the docstring style conventions in PEP 257
[0.799s] -- Added test 'uncrustify' to check C / C++ code style
[0.799s] -- Configured uncrustify additional arguments: 
[0.800s] -- Added test 'xmllint' to check XML markup files
[0.803s] -- Configuring done
[0.818s] -- Generating done
[0.822s] -- Build files have been written to: /home/yu/colcon_ws/build/master_jo
[0.827s] Invoked command in '/home/yu/colcon_ws/build/master_jo' returned '0': CMAKE_PREFIX_PATH=${CMAKE_PREFIX_PATH}:/home/yu/ros2_ws/install/python_parameter_tutorial:/opt/ros/humble /usr/bin/cmake /home/yu/colcon_ws/src/master_jo -DAMENT_CMAKE_SYMLINK_INSTALL=1 -DCMAKE_INSTALL_PREFIX=/home/yu/colcon_ws/install/master_jo
[0.829s] Invoking command in '/home/yu/colcon_ws/build/master_jo': CMAKE_PREFIX_PATH=${CMAKE_PREFIX_PATH}:/home/yu/ros2_ws/install/python_parameter_tutorial:/opt/ros/humble /usr/bin/cmake --build /home/yu/colcon_ws/build/master_jo -- -j8 -l8
[0.870s] [ 16%] [32mBuilding CXX object CMakeFiles/master_jo_node.dir/src/forward.cpp.o[0m
[0.870s] [ 33%] [32mBuilding CXX object CMakeFiles/master_jo_node.dir/src/master_jo_node.cpp.o[0m
[0.872s] [ 50%] [32mBuilding CXX object CMakeFiles/master_jo_node.dir/src/point.cpp.o[0m
[0.872s] [ 66%] [32mBuilding CXX object CMakeFiles/master_jo_node.dir/include/master_controller_PID/pidcontroll.cpp.o[0m
[0.875s] [ 83%] [32mBuilding CXX object CMakeFiles/master_jo_node.dir/src/player.cpp.o[0m
[2.240s] [01m[K/home/yu/colcon_ws/src/master_jo/src/player.cpp:[m[K In member function â€˜[01m[Kvoid master_jo::Player::gameStateControl(bool, int)[m[Kâ€™:
[2.240s] [01m[K/home/yu/colcon_ws/src/master_jo/src/player.cpp:28:10:[m[K [01;31m[Kerror: [m[Kâ€˜[01m[KSTATE_INITIAL[m[Kâ€™ was not declared in this scope
[2.240s]    28 |     case [01;31m[KSTATE_INITIAL[m[K:
[2.240s]       |          [01;31m[K^~~~~~~~~~~~~[m[K
[2.247s] [01m[K/home/yu/colcon_ws/src/master_jo/src/player.cpp:31:10:[m[K [01;31m[Kerror: [m[Kâ€˜[01m[KSTATE_READY[m[Kâ€™ was not declared in this scope
[2.247s]    31 |     case [01;31m[KSTATE_READY[m[K:
[2.247s]       |          [01;31m[K^~~~~~~~~~~[m[K
[2.249s] In file included from [01m[K/home/yu/colcon_ws/src/master_jo/src/master_jo_node.cpp:1[m[K:
[2.249s] [01m[K/home/yu/colcon_ws/src/master_jo/src/../include/master_jo/master_jo_node.hpp:40:52:[m[K [01;31m[Kerror: [m[Kâ€˜[01m[KImuMsg[m[Kâ€™ in namespace â€˜[01m[Khumanoid_interfaces::msg[m[Kâ€™ does not name a type
[2.249s]    40 |   void imuCallback(const humanoid_interfaces::msg::[01;31m[KImuMsg[m[K::SharedPtr msg);
[2.249s]       |                                                    [01;31m[K^~~~~~[m[K
[2.249s] [01m[K/home/yu/colcon_ws/src/master_jo/src/../include/master_jo/master_jo_node.hpp:40:70:[m[K [01;31m[Kerror: [m[Kexpected unqualified-id before â€˜[01m[Kmsg[m[Kâ€™
[2.249s]    40 |   void imuCallback(const humanoid_interfaces::msg::ImuMsg::SharedPtr [01;31m[Kmsg[m[K);
[2.249s]       |                                                                      [01;31m[K^~~[m[K
[2.249s] [01m[K/home/yu/colcon_ws/src/master_jo/src/../include/master_jo/master_jo_node.hpp:40:69:[m[K [01;31m[Kerror: [m[Kexpected â€˜[01m[K)[m[Kâ€™ before â€˜[01m[Kmsg[m[Kâ€™
[2.249s]    40 |   void imuCallback[34m[K([m[Kconst humanoid_interfaces::msg::ImuMsg::SharedPtr[01;31m[K [m[K[32m[Kmsg[m[K);
[2.249s]       |                   [34m[K~[m[K                                                 [01;31m[K^[m[K[32m[K~~~[m[K
[2.249s]       |                                                                     [32m[K)[m[K
[2.249s] [01m[K/home/yu/colcon_ws/src/master_jo/src/../include/master_jo/master_jo_node.hpp:40:60:[m[K [01;31m[Kerror: [m[Kexpected â€˜[01m[K;[m[Kâ€™ at end of member declaration
[2.249s]    40 |   void imuCallback(const humanoid_interfaces::msg::ImuMsg::[01;31m[KSharedPtr[m[K msg);
[2.249s]       |                                                            [01;31m[K^~~~~~~~~[m[K
[2.249s]       |                                                                     [32m[K;[m[K
[2.251s] [01m[K/home/yu/colcon_ws/src/master_jo/src/../include/master_jo/master_jo_node.hpp:40:70:[m[K [01;31m[Kerror: [m[Kâ€˜[01m[Kmsg[m[Kâ€™ does not name a type
[2.252s]    40 |   void imuCallback(const humanoid_interfaces::msg::ImuMsg::SharedPtr [01;31m[Kmsg[m[K);
[2.252s]       |                                                                      [01;31m[K^~~[m[K
[2.252s] [01m[K/home/yu/colcon_ws/src/master_jo/src/../include/master_jo/master_jo_node.hpp:42:39:[m[K [01;31m[Kerror: [m[Kâ€˜[01m[KRobocupvision25[m[Kâ€™ in namespace â€˜[01m[Khumanoid_interfaces::msg[m[Kâ€™ does not name a type
[2.252s]    42 |       const humanoid_interfaces::msg::[01;31m[KRobocupvision25[m[K::SharedPtr msg);
[2.252s]       |                                       [01;31m[K^~~~~~~~~~~~~~~[m[K
[2.252s] [01m[K/home/yu/colcon_ws/src/master_jo/src/../include/master_jo/master_jo_node.hpp:42:66:[m[K [01;31m[Kerror: [m[Kexpected unqualified-id before â€˜[01m[Kmsg[m[Kâ€™
[2.252s]    42 |       const humanoid_interfaces::msg::Robocupvision25::SharedPtr [01;31m[Kmsg[m[K);
[2.252s]       |                                                                  [01;31m[K^~~[m[K
[2.252s] [01m[K/home/yu/colcon_ws/src/master_jo/src/player.cpp:34:10:[m[K [01;31m[Kerror: [m[Kâ€˜[01m[KSTATE_SET[m[Kâ€™ was not declared in this scope
[2.252s]    34 |     case [01;31m[KSTATE_SET[m[K:
[2.252s]       |          [01;31m[K^~~~~~~~~[m[K
[2.252s] [01m[K/home/yu/colcon_ws/src/master_jo/src/../include/master_jo/master_jo_node.hpp:42:65:[m[K [01;31m[Kerror: [m[Kexpected â€˜[01m[K)[m[Kâ€™ before â€˜[01m[Kmsg[m[Kâ€™
[2.252s]    42 |       const humanoid_interfaces::msg::Robocupvision25::SharedPtr[01;31m[K [m[K[32m[Kmsg[m[K);
[2.252s]       |                                                                 [01;31m[K^[m[K[32m[K~~~[m[K
[2.252s]       |                                                                 [32m[K)[m[K
[2.252s] [01m[K/home/yu/colcon_ws/src/master_jo/src/../include/master_jo/master_jo_node.hpp:41:22:[m[K [01;36m[Knote: [m[Kto match this â€˜[01m[K([m[Kâ€™
[2.252s]    41 |   void visionCallback[01;36m[K([m[K
[2.252s]       |                      [01;36m[K^[m[K
[2.252s] [01m[K/home/yu/colcon_ws/src/master_jo/src/../include/master_jo/master_jo_node.hpp:42:56:[m[K [01;31m[Kerror: [m[Kexpected â€˜[01m[K;[m[Kâ€™ at end of member declaration
[2.252s]    42 |       const humanoid_interfaces::msg::Robocupvision25::[01;31m[KSharedPtr[m[K msg);
[2.252s]       |                                                        [01;31m[K^~~~~~~~~[m[K
[2.252s]       |                                                                 [32m[K;[m[K
[2.252s] [01m[K/home/yu/colcon_ws/src/master_jo/src/../include/master_jo/master_jo_node.hpp:42:66:[m[K [01;31m[Kerror: [m[Kâ€˜[01m[Kmsg[m[Kâ€™ does not name a type
[2.252s]    42 |       const humanoid_interfaces::msg::Robocupvision25::SharedPtr [01;31m[Kmsg[m[K);
[2.252s]       |                                                                  [01;31m[K^~~[m[K
[2.253s] [01m[K/home/yu/colcon_ws/src/master_jo/src/../include/master_jo/master_jo_node.hpp:43:51:[m[K [01;31m[Kerror: [m[Kâ€˜[01m[KIkEndMsg[m[Kâ€™ in namespace â€˜[01m[Khumanoid_interfaces::msg[m[Kâ€™ does not name a type
[2.253s]    43 |   void ikCallback(const humanoid_interfaces::msg::[01;31m[KIkEndMsg[m[K::SharedPtr msg);
[2.253s]       |                                                   [01;31m[K^~~~~~~~[m[K
[2.253s] [01m[K/home/yu/colcon_ws/src/master_jo/src/../include/master_jo/master_jo_node.hpp:43:71:[m[K [01;31m[Kerror: [m[Kexpected unqualified-id before â€˜[01m[Kmsg[m[Kâ€™
[2.253s]    43 |   void ikCallback(const humanoid_interfaces::msg::IkEndMsg::SharedPtr [01;31m[Kmsg[m[K);
[2.253s]       |                                                                       [01;31m[K^~~[m[K
[2.253s] [01m[K/home/yu/colcon_ws/src/master_jo/src/../include/master_jo/master_jo_node.hpp:43:70:[m[K [01;31m[Kerror: [m[Kexpected â€˜[01m[K)[m[Kâ€™ before â€˜[01m[Kmsg[m[Kâ€™
[2.253s]    43 |   void ikCallback[34m[K([m[Kconst humanoid_interfaces::msg::IkEndMsg::SharedPtr[01;31m[K [m[K[32m[Kmsg[m[K);
[2.253s]       |                  [34m[K~[m[K                                                   [01;31m[K^[m[K[32m[K~~~[m[K
[2.253s]       |                                                                      [32m[K)[m[K
[2.253s] [01m[K/home/yu/colcon_ws/src/master_jo/src/../include/master_jo/master_jo_node.hpp:43:61:[m[K [01;31m[Kerror: [m[Kexpected â€˜[01m[K;[m[Kâ€™ at end of member declaration
[2.253s]    43 |   void ikCallback(const humanoid_interfaces::msg::IkEndMsg::[01;31m[KSharedPtr[m[K msg);
[2.253s]       |                                                             [01;31m[K^~~~~~~~~[m[K
[2.253s]       |                                                                      [32m[K;[m[K
[2.255s] [01m[K/home/yu/colcon_ws/src/master_jo/src/../include/master_jo/master_jo_node.hpp:43:71:[m[K [01;31m[Kerror: [m[Kâ€˜[01m[Kmsg[m[Kâ€™ does not name a type
[2.255s]    43 |   void ikCallback(const humanoid_interfaces::msg::IkEndMsg::SharedPtr [01;31m[Kmsg[m[K);
[2.255s]       |                                                                       [01;31m[K^~~[m[K
[2.255s] [01m[K/home/yu/colcon_ws/src/master_jo/src/../include/master_jo/master_jo_node.hpp:47:39:[m[K [01;31m[Kerror: [m[Kâ€˜[01m[KRobocuplocalization25[m[Kâ€™ in namespace â€˜[01m[Khumanoid_interfaces::msg[m[Kâ€™ does not name a type
[2.255s]    47 |       const humanoid_interfaces::msg::[01;31m[KRobocuplocalization25[m[K::SharedPtr msg);
[2.255s]       |                                       [01;31m[K^~~~~~~~~~~~~~~~~~~~~[m[K
[2.255s] [01m[K/home/yu/colcon_ws/src/master_jo/src/../include/master_jo/master_jo_node.hpp:47:72:[m[K [01;31m[Kerror: [m[Kexpected unqualified-id before â€˜[01m[Kmsg[m[Kâ€™
[2.255s]    47 |       const humanoid_interfaces::msg::Robocuplocalization25::SharedPtr [01;31m[Kmsg[m[K);
[2.255s]       |                                                                        [01;31m[K^~~[m[K
[2.255s] [01m[K/home/yu/colcon_ws/src/master_jo/src/../include/master_jo/master_jo_node.hpp:47:71:[m[K [01;31m[Kerror: [m[Kexpected â€˜[01m[K)[m[Kâ€™ before â€˜[01m[Kmsg[m[Kâ€™
[2.255s]    47 |       const humanoid_interfaces::msg::Robocuplocalization25::SharedPtr[01;31m[K [m[K[32m[Kmsg[m[K);
[2.255s]       |                                                                       [01;31m[K^[m[K[32m[K~~~[m[K
[2.255s]       |                                                                       [32m[K)[m[K
[2.255s] [01m[K/home/yu/colcon_ws/src/master_jo/src/../include/master_jo/master_jo_node.hpp:46:21:[m[K [01;36m[Knote: [m[Kto match this â€˜[01m[K([m[Kâ€™
[2.256s]    46 |   void localCallback[01;36m[K([m[K
[2.257s]       |                     [01;36m[K^[m[K
[2.257s] [01m[K/home/yu/colcon_ws/src/master_jo/src/../include/master_jo/master_jo_node.hpp:47:62:[m[K [01;31m[Kerror: [m[Kexpected â€˜[01m[K;[m[Kâ€™ at end of member declaration
[2.257s]    47 |       const humanoid_interfaces::msg::Robocuplocalization25::[01;31m[KSharedPtr[m[K msg);
[2.257s]       |                                                              [01;31m[K^~~~~~~~~[m[K
[2.257s]       |                                                                       [32m[K;[m[K
[2.257s] [01m[K/home/yu/colcon_ws/src/master_jo/src/../include/master_jo/master_jo_node.hpp:47:72:[m[K [01;31m[Kerror: [m[Kâ€˜[01m[Kmsg[m[Kâ€™ does not name a type
[2.257s]    47 |       const humanoid_interfaces::msg::Robocuplocalization25::SharedPtr [01;31m[Kmsg[m[K);
[2.257s]       |                                                                        [01;31m[K^~~[m[K
[2.257s] [01m[K/home/yu/colcon_ws/src/master_jo/src/../include/master_jo/master_jo_node.hpp:48:52:[m[K [01;31m[Kerror: [m[Kâ€˜[01m[KUdp2master[m[Kâ€™ in namespace â€˜[01m[Khumanoid_interfaces::msg[m[Kâ€™ does not name a type
[2.258s]    48 |   void udpCallback(const humanoid_interfaces::msg::[01;31m[KUdp2master[m[K::SharedPtr msg);
[2.258s]       |                                                    [01;31m[K^~~~~~~~~~[m[K
[2.258s] [01m[K/home/yu/colcon_ws/src/master_jo/src/../include/master_jo/master_jo_node.hpp:48:74:[m[K [01;31m[Kerror: [m[Kexpected unqualified-id before â€˜[01m[Kmsg[m[Kâ€™
[2.258s]    48 |   void udpCallback(const humanoid_interfaces::msg::Udp2master::SharedPtr [01;31m[Kmsg[m[K);
[2.258s]       |                                                                          [01;31m[K^~~[m[K
[2.258s] [01m[K/home/yu/colcon_ws/src/master_jo/src/../include/master_jo/master_jo_node.hpp:48:73:[m[K [01;31m[Kerror: [m[Kexpected â€˜[01m[K)[m[Kâ€™ before â€˜[01m[Kmsg[m[Kâ€™
[2.258s]    48 |   void udpCallback[34m[K([m[Kconst humanoid_interfaces::msg::Udp2master::SharedPtr[01;31m[K [m[K[32m[Kmsg[m[K);
[2.258s]       |                   [34m[K~[m[K                                                     [01;31m[K^[m[K[32m[K~~~[m[K
[2.258s]       |                                                                         [32m[K)[m[K
[2.258s] [01m[K/home/yu/colcon_ws/src/master_jo/src/../include/master_jo/master_jo_node.hpp:48:64:[m[K [01;31m[Kerror: [m[Kexpected â€˜[01m[K;[m[Kâ€™ at end of member declaration
[2.259s]    48 |   void udpCallback(const humanoid_interfaces::msg::Udp2master::[01;31m[KSharedPtr[m[K msg);
[2.259s]       |                                                                [01;31m[K^~~~~~~~~[m[K
[2.259s]       |                                                                         [32m[K;[m[K
[2.259s] [01m[K/home/yu/colcon_ws/src/master_jo/src/../include/master_jo/master_jo_node.hpp:48:74:[m[K [01;31m[Kerror: [m[Kâ€˜[01m[Kmsg[m[Kâ€™ does not name a type
[2.259s]    48 |   void udpCallback(const humanoid_interfaces::msg::Udp2master::SharedPtr [01;31m[Kmsg[m[K);
[2.259s]       |                                                                          [01;31m[K^~~[m[K
[2.259s] [01m[K/home/yu/colcon_ws/src/master_jo/src/../include/master_jo/master_jo_node.hpp:50:39:[m[K [01;31m[Kerror: [m[Kâ€˜[01m[KMotionOperator[m[Kâ€™ in namespace â€˜[01m[Khumanoid_interfaces::msg[m[Kâ€™ does not name a type
[2.259s]    50 |       const humanoid_interfaces::msg::[01;31m[KMotionOperator[m[K::SharedPtr msg);
[2.259s]       |                                       [01;31m[K^~~~~~~~~~~~~~[m[K
[2.259s] [01m[K/home/yu/colcon_ws/src/master_jo/src/../include/master_jo/master_jo_node.hpp:50:65:[m[K [01;31m[Kerror: [m[Kexpected unqualified-id before â€˜[01m[Kmsg[m[Kâ€™
[2.259s]    50 |       const humanoid_interfaces::msg::MotionOperator::SharedPtr [01;31m[Kmsg[m[K);
[2.259s]       |                                                                 [01;31m[K^~~[m[K
[2.259s] [01m[K/home/yu/colcon_ws/src/master_jo/src/../include/master_jo/master_jo_node.hpp:50:64:[m[K [01;31m[Kerror: [m[Kexpected â€˜[01m[K)[m[Kâ€™ before â€˜[01m[Kmsg[m[Kâ€™
[2.259s]    50 |       const humanoid_interfaces::msg::MotionOperator::SharedPtr[01;31m[K [m[K[32m[Kmsg[m[K);
[2.259s]       |                                                                [01;31m[K^[m[K[32m[K~~~[m[K
[2.259s]       |                                                                [32m[K)[m[K
[2.259s] [01m[K/home/yu/colcon_ws/src/master_jo/src/../include/master_jo/master_jo_node.hpp:49:22:[m[K [01;36m[Knote: [m[Kto match this â€˜[01m[K([m[Kâ€™
[2.259s]    49 |   void motionCallback[01;36m[K([m[K
[2.263s]       |                      [01;36m[K^[m[K
[2.263s] [01m[K/home/yu/colcon_ws/src/master_jo/src/../include/master_jo/master_jo_node.hpp:50:55:[m[K [01;31m[Kerror: [m[Kexpected â€˜[01m[K;[m[Kâ€™ at end of member declaration
[2.263s]    50 |       const humanoid_interfaces::msg::MotionOperator::[01;31m[KSharedPtr[m[K msg);
[2.263s]       |                                                       [01;31m[K^~~~~~~~~[m[K
[2.263s]       |                                                                [32m[K;[m[K
[2.263s] [01m[K/home/yu/colcon_ws/src/master_jo/src/../include/master_jo/master_jo_node.hpp:50:65:[m[K [01;31m[Kerror: [m[Kâ€˜[01m[Kmsg[m[Kâ€™ does not name a type
[2.263s]    50 |       const humanoid_interfaces::msg::MotionOperator::SharedPtr [01;31m[Kmsg[m[K);
[2.263s]       |                                                                 [01;31m[K^~~[m[K
[2.263s] [01m[K/home/yu/colcon_ws/src/master_jo/src/../include/master_jo/master_jo_node.hpp:51:52:[m[K [01;31m[Kerror: [m[Kâ€˜[01m[KPidtuning[m[Kâ€™ in namespace â€˜[01m[Khumanoid_interfaces::msg[m[Kâ€™ does not name a type
[2.263s]    51 |   void pidCallback(const humanoid_interfaces::msg::[01;31m[KPidtuning[m[K::SharedPtr msg);
[2.263s]       |                                                    [01;31m[K^~~~~~~~~[m[K
[2.263s] [01m[K/home/yu/colcon_ws/src/master_jo/src/../include/master_jo/master_jo_node.hpp:51:73:[m[K [01;31m[Kerror: [m[Kexpected unqualified-id before â€˜[01m[Kmsg[m[Kâ€™
[2.263s]    51 |   void pidCallback(const humanoid_interfaces::msg::Pidtuning::SharedPtr [01;31m[Kmsg[m[K);
[2.263s]       |                                                                         [01;31m[K^~~[m[K
[2.263s] [01m[K/home/yu/colcon_ws/src/master_jo/src/../include/master_jo/master_jo_node.hpp:51:72:[m[K [01;31m[Kerror: [m[Kexpected â€˜[01m[K)[m[Kâ€™ before â€˜[01m[Kmsg[m[Kâ€™
[2.263s]    51 |   void pidCallback[34m[K([m[Kconst humanoid_interfaces::msg::Pidtuning::SharedPtr[01;31m[K [m[K[32m[Kmsg[m[K);
[2.263s]       |                   [34m[K~[m[K                                                    [01;31m[K^[m[K[32m[K~~~[m[K
[2.263s]       |                                                                        [32m[K)[m[K
[2.263s] [01m[K/home/yu/colcon_ws/src/master_jo/src/../include/master_jo/master_jo_node.hpp:51:63:[m[K [01;31m[Kerror: [m[Kexpected â€˜[01m[K;[m[Kâ€™ at end of member declaration
[2.263s]    51 |   void pidCallback(const humanoid_interfaces::msg::Pidtuning::[01;31m[KSharedPtr[m[K msg);
[2.263s]       |                                                               [01;31m[K^~~~~~~~~[m[K
[2.263s]       |                                                                        [32m[K;[m[K
[2.263s] [01m[K/home/yu/colcon_ws/src/master_jo/src/../include/master_jo/master_jo_node.hpp:51:73:[m[K [01;31m[Kerror: [m[Kâ€˜[01m[Kmsg[m[Kâ€™ does not name a type
[2.263s]    51 |   void pidCallback(const humanoid_interfaces::msg::Pidtuning::SharedPtr [01;31m[Kmsg[m[K);
[2.263s]       |                                                                         [01;31m[K^~~[m[K
[2.263s] [01m[K/home/yu/colcon_ws/src/master_jo/src/player.cpp:37:10:[m[K [01;31m[Kerror: [m[Kâ€˜[01m[KSTATE_PLAYING[m[Kâ€™ was not declared in this scope
[2.263s]    37 |     case [01;31m[KSTATE_PLAYING[m[K:
[2.263s]       |          [01;31m[K^~~~~~~~~~~~~[m[K
[2.264s] [01m[K/home/yu/colcon_ws/src/master_jo/src/../include/master_jo/master_jo_node.hpp:59:50:[m[K [01;31m[Kerror: [m[Kâ€˜[01m[KImuMsg[m[Kâ€™ is not a member of â€˜[01m[Khumanoid_interfaces::msg[m[Kâ€™
[2.264s]    59 |   rclcpp::Subscription<humanoid_interfaces::msg::[01;31m[KImuMsg[m[K>::SharedPtr imu_sub;
[2.264s]       |                                                  [01;31m[K^~~~~~[m[K
[2.264s] [01m[K/home/yu/colcon_ws/src/master_jo/src/../include/master_jo/master_jo_node.hpp:59:56:[m[K [01;31m[Kerror: [m[Ktemplate argument 1 is invalid
[2.264s]    59 |   rclcpp::Subscription<humanoid_interfaces::msg::ImuMsg[01;31m[K>[m[K::SharedPtr imu_sub;
[2.264s]       |                                                        [01;31m[K^[m[K
[2.264s] [01m[K/home/yu/colcon_ws/src/master_jo/src/../include/master_jo/master_jo_node.hpp:59:56:[m[K [01;31m[Kerror: [m[Ktemplate argument 3 is invalid
[2.264s] [01m[K/home/yu/colcon_ws/src/master_jo/src/../include/master_jo/master_jo_node.hpp:59:56:[m[K [01;31m[Kerror: [m[Ktemplate argument 4 is invalid
[2.264s] [01m[K/home/yu/colcon_ws/src/master_jo/src/../include/master_jo/master_jo_node.hpp:59:56:[m[K [01;31m[Kerror: [m[Ktemplate argument 5 is invalid
[2.264s] [01m[K/home/yu/colcon_ws/src/master_jo/src/../include/master_jo/master_jo_node.hpp:59:59:[m[K [01;31m[Kerror: [m[Kexpected â€˜[01m[K;[m[Kâ€™ at end of member declaration
[2.264s]    59 |   rclcpp::Subscription<humanoid_interfaces::msg::ImuMsg>::[01;31m[KSharedPtr[m[K imu_sub;
[2.264s]       |                                                           [01;31m[K^~~~~~~~~[m[K
[2.264s]       |                                                                    [32m[K;[m[K
[2.264s] [01m[K/home/yu/colcon_ws/src/master_jo/src/../include/master_jo/master_jo_node.hpp:59:69:[m[K [01;31m[Kerror: [m[Kâ€˜[01m[Kimu_sub[m[Kâ€™ does not name a type
[2.264s]    59 |   rclcpp::Subscription<humanoid_interfaces::msg::ImuMsg>::SharedPtr [01;31m[Kimu_sub[m[K;
[2.264s]       |                                                                     [01;31m[K^~~~~~~[m[K
[2.264s] [01m[K/home/yu/colcon_ws/src/master_jo/src/../include/master_jo/master_jo_node.hpp:60:50:[m[K [01;31m[Kerror: [m[Kâ€˜[01m[KRobocupvision25[m[Kâ€™ is not a member of â€˜[01m[Khumanoid_interfaces::msg[m[Kâ€™
[2.264s]    60 |   rclcpp::Subscription<humanoid_interfaces::msg::[01;31m[KRobocupvision25[m[K>::SharedPtr
[2.264s]       |                                                  [01;31m[K^~~~~~~~~~~~~~~[m[K
[2.264s] [01m[K/home/yu/colcon_ws/src/master_jo/src/../include/master_jo/master_jo_node.hpp:60:65:[m[K [01;31m[Kerror: [m[Ktemplate argument 1 is invalid
[2.264s]    60 |   rclcpp::Subscription<humanoid_interfaces::msg::Robocupvision25[01;31m[K>[m[K::SharedPtr
[2.264s]       |                                                                 [01;31m[K^[m[K
[2.264s] [01m[K/home/yu/colcon_ws/src/master_jo/src/../include/master_jo/master_jo_node.hpp:60:65:[m[K [01;31m[Kerror: [m[Ktemplate argument 3 is invalid
[2.264s] [01m[K/home/yu/colcon_ws/src/master_jo/src/../include/master_jo/master_jo_node.hpp:60:65:[m[K [01;31m[Kerror: [m[Ktemplate argument 4 is invalid
[2.264s] [01m[K/home/yu/colcon_ws/src/master_jo/src/../include/master_jo/master_jo_node.hpp:60:65:[m[K [01;31m[Kerror: [m[Ktemplate argument 5 is invalid
[2.264s] [01m[K/home/yu/colcon_ws/src/master_jo/src/../include/master_jo/master_jo_node.hpp:60:68:[m[K [01;31m[Kerror: [m[Kexpected â€˜[01m[K;[m[Kâ€™ at end of member declaration
[2.264s]    60 |   rclcpp::Subscription<humanoid_interfaces::msg::Robocupvision25>::[01;31m[KSharedPtr[m[K
[2.264s]       |                                                                    [01;31m[K^~~~~~~~~[m[K
[2.265s]       |                                                                             [32m[K;[m[K
[2.265s] [01m[K/home/yu/colcon_ws/src/master_jo/src/../include/master_jo/master_jo_node.hpp:60:68:[m[K [01;31m[Kerror: [m[Kredeclaration of â€˜[01m[Kint master_jo::MasterJoNode::SharedPtr[m[Kâ€™
[2.265s] [01m[K/home/yu/colcon_ws/src/master_jo/src/../include/master_jo/master_jo_node.hpp:59:59:[m[K [01;36m[Knote: [m[Kprevious declaration â€˜[01m[Kint master_jo::MasterJoNode::SharedPtr[m[Kâ€™
[2.265s]    59 |   rclcpp::Subscription<humanoid_interfaces::msg::ImuMsg>::[01;36m[KSharedPtr[m[K imu_sub;
[2.265s]       |                                                           [01;36m[K^~~~~~~~~[m[K
[2.265s] [01m[K/home/yu/colcon_ws/src/master_jo/src/../include/master_jo/master_jo_node.hpp:61:7:[m[K [01;31m[Kerror: [m[Kâ€˜[01m[Kvision_sub[m[Kâ€™ does not name a type
[2.265s]    61 |       [01;31m[Kvision_sub[m[K;
[2.265s]       |       [01;31m[K^~~~~~~~~~[m[K
[2.265s] [01m[K/home/yu/colcon_ws/src/master_jo/src/../include/master_jo/master_jo_node.hpp:62:50:[m[K [01;31m[Kerror: [m[Kâ€˜[01m[KIkEndMsg[m[Kâ€™ is not a member of â€˜[01m[Khumanoid_interfaces::msg[m[Kâ€™
[2.265s]    62 |   rclcpp::Subscription<humanoid_interfaces::msg::[01;31m[KIkEndMsg[m[K>::SharedPtr ik_sub;
[2.265s]       |                                                  [01;31m[K^~~~~~~~[m[K
[2.265s] [01m[K/home/yu/colcon_ws/src/master_jo/src/../include/master_jo/master_jo_node.hpp:62:58:[m[K [01;31m[Kerror: [m[Ktemplate argument 1 is invalid
[2.265s]    62 |   rclcpp::Subscription<humanoid_interfaces::msg::IkEndMsg[01;31m[K>[m[K::SharedPtr ik_sub;
[2.265s]       |                                                          [01;31m[K^[m[K
[2.265s] [01m[K/home/yu/colcon_ws/src/master_jo/src/../include/master_jo/master_jo_node.hpp:62:58:[m[K [01;31m[Kerror: [m[Ktemplate argument 3 is invalid
[2.265s] [01m[K/home/yu/colcon_ws/src/master_jo/src/../include/master_jo/master_jo_node.hpp:62:58:[m[K [01;31m[Kerror: [m[Ktemplate argument 4 is invalid
[2.265s] [01m[K/home/yu/colcon_ws/src/master_jo/src/../include/master_jo/master_jo_node.hpp:62:58:[m[K [01;31m[Kerror: [m[Ktemplate argument 5 is invalid
[2.265s] [01m[K/home/yu/colcon_ws/src/master_jo/src/../include/master_jo/master_jo_node.hpp:62:61:[m[K [01;31m[Kerror: [m[Kexpected â€˜[01m[K;[m[Kâ€™ at end of member declaration
[2.265s]    62 |   rclcpp::Subscription<humanoid_interfaces::msg::IkEndMsg>::[01;31m[KSharedPtr[m[K ik_sub;
[2.265s]       |                                                             [01;31m[K^~~~~~~~~[m[K
[2.265s]       |                                                                      [32m[K;[m[K
[2.265s] [01m[K/home/yu/colcon_ws/src/master_jo/src/../include/master_jo/master_jo_node.hpp:62:61:[m[K [01;31m[Kerror: [m[Kredeclaration of â€˜[01m[Kint master_jo::MasterJoNode::SharedPtr[m[Kâ€™
[2.265s] [01m[K/home/yu/colcon_ws/src/master_jo/src/../include/master_jo/master_jo_node.hpp:59:59:[m[K [01;36m[Knote: [m[Kprevious declaration â€˜[01m[Kint master_jo::MasterJoNode::SharedPtr[m[Kâ€™
[2.265s]    59 |   rclcpp::Subscription<humanoid_interfaces::msg::ImuMsg>::[01;36m[KSharedPtr[m[K imu_sub;
[2.265s]       |                                                           [01;36m[K^~~~~~~~~[m[K
[2.265s] [01m[K/home/yu/colcon_ws/src/master_jo/src/../include/master_jo/master_jo_node.hpp:62:71:[m[K [01;31m[Kerror: [m[Kâ€˜[01m[Kik_sub[m[Kâ€™ does not name a type
[2.266s]    62 |   rclcpp::Subscription<humanoid_interfaces::msg::IkEndMsg>::SharedPtr [01;31m[Kik_sub[m[K;
[2.266s]       |                                                                       [01;31m[K^~~~~~[m[K
[2.266s] [01m[K/home/yu/colcon_ws/src/master_jo/src/player.cpp:40:10:[m[K [01;31m[Kerror: [m[Kâ€˜[01m[KSTATE_FINISHED[m[Kâ€™ was not declared in this scope
[2.266s]    40 |     case [01;31m[KSTATE_FINISHED[m[K:
[2.266s]       |          [01;31m[K^~~~~~~~~~~~~~[m[K
[2.266s] [01m[K/home/yu/colcon_ws/src/master_jo/src/player.cpp:[m[K In member function â€˜[01m[Kvirtual void master_jo::Player::selectRobotState(bool)[m[Kâ€™:
[2.266s] [01m[K/home/yu/colcon_ws/src/master_jo/src/player.cpp:48:36:[m[K [01;35m[Kwarning: [m[Kunused parameter â€˜[01m[KisPenalty[m[Kâ€™ [[01;35m[K]8;;https://gcc.gnu.org/onlinedocs/gcc/Warning-Options.html#index-Wunused-parameter-Wunused-parameter]8;;[m[K]
[2.266s]    48 | void Player::selectRobotState([01;35m[Kbool isPenalty[m[K) {
[2.266s]       |                               [01;35m[K~~~~~^~~~~~~~~[m[K
[2.266s] [01m[K/home/yu/colcon_ws/src/master_jo/src/player.cpp:[m[K In member function â€˜[01m[Kbool master_jo::Player::walkStart(int, int, int)[m[Kâ€™:
[2.266s] [01m[K/home/yu/colcon_ws/src/master_jo/src/player.cpp:72:18:[m[K [01;31m[Kerror: [m[Kâ€˜[01m[Kusing element_type = class master_jo::MasterRcko[m[Kâ€™ {aka â€˜[01m[Kclass master_jo::MasterRcko[m[Kâ€™} has no member named â€˜[01m[KikEnd[m[Kâ€™
[2.266s]    72 |   return master->[01;31m[KikEnd[m[K.ikend;
[2.266s]       |                  [01;31m[K^~~~~[m[K
[2.266s] [01m[K/home/yu/colcon_ws/src/master_jo/src/player.cpp:[m[K In member function â€˜[01m[Kbool master_jo::Player::walkStop()[m[Kâ€™:
[2.266s] [01m[K/home/yu/colcon_ws/src/master_jo/src/player.cpp:81:18:[m[K [01;31m[Kerror: [m[Kâ€˜[01m[Kusing element_type = class master_jo::MasterRcko[m[Kâ€™ {aka â€˜[01m[Kclass master_jo::MasterRcko[m[Kâ€™} has no member named â€˜[01m[KikEnd[m[Kâ€™
[2.266s]    81 |   return master->[01;31m[KikEnd[m[K.ikend;
[2.266s]       |                  [01;31m[K^~~~~[m[K
[2.266s] [01m[K/home/yu/colcon_ws/src/master_jo/src/player.cpp:[m[K In member function â€˜[01m[Kbool master_jo::Player::walkPublish()[m[Kâ€™:
[2.266s] [01m[K/home/yu/colcon_ws/src/master_jo/src/player.cpp:86:37:[m[K [01;31m[Kerror: [m[Kâ€˜[01m[Kusing element_type = class master_jo::MasterRcko[m[Kâ€™ {aka â€˜[01m[Kclass master_jo::MasterRcko[m[Kâ€™} has no member named â€˜[01m[KFRONT_MAX[m[Kâ€™
[2.266s]    86 |   if (master->ik.x_length > master->[01;31m[KFRONT_MAX[m[K) {
[2.266s]       |                                     [01;31m[K^~~~~~~~~[m[K
[2.266s] [01m[K/home/yu/colcon_ws/src/master_jo/src/player.cpp:87:35:[m[K [01;31m[Kerror: [m[Kâ€˜[01m[Kusing element_type = class master_jo::MasterRcko[m[Kâ€™ {aka â€˜[01m[Kclass master_jo::MasterRcko[m[Kâ€™} has no member named â€˜[01m[KFRONT_MAX[m[Kâ€™
[2.266s]    87 |     master->ik.x_length = master->[01;31m[KFRONT_MAX[m[K;
[2.270s]       |                                   [01;31m[K^~~~~~~~~[m[K
[2.271s] [01m[K/home/yu/colcon_ws/src/master_jo/src/player.cpp:89:44:[m[K [01;31m[Kerror: [m[Kâ€˜[01m[Kusing element_type = class master_jo::MasterRcko[m[Kâ€™ {aka â€˜[01m[Kclass master_jo::MasterRcko[m[Kâ€™} has no member named â€˜[01m[KREAR_MAX[m[Kâ€™
[2.271s]    89 |   } else if (master->ik.x_length < master->[01;31m[KREAR_MAX[m[K) {
[2.271s]       |                                            [01;31m[K^~~~~~~~[m[K
[2.271s] [01m[K/home/yu/colcon_ws/src/master_jo/src/player.cpp:90:35:[m[K [01;31m[Kerror: [m[Kâ€˜[01m[Kusing element_type = class master_jo::MasterRcko[m[Kâ€™ {aka â€˜[01m[Kclass master_jo::MasterRcko[m[Kâ€™} has no member named â€˜[01m[KREAR_MAX[m[Kâ€™
[2.271s]    90 |     master->ik.x_length = master->[01;31m[KREAR_MAX[m[K;
[2.271s]       |                                   [01;31m[K^~~~~~~~[m[K
[2.271s] [01m[K/home/yu/colcon_ws/src/master_jo/src/player.cpp:94:37:[m[K [01;31m[Kerror: [m[Kâ€˜[01m[Kusing element_type = class master_jo::MasterRcko[m[Kâ€™ {aka â€˜[01m[Kclass master_jo::MasterRcko[m[Kâ€™} has no member named â€˜[01m[KRIGHT_MAX[m[Kâ€™
[2.271s]    94 |   if (master->ik.y_length > master->[01;31m[KRIGHT_MAX[m[K) {
[2.271s]       |                                     [01;31m[K^~~~~~~~~[m[K
[2.271s] [01m[K/home/yu/colcon_ws/src/master_jo/src/player.cpp:95:35:[m[K [01;31m[Kerror: [m[Kâ€˜[01m[Kusing element_type = class master_jo::MasterRcko[m[Kâ€™ {aka â€˜[01m[Kclass master_jo::MasterRcko[m[Kâ€™} has no member named â€˜[01m[KRIGHT_MAX[m[Kâ€™
[2.271s]    95 |     master->ik.y_length = master->[01;31m[KRIGHT_MAX[m[K;
[2.271s]       |                                   [01;31m[K^~~~~~~~~[m[K
[2.271s] [01m[K/home/yu/colcon_ws/src/master_jo/src/player.cpp:97:44:[m[K [01;31m[Kerror: [m[Kâ€˜[01m[Kusing element_type = class master_jo::MasterRcko[m[Kâ€™ {aka â€˜[01m[Kclass master_jo::MasterRcko[m[Kâ€™} has no member named â€˜[01m[KLEFT_MAX[m[Kâ€™
[2.271s]    97 |   } else if (master->ik.y_length < master->[01;31m[KLEFT_MAX[m[K) {
[2.271s]       |                                            [01;31m[K^~~~~~~~[m[K
[2.271s] [01m[K/home/yu/colcon_ws/src/master_jo/src/player.cpp:98:35:[m[K [01;31m[Kerror: [m[Kâ€˜[01m[Kusing element_type = class master_jo::MasterRcko[m[Kâ€™ {aka â€˜[01m[Kclass master_jo::MasterRcko[m[Kâ€™} has no member named â€˜[01m[KLEFT_MAX[m[Kâ€™
[2.271s]    98 |     master->ik.y_length = master->[01;31m[KLEFT_MAX[m[K;
[2.271s]       |                                   [01;31m[K^~~~~~~~[m[K
[2.271s] [01m[K/home/yu/colcon_ws/src/master_jo/src/player.cpp:102:32:[m[K [01;31m[Kerror: [m[Kâ€˜[01m[Kusing element_type = class master_jo::MasterRcko[m[Kâ€™ {aka â€˜[01m[Kclass master_jo::MasterRcko[m[Kâ€™} has no member named â€˜[01m[KR_YAW_MAX[m[Kâ€™
[2.271s]   102 |   if (master->ik.yaw > master->[01;31m[KR_YAW_MAX[m[K) {
[2.271s]       |                                [01;31m[K^~~~~~~~~[m[K
[2.271s] [01m[K/home/yu/colcon_ws/src/master_jo/src/player.cpp:103:30:[m[K [01;31m[Kerror: [m[Kâ€˜[01m[Kusing element_type = class master_jo::MasterRcko[m[Kâ€™ {aka â€˜[01m[Kclass master_jo::MasterRcko[m[Kâ€™} has no member named â€˜[01m[KR_YAW_MAX[m[Kâ€™
[2.271s]   103 |     master->ik.yaw = master->[01;31m[KR_YAW_MAX[m[K;
[2.271s]       |                              [01;31m[K^~~~~~~~~[m[K
[2.272s] [01m[K/home/yu/colcon_ws/src/master_jo/src/player.cpp:105:39:[m[K [01;31m[Kerror: [m[Kâ€˜[01m[Kusing element_type = class master_jo::MasterRcko[m[Kâ€™ {aka â€˜[01m[Kclass master_jo::MasterRcko[m[Kâ€™} has no member named â€˜[01m[KL_YAW_MAX[m[Kâ€™
[2.272s]   105 |   } else if (master->ik.yaw < master->[01;31m[KL_YAW_MAX[m[K) {
[2.272s]       |                                       [01;31m[K^~~~~~~~~[m[K
[2.272s] [01m[K/home/yu/colcon_ws/src/master_jo/src/player.cpp:106:30:[m[K [01;31m[Kerror: [m[Kâ€˜[01m[Kusing element_type = class master_jo::MasterRcko[m[Kâ€™ {aka â€˜[01m[Kclass master_jo::MasterRcko[m[Kâ€™} has no member named â€˜[01m[KL_YAW_MAX[m[Kâ€™
[2.272s]   106 |     master->ik.yaw = master->[01;31m[KL_YAW_MAX[m[K;
[2.272s]       |                              [01;31m[K^~~~~~~~~[m[K
[2.272s] [01m[K/home/yu/colcon_ws/src/master_jo/src/player.cpp:[m[K In member function â€˜[01m[Kbool master_jo::Player::visionPublish(int, int, int)[m[Kâ€™:
[2.272s] [01m[K/home/yu/colcon_ws/src/master_jo/src/player.cpp:114:11:[m[K [01;31m[Kerror: [m[Kâ€˜[01m[Kusing element_type = class master_jo::MasterRcko[m[Kâ€™ {aka â€˜[01m[Kclass master_jo::MasterRcko[m[Kâ€™} has no member named â€˜[01m[Kmaster2vision[m[Kâ€™
[2.272s]   114 |   master->[01;31m[Kmaster2vision[m[K.scanmode = scan_mode;
[2.272s]       |           [01;31m[K^~~~~~~~~~~~~[m[K
[2.272s] [01m[K/home/yu/colcon_ws/src/master_jo/src/player.cpp:115:11:[m[K [01;31m[Kerror: [m[Kâ€˜[01m[Kusing element_type = class master_jo::MasterRcko[m[Kâ€™ {aka â€˜[01m[Kclass master_jo::MasterRcko[m[Kâ€™} has no member named â€˜[01m[Kmaster2vision[m[Kâ€™
[2.272s]   115 |   master->[01;31m[Kmaster2vision[m[K.tilt = -45;
[2.272s]       |           [01;31m[K^~~~~~~~~~~~~[m[K
[2.272s] [01m[K/home/yu/colcon_ws/src/master_jo/src/player.cpp:116:11:[m[K [01;31m[Kerror: [m[Kâ€˜[01m[Kusing element_type = class master_jo::MasterRcko[m[Kâ€™ {aka â€˜[01m[Kclass master_jo::MasterRcko[m[Kâ€™} has no member named â€˜[01m[Kmaster2vision[m[Kâ€™
[2.272s]   116 |   master->[01;31m[Kmaster2vision[m[K.pan = 0;
[2.272s]       |           [01;31m[K^~~~~~~~~~~~~[m[K
[2.272s] [01m[K/home/yu/colcon_ws/src/master_jo/src/player.cpp:113:47:[m[K [01;35m[Kwarning: [m[Kunused parameter â€˜[01m[Kpan[m[Kâ€™ [[01;35m[K]8;;https://gcc.gnu.org/onlinedocs/gcc/Warning-Options.html#index-Wunused-parameter-Wunused-parameter]8;;[m[K]
[2.272s]   113 | bool Player::visionPublish(int scan_mode, [01;35m[Kint pan[m[K, int tilt) {
[2.272s]       |                                           [01;35m[K~~~~^~~[m[K
[2.272s] [01m[K/home/yu/colcon_ws/src/master_jo/src/player.cpp:113:56:[m[K [01;35m[Kwarning: [m[Kunused parameter â€˜[01m[Ktilt[m[Kâ€™ [[01;35m[K]8;;https://gcc.gnu.org/onlinedocs/gcc/Warning-Options.html#index-Wunused-parameter-Wunused-parameter]8;;[m[K]
[2.272s]   113 | bool Player::visionPublish(int scan_mode, int pan, [01;35m[Kint tilt[m[K) {
[2.272s]       |                                                    [01;35m[K~~~~^~~~[m[K
[2.272s] [01m[K/home/yu/colcon_ws/src/master_jo/src/player.cpp:[m[K In member function â€˜[01m[Kbool master_jo::Player::udpPublish()[m[Kâ€™:
[2.272s] [01m[K/home/yu/colcon_ws/src/master_jo/src/player.cpp:122:11:[m[K [01;31m[Kerror: [m[Kâ€˜[01m[Kusing element_type = class master_jo::MasterRcko[m[Kâ€™ {aka â€˜[01m[Kclass master_jo::MasterRcko[m[Kâ€™} has no member named â€˜[01m[Kmaster2udp[m[Kâ€™
[2.273s]   122 |   master->[01;31m[Kmaster2udp[m[K.robotnum = master->gameControlData.robotnum;
[2.273s]       |           [01;31m[K^~~~~~~~~~[m[K
[2.273s] [01m[K/home/yu/colcon_ws/src/master_jo/src/player.cpp:123:11:[m[K [01;31m[Kerror: [m[Kâ€˜[01m[Kusing element_type = class master_jo::MasterRcko[m[Kâ€™ {aka â€˜[01m[Kclass master_jo::MasterRcko[m[Kâ€™} has no member named â€˜[01m[Kmaster2udp[m[Kâ€™
[2.273s]   123 |   master->[01;31m[Kmaster2udp[m[K.robotstate = robot_state;
[2.273s]       |           [01;31m[K^~~~~~~~~~[m[K
[2.273s] [01m[K/home/yu/colcon_ws/src/master_jo/src/player.cpp:124:11:[m[K [01;31m[Kerror: [m[Kâ€˜[01m[Kusing element_type = class master_jo::MasterRcko[m[Kâ€™ {aka â€˜[01m[Kclass master_jo::MasterRcko[m[Kâ€™} has no member named â€˜[01m[Kmaster2udp[m[Kâ€™
[2.273s]   124 |   master->[01;31m[Kmaster2udp[m[K.robotcoorx = static_cast<int>(master->local.robot_x);
[2.273s]       |           [01;31m[K^~~~~~~~~~[m[K
[2.273s] [01m[K/home/yu/colcon_ws/src/master_jo/src/player.cpp:124:60:[m[K [01;31m[Kerror: [m[Kâ€˜[01m[Kusing element_type = class master_jo::MasterRcko[m[Kâ€™ {aka â€˜[01m[Kclass master_jo::MasterRcko[m[Kâ€™} has no member named â€˜[01m[Klocal[m[Kâ€™
[2.273s]   124 |   master->master2udp.robotcoorx = static_cast<int>(master->[01;31m[Klocal[m[K.robot_x);
[2.273s]       |                                                            [01;31m[K^~~~~[m[K
[2.273s] [01m[K/home/yu/colcon_ws/src/master_jo/src/player.cpp:125:11:[m[K [01;31m[Kerror: [m[Kâ€˜[01m[Kusing element_type = class master_jo::MasterRcko[m[Kâ€™ {aka â€˜[01m[Kclass master_jo::MasterRcko[m[Kâ€™} has no member named â€˜[01m[Kmaster2udp[m[Kâ€™
[2.273s]   125 |   master->[01;31m[Kmaster2udp[m[K.robotcoory = static_cast<int>(master->local.robot_y);
[2.273s]       |           [01;31m[K^~~~~~~~~~[m[K
[2.273s] [01m[K/home/yu/colcon_ws/src/master_jo/src/player.cpp:125:60:[m[K [01;31m[Kerror: [m[Kâ€˜[01m[Kusing element_type = class master_jo::MasterRcko[m[Kâ€™ {aka â€˜[01m[Kclass master_jo::MasterRcko[m[Kâ€™} has no member named â€˜[01m[Klocal[m[Kâ€™
[2.273s]   125 |   master->master2udp.robotcoory = static_cast<int>(master->[01;31m[Klocal[m[K.robot_y);
[2.273s]       |                                                            [01;31m[K^~~~~[m[K
[2.273s] [01m[K/home/yu/colcon_ws/src/master_jo/src/player.cpp:126:11:[m[K [01;31m[Kerror: [m[Kâ€˜[01m[Kusing element_type = class master_jo::MasterRcko[m[Kâ€™ {aka â€˜[01m[Kclass master_jo::MasterRcko[m[Kâ€™} has no member named â€˜[01m[Kmaster2udp[m[Kâ€™
[2.273s]   126 |   master->[01;31m[Kmaster2udp[m[K.robotimuyaw = static_cast<int>(master->imu.yaw);
[2.273s]       |           [01;31m[K^~~~~~~~~~[m[K
[2.273s] [01m[K/home/yu/colcon_ws/src/master_jo/src/player.cpp:126:61:[m[K [01;31m[Kerror: [m[Kâ€˜[01m[Kusing element_type = class master_jo::MasterRcko[m[Kâ€™ {aka â€˜[01m[Kclass master_jo::MasterRcko[m[Kâ€™} has no member named â€˜[01m[Kimu[m[Kâ€™
[2.273s]   126 |   master->master2udp.robotimuyaw = static_cast<int>(master->[01;31m[Kimu[m[K.yaw);
[2.273s]       |                                                             [01;31m[K^~~[m[K
[2.274s] [01m[K/home/yu/colcon_ws/src/master_jo/src/player.cpp:127:11:[m[K [01;31m[Kerror: [m[Kâ€˜[01m[Kusing element_type = class master_jo::MasterRcko[m[Kâ€™ {aka â€˜[01m[Kclass master_jo::MasterRcko[m[Kâ€™} has no member named â€˜[01m[Kmaster2udp[m[Kâ€™
[2.274s]   127 |   master->[01;31m[Kmaster2udp[m[K.balldist = 0;
[2.274s]       |           [01;31m[K^~~~~~~~~~[m[K
[2.274s] [01m[K/home/yu/colcon_ws/src/master_jo/src/player.cpp:128:11:[m[K [01;31m[Kerror: [m[Kâ€˜[01m[Kusing element_type = class master_jo::MasterRcko[m[Kâ€™ {aka â€˜[01m[Kclass master_jo::MasterRcko[m[Kâ€™} has no member named â€˜[01m[Kmaster2udp[m[Kâ€™
[2.274s]   128 |   master->[01;31m[Kmaster2udp[m[K.ballcoorx = static_cast<int>(master->local.ball_x);
[2.274s]       |           [01;31m[K^~~~~~~~~~[m[K
[2.274s] [01m[K/home/yu/colcon_ws/src/master_jo/src/player.cpp:128:59:[m[K [01;31m[Kerror: [m[Kâ€˜[01m[Kusing element_type = class master_jo::MasterRcko[m[Kâ€™ {aka â€˜[01m[Kclass master_jo::MasterRcko[m[Kâ€™} has no member named â€˜[01m[Klocal[m[Kâ€™
[2.274s]   128 |   master->master2udp.ballcoorx = static_cast<int>(master->[01;31m[Klocal[m[K.ball_x);
[2.274s]       |                                                           [01;31m[K^~~~~[m[K
[2.274s] [01m[K/home/yu/colcon_ws/src/master_jo/src/player.cpp:129:11:[m[K [01;31m[Kerror: [m[Kâ€˜[01m[Kusing element_type = class master_jo::MasterRcko[m[Kâ€™ {aka â€˜[01m[Kclass master_jo::MasterRcko[m[Kâ€™} has no member named â€˜[01m[Kmaster2udp[m[Kâ€™
[2.274s]   129 |   master->[01;31m[Kmaster2udp[m[K.ballcoory = static_cast<int>(master->local.ball_y);
[2.274s]       |           [01;31m[K^~~~~~~~~~[m[K
[2.274s] [01m[K/home/yu/colcon_ws/src/master_jo/src/player.cpp:129:59:[m[K [01;31m[Kerror: [m[Kâ€˜[01m[Kusing element_type = class master_jo::MasterRcko[m[Kâ€™ {aka â€˜[01m[Kclass master_jo::MasterRcko[m[Kâ€™} has no member named â€˜[01m[Klocal[m[Kâ€™
[2.274s]   129 |   master->master2udp.ballcoory = static_cast<int>(master->[01;31m[Klocal[m[K.ball_y);
[2.274s]       |                                                           [01;31m[K^~~~~[m[K
[2.274s] [01m[K/home/yu/colcon_ws/src/master_jo/src/player.cpp:130:11:[m[K [01;31m[Kerror: [m[Kâ€˜[01m[Kusing element_type = class master_jo::MasterRcko[m[Kâ€™ {aka â€˜[01m[Kclass master_jo::MasterRcko[m[Kâ€™} has no member named â€˜[01m[Kmaster2udp[m[Kâ€™
[2.274s]   130 |   master->[01;31m[Kmaster2udp[m[K.myteam = static_cast<int>(master->gameControlData.myteam);
[2.275s]       |           [01;31m[K^~~~~~~~~~[m[K
[2.275s] [01m[K/home/yu/colcon_ws/src/master_jo/src/player.cpp:132:32:[m[K [01;31m[Kerror: [m[Kâ€˜[01m[Kusing element_type = class master_jo::MasterRcko[m[Kâ€™ {aka â€˜[01m[Kclass master_jo::MasterRcko[m[Kâ€™} has no member named â€˜[01m[Kvision[m[Kâ€™
[2.275s]   132 |   if (static_cast<int>(master->[01;31m[Kvision[m[K.ball_d) == 0) {
[2.275s]       |                                [01;31m[K^~~~~~[m[K
[2.275s] [01m[K/home/yu/colcon_ws/src/master_jo/src/player.cpp:133:13:[m[K [01;31m[Kerror: [m[Kâ€˜[01m[Kusing element_type = class master_jo::MasterRcko[m[Kâ€™ {aka â€˜[01m[Kclass master_jo::MasterRcko[m[Kâ€™} has no member named â€˜[01m[Kmaster2udp[m[Kâ€™
[2.275s]   133 |     master->[01;31m[Kmaster2udp[m[K.ballcoorx = 0;
[2.275s]       |             [01;31m[K^~~~~~~~~~[m[K
[2.275s] [01m[K/home/yu/colcon_ws/src/master_jo/src/player.cpp:134:13:[m[K [01;31m[Kerror: [m[Kâ€˜[01m[Kusing element_type = class master_jo::MasterRcko[m[Kâ€™ {aka â€˜[01m[Kclass master_jo::MasterRcko[m[Kâ€™} has no member named â€˜[01m[Kmaster2udp[m[Kâ€™
[2.275s]   134 |     master->[01;31m[Kmaster2udp[m[K.ballcoory = 0;
[2.275s]       |             [01;31m[K^~~~~~~~~~[m[K
[2.275s] [01m[K/home/yu/colcon_ws/src/master_jo/src/player.cpp:[m[K In member function â€˜[01m[Kbool master_jo::Player::localPublish()[m[Kâ€™:
[2.275s] [01m[K/home/yu/colcon_ws/src/master_jo/src/player.cpp:142:13:[m[K [01;31m[Kerror: [m[Kâ€˜[01m[Kusing element_type = class master_jo::MasterRcko[m[Kâ€™ {aka â€˜[01m[Kclass master_jo::MasterRcko[m[Kâ€™} has no member named â€˜[01m[Kmaster2local[m[Kâ€™
[2.275s]   142 |     master->[01;31m[Kmaster2local[m[K.targetx = 0;
[2.275s]       |             [01;31m[K^~~~~~~~~~~~[m[K
[2.275s] [01m[K/home/yu/colcon_ws/src/master_jo/src/player.cpp:143:13:[m[K [01;31m[Kerror: [m[Kâ€˜[01m[Kusing element_type = class master_jo::MasterRcko[m[Kâ€™ {aka â€˜[01m[Kclass master_jo::MasterRcko[m[Kâ€™} has no member named â€˜[01m[Kmaster2local[m[Kâ€™
[2.275s]   143 |     master->[01;31m[Kmaster2local[m[K.targety = 0;
[2.276s]       |             [01;31m[K^~~~~~~~~~~~[m[K
[2.284s] [01m[K/home/yu/colcon_ws/src/master_jo/src/../include/master_jo/master_jo_node.hpp:66:33:[m[K [01;31m[Kerror: [m[Kâ€˜[01m[KRobocuplocalization25[m[Kâ€™ is not a member of â€˜[01m[Khumanoid_interfaces::msg[m[Kâ€™
[2.284s]    66 |       humanoid_interfaces::msg::[01;31m[KRobocuplocalization25[m[K>::SharedPtr local_sub;
[2.284s]       |                                 [01;31m[K^~~~~~~~~~~~~~~~~~~~~[m[K
[2.284s] [01m[K/home/yu/colcon_ws/src/master_jo/src/../include/master_jo/master_jo_node.hpp:66:54:[m[K [01;31m[Kerror: [m[Ktemplate argument 1 is invalid
[2.284s]    66 |       humanoid_interfaces::msg::Robocuplocalization25[01;31m[K>[m[K::SharedPtr local_sub;
[2.284s]       |                                                      [01;31m[K^[m[K
[2.284s] [01m[K/home/yu/colcon_ws/src/master_jo/src/../include/master_jo/master_jo_node.hpp:66:54:[m[K [01;31m[Kerror: [m[Ktemplate argument 3 is invalid
[2.284s] [01m[K/home/yu/colcon_ws/src/master_jo/src/../include/master_jo/master_jo_node.hpp:66:54:[m[K [01;31m[Kerror: [m[Ktemplate argument 4 is invalid
[2.285s] [01m[K/home/yu/colcon_ws/src/master_jo/src/../include/master_jo/master_jo_node.hpp:66:54:[m[K [01;31m[Kerror: [m[Ktemplate argument 5 is invalid
[2.285s] [01m[K/home/yu/colcon_ws/src/master_jo/src/../include/master_jo/master_jo_node.hpp:66:57:[m[K [01;31m[Kerror: [m[Kexpected â€˜[01m[K;[m[Kâ€™ at end of member declaration
[2.285s]    66 |       humanoid_interfaces::msg::Robocuplocalization25>::[01;31m[KSharedPtr[m[K local_sub;
[2.285s]       |                                                         [01;31m[K^~~~~~~~~[m[K
[2.285s]       |                                                                  [32m[K;[m[K
[2.285s] [01m[K/home/yu/colcon_ws/src/master_jo/src/../include/master_jo/master_jo_node.hpp:66:57:[m[K [01;31m[Kerror: [m[Kredeclaration of â€˜[01m[Kint master_jo::MasterJoNode::SharedPtr[m[Kâ€™
[2.285s] [01m[K/home/yu/colcon_ws/src/master_jo/src/../include/master_jo/master_jo_node.hpp:59:59:[m[K [01;36m[Knote: [m[Kprevious declaration â€˜[01m[Kint master_jo::MasterJoNode::SharedPtr[m[Kâ€™
[2.285s]    59 |   rclcpp::Subscription<humanoid_interfaces::msg::ImuMsg>::[01;36m[KSharedPtr[m[K imu_sub;
[2.285s]       |                                                           [01;36m[K^~~~~~~~~[m[K
[2.285s] [01m[K/home/yu/colcon_ws/src/master_jo/src/../include/master_jo/master_jo_node.hpp:66:67:[m[K [01;31m[Kerror: [m[Kâ€˜[01m[Klocal_sub[m[Kâ€™ does not name a type
[2.285s]    66 |       humanoid_interfaces::msg::Robocuplocalization25>::SharedPtr [01;31m[Klocal_sub[m[K;
[2.285s]       |                                                                   [01;31m[K^~~~~~~~~[m[K
[2.286s] [01m[K/home/yu/colcon_ws/src/master_jo/src/../include/master_jo/master_jo_node.hpp:67:50:[m[K [01;31m[Kerror: [m[Kâ€˜[01m[KUdp2master[m[Kâ€™ is not a member of â€˜[01m[Khumanoid_interfaces::msg[m[Kâ€™
[2.286s]    67 |   rclcpp::Subscription<humanoid_interfaces::msg::[01;31m[KUdp2master[m[K>::SharedPtr udp_sub;
[2.286s]       |                                                  [01;31m[K^~~~~~~~~~[m[K
[2.286s] [01m[K/home/yu/colcon_ws/src/master_jo/src/../include/master_jo/master_jo_node.hpp:67:60:[m[K [01;31m[Kerror: [m[Ktemplate argument 1 is invalid
[2.286s]    67 |   rclcpp::Subscription<humanoid_interfaces::msg::Udp2master[01;31m[K>[m[K::SharedPtr udp_sub;
[2.286s]       |                                                            [01;31m[K^[m[K
[2.286s] [01m[K/home/yu/colcon_ws/src/master_jo/src/../include/master_jo/master_jo_node.hpp:67:60:[m[K [01;31m[Kerror: [m[Ktemplate argument 3 is invalid
[2.286s] [01m[K/home/yu/colcon_ws/src/master_jo/src/../include/master_jo/master_jo_node.hpp:67:60:[m[K [01;31m[Kerror: [m[Ktemplate argument 4 is invalid
[2.286s] [01m[K/home/yu/colcon_ws/src/master_jo/src/../include/master_jo/master_jo_node.hpp:67:60:[m[K [01;31m[Kerror: [m[Ktemplate argument 5 is invalid
[2.286s] [01m[K/home/yu/colcon_ws/src/master_jo/src/../include/master_jo/master_jo_node.hpp:67:63:[m[K [01;31m[Kerror: [m[Kexpected â€˜[01m[K;[m[Kâ€™ at end of member declaration
[2.286s]    67 |   rclcpp::Subscription<humanoid_interfaces::msg::Udp2master>::[01;31m[KSharedPtr[m[K udp_sub;
[2.287s]       |                                                               [01;31m[K^~~~~~~~~[m[K
[2.287s]       |                                                                        [32m[K;[m[K
[2.287s] [01m[K/home/yu/colcon_ws/src/master_jo/src/../include/master_jo/master_jo_node.hpp:67:63:[m[K [01;31m[Kerror: [m[Kredeclaration of â€˜[01m[Kint master_jo::MasterJoNode::SharedPtr[m[Kâ€™
[2.287s] [01m[K/home/yu/colcon_ws/src/master_jo/src/../include/master_jo/master_jo_node.hpp:59:59:[m[K [01;36m[Knote: [m[Kprevious declaration â€˜[01m[Kint master_jo::MasterJoNode::SharedPtr[m[Kâ€™
[2.287s]    59 |   rclcpp::Subscription<humanoid_interfaces::msg::ImuMsg>::[01;36m[KSharedPtr[m[K imu_sub;
[2.287s]       |                                                           [01;36m[K^~~~~~~~~[m[K
[2.287s] [01m[K/home/yu/colcon_ws/src/master_jo/src/../include/master_jo/master_jo_node.hpp:67:73:[m[K [01;31m[Kerror: [m[Kâ€˜[01m[Kudp_sub[m[Kâ€™ does not name a type
[2.287s]    67 |   rclcpp::Subscription<humanoid_interfaces::msg::Udp2master>::SharedPtr [01;31m[Kudp_sub[m[K;
[2.287s]       |                                                                         [01;31m[K^~~~~~~[m[K
[2.287s] [01m[K/home/yu/colcon_ws/src/master_jo/src/../include/master_jo/master_jo_node.hpp:68:50:[m[K [01;31m[Kerror: [m[Kâ€˜[01m[KMotionOperator[m[Kâ€™ is not a member of â€˜[01m[Khumanoid_interfaces::msg[m[Kâ€™
[2.287s]    68 |   rclcpp::Subscription<humanoid_interfaces::msg::[01;31m[KMotionOperator[m[K>::SharedPtr
[2.287s]       |                                                  [01;31m[K^~~~~~~~~~~~~~[m[K
[2.287s] [01m[K/home/yu/colcon_ws/src/master_jo/src/../include/master_jo/master_jo_node.hpp:68:64:[m[K [01;31m[Kerror: [m[Ktemplate argument 1 is invalid
[2.287s]    68 |   rclcpp::Subscription<humanoid_interfaces::msg::MotionOperator[01;31m[K>[m[K::SharedPtr
[2.287s]       |                                                                [01;31m[K^[m[K
[2.287s] [01m[K/home/yu/colcon_ws/src/master_jo/src/../include/master_jo/master_jo_node.hpp:68:64:[m[K [01;31m[Kerror: [m[Ktemplate argument 3 is invalid
[2.287s] [01m[K/home/yu/colcon_ws/src/master_jo/src/../include/master_jo/master_jo_node.hpp:68:64:[m[K [01;31m[Kerror: [m[Ktemplate argument 4 is invalid
[2.287s] [01m[K/home/yu/colcon_ws/src/master_jo/src/../include/master_jo/master_jo_node.hpp:68:64:[m[K [01;31m[Kerror: [m[Ktemplate argument 5 is invalid
[2.287s] [01m[K/home/yu/colcon_ws/src/master_jo/src/../include/master_jo/master_jo_node.hpp:68:67:[m[K [01;31m[Kerror: [m[Kexpected â€˜[01m[K;[m[Kâ€™ at end of member declaration
[2.288s]    68 |   rclcpp::Subscription<humanoid_interfaces::msg::MotionOperator>::[01;31m[KSharedPtr[m[K
[2.288s]       |                                                                   [01;31m[K^~~~~~~~~[m[K
[2.288s]       |                                                                            [32m[K;[m[K
[2.288s] [01m[K/home/yu/colcon_ws/src/master_jo/src/../include/master_jo/master_jo_node.hpp:68:67:[m[K [01;31m[Kerror: [m[Kredeclaration of â€˜[01m[Kint master_jo::MasterJoNode::SharedPtr[m[Kâ€™
[2.288s] [01m[K/home/yu/colcon_ws/src/master_jo/src/../include/master_jo/master_jo_node.hpp:59:59:[m[K [01;36m[Knote: [m[Kprevious declaration â€˜[01m[Kint master_jo::MasterJoNode::SharedPtr[m[Kâ€™
[2.288s]    59 |   rclcpp::Subscription<humanoid_interfaces::msg::ImuMsg>::[01;36m[KSharedPtr[m[K imu_sub;
[2.288s]       |                                                           [01;36m[K^~~~~~~~~[m[K
[2.289s] [01m[K/home/yu/colcon_ws/src/master_jo/src/../include/master_jo/master_jo_node.hpp:69:7:[m[K [01;31m[Kerror: [m[Kâ€˜[01m[KmotionSub[m[Kâ€™ does not name a type
[2.289s]    69 |       [01;31m[KmotionSub[m[K;
[2.289s]       |       [01;31m[K^~~~~~~~~[m[K
[2.289s] [01m[K/home/yu/colcon_ws/src/master_jo/src/../include/master_jo/master_jo_node.hpp:70:50:[m[K [01;31m[Kerror: [m[Kâ€˜[01m[KPidtuning[m[Kâ€™ is not a member of â€˜[01m[Khumanoid_interfaces::msg[m[Kâ€™
[2.289s]    70 |   rclcpp::Subscription<humanoid_interfaces::msg::[01;31m[KPidtuning[m[K>::SharedPtr pid_sub;
[2.289s]       |                                                  [01;31m[K^~~~~~~~~[m[K
[2.289s] [01m[K/home/yu/colcon_ws/src/master_jo/src/../include/master_jo/master_jo_node.hpp:70:59:[m[K [01;31m[Kerror: [m[Ktemplate argument 1 is invalid
[2.289s]    70 |   rclcpp::Subscription<humanoid_interfaces::msg::Pidtuning[01;31m[K>[m[K::SharedPtr pid_sub;
[2.289s]       |                                                           [01;31m[K^[m[K
[2.289s] [01m[K/home/yu/colcon_ws/src/master_jo/src/../include/master_jo/master_jo_node.hpp:70:59:[m[K [01;31m[Kerror: [m[Ktemplate argument 3 is invalid
[2.289s] [01m[K/home/yu/colcon_ws/src/master_jo/src/../include/master_jo/master_jo_node.hpp:70:59:[m[K [01;31m[Kerror: [m[Ktemplate argument 4 is invalid
[2.289s] [01m[K/home/yu/colcon_ws/src/master_jo/src/../include/master_jo/master_jo_node.hpp:70:59:[m[K [01;31m[Kerror: [m[Ktemplate argument 5 is invalid
[2.290s] [01m[K/home/yu/colcon_ws/src/master_jo/src/../include/master_jo/master_jo_node.hpp:70:62:[m[K [01;31m[Kerror: [m[Kexpected â€˜[01m[K;[m[Kâ€™ at end of member declaration
[2.290s]    70 |   rclcpp::Subscription<humanoid_interfaces::msg::Pidtuning>::[01;31m[KSharedPtr[m[K pid_sub;
[2.290s]       |                                                              [01;31m[K^~~~~~~~~[m[K
[2.290s]       |                                                                       [32m[K;[m[K
[2.290s] [01m[K/home/yu/colcon_ws/src/master_jo/src/../include/master_jo/master_jo_node.hpp:70:62:[m[K [01;31m[Kerror: [m[Kredeclaration of â€˜[01m[Kint master_jo::MasterJoNode::SharedPtr[m[Kâ€™
[2.290s] [01m[K/home/yu/colcon_ws/src/master_jo/src/../include/master_jo/master_jo_node.hpp:59:59:[m[K [01;36m[Knote: [m[Kprevious declaration â€˜[01m[Kint master_jo::MasterJoNode::SharedPtr[m[Kâ€™
[2.290s]    59 |   rclcpp::Subscription<humanoid_interfaces::msg::ImuMsg>::[01;36m[KSharedPtr[m[K imu_sub;
[2.290s]       |                                                           [01;36m[K^~~~~~~~~[m[K
[2.292s] [01m[K/home/yu/colcon_ws/src/master_jo/src/../include/master_jo/master_jo_node.hpp:70:72:[m[K [01;31m[Kerror: [m[Kâ€˜[01m[Kpid_sub[m[Kâ€™ does not name a type; did you mean â€˜[01m[Kpid_t[m[Kâ€™?
[2.292s]    70 |   rclcpp::Subscription<humanoid_interfaces::msg::Pidtuning>::SharedPtr [01;31m[Kpid_sub[m[K;
[2.292s]       |                                                                        [01;31m[K^~~~~~~[m[K
[2.292s]       |                                                                        [32m[Kpid_t[m[K
[2.295s] [01m[K/home/yu/colcon_ws/src/master_jo/src/../include/master_jo/master_jo_node.hpp:75:33:[m[K [01;31m[Kerror: [m[Kâ€˜[01m[KMaster2vision25[m[Kâ€™ is not a member of â€˜[01m[Khumanoid_interfaces::msg[m[Kâ€™
[2.295s]    75 |       humanoid_interfaces::msg::[01;31m[KMaster2vision25[m[K>::SharedPtr vision_pub;
[2.295s]       |                                 [01;31m[K^~~~~~~~~~~~~~~[m[K
[2.295s] [01m[K/home/yu/colcon_ws/src/master_jo/src/../include/master_jo/master_jo_node.hpp:75:48:[m[K [01;31m[Kerror: [m[Ktemplate argument 1 is invalid
[2.295s]    75 |       humanoid_interfaces::msg::Master2vision25[01;31m[K>[m[K::SharedPtr vision_pub;
[2.295s]       |                                                [01;31m[K^[m[K
[2.295s] [01m[K/home/yu/colcon_ws/src/master_jo/src/../include/master_jo/master_jo_node.hpp:75:51:[m[K [01;31m[Kerror: [m[Kexpected â€˜[01m[K;[m[Kâ€™ at end of member declaration
[2.295s]    75 |       humanoid_interfaces::msg::Master2vision25>::[01;31m[KSharedPtr[m[K vision_pub;
[2.295s]       |                                                   [01;31m[K^~~~~~~~~[m[K
[2.295s]       |                                                            [32m[K;[m[K
[2.295s] [01m[K/home/yu/colcon_ws/src/master_jo/src/../include/master_jo/master_jo_node.hpp:75:51:[m[K [01;31m[Kerror: [m[Kredeclaration of â€˜[01m[Kint master_jo::MasterJoNode::SharedPtr[m[Kâ€™
[2.295s] [01m[K/home/yu/colcon_ws/src/master_jo/src/../include/master_jo/master_jo_node.hpp:59:59:[m[K [01;36m[Knote: [m[Kprevious declaration â€˜[01m[Kint master_jo::MasterJoNode::SharedPtr[m[Kâ€™
[2.295s]    59 |   rclcpp::Subscription<humanoid_interfaces::msg::ImuMsg>::[01;36m[KSharedPtr[m[K imu_sub;
[2.295s]       |                                                           [01;36m[K^~~~~~~~~[m[K
[2.295s] [01m[K/home/yu/colcon_ws/src/master_jo/src/../include/master_jo/master_jo_node.hpp:75:61:[m[K [01;31m[Kerror: [m[Kâ€˜[01m[Kvision_pub[m[Kâ€™ does not name a type
[2.295s]    75 |       humanoid_interfaces::msg::Master2vision25>::SharedPtr [01;31m[Kvision_pub[m[K;
[2.295s]       |                                                             [01;31m[K^~~~~~~~~~[m[K
[2.296s] [01m[K/home/yu/colcon_ws/src/master_jo/src/../include/master_jo/master_jo_node.hpp:77:33:[m[K [01;31m[Kerror: [m[Kâ€˜[01m[KGamecontrolreturndata[m[Kâ€™ is not a member of â€˜[01m[Khumanoid_interfaces::msg[m[Kâ€™; did you mean â€˜[01m[KGamecontroldata[m[Kâ€™?
[2.296s]    77 |       humanoid_interfaces::msg::[01;31m[KGamecontrolreturndata[m[K>::SharedPtr
[2.296s]       |                                 [01;31m[K^~~~~~~~~~~~~~~~~~~~~[m[K
[2.296s]       |                                 [32m[KGamecontroldata[m[K
[2.296s] [01m[K/home/yu/colcon_ws/src/master_jo/src/../include/master_jo/master_jo_node.hpp:77:54:[m[K [01;31m[Kerror: [m[Ktemplate argument 1 is invalid
[2.296s]    77 |       humanoid_interfaces::msg::Gamecontrolreturndata[01;31m[K>[m[K::SharedPtr
[2.296s]       |                                                      [01;31m[K^[m[K
[2.296s] [01m[K/home/yu/colcon_ws/src/master_jo/src/../include/master_jo/master_jo_node.hpp:77:57:[m[K [01;31m[Kerror: [m[Kexpected â€˜[01m[K;[m[Kâ€™ at end of member declaration
[2.296s]    77 |       humanoid_interfaces::msg::Gamecontrolreturndata>::[01;31m[KSharedPtr[m[K
[2.296s]       |                                                         [01;31m[K^~~~~~~~~[m[K
[2.296s]       |                                                                  [32m[K;[m[K
[2.296s] [01m[K/home/yu/colcon_ws/src/master_jo/src/../include/master_jo/master_jo_node.hpp:77:57:[m[K [01;31m[Kerror: [m[Kredeclaration of â€˜[01m[Kint master_jo::MasterJoNode::SharedPtr[m[Kâ€™
[2.296s] [01m[K/home/yu/colcon_ws/src/master_jo/src/../include/master_jo/master_jo_node.hpp:59:59:[m[K [01;36m[Knote: [m[Kprevious declaration â€˜[01m[Kint master_jo::MasterJoNode::SharedPtr[m[Kâ€™
[2.296s]    59 |   rclcpp::Subscription<humanoid_interfaces::msg::ImuMsg>::[01;36m[KSharedPtr[m[K imu_sub;
[2.296s]       |                                                           [01;36m[K^~~~~~~~~[m[K
[2.297s] [01m[K/home/yu/colcon_ws/src/master_jo/src/../include/master_jo/master_jo_node.hpp:78:7:[m[K [01;31m[Kerror: [m[Kâ€˜[01m[Kgamecontrol_pub[m[Kâ€™ does not name a type
[2.297s]    78 |       [01;31m[Kgamecontrol_pub[m[K;
[2.297s]       |       [01;31m[K^~~~~~~~~~~~~~~[m[K
[2.298s] [01m[K/home/yu/colcon_ws/src/master_jo/src/../include/master_jo/master_jo_node.hpp:80:33:[m[K [01;31m[Kerror: [m[Kâ€˜[01m[KMaster2localization25[m[Kâ€™ is not a member of â€˜[01m[Khumanoid_interfaces::msg[m[Kâ€™
[2.298s]    80 |       humanoid_interfaces::msg::[01;31m[KMaster2localization25[m[K>::SharedPtr local_pub;
[2.298s]       |                                 [01;31m[K^~~~~~~~~~~~~~~~~~~~~[m[K
[2.298s] [01m[K/home/yu/colcon_ws/src/master_jo/src/../include/master_jo/master_jo_node.hpp:80:54:[m[K [01;31m[Kerror: [m[Ktemplate argument 1 is invalid
[2.298s]    80 |       humanoid_interfaces::msg::Master2localization25[01;31m[K>[m[K::SharedPtr local_pub;
[2.298s]       |                                                      [01;31m[K^[m[K
[2.298s] [01m[K/home/yu/colcon_ws/src/master_jo/src/../include/master_jo/master_jo_node.hpp:80:57:[m[K [01;31m[Kerror: [m[Kexpected â€˜[01m[K;[m[Kâ€™ at end of member declaration
[2.298s]    80 |       humanoid_interfaces::msg::Master2localization25>::[01;31m[KSharedPtr[m[K local_pub;
[2.298s]       |                                                         [01;31m[K^~~~~~~~~[m[K
[2.298s]       |                                                                  [32m[K;[m[K
[2.298s] [01m[K/home/yu/colcon_ws/src/master_jo/src/../include/master_jo/master_jo_node.hpp:80:57:[m[K [01;31m[Kerror: [m[Kredeclaration of â€˜[01m[Kint master_jo::MasterJoNode::SharedPtr[m[Kâ€™
[2.298s] [01m[K/home/yu/colcon_ws/src/master_jo/src/../include/master_jo/master_jo_node.hpp:59:59:[m[K [01;36m[Knote: [m[Kprevious declaration â€˜[01m[Kint master_jo::MasterJoNode::SharedPtr[m[Kâ€™
[2.298s]    59 |   rclcpp::Subscription<humanoid_interfaces::msg::ImuMsg>::[01;36m[KSharedPtr[m[K imu_sub;
[2.298s]       |                                                           [01;36m[K^~~~~~~~~[m[K
[2.299s] [01m[K/home/yu/colcon_ws/src/master_jo/src/../include/master_jo/master_jo_node.hpp:80:67:[m[K [01;31m[Kerror: [m[Kâ€˜[01m[Klocal_pub[m[Kâ€™ does not name a type
[2.299s]    80 |       humanoid_interfaces::msg::Master2localization25>::SharedPtr [01;31m[Klocal_pub[m[K;
[2.299s]       |                                                                   [01;31m[K^~~~~~~~~[m[K
[2.299s] [01m[K/home/yu/colcon_ws/src/master_jo/src/../include/master_jo/master_jo_node.hpp:82:33:[m[K [01;31m[Kerror: [m[Kâ€˜[01m[KMaster2udp[m[Kâ€™ is not a member of â€˜[01m[Khumanoid_interfaces::msg[m[Kâ€™
[2.299s]    82 |       humanoid_interfaces::msg::[01;31m[KMaster2udp[m[K>::SharedPtr udp_pub;
[2.300s]       |                                 [01;31m[K^~~~~~~~~~[m[K
[2.300s] [01m[K/home/yu/colcon_ws/src/master_jo/src/../include/master_jo/master_jo_node.hpp:82:43:[m[K [01;31m[Kerror: [m[Ktemplate argument 1 is invalid
[2.300s]    82 |       humanoid_interfaces::msg::Master2udp[01;31m[K>[m[K::SharedPtr udp_pub;
[2.300s]       |                                           [01;31m[K^[m[K
[2.300s] [01m[K/home/yu/colcon_ws/src/master_jo/src/../include/master_jo/master_jo_node.hpp:82:46:[m[K [01;31m[Kerror: [m[Kexpected â€˜[01m[K;[m[Kâ€™ at end of member declaration
[2.300s]    82 |       humanoid_interfaces::msg::Master2udp>::[01;31m[KSharedPtr[m[K udp_pub;
[2.300s]       |                                              [01;31m[K^~~~~~~~~[m[K
[2.300s]       |                                                       [32m[K;[m[K
[2.300s] [01m[K/home/yu/colcon_ws/src/master_jo/src/../include/master_jo/master_jo_node.hpp:82:46:[m[K [01;31m[Kerror: [m[Kredeclaration of â€˜[01m[Kint master_jo::MasterJoNode::SharedPtr[m[Kâ€™
[2.300s] [01m[K/home/yu/colcon_ws/src/master_jo/src/../include/master_jo/master_jo_node.hpp:59:59:[m[K [01;36m[Knote: [m[Kprevious declaration â€˜[01m[Kint master_jo::MasterJoNode::SharedPtr[m[Kâ€™
[2.300s]    59 |   rclcpp::Subscription<humanoid_interfaces::msg::ImuMsg>::[01;36m[KSharedPtr[m[K imu_sub;
[2.300s]       |                                                           [01;36m[K^~~~~~~~~[m[K
[2.300s] [01m[K/home/yu/colcon_ws/src/master_jo/src/../include/master_jo/master_jo_node.hpp:82:56:[m[K [01;31m[Kerror: [m[Kâ€˜[01m[Kudp_pub[m[Kâ€™ does not name a type
[2.300s]    82 |       humanoid_interfaces::msg::Master2udp>::SharedPtr [01;31m[Kudp_pub[m[K;
[2.301s]       |                                                        [01;31m[K^~~~~~~[m[K
[2.301s] [01m[K/home/yu/colcon_ws/src/master_jo/src/../include/master_jo/master_jo_node.hpp:84:33:[m[K [01;31m[Kerror: [m[Kâ€˜[01m[KMotionOperator[m[Kâ€™ is not a member of â€˜[01m[Khumanoid_interfaces::msg[m[Kâ€™
[2.301s]    84 |       humanoid_interfaces::msg::[01;31m[KMotionOperator[m[K>::SharedPtr motionPub;
[2.301s]       |                                 [01;31m[K^~~~~~~~~~~~~~[m[K
[2.301s] [01m[K/home/yu/colcon_ws/src/master_jo/src/../include/master_jo/master_jo_node.hpp:84:47:[m[K [01;31m[Kerror: [m[Ktemplate argument 1 is invalid
[2.301s]    84 |       humanoid_interfaces::msg::MotionOperator[01;31m[K>[m[K::SharedPtr motionPub;
[2.301s]       |                                               [01;31m[K^[m[K
[2.301s] [01m[K/home/yu/colcon_ws/src/master_jo/src/../include/master_jo/master_jo_node.hpp:84:50:[m[K [01;31m[Kerror: [m[Kexpected â€˜[01m[K;[m[Kâ€™ at end of member declaration
[2.301s]    84 |       humanoid_interfaces::msg::MotionOperator>::[01;31m[KSharedPtr[m[K motionPub;
[2.301s]       |                                                  [01;31m[K^~~~~~~~~[m[K
[2.301s]       |                                                           [32m[K;[m[K
[2.301s] [01m[K/home/yu/colcon_ws/src/master_jo/src/../include/master_jo/master_jo_node.hpp:84:50:[m[K [01;31m[Kerror: [m[Kredeclaration of â€˜[01m[Kint master_jo::MasterJoNode::SharedPtr[m[Kâ€™
[2.301s] [01m[K/home/yu/colcon_ws/src/master_jo/src/../include/master_jo/master_jo_node.hpp:59:59:[m[K [01;36m[Knote: [m[Kprevious declaration â€˜[01m[Kint master_jo::MasterJoNode::SharedPtr[m[Kâ€™
[2.301s]    59 |   rclcpp::Subscription<humanoid_interfaces::msg::ImuMsg>::[01;36m[KSharedPtr[m[K imu_sub;
[2.301s]       |                                                           [01;36m[K^~~~~~~~~[m[K
[2.305s] [01m[K/home/yu/colcon_ws/src/master_jo/src/../include/master_jo/master_jo_node.hpp:84:60:[m[K [01;31m[Kerror: [m[Kâ€˜[01m[KmotionPub[m[Kâ€™ does not name a type
[2.305s]    84 |       humanoid_interfaces::msg::MotionOperator>::SharedPtr [01;31m[KmotionPub[m[K;
[2.305s]       |                                                            [01;31m[K^~~~~~~~~[m[K
[2.308s] [01m[K/home/yu/colcon_ws/src/master_jo/src/../include/master_jo/master_jo_node.hpp:110:15:[m[K [01;31m[Kerror: [m[Kâ€˜[01m[KSTATE_PLAYING[m[Kâ€™ was not declared in this scope
[2.308s]   110 |   int state = [01;31m[KSTATE_PLAYING[m[K;
[2.308s]       |               [01;31m[K^~~~~~~~~~~~~[m[K
[2.315s] [01m[K/home/yu/colcon_ws/src/master_jo/src/master_jo_node.cpp:[m[K In member function â€˜[01m[Kvirtual rclcpp_lifecycle::node_interfaces::LifecycleNodeInterface::CallbackReturn master_jo::MasterJoNode::on_configure(const rclcpp_lifecycle::State&)[m[Kâ€™:
[2.315s] [01m[K/home/yu/colcon_ws/src/master_jo/src/master_jo_node.cpp:22:3:[m[K [01;31m[Kerror: [m[Kâ€˜[01m[Kvision_pub[m[Kâ€™ was not declared in this scope
[2.315s]    22 |   [01;31m[Kvision_pub[m[K = create_publisher<humanoid_interfaces::msg::Master2vision25>(
[2.315s]       |   [01;31m[K^~~~~~~~~~[m[K
[2.316s] [01m[K/home/yu/colcon_ws/src/master_jo/src/master_jo_node.cpp:22:59:[m[K [01;31m[Kerror: [m[Kâ€˜[01m[KMaster2vision25[m[Kâ€™ is not a member of â€˜[01m[Khumanoid_interfaces::msg[m[Kâ€™
[2.316s]    22 |   vision_pub = create_publisher<humanoid_interfaces::msg::[01;31m[KMaster2vision25[m[K>(
[2.316s]       |                                                           [01;31m[K^~~~~~~~~~~~~~~[m[K
[2.316s] [01m[K/home/yu/colcon_ws/src/master_jo/src/master_jo_node.cpp:22:75:[m[K [01;31m[Kerror: [m[Kno matching function for call to â€˜[01m[Kmaster_jo::MasterJoNode::create_publisher<<expression error> >(const char [14], int)[m[Kâ€™
[2.316s]    22 |   vision_pub = [01;31m[Kcreate_publisher<humanoid_interfaces::msg::Master2vision25>([m[K
[2.316s]       |                [01;31m[K~~~~~~~~~~~~~~~~~~~~~~~~~~~~~~~~~~~~~~~~~~~~~~~~~~~~~~~~~~~^[m[K
[2.316s]    23 | [01;31m[K      "master2vision", 10)[m[K;
[2.316s]       |       [01;31m[K~~~~~~~~~~~~~~~~~~~~[m[K                                                 
[2.318s] In file included from [01m[K/opt/ros/humble/include/rclcpp_lifecycle/rclcpp_lifecycle/lifecycle_node.hpp:996[m[K,
[2.318s]                  from [01m[K/home/yu/colcon_ws/src/master_jo/src/../include/master_jo/master_jo_node.hpp:6[m[K,
[2.318s]                  from [01m[K/home/yu/colcon_ws/src/master_jo/src/master_jo_node.cpp:1[m[K:
[2.319s] [01m[K/opt/ros/humble/include/rclcpp_lifecycle/rclcpp_lifecycle/lifecycle_node_impl.hpp:46:1:[m[K [01;36m[Knote: [m[Kcandidate: â€˜[01m[Ktemplate<class MessageT, class AllocatorT> std::shared_ptr<rclcpp_lifecycle::LifecyclePublisher<MessageT, Alloc> > rclcpp_lifecycle::LifecycleNode::create_publisher(const string&, const rclcpp::QoS&, const rclcpp::PublisherOptionsWithAllocator<AllocatorT>&)[m[Kâ€™
[2.319s]    46 | [01;36m[KLifecycleNode[m[K::create_publisher(
[2.319s]       | [01;36m[K^~~~~~~~~~~~~[m[K
[2.319s] [01m[K/opt/ros/humble/include/rclcpp_lifecycle/rclcpp_lifecycle/lifecycle_node_impl.hpp:46:1:[m[K [01;36m[Knote: [m[K  template argument deduction/substitution failed:
[2.319s] [01m[K/home/yu/colcon_ws/src/master_jo/src/master_jo_node.cpp:22:75:[m[K [01;31m[Kerror: [m[Ktemplate argument 1 is invalid
[2.319s]    22 |   vision_pub = [01;31m[Kcreate_publisher<humanoid_interfaces::msg::Master2vision25>([m[K
[2.319s]       |                [01;31m[K~~~~~~~~~~~~~~~~~~~~~~~~~~~~~~~~~~~~~~~~~~~~~~~~~~~~~~~~~~~^[m[K
[2.319s]    23 | [01;31m[K      "master2vision", 10)[m[K;
[2.319s]       |       [01;31m[K~~~~~~~~~~~~~~~~~~~~[m[K                                                 
[2.319s] [01m[K/home/yu/colcon_ws/src/master_jo/src/master_jo_node.cpp:24:3:[m[K [01;31m[Kerror: [m[Kâ€˜[01m[Kgamecontrol_pub[m[Kâ€™ was not declared in this scope; did you mean â€˜[01m[Kgamecontrol_sub[m[Kâ€™?
[2.319s]    24 |   [01;31m[Kgamecontrol_pub[m[K =
[2.319s]       |   [01;31m[K^~~~~~~~~~~~~~~[m[K
[2.319s]       |   [32m[Kgamecontrol_sub[m[K
[2.319s] [01m[K/home/yu/colcon_ws/src/master_jo/src/master_jo_node.cpp:25:50:[m[K [01;31m[Kerror: [m[Kâ€˜[01m[KGamecontrolreturndata[m[Kâ€™ is not a member of â€˜[01m[Khumanoid_interfaces::msg[m[Kâ€™; did you mean â€˜[01m[KGamecontroldata[m[Kâ€™?
[2.319s]    25 |       create_publisher<humanoid_interfaces::msg::[01;31m[KGamecontrolreturndata[m[K>(
[2.319s]       |                                                  [01;31m[K^~~~~~~~~~~~~~~~~~~~~[m[K
[2.319s]       |                                                  [32m[KGamecontroldata[m[K
[2.319s] [01m[K/home/yu/colcon_ws/src/master_jo/src/master_jo_node.cpp:25:72:[m[K [01;31m[Kerror: [m[Kno matching function for call to â€˜[01m[Kmaster_jo::MasterJoNode::create_publisher<<expression error> >(const char [22], int)[m[Kâ€™
[2.319s]    25 |       [01;31m[Kcreate_publisher<humanoid_interfaces::msg::Gamecontrolreturndata>([m[K
[2.319s]       |       [01;31m[K~~~~~~~~~~~~~~~~~~~~~~~~~~~~~~~~~~~~~~~~~~~~~~~~~~~~~~~~~~~~~~~~~^[m[K
[2.319s]    26 | [01;31m[K          "gamecontrolreturndata", 10)[m[K;
[2.319s]       |           [01;31m[K~~~~~~~~~~~~~~~~~~~~~~~~~~~~[m[K                                  
[2.320s] In file included from [01m[K/opt/ros/humble/include/rclcpp_lifecycle/rclcpp_lifecycle/lifecycle_node.hpp:996[m[K,
[2.320s]                  from [01m[K/home/yu/colcon_ws/src/master_jo/src/../include/master_jo/master_jo_node.hpp:6[m[K,
[2.320s]                  from [01m[K/home/yu/colcon_ws/src/master_jo/src/master_jo_node.cpp:1[m[K:
[2.320s] [01m[K/opt/ros/humble/include/rclcpp_lifecycle/rclcpp_lifecycle/lifecycle_node_impl.hpp:46:1:[m[K [01;36m[Knote: [m[Kcandidate: â€˜[01m[Ktemplate<class MessageT, class AllocatorT> std::shared_ptr<rclcpp_lifecycle::LifecyclePublisher<MessageT, Alloc> > rclcpp_lifecycle::LifecycleNode::create_publisher(const string&, const rclcpp::QoS&, const rclcpp::PublisherOptionsWithAllocator<AllocatorT>&)[m[Kâ€™
[2.320s]    46 | [01;36m[KLifecycleNode[m[K::create_publisher(
[2.320s]       | [01;36m[K^~~~~~~~~~~~~[m[K
[2.320s] [01m[K/opt/ros/humble/include/rclcpp_lifecycle/rclcpp_lifecycle/lifecycle_node_impl.hpp:46:1:[m[K [01;36m[Knote: [m[K  template argument deduction/substitution failed:
[2.320s] [01m[K/home/yu/colcon_ws/src/master_jo/src/master_jo_node.cpp:25:72:[m[K [01;31m[Kerror: [m[Ktemplate argument 1 is invalid
[2.320s]    25 |       [01;31m[Kcreate_publisher<humanoid_interfaces::msg::Gamecontrolreturndata>([m[K
[2.320s]       |       [01;31m[K~~~~~~~~~~~~~~~~~~~~~~~~~~~~~~~~~~~~~~~~~~~~~~~~~~~~~~~~~~~~~~~~~^[m[K
[2.320s]    26 | [01;31m[K          "gamecontrolreturndata", 10)[m[K;
[2.320s]       |           [01;31m[K~~~~~~~~~~~~~~~~~~~~~~~~~~~~[m[K                                  
[2.323s] [01m[K/home/yu/colcon_ws/src/master_jo/src/master_jo_node.cpp:27:3:[m[K [01;31m[Kerror: [m[Kâ€˜[01m[Klocal_pub[m[Kâ€™ was not declared in this scope
[2.324s]    27 |   [01;31m[Klocal_pub[m[K = create_publisher<humanoid_interfaces::msg::Master2localization25>(
[2.324s]       |   [01;31m[K^~~~~~~~~[m[K
[2.324s] [01m[K/home/yu/colcon_ws/src/master_jo/src/master_jo_node.cpp:27:58:[m[K [01;31m[Kerror: [m[Kâ€˜[01m[KMaster2localization25[m[Kâ€™ is not a member of â€˜[01m[Khumanoid_interfaces::msg[m[Kâ€™
[2.324s]    27 |   local_pub = create_publisher<humanoid_interfaces::msg::[01;31m[KMaster2localization25[m[K>(
[2.324s]       |                                                          [01;31m[K^~~~~~~~~~~~~~~~~~~~~[m[K
[2.324s] [01m[K/home/yu/colcon_ws/src/master_jo/src/master_jo_node.cpp:27:80:[m[K [01;31m[Kerror: [m[Kno matching function for call to â€˜[01m[Kmaster_jo::MasterJoNode::create_publisher<<expression error> >(const char [13], int)[m[Kâ€™
[2.324s]    27 |   local_pub = [01;31m[Kcreate_publisher<humanoid_interfaces::msg::Master2localization25>([m[K
[2.324s]       |               [01;31m[K~~~~~~~~~~~~~~~~~~~~~~~~~~~~~~~~~~~~~~~~~~~~~~~~~~~~~~~~~~~~~~~~~^[m[K
[2.324s]    28 | [01;31m[K      "master2local", 10)[m[K;
[2.324s]       |       [01;31m[K~~~~~~~~~~~~~~~~~~~[m[K                                                       
[2.324s] In file included from [01m[K/opt/ros/humble/include/rclcpp_lifecycle/rclcpp_lifecycle/lifecycle_node.hpp:996[m[K,
[2.324s]                  from [01m[K/home/yu/colcon_ws/src/master_jo/src/../include/master_jo/master_jo_node.hpp:6[m[K,
[2.324s]                  from [01m[K/home/yu/colcon_ws/src/master_jo/src/master_jo_node.cpp:1[m[K:
[2.324s] [01m[K/opt/ros/humble/include/rclcpp_lifecycle/rclcpp_lifecycle/lifecycle_node_impl.hpp:46:1:[m[K [01;36m[Knote: [m[Kcandidate: â€˜[01m[Ktemplate<class MessageT, class AllocatorT> std::shared_ptr<rclcpp_lifecycle::LifecyclePublisher<MessageT, Alloc> > rclcpp_lifecycle::LifecycleNode::create_publisher(const string&, const rclcpp::QoS&, const rclcpp::PublisherOptionsWithAllocator<AllocatorT>&)[m[Kâ€™
[2.324s]    46 | [01;36m[KLifecycleNode[m[K::create_publisher(
[2.324s]       | [01;36m[K^~~~~~~~~~~~~[m[K
[2.324s] [01m[K/opt/ros/humble/include/rclcpp_lifecycle/rclcpp_lifecycle/lifecycle_node_impl.hpp:46:1:[m[K [01;36m[Knote: [m[K  template argument deduction/substitution failed:
[2.324s] [01m[K/home/yu/colcon_ws/src/master_jo/src/master_jo_node.cpp:27:80:[m[K [01;31m[Kerror: [m[Ktemplate argument 1 is invalid
[2.324s]    27 |   local_pub = [01;31m[Kcreate_publisher<humanoid_interfaces::msg::Master2localization25>([m[K
[2.324s]       |               [01;31m[K~~~~~~~~~~~~~~~~~~~~~~~~~~~~~~~~~~~~~~~~~~~~~~~~~~~~~~~~~~~~~~~~~^[m[K
[2.324s]    28 | [01;31m[K      "master2local", 10)[m[K;
[2.324s]       |       [01;31m[K~~~~~~~~~~~~~~~~~~~[m[K                                                       
[2.328s] [01m[K/home/yu/colcon_ws/src/master_jo/src/master_jo_node.cpp:29:3:[m[K [01;31m[Kerror: [m[Kâ€˜[01m[Kudp_pub[m[Kâ€™ was not declared in this scope
[2.328s]    29 |   [01;31m[Kudp_pub[m[K =
[2.328s]       |   [01;31m[K^~~~~~~[m[K
[2.328s] [01m[K/home/yu/colcon_ws/src/master_jo/src/master_jo_node.cpp:30:50:[m[K [01;31m[Kerror: [m[Kâ€˜[01m[KMaster2udp[m[Kâ€™ is not a member of â€˜[01m[Khumanoid_interfaces::msg[m[Kâ€™
[2.328s]    30 |       create_publisher<humanoid_interfaces::msg::[01;31m[KMaster2udp[m[K>("master2udp", 10);
[2.328s]       |                                                  [01;31m[K^~~~~~~~~~[m[K
[2.328s] [01m[K/home/yu/colcon_ws/src/master_jo/src/master_jo_node.cpp:30:61:[m[K [01;31m[Kerror: [m[Kno matching function for call to â€˜[01m[Kmaster_jo::MasterJoNode::create_publisher<<expression error> >(const char [11], int)[m[Kâ€™
[2.328s]    30 |       [01;31m[Kcreate_publisher<humanoid_interfaces::msg::Master2udp>("master2udp", 10)[m[K;
[2.328s]       |       [01;31m[K~~~~~~~~~~~~~~~~~~~~~~~~~~~~~~~~~~~~~~~~~~~~~~~~~~~~~~^~~~~~~~~~~~~~~~~~[m[K
[2.328s] In file included from [01m[K/opt/ros/humble/include/rclcpp_lifecycle/rclcpp_lifecycle/lifecycle_node.hpp:996[m[K,
[2.328s]                  from [01m[K/home/yu/colcon_ws/src/master_jo/src/../include/master_jo/master_jo_node.hpp:6[m[K,
[2.328s]                  from [01m[K/home/yu/colcon_ws/src/master_jo/src/master_jo_node.cpp:1[m[K:
[2.329s] [01m[K/opt/ros/humble/include/rclcpp_lifecycle/rclcpp_lifecycle/lifecycle_node_impl.hpp:46:1:[m[K [01;36m[Knote: [m[Kcandidate: â€˜[01m[Ktemplate<class MessageT, class AllocatorT> std::shared_ptr<rclcpp_lifecycle::LifecyclePublisher<MessageT, Alloc> > rclcpp_lifecycle::LifecycleNode::create_publisher(const string&, const rclcpp::QoS&, const rclcpp::PublisherOptionsWithAllocator<AllocatorT>&)[m[Kâ€™
[2.329s]    46 | [01;36m[KLifecycleNode[m[K::create_publisher(
[2.329s]       | [01;36m[K^~~~~~~~~~~~~[m[K
[2.329s] [01m[K/opt/ros/humble/include/rclcpp_lifecycle/rclcpp_lifecycle/lifecycle_node_impl.hpp:46:1:[m[K [01;36m[Knote: [m[K  template argument deduction/substitution failed:
[2.329s] [01m[K/home/yu/colcon_ws/src/master_jo/src/master_jo_node.cpp:30:61:[m[K [01;31m[Kerror: [m[Ktemplate argument 1 is invalid
[2.329s]    30 |       [01;31m[Kcreate_publisher<humanoid_interfaces::msg::Master2udp>("master2udp", 10)[m[K;
[2.329s]       |       [01;31m[K~~~~~~~~~~~~~~~~~~~~~~~~~~~~~~~~~~~~~~~~~~~~~~~~~~~~~~^~~~~~~~~~~~~~~~~~[m[K
[2.332s] [01m[K/home/yu/colcon_ws/src/master_jo/src/master_jo_node.cpp:31:3:[m[K [01;31m[Kerror: [m[Kâ€˜[01m[KmotionPub[m[Kâ€™ was not declared in this scope
[2.333s]    31 |   [01;31m[KmotionPub[m[K = create_publisher<humanoid_interfaces::msg::MotionOperator>(
[2.333s]       |   [01;31m[K^~~~~~~~~[m[K
[2.333s] [01m[K/home/yu/colcon_ws/src/master_jo/src/master_jo_node.cpp:31:58:[m[K [01;31m[Kerror: [m[Kâ€˜[01m[KMotionOperator[m[Kâ€™ is not a member of â€˜[01m[Khumanoid_interfaces::msg[m[Kâ€™
[2.333s]    31 |   motionPub = create_publisher<humanoid_interfaces::msg::[01;31m[KMotionOperator[m[K>(
[2.333s]       |                                                          [01;31m[K^~~~~~~~~~~~~~[m[K
[2.333s] [01m[K/home/yu/colcon_ws/src/master_jo/src/master_jo_node.cpp:31:73:[m[K [01;31m[Kerror: [m[Kno matching function for call to â€˜[01m[Kmaster_jo::MasterJoNode::create_publisher<<expression error> >(const char [16], int)[m[Kâ€™
[2.333s]    31 |   motionPub = [01;31m[Kcreate_publisher<humanoid_interfaces::msg::MotionOperator>([m[K
[2.333s]       |               [01;31m[K~~~~~~~~~~~~~~~~~~~~~~~~~~~~~~~~~~~~~~~~~~~~~~~~~~~~~~~~~~^[m[K
[2.333s]    32 | [01;31m[K      "motion_operator", 10)[m[K;
[2.333s]       |       [01;31m[K~~~~~~~~~~~~~~~~~~~~~~[m[K                                             
[2.333s] In file included from [01m[K/opt/ros/humble/include/rclcpp_lifecycle/rclcpp_lifecycle/lifecycle_node.hpp:996[m[K,
[2.333s]                  from [01m[K/home/yu/colcon_ws/src/master_jo/src/../include/master_jo/master_jo_node.hpp:6[m[K,
[2.333s]                  from [01m[K/home/yu/colcon_ws/src/master_jo/src/master_jo_node.cpp:1[m[K:
[2.333s] [01m[K/opt/ros/humble/include/rclcpp_lifecycle/rclcpp_lifecycle/lifecycle_node_impl.hpp:46:1:[m[K [01;36m[Knote: [m[Kcandidate: â€˜[01m[Ktemplate<class MessageT, class AllocatorT> std::shared_ptr<rclcpp_lifecycle::LifecyclePublisher<MessageT, Alloc> > rclcpp_lifecycle::LifecycleNode::create_publisher(const string&, const rclcpp::QoS&, const rclcpp::PublisherOptionsWithAllocator<AllocatorT>&)[m[Kâ€™
[2.333s]    46 | [01;36m[KLifecycleNode[m[K::create_publisher(
[2.333s]       | [01;36m[K^~~~~~~~~~~~~[m[K
[2.333s] [01m[K/opt/ros/humble/include/rclcpp_lifecycle/rclcpp_lifecycle/lifecycle_node_impl.hpp:46:1:[m[K [01;36m[Knote: [m[K  template argument deduction/substitution failed:
[2.333s] [01m[K/home/yu/colcon_ws/src/master_jo/src/master_jo_node.cpp:31:73:[m[K [01;31m[Kerror: [m[Ktemplate argument 1 is invalid
[2.333s]    31 |   motionPub = [01;31m[Kcreate_publisher<humanoid_interfaces::msg::MotionOperator>([m[K
[2.333s]       |               [01;31m[K~~~~~~~~~~~~~~~~~~~~~~~~~~~~~~~~~~~~~~~~~~~~~~~~~~~~~~~~~~^[m[K
[2.333s]    32 | [01;31m[K      "motion_operator", 10)[m[K;
[2.333s]       |       [01;31m[K~~~~~~~~~~~~~~~~~~~~~~[m[K                                             
[2.337s] [01m[K/home/yu/colcon_ws/src/master_jo/src/master_jo_node.cpp:34:3:[m[K [01;31m[Kerror: [m[Kâ€˜[01m[Kimu_sub[m[Kâ€™ was not declared in this scope
[2.337s]    34 |   [01;31m[Kimu_sub[m[K = create_subscription<humanoid_interfaces::msg::ImuMsg>(
[2.337s]       |   [01;31m[K^~~~~~~[m[K
[2.337s] [01m[K/home/yu/colcon_ws/src/master_jo/src/master_jo_node.cpp:34:59:[m[K [01;31m[Kerror: [m[Kâ€˜[01m[KImuMsg[m[Kâ€™ is not a member of â€˜[01m[Khumanoid_interfaces::msg[m[Kâ€™
[2.337s]    34 |   imu_sub = create_subscription<humanoid_interfaces::msg::[01;31m[KImuMsg[m[K>(
[2.337s]       |                                                           [01;31m[K^~~~~~[m[K
[2.344s] [01m[K/home/yu/colcon_ws/src/master_jo/src/master_jo_node.cpp:34:66:[m[K [01;31m[Kerror: [m[Kno matching function for call to â€˜[01m[Kmaster_jo::MasterJoNode::create_subscription<<expression error> >(const char [4], rclcpp::QoS&, std::_Bind_helper<false, void (master_jo::MasterJoNode::*)(...), master_jo::MasterJoNode*, const std::_Placeholder<1>&>::type)[m[Kâ€™
[2.344s]    34 |   imu_sub = [01;31m[Kcreate_subscription<humanoid_interfaces::msg::ImuMsg>([m[K
[2.344s]       |             [01;31m[K~~~~~~~~~~~~~~~~~~~~~~~~~~~~~~~~~~~~~~~~~~~~~~~~~~~~~^[m[K
[2.344s]    35 | [01;31m[K      "Imu", rclcpp::QoS(rclcpp::KeepLast(10)).reliable().best_effort(),[m[K
[2.344s]       |       [01;31m[K~~~~~~~~~~~~~~~~~~~~~~~~~~~~~~~~~~~~~~~~~~~~~~~~~~~~~~~~~~~~~~~~~~[m[K
[2.344s]    36 | [01;31m[K      std::bind(&MasterJoNode::imuCallback, this,[m[K
[2.344s]       |       [01;31m[K~~~~~~~~~~~~~~~~~~~~~~~~~~~~~~~~~~~~~~~~~~~[m[K                 
[2.345s]    37 | [01;31m[K                std::placeholders::_1))[m[K;
[2.345s]       |                 [01;31m[K~~~~~~~~~~~~~~~~~~~~~~~[m[K                           
[2.345s] In file included from [01m[K/home/yu/colcon_ws/src/master_jo/src/../include/master_jo/master_jo_node.hpp:6[m[K,
[2.345s]                  from [01m[K/home/yu/colcon_ws/src/master_jo/src/master_jo_node.cpp:1[m[K:
[2.345s] [01m[K/opt/ros/humble/include/rclcpp_lifecycle/rclcpp_lifecycle/lifecycle_node.hpp:234:3:[m[K [01;36m[Knote: [m[Kcandidate: â€˜[01m[Ktemplate<class MessageT, class CallbackT, class AllocatorT, class SubscriptionT, class MessageMemoryStrategyT> std::shared_ptr<ROSMessageT> rclcpp_lifecycle::LifecycleNode::create_subscription(const string&, const rclcpp::QoS&, CallbackT&&, const rclcpp::SubscriptionOptionsWithAllocator<AllocatorT>&, typename MessageMemoryStrategyT::SharedPtr)[m[Kâ€™
[2.345s]   234 |   [01;36m[Kcreate_subscription[m[K(
[2.345s]       |   [01;36m[K^~~~~~~~~~~~~~~~~~~[m[K
[2.345s] [01m[K/opt/ros/humble/include/rclcpp_lifecycle/rclcpp_lifecycle/lifecycle_node.hpp:234:3:[m[K [01;36m[Knote: [m[K  template argument deduction/substitution failed:
[2.345s] [01m[K/home/yu/colcon_ws/src/master_jo/src/master_jo_node.cpp:34:66:[m[K [01;31m[Kerror: [m[Ktemplate argument 1 is invalid
[2.345s]    34 |   imu_sub = [01;31m[Kcreate_subscription<humanoid_interfaces::msg::ImuMsg>([m[K
[2.345s]       |             [01;31m[K~~~~~~~~~~~~~~~~~~~~~~~~~~~~~~~~~~~~~~~~~~~~~~~~~~~~~^[m[K
[2.345s]    35 | [01;31m[K      "Imu", rclcpp::QoS(rclcpp::KeepLast(10)).reliable().best_effort(),[m[K
[2.345s]       |       [01;31m[K~~~~~~~~~~~~~~~~~~~~~~~~~~~~~~~~~~~~~~~~~~~~~~~~~~~~~~~~~~~~~~~~~~[m[K
[2.345s]    36 | [01;31m[K      std::bind(&MasterJoNode::imuCallback, this,[m[K
[2.346s]       |       [01;31m[K~~~~~~~~~~~~~~~~~~~~~~~~~~~~~~~~~~~~~~~~~~~[m[K                 
[2.346s]    37 | [01;31m[K                std::placeholders::_1))[m[K;
[2.346s]       |                 [01;31m[K~~~~~~~~~~~~~~~~~~~~~~~[m[K                           
[2.352s] [01m[K/home/yu/colcon_ws/src/master_jo/src/master_jo_node.cpp:38:3:[m[K [01;31m[Kerror: [m[Kâ€˜[01m[Kvision_sub[m[Kâ€™ was not declared in this scope
[2.352s]    38 |   [01;31m[Kvision_sub[m[K = create_subscription<humanoid_interfaces::msg::Robocupvision25>(
[2.352s]       |   [01;31m[K^~~~~~~~~~[m[K
[2.353s] [01m[K/home/yu/colcon_ws/src/master_jo/src/master_jo_node.cpp:38:62:[m[K [01;31m[Kerror: [m[Kâ€˜[01m[KRobocupvision25[m[Kâ€™ is not a member of â€˜[01m[Khumanoid_interfaces::msg[m[Kâ€™
[2.353s]    38 |   vision_sub = create_subscription<humanoid_interfaces::msg::[01;31m[KRobocupvision25[m[K>(
[2.353s]       |                                                              [01;31m[K^~~~~~~~~~~~~~~[m[K
[2.353s] [01m[K/home/yu/colcon_ws/src/master_jo/src/master_jo_node.cpp:38:78:[m[K [01;31m[Kerror: [m[Kno matching function for call to â€˜[01m[Kmaster_jo::MasterJoNode::create_subscription<<expression error> >(const char [7], int, std::_Bind_helper<false, void (master_jo::MasterJoNode::*)(...), master_jo::MasterJoNode*, const std::_Placeholder<1>&>::type)[m[Kâ€™
[2.353s]    38 |   vision_sub = [01;31m[Kcreate_subscription<humanoid_interfaces::msg::Robocupvision25>([m[K
[2.353s]       |                [01;31m[K~~~~~~~~~~~~~~~~~~~~~~~~~~~~~~~~~~~~~~~~~~~~~~~~~~~~~~~~~~~~~~^[m[K
[2.353s]    39 | [01;31m[K      "vision", 10,[m[K
[2.353s]       |       [01;31m[K~~~~~~~~~~~~~[m[K                                                           
[2.353s]    40 | [01;31m[K      std::bind(&MasterJoNode::visionCallback, this,[m[K
[2.353s]       |       [01;31m[K~~~~~~~~~~~~~~~~~~~~~~~~~~~~~~~~~~~~~~~~~~~~~~[m[K                          
[2.353s]    41 | [01;31m[K                std::placeholders::_1))[m[K;
[2.353s]       |                 [01;31m[K~~~~~~~~~~~~~~~~~~~~~~~[m[K                                       
[2.353s] In file included from [01m[K/home/yu/colcon_ws/src/master_jo/src/../include/master_jo/master_jo_node.hpp:6[m[K,
[2.353s]                  from [01m[K/home/yu/colcon_ws/src/master_jo/src/master_jo_node.cpp:1[m[K:
[2.353s] [01m[K/opt/ros/humble/include/rclcpp_lifecycle/rclcpp_lifecycle/lifecycle_node.hpp:234:3:[m[K [01;36m[Knote: [m[Kcandidate: â€˜[01m[Ktemplate<class MessageT, class CallbackT, class AllocatorT, class SubscriptionT, class MessageMemoryStrategyT> std::shared_ptr<ROSMessageT> rclcpp_lifecycle::LifecycleNode::create_subscription(const string&, const rclcpp::QoS&, CallbackT&&, const rclcpp::SubscriptionOptionsWithAllocator<AllocatorT>&, typename MessageMemoryStrategyT::SharedPtr)[m[Kâ€™
[2.353s]   234 |   [01;36m[Kcreate_subscription[m[K(
[2.353s]       |   [01;36m[K^~~~~~~~~~~~~~~~~~~[m[K
[2.353s] [01m[K/opt/ros/humble/include/rclcpp_lifecycle/rclcpp_lifecycle/lifecycle_node.hpp:234:3:[m[K [01;36m[Knote: [m[K  template argument deduction/substitution failed:
[2.353s] [01m[K/home/yu/colcon_ws/src/master_jo/src/master_jo_node.cpp:38:78:[m[K [01;31m[Kerror: [m[Ktemplate argument 1 is invalid
[2.353s]    38 |   vision_sub = [01;31m[Kcreate_subscription<humanoid_interfaces::msg::Robocupvision25>([m[K
[2.353s]       |                [01;31m[K~~~~~~~~~~~~~~~~~~~~~~~~~~~~~~~~~~~~~~~~~~~~~~~~~~~~~~~~~~~~~~^[m[K
[2.353s]    39 | [01;31m[K      "vision", 10,[m[K
[2.353s]       |       [01;31m[K~~~~~~~~~~~~~[m[K                                                           
[2.353s]    40 | [01;31m[K      std::bind(&MasterJoNode::visionCallback, this,[m[K
[2.354s]       |       [01;31m[K~~~~~~~~~~~~~~~~~~~~~~~~~~~~~~~~~~~~~~~~~~~~~~[m[K                          
[2.354s]    41 | [01;31m[K                std::placeholders::_1))[m[K;
[2.354s]       |                 [01;31m[K~~~~~~~~~~~~~~~~~~~~~~~[m[K                                       
[2.354s] [01m[K/home/yu/colcon_ws/src/master_jo/src/master_jo_node.cpp:42:3:[m[K [01;31m[Kerror: [m[Kâ€˜[01m[Kik_sub[m[Kâ€™ was not declared in this scope; did you mean â€˜[01m[Kik_pub[m[Kâ€™?
[2.354s]    42 |   [01;31m[Kik_sub[m[K = create_subscription<humanoid_interfaces::msg::IkEndMsg>(
[2.354s]       |   [01;31m[K^~~~~~[m[K
[2.354s]       |   [32m[Kik_pub[m[K
[2.354s] [01m[K/home/yu/colcon_ws/src/master_jo/src/master_jo_node.cpp:42:58:[m[K [01;31m[Kerror: [m[Kâ€˜[01m[KIkEndMsg[m[Kâ€™ is not a member of â€˜[01m[Khumanoid_interfaces::msg[m[Kâ€™
[2.354s]    42 |   ik_sub = create_subscription<humanoid_interfaces::msg::[01;31m[KIkEndMsg[m[K>(
[2.354s]       |                                                          [01;31m[K^~~~~~~~[m[K
[2.354s] [01m[K/home/yu/colcon_ws/src/master_jo/src/master_jo_node.cpp:42:67:[m[K [01;31m[Kerror: [m[Kno matching function for call to â€˜[01m[Kmaster_jo::MasterJoNode::create_subscription<<expression error> >(const char [3], int, std::_Bind_helper<false, void (master_jo::MasterJoNode::*)(...), master_jo::MasterJoNode*, const std::_Placeholder<1>&>::type)[m[Kâ€™
[2.354s]    42 |   ik_sub = [01;31m[Kcreate_subscription<humanoid_interfaces::msg::IkEndMsg>([m[K
[2.354s]       |            [01;31m[K~~~~~~~~~~~~~~~~~~~~~~~~~~~~~~~~~~~~~~~~~~~~~~~~~~~~~~~^[m[K
[2.354s]    43 | [01;31m[K      "ik", 10,[m[K
[2.354s]       |       [01;31m[K~~~~~~~~~[m[K                                                    
[2.354s]    44 | [01;31m[K      std::bind(&MasterJoNode::ikCallback, this, std::placeholders::_1))[m[K;
[2.354s]       |       [01;31m[K~~~~~~~~~~~~~~~~~~~~~~~~~~~~~~~~~~~~~~~~~~~~~~~~~~~~~~~~~~~~~~~~~~[m[K
[2.354s] In file included from [01m[K/home/yu/colcon_ws/src/master_jo/src/../include/master_jo/master_jo_node.hpp:6[m[K,
[2.354s]                  from [01m[K/home/yu/colcon_ws/src/master_jo/src/master_jo_node.cpp:1[m[K:
[2.354s] [01m[K/opt/ros/humble/include/rclcpp_lifecycle/rclcpp_lifecycle/lifecycle_node.hpp:234:3:[m[K [01;36m[Knote: [m[Kcandidate: â€˜[01m[Ktemplate<class MessageT, class CallbackT, class AllocatorT, class SubscriptionT, class MessageMemoryStrategyT> std::shared_ptr<ROSMessageT> rclcpp_lifecycle::LifecycleNode::create_subscription(const string&, const rclcpp::QoS&, CallbackT&&, const rclcpp::SubscriptionOptionsWithAllocator<AllocatorT>&, typename MessageMemoryStrategyT::SharedPtr)[m[Kâ€™
[2.354s]   234 |   [01;36m[Kcreate_subscription[m[K(
[2.354s]       |   [01;36m[K^~~~~~~~~~~~~~~~~~~[m[K
[2.356s] [01m[K/opt/ros/humble/include/rclcpp_lifecycle/rclcpp_lifecycle/lifecycle_node.hpp:234:3:[m[K [01;36m[Knote: [m[K  template argument deduction/substitution failed:
[2.356s] [01m[K/home/yu/colcon_ws/src/master_jo/src/master_jo_node.cpp:42:67:[m[K [01;31m[Kerror: [m[Ktemplate argument 1 is invalid
[2.356s]    42 |   ik_sub = [01;31m[Kcreate_subscription<humanoid_interfaces::msg::IkEndMsg>([m[K
[2.356s]       |            [01;31m[K~~~~~~~~~~~~~~~~~~~~~~~~~~~~~~~~~~~~~~~~~~~~~~~~~~~~~~~^[m[K
[2.356s]    43 | [01;31m[K      "ik", 10,[m[K
[2.356s]       |       [01;31m[K~~~~~~~~~[m[K                                                    
[2.356s]    44 | [01;31m[K      std::bind(&MasterJoNode::ikCallback, this, std::placeholders::_1))[m[K;
[2.356s]       |       [01;31m[K~~~~~~~~~~~~~~~~~~~~~~~~~~~~~~~~~~~~~~~~~~~~~~~~~~~~~~~~~~~~~~~~~~[m[K
[2.359s] [01m[K/home/yu/colcon_ws/src/master_jo/src/master_jo_node.cpp:50:3:[m[K [01;31m[Kerror: [m[Kâ€˜[01m[Klocal_sub[m[Kâ€™ was not declared in this scope
[2.359s]    50 |   [01;31m[Klocal_sub[m[K =
[2.359s]       |   [01;31m[K^~~~~~~~~[m[K
[2.359s] [01m[K/home/yu/colcon_ws/src/master_jo/src/master_jo_node.cpp:51:53:[m[K [01;31m[Kerror: [m[Kâ€˜[01m[KRobocuplocalization25[m[Kâ€™ is not a member of â€˜[01m[Khumanoid_interfaces::msg[m[Kâ€™
[2.360s]    51 |       create_subscription<humanoid_interfaces::msg::[01;31m[KRobocuplocalization25[m[K>(
[2.360s]       |                                                     [01;31m[K^~~~~~~~~~~~~~~~~~~~~[m[K
[2.360s] [01m[K/home/yu/colcon_ws/src/master_jo/src/master_jo_node.cpp:51:75:[m[K [01;31m[Kerror: [m[Kno matching function for call to â€˜[01m[Kmaster_jo::MasterJoNode::create_subscription<<expression error> >(const char [13], int, std::_Bind_helper<false, void (master_jo::MasterJoNode::*)(...), master_jo::MasterJoNode*, const std::_Placeholder<1>&>::type)[m[Kâ€™
[2.360s]    51 |       [01;31m[Kcreate_subscription<humanoid_interfaces::msg::Robocuplocalization25>([m[K
[2.360s]       |       [01;31m[K~~~~~~~~~~~~~~~~~~~~~~~~~~~~~~~~~~~~~~~~~~~~~~~~~~~~~~~~~~~~~~~~~~~~^[m[K
[2.360s]    52 | [01;31m[K          "localization", 10,[m[K
[2.360s]       |           [01;31m[K~~~~~~~~~~~~~~~~~~~[m[K                                              
[2.360s]    53 | [01;31m[K          std::bind(&MasterJoNode::localCallback, this,[m[K
[2.360s]       |           [01;31m[K~~~~~~~~~~~~~~~~~~~~~~~~~~~~~~~~~~~~~~~~~~~~~[m[K                    
[2.360s]    54 | [01;31m[K                    std::placeholders::_1))[m[K;
[2.360s]       |                     [01;31m[K~~~~~~~~~~~~~~~~~~~~~~~[m[K                                
[2.360s] In file included from [01m[K/opt/ros/humble/include/rclcpp_lifecycle/rclcpp_lifecycle/lifecycle_node.hpp:996[m[K,
[2.360s]                  from [01m[K/home/yu/colcon_ws/src/master_jo/src/../include/master_jo/master_jo_node.hpp:6[m[K,
[2.360s]                  from [01m[K/home/yu/colcon_ws/src/master_jo/src/master_jo_node.cpp:1[m[K:
[2.360s] [01m[K/opt/ros/humble/include/rclcpp_lifecycle/rclcpp_lifecycle/lifecycle_node_impl.hpp:69:1:[m[K [01;36m[Knote: [m[Kcandidate: â€˜[01m[Ktemplate<class MessageT, class CallbackT, class AllocatorT, class SubscriptionT, class MessageMemoryStrategyT> std::shared_ptr<ROSMessageT> rclcpp_lifecycle::LifecycleNode::create_subscription(const string&, const rclcpp::QoS&, CallbackT&&, const rclcpp::SubscriptionOptionsWithAllocator<AllocatorT>&, typename MessageMemoryStrategyT::SharedPtr)[m[Kâ€™
[2.360s]    69 | [01;36m[KLifecycleNode[m[K::create_subscription(
[2.360s]       | [01;36m[K^~~~~~~~~~~~~[m[K
[2.360s] [01m[K/opt/ros/humble/include/rclcpp_lifecycle/rclcpp_lifecycle/lifecycle_node_impl.hpp:69:1:[m[K [01;36m[Knote: [m[K  template argument deduction/substitution failed:
[2.360s] [01m[K/home/yu/colcon_ws/src/master_jo/src/master_jo_node.cpp:51:75:[m[K [01;31m[Kerror: [m[Ktemplate argument 1 is invalid
[2.360s]    51 |       [01;31m[Kcreate_subscription<humanoid_interfaces::msg::Robocuplocalization25>([m[K
[2.360s]       |       [01;31m[K~~~~~~~~~~~~~~~~~~~~~~~~~~~~~~~~~~~~~~~~~~~~~~~~~~~~~~~~~~~~~~~~~~~~^[m[K
[2.361s]    52 | [01;31m[K          "localization", 10,[m[K
[2.361s]       |           [01;31m[K~~~~~~~~~~~~~~~~~~~[m[K                                              
[2.361s]    53 | [01;31m[K          std::bind(&MasterJoNode::localCallback, this,[m[K
[2.361s]       |           [01;31m[K~~~~~~~~~~~~~~~~~~~~~~~~~~~~~~~~~~~~~~~~~~~~~[m[K                    
[2.361s]    54 | [01;31m[K                    std::placeholders::_1))[m[K;
[2.361s]       |                     [01;31m[K~~~~~~~~~~~~~~~~~~~~~~~[m[K                                
[2.363s] [01m[K/home/yu/colcon_ws/src/master_jo/src/master_jo_node.cpp:55:3:[m[K [01;31m[Kerror: [m[Kâ€˜[01m[Kudp_sub[m[Kâ€™ was not declared in this scope
[2.364s]    55 |   [01;31m[Kudp_sub[m[K = create_subscription<humanoid_interfaces::msg::Udp2master>(
[2.365s]       |   [01;31m[K^~~~~~~[m[K
[2.366s] [01m[K/home/yu/colcon_ws/src/master_jo/src/master_jo_node.cpp:55:59:[m[K [01;31m[Kerror: [m[Kâ€˜[01m[KUdp2master[m[Kâ€™ is not a member of â€˜[01m[Khumanoid_interfaces::msg[m[Kâ€™
[2.366s]    55 |   udp_sub = create_subscription<humanoid_interfaces::msg::[01;31m[KUdp2master[m[K>(
[2.366s]       |                                                           [01;31m[K^~~~~~~~~~[m[K
[2.366s] [01m[K/home/yu/colcon_ws/src/master_jo/src/master_jo_node.cpp:55:70:[m[K [01;31m[Kerror: [m[Kno matching function for call to â€˜[01m[Kmaster_jo::MasterJoNode::create_subscription<<expression error> >(const char [4], int, std::_Bind_helper<false, void (master_jo::MasterJoNode::*)(...), master_jo::MasterJoNode*, const std::_Placeholder<1>&>::type)[m[Kâ€™
[2.366s]    55 |   udp_sub = [01;31m[Kcreate_subscription<humanoid_interfaces::msg::Udp2master>([m[K
[2.366s]       |             [01;31m[K~~~~~~~~~~~~~~~~~~~~~~~~~~~~~~~~~~~~~~~~~~~~~~~~~~~~~~~~~^[m[K
[2.366s]    56 | [01;31m[K      "udp", 10,[m[K
[2.366s]       |       [01;31m[K~~~~~~~~~~[m[K                                                      
[2.366s]    57 | [01;31m[K      std::bind(&MasterJoNode::udpCallback, this,[m[K
[2.366s]       |       [01;31m[K~~~~~~~~~~~~~~~~~~~~~~~~~~~~~~~~~~~~~~~~~~~[m[K                     
[2.366s]    58 | [01;31m[K                std::placeholders::_1))[m[K;
[2.366s]       |                 [01;31m[K~~~~~~~~~~~~~~~~~~~~~~~[m[K                               
[2.366s] In file included from [01m[K/opt/ros/humble/include/rclcpp_lifecycle/rclcpp_lifecycle/lifecycle_node.hpp:996[m[K,
[2.366s]                  from [01m[K/home/yu/colcon_ws/src/master_jo/src/../include/master_jo/master_jo_node.hpp:6[m[K,
[2.366s]                  from [01m[K/home/yu/colcon_ws/src/master_jo/src/master_jo_node.cpp:1[m[K:
[2.366s] [01m[K/opt/ros/humble/include/rclcpp_lifecycle/rclcpp_lifecycle/lifecycle_node_impl.hpp:69:1:[m[K [01;36m[Knote: [m[Kcandidate: â€˜[01m[Ktemplate<class MessageT, class CallbackT, class AllocatorT, class SubscriptionT, class MessageMemoryStrategyT> std::shared_ptr<ROSMessageT> rclcpp_lifecycle::LifecycleNode::create_subscription(const string&, const rclcpp::QoS&, CallbackT&&, const rclcpp::SubscriptionOptionsWithAllocator<AllocatorT>&, typename MessageMemoryStrategyT::SharedPtr)[m[Kâ€™
[2.366s]    69 | [01;36m[KLifecycleNode[m[K::create_subscription(
[2.366s]       | [01;36m[K^~~~~~~~~~~~~[m[K
[2.366s] [01m[K/opt/ros/humble/include/rclcpp_lifecycle/rclcpp_lifecycle/lifecycle_node_impl.hpp:69:1:[m[K [01;36m[Knote: [m[K  template argument deduction/substitution failed:
[2.366s] [01m[K/home/yu/colcon_ws/src/master_jo/src/master_jo_node.cpp:55:70:[m[K [01;31m[Kerror: [m[Ktemplate argument 1 is invalid
[2.366s]    55 |   udp_sub = [01;31m[Kcreate_subscription<humanoid_interfaces::msg::Udp2master>([m[K
[2.366s]       |             [01;31m[K~~~~~~~~~~~~~~~~~~~~~~~~~~~~~~~~~~~~~~~~~~~~~~~~~~~~~~~~~^[m[K
[2.366s]    56 | [01;31m[K      "udp", 10,[m[K
[2.366s]       |       [01;31m[K~~~~~~~~~~[m[K                                                      
[2.366s]    57 | [01;31m[K      std::bind(&MasterJoNode::udpCallback, this,[m[K
[2.366s]       |       [01;31m[K~~~~~~~~~~~~~~~~~~~~~~~~~~~~~~~~~~~~~~~~~~~[m[K                     
[2.366s]    58 | [01;31m[K                std::placeholders::_1))[m[K;
[2.366s]       |                 [01;31m[K~~~~~~~~~~~~~~~~~~~~~~~[m[K                               
[2.368s] [01m[K/home/yu/colcon_ws/src/master_jo/src/master_jo_node.cpp:59:3:[m[K [01;31m[Kerror: [m[Kâ€˜[01m[KmotionSub[m[Kâ€™ was not declared in this scope
[2.368s]    59 |   [01;31m[KmotionSub[m[K = create_subscription<humanoid_interfaces::msg::MotionOperator>(
[2.368s]       |   [01;31m[K^~~~~~~~~[m[K
[2.368s] [01m[K/home/yu/colcon_ws/src/master_jo/src/master_jo_node.cpp:59:61:[m[K [01;31m[Kerror: [m[Kâ€˜[01m[KMotionOperator[m[Kâ€™ is not a member of â€˜[01m[Khumanoid_interfaces::msg[m[Kâ€™
[2.368s]    59 |   motionSub = create_subscription<humanoid_interfaces::msg::[01;31m[KMotionOperator[m[K>(
[2.369s]       |                                                             [01;31m[K^~~~~~~~~~~~~~[m[K
[2.369s] [01m[K/home/yu/colcon_ws/src/master_jo/src/master_jo_node.cpp:59:76:[m[K [01;31m[Kerror: [m[Kno matching function for call to â€˜[01m[Kmaster_jo::MasterJoNode::create_subscription<<expression error> >(const char [11], int, std::_Bind_helper<false, void (master_jo::MasterJoNode::*)(...), master_jo::MasterJoNode*, const std::_Placeholder<1>&>::type)[m[Kâ€™
[2.369s]    59 |   motionSub = [01;31m[Kcreate_subscription<humanoid_interfaces::msg::MotionOperator>([m[K
[2.369s]       |               [01;31m[K~~~~~~~~~~~~~~~~~~~~~~~~~~~~~~~~~~~~~~~~~~~~~~~~~~~~~~~~~~~~~^[m[K
[2.369s]    60 | [01;31m[K      "motion_end", 10,[m[K
[2.369s]       |       [01;31m[K~~~~~~~~~~~~~~~~~[m[K                                                     
[2.369s]    61 | [01;31m[K      std::bind(&MasterJoNode::motionCallback, this,[m[K
[2.369s]       |       [01;31m[K~~~~~~~~~~~~~~~~~~~~~~~~~~~~~~~~~~~~~~~~~~~~~~[m[K                        
[2.369s]    62 | [01;31m[K                std::placeholders::_1))[m[K;
[2.369s]       |                 [01;31m[K~~~~~~~~~~~~~~~~~~~~~~~[m[K                                     
[2.369s] In file included from [01m[K/opt/ros/humble/include/rclcpp_lifecycle/rclcpp_lifecycle/lifecycle_node.hpp:996[m[K,
[2.369s]                  from [01m[K/home/yu/colcon_ws/src/master_jo/src/../include/master_jo/master_jo_node.hpp:6[m[K,
[2.369s]                  from [01m[K/home/yu/colcon_ws/src/master_jo/src/master_jo_node.cpp:1[m[K:
[2.369s] [01m[K/opt/ros/humble/include/rclcpp_lifecycle/rclcpp_lifecycle/lifecycle_node_impl.hpp:69:1:[m[K [01;36m[Knote: [m[Kcandidate: â€˜[01m[Ktemplate<class MessageT, class CallbackT, class AllocatorT, class SubscriptionT, class MessageMemoryStrategyT> std::shared_ptr<ROSMessageT> rclcpp_lifecycle::LifecycleNode::create_subscription(const string&, const rclcpp::QoS&, CallbackT&&, const rclcpp::SubscriptionOptionsWithAllocator<AllocatorT>&, typename MessageMemoryStrategyT::SharedPtr)[m[Kâ€™
[2.369s]    69 | [01;36m[KLifecycleNode[m[K::create_subscription(
[2.369s]       | [01;36m[K^~~~~~~~~~~~~[m[K
[2.369s] [01m[K/opt/ros/humble/include/rclcpp_lifecycle/rclcpp_lifecycle/lifecycle_node_impl.hpp:69:1:[m[K [01;36m[Knote: [m[K  template argument deduction/substitution failed:
[2.369s] [01m[K/home/yu/colcon_ws/src/master_jo/src/master_jo_node.cpp:59:76:[m[K [01;31m[Kerror: [m[Ktemplate argument 1 is invalid
[2.369s]    59 |   motionSub = [01;31m[Kcreate_subscription<humanoid_interfaces::msg::MotionOperator>([m[K
[2.369s]       |               [01;31m[K~~~~~~~~~~~~~~~~~~~~~~~~~~~~~~~~~~~~~~~~~~~~~~~~~~~~~~~~~~~~~^[m[K
[2.369s]    60 | [01;31m[K      "motion_end", 10,[m[K
[2.369s]       |       [01;31m[K~~~~~~~~~~~~~~~~~[m[K                                                     
[2.370s]    61 | [01;31m[K      std::bind(&MasterJoNode::motionCallback, this,[m[K
[2.370s]       |       [01;31m[K~~~~~~~~~~~~~~~~~~~~~~~~~~~~~~~~~~~~~~~~~~~~~~[m[K                        
[2.370s]    62 | [01;31m[K                std::placeholders::_1))[m[K;
[2.370s]       |                 [01;31m[K~~~~~~~~~~~~~~~~~~~~~~~[m[K                                     
[2.372s] [01m[K/home/yu/colcon_ws/src/master_jo/src/master_jo_node.cpp:63:3:[m[K [01;31m[Kerror: [m[Kâ€˜[01m[Kpid_sub[m[Kâ€™ was not declared in this scope; did you mean â€˜[01m[Kpid_t[m[Kâ€™?
[2.372s]    63 |   [01;31m[Kpid_sub[m[K = create_subscription<humanoid_interfaces::msg::Pidtuning>(
[2.372s]       |   [01;31m[K^~~~~~~[m[K
[2.372s]       |   [32m[Kpid_t[m[K
[2.373s] [01m[K/home/yu/colcon_ws/src/master_jo/src/master_jo_node.cpp:63:59:[m[K [01;31m[Kerror: [m[Kâ€˜[01m[KPidtuning[m[Kâ€™ is not a member of â€˜[01m[Khumanoid_interfaces::msg[m[Kâ€™
[2.374s]    63 |   pid_sub = create_subscription<humanoid_interfaces::msg::[01;31m[KPidtuning[m[K>(
[2.374s]       |                                                           [01;31m[K^~~~~~~~~[m[K
[2.374s] [01m[K/home/yu/colcon_ws/src/master_jo/src/master_jo_node.cpp:63:69:[m[K [01;31m[Kerror: [m[Kno matching function for call to â€˜[01m[Kmaster_jo::MasterJoNode::create_subscription<<expression error> >(const char [4], int, std::_Bind_helper<false, void (master_jo::MasterJoNode::*)(...), master_jo::MasterJoNode*, const std::_Placeholder<1>&>::type)[m[Kâ€™
[2.374s]    63 |   pid_sub = [01;31m[Kcreate_subscription<humanoid_interfaces::msg::Pidtuning>([m[K
[2.374s]       |             [01;31m[K~~~~~~~~~~~~~~~~~~~~~~~~~~~~~~~~~~~~~~~~~~~~~~~~~~~~~~~~^[m[K
[2.374s]    64 | [01;31m[K      "pid", 10,[m[K
[2.374s]       |       [01;31m[K~~~~~~~~~~[m[K                                                     
[2.374s]    65 | [01;31m[K      std::bind(&MasterJoNode::pidCallback, this,[m[K
[2.374s]       |       [01;31m[K~~~~~~~~~~~~~~~~~~~~~~~~~~~~~~~~~~~~~~~~~~~[m[K                    
[2.374s]    66 | [01;31m[K                std::placeholders::_1))[m[K;
[2.374s]       |                 [01;31m[K~~~~~~~~~~~~~~~~~~~~~~~[m[K                              
[2.374s] In file included from [01m[K/opt/ros/humble/include/rclcpp_lifecycle/rclcpp_lifecycle/lifecycle_node.hpp:996[m[K,
[2.374s]                  from [01m[K/home/yu/colcon_ws/src/master_jo/src/../include/master_jo/master_jo_node.hpp:6[m[K,
[2.374s]                  from [01m[K/home/yu/colcon_ws/src/master_jo/src/master_jo_node.cpp:1[m[K:
[2.374s] [01m[K/opt/ros/humble/include/rclcpp_lifecycle/rclcpp_lifecycle/lifecycle_node_impl.hpp:69:1:[m[K [01;36m[Knote: [m[Kcandidate: â€˜[01m[Ktemplate<class MessageT, class CallbackT, class AllocatorT, class SubscriptionT, class MessageMemoryStrategyT> std::shared_ptr<ROSMessageT> rclcpp_lifecycle::LifecycleNode::create_subscription(const string&, const rclcpp::QoS&, CallbackT&&, const rclcpp::SubscriptionOptionsWithAllocator<AllocatorT>&, typename MessageMemoryStrategyT::SharedPtr)[m[Kâ€™
[2.375s]    69 | [01;36m[KLifecycleNode[m[K::create_subscription(
[2.375s]       | [01;36m[K^~~~~~~~~~~~~[m[K
[2.375s] [01m[K/opt/ros/humble/include/rclcpp_lifecycle/rclcpp_lifecycle/lifecycle_node_impl.hpp:69:1:[m[K [01;36m[Knote: [m[K  template argument deduction/substitution failed:
[2.375s] [01m[K/home/yu/colcon_ws/src/master_jo/src/master_jo_node.cpp:63:69:[m[K [01;31m[Kerror: [m[Ktemplate argument 1 is invalid
[2.375s]    63 |   pid_sub = [01;31m[Kcreate_subscription<humanoid_interfaces::msg::Pidtuning>([m[K
[2.375s]       |             [01;31m[K~~~~~~~~~~~~~~~~~~~~~~~~~~~~~~~~~~~~~~~~~~~~~~~~~~~~~~~~^[m[K
[2.375s]    64 | [01;31m[K      "pid", 10,[m[K
[2.375s]       |       [01;31m[K~~~~~~~~~~[m[K                                                     
[2.375s]    65 | [01;31m[K      std::bind(&MasterJoNode::pidCallback, this,[m[K
[2.375s]       |       [01;31m[K~~~~~~~~~~~~~~~~~~~~~~~~~~~~~~~~~~~~~~~~~~~[m[K                    
[2.375s]    66 | [01;31m[K                std::placeholders::_1))[m[K;
[2.375s]       |                 [01;31m[K~~~~~~~~~~~~~~~~~~~~~~~[m[K                              
[2.375s] [01m[K/home/yu/colcon_ws/src/master_jo/src/master_jo_node.cpp:70:13:[m[K [01;31m[Kerror: [m[Kâ€˜[01m[Kusing element_type = class master_jo::MasterRcko[m[Kâ€™ {aka â€˜[01m[Kclass master_jo::MasterRcko[m[Kâ€™} has no member named â€˜[01m[Kkp[m[Kâ€™
[2.375s]    70 |     master->[01;31m[Kkp[m[K = kp_;
[2.375s]       |             [01;31m[K^~[m[K
[2.376s] [01m[K/home/yu/colcon_ws/src/master_jo/src/master_jo_node.cpp:71:13:[m[K [01;31m[Kerror: [m[Kâ€˜[01m[Kusing element_type = class master_jo::MasterRcko[m[Kâ€™ {aka â€˜[01m[Kclass master_jo::MasterRcko[m[Kâ€™} has no member named â€˜[01m[Kkd[m[Kâ€™
[2.376s]    71 |     master->[01;31m[Kkd[m[K = kd_;
[2.376s]       |             [01;31m[K^~[m[K
[2.376s] [01m[K/home/yu/colcon_ws/src/master_jo/src/master_jo_node.cpp:72:13:[m[K [01;31m[Kerror: [m[Kâ€˜[01m[Kusing element_type = class master_jo::MasterRcko[m[Kâ€™ {aka â€˜[01m[Kclass master_jo::MasterRcko[m[Kâ€™} has no member named â€˜[01m[Kki[m[Kâ€™; did you mean â€˜[01m[Kik[m[Kâ€™?
[2.376s]    72 |     master->[01;31m[Kki[m[K = ki_;
[2.376s]       |             [01;31m[K^~[m[K
[2.376s]       |             [32m[Kik[m[K
[2.377s] [01m[K/home/yu/colcon_ws/src/master_jo/src/master_jo_node.cpp:73:13:[m[K [01;31m[Kerror: [m[Kâ€˜[01m[Kusing element_type = class master_jo::MasterRcko[m[Kâ€™ {aka â€˜[01m[Kclass master_jo::MasterRcko[m[Kâ€™} has no member named â€˜[01m[KFRONT_MAX[m[Kâ€™
[2.377s]    73 |     master->[01;31m[KFRONT_MAX[m[K = FRONT_MAX_;
[2.377s]       |             [01;31m[K^~~~~~~~~[m[K
[2.377s] [01m[K/home/yu/colcon_ws/src/master_jo/src/master_jo_node.cpp:74:13:[m[K [01;31m[Kerror: [m[Kâ€˜[01m[Kusing element_type = class master_jo::MasterRcko[m[Kâ€™ {aka â€˜[01m[Kclass master_jo::MasterRcko[m[Kâ€™} has no member named â€˜[01m[KX_MIN[m[Kâ€™
[2.377s]    74 |     master->[01;31m[KX_MIN[m[K = X_MIN_;
[2.377s]       |             [01;31m[K^~~~~[m[K
[2.377s] [01m[K/home/yu/colcon_ws/src/master_jo/src/master_jo_node.cpp:75:13:[m[K [01;31m[Kerror: [m[Kâ€˜[01m[Kusing element_type = class master_jo::MasterRcko[m[Kâ€™ {aka â€˜[01m[Kclass master_jo::MasterRcko[m[Kâ€™} has no member named â€˜[01m[KREAR_MAX[m[Kâ€™
[2.377s]    75 |     master->[01;31m[KREAR_MAX[m[K = REAR_MAX_;
[2.377s]       |             [01;31m[K^~~~~~~~[m[K
[2.377s] [01m[K/home/yu/colcon_ws/src/master_jo/src/master_jo_node.cpp:76:13:[m[K [01;31m[Kerror: [m[Kâ€˜[01m[Kusing element_type = class master_jo::MasterRcko[m[Kâ€™ {aka â€˜[01m[Kclass master_jo::MasterRcko[m[Kâ€™} has no member named â€˜[01m[KRIGHT_MAX[m[Kâ€™
[2.377s]    76 |     master->[01;31m[KRIGHT_MAX[m[K = RIGHT_MAX_;
[2.377s]       |             [01;31m[K^~~~~~~~~[m[K
[2.377s] [01m[K/home/yu/colcon_ws/src/master_jo/src/master_jo_node.cpp:77:13:[m[K [01;31m[Kerror: [m[Kâ€˜[01m[Kusing element_type = class master_jo::MasterRcko[m[Kâ€™ {aka â€˜[01m[Kclass master_jo::MasterRcko[m[Kâ€™} has no member named â€˜[01m[KY_MIN[m[Kâ€™
[2.377s]    77 |     master->[01;31m[KY_MIN[m[K = Y_MIN_;
[2.377s]       |             [01;31m[K^~~~~[m[K
[2.377s] [01m[K/home/yu/colcon_ws/src/master_jo/src/master_jo_node.cpp:78:13:[m[K [01;31m[Kerror: [m[Kâ€˜[01m[Kusing element_type = class master_jo::MasterRcko[m[Kâ€™ {aka â€˜[01m[Kclass master_jo::MasterRcko[m[Kâ€™} has no member named â€˜[01m[KROUND_Y[m[Kâ€™
[2.377s]    78 |     master->[01;31m[KROUND_Y[m[K = ROUND_Y_;
[2.377s]       |             [01;31m[K^~~~~~~[m[K
[2.377s] [01m[K/home/yu/colcon_ws/src/master_jo/src/master_jo_node.cpp:79:13:[m[K [01;31m[Kerror: [m[Kâ€˜[01m[Kusing element_type = class master_jo::MasterRcko[m[Kâ€™ {aka â€˜[01m[Kclass master_jo::MasterRcko[m[Kâ€™} has no member named â€˜[01m[KROUND_YAW_MIN[m[Kâ€™
[2.377s]    79 |     master->[01;31m[KROUND_YAW_MIN[m[K = ROUND_YAW_MIN_;
[2.377s]       |             [01;31m[K^~~~~~~~~~~~~[m[K
[2.377s] [01m[K/home/yu/colcon_ws/src/master_jo/src/master_jo_node.cpp:80:13:[m[K [01;31m[Kerror: [m[Kâ€˜[01m[Kusing element_type = class master_jo::MasterRcko[m[Kâ€™ {aka â€˜[01m[Kclass master_jo::MasterRcko[m[Kâ€™} has no member named â€˜[01m[KLEFT_MAX[m[Kâ€™
[2.377s]    80 |     master->[01;31m[KLEFT_MAX[m[K = LEFT_MAX_;
[2.377s]       |             [01;31m[K^~~~~~~~[m[K
[2.377s] [01m[K/home/yu/colcon_ws/src/master_jo/src/master_jo_node.cpp:81:13:[m[K [01;31m[Kerror: [m[Kâ€˜[01m[Kusing element_type = class master_jo::MasterRcko[m[Kâ€™ {aka â€˜[01m[Kclass master_jo::MasterRcko[m[Kâ€™} has no member named â€˜[01m[KR_YAW_MAX[m[Kâ€™
[2.377s]    81 |     master->[01;31m[KR_YAW_MAX[m[K = R_YAW_MAX_;
[2.377s]       |             [01;31m[K^~~~~~~~~[m[K
[2.377s] [01m[K/home/yu/colcon_ws/src/master_jo/src/master_jo_node.cpp:82:13:[m[K [01;31m[Kerror: [m[Kâ€˜[01m[Kusing element_type = class master_jo::MasterRcko[m[Kâ€™ {aka â€˜[01m[Kclass master_jo::MasterRcko[m[Kâ€™} has no member named â€˜[01m[KL_YAW_MAX[m[Kâ€™
[2.377s]    82 |     master->[01;31m[KL_YAW_MAX[m[K = L_YAW_MAX_;
[2.378s]       |             [01;31m[K^~~~~~~~~[m[K
[2.378s] [01m[K/home/yu/colcon_ws/src/master_jo/src/master_jo_node.cpp:83:13:[m[K [01;31m[Kerror: [m[Kâ€˜[01m[Kusing element_type = class master_jo::MasterRcko[m[Kâ€™ {aka â€˜[01m[Kclass master_jo::MasterRcko[m[Kâ€™} has no member named â€˜[01m[KIn[m[Kâ€™
[2.378s]    83 |     master->[01;31m[KIn[m[K = In_;
[2.378s]       |             [01;31m[K^~[m[K
[2.378s] [01m[K/home/yu/colcon_ws/src/master_jo/src/master_jo_node.cpp:84:13:[m[K [01;31m[Kerror: [m[Kâ€˜[01m[Kusing element_type = class master_jo::MasterRcko[m[Kâ€™ {aka â€˜[01m[Kclass master_jo::MasterRcko[m[Kâ€™} has no member named â€˜[01m[KOut[m[Kâ€™
[2.378s]    84 |     master->[01;31m[KOut[m[K = Out_;
[2.378s]       |             [01;31m[K^~~[m[K
[2.378s] [01m[K/home/yu/colcon_ws/src/master_jo/src/master_jo_node.cpp:85:13:[m[K [01;31m[Kerror: [m[Kâ€˜[01m[Kusing element_type = class master_jo::MasterRcko[m[Kâ€™ {aka â€˜[01m[Kclass master_jo::MasterRcko[m[Kâ€™} has no member named â€˜[01m[KBack[m[Kâ€™
[2.378s]    85 |     master->[01;31m[KBack[m[K = Back_;
[2.378s]       |             [01;31m[K^~~~[m[K
[2.378s] [01m[K/home/yu/colcon_ws/src/master_jo/src/master_jo_node.cpp:86:13:[m[K [01;31m[Kerror: [m[Kâ€˜[01m[Kusing element_type = class master_jo::MasterRcko[m[Kâ€™ {aka â€˜[01m[Kclass master_jo::MasterRcko[m[Kâ€™} has no member named â€˜[01m[KFront[m[Kâ€™
[2.378s]    86 |     master->[01;31m[KFront[m[K = Front_;
[2.378s]       |             [01;31m[K^~~~~[m[K
[2.378s] [01m[K/home/yu/colcon_ws/src/master_jo/src/master_jo_node.cpp:16:36:[m[K [01;35m[Kwarning: [m[Kunused parameter â€˜[01m[Kprevious_state[m[Kâ€™ [[01;35m[K]8;;https://gcc.gnu.org/onlinedocs/gcc/Warning-Options.html#index-Wunused-parameter-Wunused-parameter]8;;[m[K]
[2.380s]    16 |     [01;35m[Kconst rclcpp_lifecycle::State &previous_state[m[K) {
[2.380s]       |     [01;35m[K~~~~~~~~~~~~~~~~~~~~~~~~~~~~~~~^~~~~~~~~~~~~~[m[K
[2.380s] [01m[K/home/yu/colcon_ws/src/master_jo/src/master_jo_node.cpp:[m[K In member function â€˜[01m[Kvirtual rclcpp_lifecycle::node_interfaces::LifecycleNodeInterface::CallbackReturn master_jo::MasterJoNode::on_activate(const rclcpp_lifecycle::State&)[m[Kâ€™:
[2.380s] [01m[K/home/yu/colcon_ws/src/master_jo/src/master_jo_node.cpp:103:3:[m[K [01;31m[Kerror: [m[Kâ€˜[01m[Kvision_pub[m[Kâ€™ was not declared in this scope
[2.380s]   103 |   [01;31m[Kvision_pub[m[K->on_activate();
[2.380s]       |   [01;31m[K^~~~~~~~~~[m[K
[2.384s] [01m[K/home/yu/colcon_ws/src/master_jo/src/master_jo_node.cpp:104:3:[m[K [01;31m[Kerror: [m[Kâ€˜[01m[Kgamecontrol_pub[m[Kâ€™ was not declared in this scope; did you mean â€˜[01m[Kgamecontrol_sub[m[Kâ€™?
[2.384s]   104 |   [01;31m[Kgamecontrol_pub[m[K->on_activate();
[2.384s]       |   [01;31m[K^~~~~~~~~~~~~~~[m[K
[2.384s]       |   [32m[Kgamecontrol_sub[m[K
[2.386s] [01m[K/home/yu/colcon_ws/src/master_jo/src/master_jo_node.cpp:105:3:[m[K [01;31m[Kerror: [m[Kâ€˜[01m[Klocal_pub[m[Kâ€™ was not declared in this scope
[2.386s]   105 |   [01;31m[Klocal_pub[m[K->on_activate();
[2.386s]       |   [01;31m[K^~~~~~~~~[m[K
[2.390s] [01m[K/home/yu/colcon_ws/src/master_jo/src/master_jo_node.cpp:106:3:[m[K [01;31m[Kerror: [m[Kâ€˜[01m[Kudp_pub[m[Kâ€™ was not declared in this scope
[2.390s]   106 |   [01;31m[Kudp_pub[m[K->on_activate();
[2.390s]       |   [01;31m[K^~~~~~~[m[K
[2.394s] [01m[K/home/yu/colcon_ws/src/master_jo/src/master_jo_node.cpp:107:3:[m[K [01;31m[Kerror: [m[Kâ€˜[01m[KmotionPub[m[Kâ€™ was not declared in this scope
[2.394s]   107 |   [01;31m[KmotionPub[m[K->on_activate();
[2.394s]       |   [01;31m[K^~~~~~~~~[m[K
[2.400s] [01m[K/home/yu/colcon_ws/src/master_jo/src/master_jo_node.cpp:100:36:[m[K [01;35m[Kwarning: [m[Kunused parameter â€˜[01m[Kprevious_state[m[Kâ€™ [[01;35m[K]8;;https://gcc.gnu.org/onlinedocs/gcc/Warning-Options.html#index-Wunused-parameter-Wunused-parameter]8;;[m[K]
[2.400s]   100 |     [01;35m[Kconst rclcpp_lifecycle::State &previous_state[m[K) {
[2.400s]       |     [01;35m[K~~~~~~~~~~~~~~~~~~~~~~~~~~~~~~~^~~~~~~~~~~~~~[m[K
[2.405s] [01m[K/home/yu/colcon_ws/src/master_jo/src/master_jo_node.cpp:[m[K In member function â€˜[01m[Kvirtual rclcpp_lifecycle::node_interfaces::LifecycleNodeInterface::CallbackReturn master_jo::MasterJoNode::on_deactivate(const rclcpp_lifecycle::State&)[m[Kâ€™:
[2.405s] [01m[K/home/yu/colcon_ws/src/master_jo/src/master_jo_node.cpp:129:3:[m[K [01;31m[Kerror: [m[Kâ€˜[01m[Kvision_pub[m[Kâ€™ was not declared in this scope
[2.405s]   129 |   [01;31m[Kvision_pub[m[K->on_deactivate();
[2.405s]       |   [01;31m[K^~~~~~~~~~[m[K
[2.408s] [01m[K/home/yu/colcon_ws/src/master_jo/src/master_jo_node.cpp:130:3:[m[K [01;31m[Kerror: [m[Kâ€˜[01m[Kgamecontrol_pub[m[Kâ€™ was not declared in this scope; did you mean â€˜[01m[Kgamecontrol_sub[m[Kâ€™?
[2.408s]   130 |   [01;31m[Kgamecontrol_pub[m[K->on_deactivate();
[2.408s]       |   [01;31m[K^~~~~~~~~~~~~~~[m[K
[2.408s]       |   [32m[Kgamecontrol_sub[m[K
[2.416s] [01m[K/home/yu/colcon_ws/src/master_jo/src/master_jo_node.cpp:131:3:[m[K [01;31m[Kerror: [m[Kâ€˜[01m[Klocal_pub[m[Kâ€™ was not declared in this scope
[2.416s]   131 |   [01;31m[Klocal_pub[m[K->on_deactivate();
[2.416s]       |   [01;31m[K^~~~~~~~~[m[K
[2.426s] [01m[K/home/yu/colcon_ws/src/master_jo/src/master_jo_node.cpp:132:3:[m[K [01;31m[Kerror: [m[Kâ€˜[01m[Kudp_pub[m[Kâ€™ was not declared in this scope
[2.426s]   132 |   [01;31m[Kudp_pub[m[K->on_deactivate();
[2.426s]       |   [01;31m[K^~~~~~~[m[K
[2.426s] [01m[K/home/yu/colcon_ws/src/master_jo/src/master_jo_node.cpp:133:3:[m[K [01;31m[Kerror: [m[Kâ€˜[01m[KmotionPub[m[Kâ€™ was not declared in this scope
[2.426s]   133 |   [01;31m[KmotionPub[m[K->on_deactivate();
[2.426s]       |   [01;31m[K^~~~~~~~~[m[K
[2.426s] [01m[K/home/yu/colcon_ws/src/master_jo/src/master_jo_node.cpp:126:36:[m[K [01;35m[Kwarning: [m[Kunused parameter â€˜[01m[Kprevious_state[m[Kâ€™ [[01;35m[K]8;;https://gcc.gnu.org/onlinedocs/gcc/Warning-Options.html#index-Wunused-parameter-Wunused-parameter]8;;[m[K]
[2.426s]   126 |     [01;35m[Kconst rclcpp_lifecycle::State &previous_state[m[K) {
[2.426s]       |     [01;35m[K~~~~~~~~~~~~~~~~~~~~~~~~~~~~~~~^~~~~~~~~~~~~~[m[K
[2.426s] [01m[K/home/yu/colcon_ws/src/master_jo/src/master_jo_node.cpp:[m[K In member function â€˜[01m[Kvirtual rclcpp_lifecycle::node_interfaces::LifecycleNodeInterface::CallbackReturn master_jo::MasterJoNode::on_cleanup(const rclcpp_lifecycle::State&)[m[Kâ€™:
[2.426s] [01m[K/home/yu/colcon_ws/src/master_jo/src/master_jo_node.cpp:145:57:[m[K [01;35m[Kwarning: [m[Kunused parameter â€˜[01m[Kprevious_state[m[Kâ€™ [[01;35m[K]8;;https://gcc.gnu.org/onlinedocs/gcc/Warning-Options.html#index-Wunused-parameter-Wunused-parameter]8;;[m[K]
[2.426s]   145 | MasterJoNode::on_cleanup([01;35m[Kconst rclcpp_lifecycle::State &previous_state[m[K) {
[2.426s]       |                          [01;35m[K~~~~~~~~~~~~~~~~~~~~~~~~~~~~~~~^~~~~~~~~~~~~~[m[K
[2.426s] [01m[K/home/yu/colcon_ws/src/master_jo/src/master_jo_node.cpp:[m[K In member function â€˜[01m[Kvirtual rclcpp_lifecycle::node_interfaces::LifecycleNodeInterface::CallbackReturn master_jo::MasterJoNode::on_shutdown(const rclcpp_lifecycle::State&)[m[Kâ€™:
[2.426s] [01m[K/home/yu/colcon_ws/src/master_jo/src/master_jo_node.cpp:153:36:[m[K [01;35m[Kwarning: [m[Kunused parameter â€˜[01m[Kprevious_state[m[Kâ€™ [[01;35m[K]8;;https://gcc.gnu.org/onlinedocs/gcc/Warning-Options.html#index-Wunused-parameter-Wunused-parameter]8;;[m[K]
[2.426s]   153 |     [01;35m[Kconst rclcpp_lifecycle::State &previous_state[m[K) {
[2.426s]       |     [01;35m[K~~~~~~~~~~~~~~~~~~~~~~~~~~~~~~~^~~~~~~~~~~~~~[m[K
[2.431s] [01m[K/home/yu/colcon_ws/src/master_jo/src/master_jo_node.cpp:[m[K At global scope:
[2.431s] [01m[K/home/yu/colcon_ws/src/master_jo/src/master_jo_node.cpp:233:37:[m[K [01;31m[Kerror: [m[Kâ€˜[01m[KImuMsg[m[Kâ€™ in namespace â€˜[01m[Khumanoid_interfaces::msg[m[Kâ€™ does not name a type
[2.431s]   233 |     const humanoid_interfaces::msg::[01;31m[KImuMsg[m[K::SharedPtr msg) {
[2.431s]       |                                     [01;31m[K^~~~~~[m[K
[2.431s] [01m[K/home/yu/colcon_ws/src/master_jo/src/master_jo_node.cpp:233:55:[m[K [01;31m[Kerror: [m[Kexpected unqualified-id before â€˜[01m[Kmsg[m[Kâ€™
[2.431s]   233 |     const humanoid_interfaces::msg::ImuMsg::SharedPtr [01;31m[Kmsg[m[K) {
[2.431s]       |                                                       [01;31m[K^~~[m[K
[2.431s] [01m[K/home/yu/colcon_ws/src/master_jo/src/master_jo_node.cpp:233:54:[m[K [01;31m[Kerror: [m[Kexpected â€˜[01m[K)[m[Kâ€™ before â€˜[01m[Kmsg[m[Kâ€™
[2.431s]   233 |     const humanoid_interfaces::msg::ImuMsg::SharedPtr[01;31m[K [m[K[32m[Kmsg[m[K) {
[2.431s]       |                                                      [01;31m[K^[m[K[32m[K~~~[m[K
[2.432s]       |                                                      [32m[K)[m[K
[2.432s] [01m[K/home/yu/colcon_ws/src/master_jo/src/master_jo_node.cpp:232:31:[m[K [01;36m[Knote: [m[Kto match this â€˜[01m[K([m[Kâ€™
[2.432s]   232 | void MasterJoNode::imuCallback[01;36m[K([m[K
[2.432s]       |                               [01;36m[K^[m[K
[2.432s] [01m[K/home/yu/colcon_ws/src/master_jo/src/master_jo_node.cpp:233:55:[m[K [01;31m[Kerror: [m[Kexpected initializer before â€˜[01m[Kmsg[m[Kâ€™
[2.432s]   233 |     const humanoid_interfaces::msg::ImuMsg::SharedPtr [01;31m[Kmsg[m[K) {
[2.432s]       |                                                       [01;31m[K^~~[m[K
[2.432s] [01m[K/home/yu/colcon_ws/src/master_jo/src/master_jo_node.cpp:240:37:[m[K [01;31m[Kerror: [m[Kâ€˜[01m[KRobocupvision25[m[Kâ€™ in namespace â€˜[01m[Khumanoid_interfaces::msg[m[Kâ€™ does not name a type
[2.432s]   240 |     const humanoid_interfaces::msg::[01;31m[KRobocupvision25[m[K::SharedPtr msg) {
[2.432s]       |                                     [01;31m[K^~~~~~~~~~~~~~~[m[K
[2.432s] [01m[K/home/yu/colcon_ws/src/master_jo/src/master_jo_node.cpp:240:64:[m[K [01;31m[Kerror: [m[Kexpected unqualified-id before â€˜[01m[Kmsg[m[Kâ€™
[2.432s]   240 |     const humanoid_interfaces::msg::Robocupvision25::SharedPtr [01;31m[Kmsg[m[K) {
[2.432s]       |                                                                [01;31m[K^~~[m[K
[2.432s] [01m[K/home/yu/colcon_ws/src/master_jo/src/master_jo_node.cpp:240:63:[m[K [01;31m[Kerror: [m[Kexpected â€˜[01m[K)[m[Kâ€™ before â€˜[01m[Kmsg[m[Kâ€™
[2.432s]   240 |     const humanoid_interfaces::msg::Robocupvision25::SharedPtr[01;31m[K [m[K[32m[Kmsg[m[K) {
[2.432s]       |                                                               [01;31m[K^[m[K[32m[K~~~[m[K
[2.432s]       |                                                               [32m[K)[m[K
[2.432s] [01m[K/home/yu/colcon_ws/src/master_jo/src/master_jo_node.cpp:239:34:[m[K [01;36m[Knote: [m[Kto match this â€˜[01m[K([m[Kâ€™
[2.432s]   239 | void MasterJoNode::visionCallback[01;36m[K([m[K
[2.432s]       |                                  [01;36m[K^[m[K
[2.432s] [01m[K/home/yu/colcon_ws/src/master_jo/src/master_jo_node.cpp:240:64:[m[K [01;31m[Kerror: [m[Kexpected initializer before â€˜[01m[Kmsg[m[Kâ€™
[2.432s]   240 |     const humanoid_interfaces::msg::Robocupvision25::SharedPtr [01;31m[Kmsg[m[K) {
[2.432s]       |                                                                [01;31m[K^~~[m[K
[2.432s] [01m[K/home/yu/colcon_ws/src/master_jo/src/master_jo_node.cpp:250:37:[m[K [01;31m[Kerror: [m[Kâ€˜[01m[KIkEndMsg[m[Kâ€™ in namespace â€˜[01m[Khumanoid_interfaces::msg[m[Kâ€™ does not name a type
[2.432s]   250 |     const humanoid_interfaces::msg::[01;31m[KIkEndMsg[m[K::SharedPtr msg) {
[2.432s]       |                                     [01;31m[K^~~~~~~~[m[K
[2.432s] [01m[K/home/yu/colcon_ws/src/master_jo/src/master_jo_node.cpp:250:57:[m[K [01;31m[Kerror: [m[Kexpected unqualified-id before â€˜[01m[Kmsg[m[Kâ€™
[2.432s]   250 |     const humanoid_interfaces::msg::IkEndMsg::SharedPtr [01;31m[Kmsg[m[K) {
[2.432s]       |                                                         [01;31m[K^~~[m[K
[2.432s] [01m[K/home/yu/colcon_ws/src/master_jo/src/master_jo_node.cpp:250:56:[m[K [01;31m[Kerror: [m[Kexpected â€˜[01m[K)[m[Kâ€™ before â€˜[01m[Kmsg[m[Kâ€™
[2.432s]   250 |     const humanoid_interfaces::msg::IkEndMsg::SharedPtr[01;31m[K [m[K[32m[Kmsg[m[K) {
[2.433s]       |                                                        [01;31m[K^[m[K[32m[K~~~[m[K
[2.433s]       |                                                        [32m[K)[m[K
[2.433s] [01m[K/home/yu/colcon_ws/src/master_jo/src/master_jo_node.cpp:249:30:[m[K [01;36m[Knote: [m[Kto match this â€˜[01m[K([m[Kâ€™
[2.433s]   249 | void MasterJoNode::ikCallback[01;36m[K([m[K
[2.433s]       |                              [01;36m[K^[m[K
[2.433s] [01m[K/home/yu/colcon_ws/src/master_jo/src/master_jo_node.cpp:250:57:[m[K [01;31m[Kerror: [m[Kexpected initializer before â€˜[01m[Kmsg[m[Kâ€™
[2.433s]   250 |     const humanoid_interfaces::msg::IkEndMsg::SharedPtr [01;31m[Kmsg[m[K) {
[2.433s]       |                                                         [01;31m[K^~~[m[K
[2.433s] [01m[K/home/yu/colcon_ws/src/master_jo/src/master_jo_node.cpp:269:37:[m[K [01;31m[Kerror: [m[Kâ€˜[01m[KRobocuplocalization25[m[Kâ€™ in namespace â€˜[01m[Khumanoid_interfaces::msg[m[Kâ€™ does not name a type
[2.433s]   269 |     const humanoid_interfaces::msg::[01;31m[KRobocuplocalization25[m[K::SharedPtr msg) {
[2.433s]       |                                     [01;31m[K^~~~~~~~~~~~~~~~~~~~~[m[K
[2.433s] [01m[K/home/yu/colcon_ws/src/master_jo/src/master_jo_node.cpp:269:70:[m[K [01;31m[Kerror: [m[Kexpected unqualified-id before â€˜[01m[Kmsg[m[Kâ€™
[2.433s]   269 |     const humanoid_interfaces::msg::Robocuplocalization25::SharedPtr [01;31m[Kmsg[m[K) {
[2.433s]       |                                                                      [01;31m[K^~~[m[K
[2.433s] [01m[K/home/yu/colcon_ws/src/master_jo/src/master_jo_node.cpp:269:69:[m[K [01;31m[Kerror: [m[Kexpected â€˜[01m[K)[m[Kâ€™ before â€˜[01m[Kmsg[m[Kâ€™
[2.433s]   269 |     const humanoid_interfaces::msg::Robocuplocalization25::SharedPtr[01;31m[K [m[K[32m[Kmsg[m[K) {
[2.433s]       |                                                                     [01;31m[K^[m[K[32m[K~~~[m[K
[2.433s]       |                                                                     [32m[K)[m[K
[2.433s] [01m[K/home/yu/colcon_ws/src/master_jo/src/master_jo_node.cpp:268:33:[m[K [01;36m[Knote: [m[Kto match this â€˜[01m[K([m[Kâ€™
[2.433s]   268 | void MasterJoNode::localCallback[01;36m[K([m[K
[2.433s]       |                                 [01;36m[K^[m[K
[2.433s] [01m[K/home/yu/colcon_ws/src/master_jo/src/master_jo_node.cpp:269:70:[m[K [01;31m[Kerror: [m[Kexpected initializer before â€˜[01m[Kmsg[m[Kâ€™
[2.433s]   269 |     const humanoid_interfaces::msg::Robocuplocalization25::SharedPtr [01;31m[Kmsg[m[K) {
[2.433s]       |                                                                      [01;31m[K^~~[m[K
[2.433s] [01m[K/home/yu/colcon_ws/src/master_jo/src/master_jo_node.cpp:289:37:[m[K [01;31m[Kerror: [m[Kâ€˜[01m[KUdp2master[m[Kâ€™ in namespace â€˜[01m[Khumanoid_interfaces::msg[m[Kâ€™ does not name a type
[2.433s]   289 |     const humanoid_interfaces::msg::[01;31m[KUdp2master[m[K::SharedPtr msg) {
[2.433s]       |                                     [01;31m[K^~~~~~~~~~[m[K
[2.433s] [01m[K/home/yu/colcon_ws/src/master_jo/src/master_jo_node.cpp:289:59:[m[K [01;31m[Kerror: [m[Kexpected unqualified-id before â€˜[01m[Kmsg[m[Kâ€™
[2.433s]   289 |     const humanoid_interfaces::msg::Udp2master::SharedPtr [01;31m[Kmsg[m[K) {
[2.433s]       |                                                           [01;31m[K^~~[m[K
[2.434s] [01m[K/home/yu/colcon_ws/src/master_jo/src/master_jo_node.cpp:289:58:[m[K [01;31m[Kerror: [m[Kexpected â€˜[01m[K)[m[Kâ€™ before â€˜[01m[Kmsg[m[Kâ€™
[2.434s]   289 |     const humanoid_interfaces::msg::Udp2master::SharedPtr[01;31m[K [m[K[32m[Kmsg[m[K) {
[2.434s]       |                                                          [01;31m[K^[m[K[32m[K~~~[m[K
[2.434s]       |                                                          [32m[K)[m[K
[2.434s] [01m[K/home/yu/colcon_ws/src/master_jo/src/master_jo_node.cpp:288:31:[m[K [01;36m[Knote: [m[Kto match this â€˜[01m[K([m[Kâ€™
[2.434s]   288 | void MasterJoNode::udpCallback[01;36m[K([m[K
[2.434s]       |                               [01;36m[K^[m[K
[2.434s] [01m[K/home/yu/colcon_ws/src/master_jo/src/master_jo_node.cpp:289:59:[m[K [01;31m[Kerror: [m[Kexpected initializer before â€˜[01m[Kmsg[m[Kâ€™
[2.434s]   289 |     const humanoid_interfaces::msg::Udp2master::SharedPtr [01;31m[Kmsg[m[K) {
[2.434s]       |                                                           [01;31m[K^~~[m[K
[2.434s] [01m[K/home/yu/colcon_ws/src/master_jo/src/master_jo_node.cpp:302:37:[m[K [01;31m[Kerror: [m[Kâ€˜[01m[KMotionOperator[m[Kâ€™ in namespace â€˜[01m[Khumanoid_interfaces::msg[m[Kâ€™ does not name a type
[2.434s]   302 |     const humanoid_interfaces::msg::[01;31m[KMotionOperator[m[K::SharedPtr msg) {
[2.434s]       |                                     [01;31m[K^~~~~~~~~~~~~~[m[K
[2.434s] [01m[K/home/yu/colcon_ws/src/master_jo/src/master_jo_node.cpp:302:63:[m[K [01;31m[Kerror: [m[Kexpected unqualified-id before â€˜[01m[Kmsg[m[Kâ€™
[2.434s]   302 |     const humanoid_interfaces::msg::MotionOperator::SharedPtr [01;31m[Kmsg[m[K) {
[2.434s]       |                                                               [01;31m[K^~~[m[K
[2.434s] [01m[K/home/yu/colcon_ws/src/master_jo/src/master_jo_node.cpp:302:62:[m[K [01;31m[Kerror: [m[Kexpected â€˜[01m[K)[m[Kâ€™ before â€˜[01m[Kmsg[m[Kâ€™
[2.434s]   302 |     const humanoid_interfaces::msg::MotionOperator::SharedPtr[01;31m[K [m[K[32m[Kmsg[m[K) {
[2.434s]       |                                                              [01;31m[K^[m[K[32m[K~~~[m[K
[2.434s]       |                                                              [32m[K)[m[K
[2.434s] [01m[K/home/yu/colcon_ws/src/master_jo/src/master_jo_node.cpp:301:34:[m[K [01;36m[Knote: [m[Kto match this â€˜[01m[K([m[Kâ€™
[2.434s]   301 | void MasterJoNode::motionCallback[01;36m[K([m[K
[2.434s]       |                                  [01;36m[K^[m[K
[2.434s] [01m[K/home/yu/colcon_ws/src/master_jo/src/master_jo_node.cpp:302:63:[m[K [01;31m[Kerror: [m[Kexpected initializer before â€˜[01m[Kmsg[m[Kâ€™
[2.434s]   302 |     const humanoid_interfaces::msg::MotionOperator::SharedPtr [01;31m[Kmsg[m[K) {
[2.434s]       |                                                               [01;31m[K^~~[m[K
[2.434s] [01m[K/home/yu/colcon_ws/src/master_jo/src/master_jo_node.cpp:309:37:[m[K [01;31m[Kerror: [m[Kâ€˜[01m[KPidtuning[m[Kâ€™ in namespace â€˜[01m[Khumanoid_interfaces::msg[m[Kâ€™ does not name a type
[2.434s]   309 |     const humanoid_interfaces::msg::[01;31m[KPidtuning[m[K::SharedPtr msg) {
[2.434s]       |                                     [01;31m[K^~~~~~~~~[m[K
[2.434s] [01m[K/home/yu/colcon_ws/src/master_jo/src/master_jo_node.cpp:309:58:[m[K [01;31m[Kerror: [m[Kexpected unqualified-id before â€˜[01m[Kmsg[m[Kâ€™
[2.434s]   309 |     const humanoid_interfaces::msg::Pidtuning::SharedPtr [01;31m[Kmsg[m[K) {
[2.435s]       |                                                          [01;31m[K^~~[m[K
[2.435s] [01m[K/home/yu/colcon_ws/src/master_jo/src/master_jo_node.cpp:309:57:[m[K [01;31m[Kerror: [m[Kexpected â€˜[01m[K)[m[Kâ€™ before â€˜[01m[Kmsg[m[Kâ€™
[2.435s]   309 |     const humanoid_interfaces::msg::Pidtuning::SharedPtr[01;31m[K [m[K[32m[Kmsg[m[K) {
[2.435s]       |                                                         [01;31m[K^[m[K[32m[K~~~[m[K
[2.435s]       |                                                         [32m[K)[m[K
[2.435s] [01m[K/home/yu/colcon_ws/src/master_jo/src/master_jo_node.cpp:308:31:[m[K [01;36m[Knote: [m[Kto match this â€˜[01m[K([m[Kâ€™
[2.435s]   308 | void MasterJoNode::pidCallback[01;36m[K([m[K
[2.435s]       |                               [01;36m[K^[m[K
[2.435s] [01m[K/home/yu/colcon_ws/src/master_jo/src/master_jo_node.cpp:309:58:[m[K [01;31m[Kerror: [m[Kexpected initializer before â€˜[01m[Kmsg[m[Kâ€™
[2.435s]   309 |     const humanoid_interfaces::msg::Pidtuning::SharedPtr [01;31m[Kmsg[m[K) {
[2.435s]       |                                                          [01;31m[K^~~[m[K
[2.444s] [01m[K/home/yu/colcon_ws/src/master_jo/src/master_jo_node.cpp:[m[K In member function â€˜[01m[Kvoid master_jo::MasterJoNode::robocup_master()[m[Kâ€™:
[2.444s] [01m[K/home/yu/colcon_ws/src/master_jo/src/master_jo_node.cpp:345:5:[m[K [01;31m[Kerror: [m[Kâ€˜[01m[Kvision_pub[m[Kâ€™ was not declared in this scope
[2.444s]   345 |     [01;31m[Kvision_pub[m[K->publish(master->master2vision);
[2.444s]       |     [01;31m[K^~~~~~~~~~[m[K
[2.445s] [01m[K/home/yu/colcon_ws/src/master_jo/src/master_jo_node.cpp:345:33:[m[K [01;31m[Kerror: [m[Kâ€˜[01m[Kusing element_type = class master_jo::MasterRcko[m[Kâ€™ {aka â€˜[01m[Kclass master_jo::MasterRcko[m[Kâ€™} has no member named â€˜[01m[Kmaster2vision[m[Kâ€™
[2.445s]   345 |     vision_pub->publish(master->[01;31m[Kmaster2vision[m[K);
[2.445s]       |                                 [01;31m[K^~~~~~~~~~~~~[m[K
[2.448s] [01m[K/home/yu/colcon_ws/src/master_jo/src/master_jo_node.cpp:346:5:[m[K [01;31m[Kerror: [m[Kâ€˜[01m[Kgamecontrol_pub[m[Kâ€™ was not declared in this scope; did you mean â€˜[01m[Kgamecontrol_sub[m[Kâ€™?
[2.448s]   346 |     [01;31m[Kgamecontrol_pub[m[K->publish(master->gameControlReturnData);
[2.448s]       |     [01;31m[K^~~~~~~~~~~~~~~[m[K
[2.448s]       |     [32m[Kgamecontrol_sub[m[K
[2.448s] [01m[K/home/yu/colcon_ws/src/master_jo/src/master_jo_node.cpp:346:38:[m[K [01;31m[Kerror: [m[Kâ€˜[01m[Kusing element_type = class master_jo::MasterRcko[m[Kâ€™ {aka â€˜[01m[Kclass master_jo::MasterRcko[m[Kâ€™} has no member named â€˜[01m[KgameControlReturnData[m[Kâ€™; did you mean â€˜[01m[KgameControlData[m[Kâ€™?
[2.448s]   346 |     gamecontrol_pub->publish(master->[01;31m[KgameControlReturnData[m[K);
[2.448s]       |                                      [01;31m[K^~~~~~~~~~~~~~~~~~~~~[m[K
[2.448s]       |                                      [32m[KgameControlData[m[K
[2.453s] [01m[K/home/yu/colcon_ws/src/master_jo/src/master_jo_node.cpp:347:5:[m[K [01;31m[Kerror: [m[Kâ€˜[01m[Klocal_pub[m[Kâ€™ was not declared in this scope
[2.453s]   347 |     [01;31m[Klocal_pub[m[K->publish(master->master2local);
[2.453s]       |     [01;31m[K^~~~~~~~~[m[K
[2.453s] [01m[K/home/yu/colcon_ws/src/master_jo/src/master_jo_node.cpp:347:32:[m[K [01;31m[Kerror: [m[Kâ€˜[01m[Kusing element_type = class master_jo::MasterRcko[m[Kâ€™ {aka â€˜[01m[Kclass master_jo::MasterRcko[m[Kâ€™} has no member named â€˜[01m[Kmaster2local[m[Kâ€™
[2.453s]   347 |     local_pub->publish(master->[01;31m[Kmaster2local[m[K);
[2.453s]       |                                [01;31m[K^~~~~~~~~~~~[m[K
[2.457s] [01m[K/home/yu/colcon_ws/src/master_jo/src/master_jo_node.cpp:348:5:[m[K [01;31m[Kerror: [m[Kâ€˜[01m[Kudp_pub[m[Kâ€™ was not declared in this scope
[2.457s]   348 |     [01;31m[Kudp_pub[m[K->publish(master->master2udp);
[2.457s]       |     [01;31m[K^~~~~~~[m[K
[2.457s] [01m[K/home/yu/colcon_ws/src/master_jo/src/master_jo_node.cpp:348:30:[m[K [01;31m[Kerror: [m[Kâ€˜[01m[Kusing element_type = class master_jo::MasterRcko[m[Kâ€™ {aka â€˜[01m[Kclass master_jo::MasterRcko[m[Kâ€™} has no member named â€˜[01m[Kmaster2udp[m[Kâ€™
[2.457s]   348 |     udp_pub->publish(master->[01;31m[Kmaster2udp[m[K);
[2.457s]       |                              [01;31m[K^~~~~~~~~~[m[K
[2.460s] [01m[K/home/yu/colcon_ws/src/master_jo/src/master_jo_node.cpp:350:7:[m[K [01;31m[Kerror: [m[Kâ€˜[01m[KmotionPub[m[Kâ€™ was not declared in this scope
[2.460s]   350 |       [01;31m[KmotionPub[m[K->publish(master->motion);
[2.460s]       |       [01;31m[K^~~~~~~~~[m[K
[2.460s] [01m[K/home/yu/colcon_ws/src/master_jo/src/master_jo_node.cpp:350:34:[m[K [01;31m[Kerror: [m[Kâ€˜[01m[Kusing element_type = class master_jo::MasterRcko[m[Kâ€™ {aka â€˜[01m[Kclass master_jo::MasterRcko[m[Kâ€™} has no member named â€˜[01m[Kmotion[m[Kâ€™
[2.460s]   350 |       motionPub->publish(master->[01;31m[Kmotion[m[K);
[2.460s]       |                                  [01;31m[K^~~~~~[m[K
[2.535s] gmake[2]: *** [CMakeFiles/master_jo_node.dir/build.make:118: CMakeFiles/master_jo_node.dir/src/player.cpp.o] Error 1
[2.535s] gmake[2]: *** Waiting for unfinished jobs....
[3.929s] gmake[2]: *** [CMakeFiles/master_jo_node.dir/build.make:104: CMakeFiles/master_jo_node.dir/src/master_jo_node.cpp.o] Error 1
[3.929s] gmake[1]: *** [CMakeFiles/Makefile2:137: CMakeFiles/master_jo_node.dir/all] Error 2
[3.929s] gmake: *** [Makefile:146: all] Error 2
[3.931s] Invoked command in '/home/yu/colcon_ws/build/master_jo' returned '2': CMAKE_PREFIX_PATH=${CMAKE_PREFIX_PATH}:/home/yu/ros2_ws/install/python_parameter_tutorial:/opt/ros/humble /usr/bin/cmake --build /home/yu/colcon_ws/build/master_jo -- -j8 -l8
