[01m[K/home/yu/colcon_ws/src/dynamixel_rdk/dynamixel-RDK/dynamixel_rdk_ros/src/dynamixel_rdk_node.cpp:[m[K In member function â€˜[01m[Kvoid dynamixel_rdk_ros::DynamixelRDKNode::dynamixel_callback(dynamixel_rdk_msgs::msg::DynamixelMsgs_<std::allocator<void> >::SharedPtr)[m[Kâ€™:
[01m[K/home/yu/colcon_ws/src/dynamixel_rdk/dynamixel-RDK/dynamixel_rdk_ros/src/dynamixel_rdk_node.cpp:210:28:[m[K [01;31m[Kerror: [m[Kâ€˜[01m[Kusing element_type = struct dynamixel_rdk_msgs::msg::DynamixelMsgs_<std::allocator<void> >[m[Kâ€™ {aka â€˜[01m[Kstruct dynamixel_rdk_msgs::msg::DynamixelMsgs_<std::allocator<void> >[m[Kâ€™} has no member named â€˜[01m[Kmotors[m[Kâ€™
  210 |   for (auto & motor : msg->[01;31m[Kmotors[m[K) { // motorê°€ ì•„ë‹ˆë¼ ì‹¤ì œ ë©”ì‹œì§€ í•„ë“œ ì´ë¦„ ì‚¬ìš©
      |                            [01;31m[K^~~~~~[m[K
gmake[2]: *** [CMakeFiles/dynamixel_rdk_node.dir/build.make:76: CMakeFiles/dynamixel_rdk_node.dir/src/dynamixel_rdk_node.cpp.o] Error 1
gmake[1]: *** [CMakeFiles/Makefile2:137: CMakeFiles/dynamixel_rdk_node.dir/all] Error 2
gmake: *** [Makefile:146: all] Error 2
