[0.009s] Invoking command in '/home/yu/colcon_ws/build/dynamixel_rdk_ros': CMAKE_PREFIX_PATH=${CMAKE_PREFIX_PATH}:/home/yu/ros2_ws/install/python_parameter_tutorial:/opt/ros/humble /usr/bin/cmake --build /home/yu/colcon_ws/build/dynamixel_rdk_ros -- -j8 -l8
[0.035s] [35m[1mConsolidate compiler generated dependencies of target dynamixel_rdk_node[0m
[0.045s] [ 25%] [32mBuilding CXX object CMakeFiles/dynamixel_rdk_node.dir/src/dynamixel_rdk_node.cpp.o[0m
[1.249s] [01m[K/home/yu/colcon_ws/src/dynamixel_rdk/dynamixel-RDK/dynamixel_rdk_ros/src/dynamixel_rdk_node.cpp:[m[K In member function ‚Äò[01m[Kvoid dynamixel_rdk_ros::DynamixelRDKNode::dynamixel_callback(dynamixel_rdk_msgs::msg::DynamixelMsgs_<std::allocator<void> >::SharedPtr)[m[K‚Äô:
[1.249s] [01m[K/home/yu/colcon_ws/src/dynamixel_rdk/dynamixel-RDK/dynamixel_rdk_ros/src/dynamixel_rdk_node.cpp:210:28:[m[K [01;31m[Kerror: [m[K‚Äò[01m[Kusing element_type = struct dynamixel_rdk_msgs::msg::DynamixelMsgs_<std::allocator<void> >[m[K‚Äô {aka ‚Äò[01m[Kstruct dynamixel_rdk_msgs::msg::DynamixelMsgs_<std::allocator<void> >[m[K‚Äô} has no member named ‚Äò[01m[Kmotors[m[K‚Äô
[1.249s]   210 |   for (auto & motor : msg->[01;31m[Kmotors[m[K) { // motorÍ∞Ä ÏïÑÎãàÎùº Ïã§Ï†ú Î©îÏãúÏßÄ ÌïÑÎìú Ïù¥Î¶Ñ ÏÇ¨Ïö©
[1.249s]       |                            [01;31m[K^~~~~~[m[K
[2.973s] gmake[2]: *** [CMakeFiles/dynamixel_rdk_node.dir/build.make:76: CMakeFiles/dynamixel_rdk_node.dir/src/dynamixel_rdk_node.cpp.o] Error 1
[2.973s] gmake[1]: *** [CMakeFiles/Makefile2:137: CMakeFiles/dynamixel_rdk_node.dir/all] Error 2
[2.973s] gmake: *** [Makefile:146: all] Error 2
[2.975s] Invoked command in '/home/yu/colcon_ws/build/dynamixel_rdk_ros' returned '2': CMAKE_PREFIX_PATH=${CMAKE_PREFIX_PATH}:/home/yu/ros2_ws/install/python_parameter_tutorial:/opt/ros/humble /usr/bin/cmake --build /home/yu/colcon_ws/build/dynamixel_rdk_ros -- -j8 -l8
